[0.119s] Invoking command in '/home/robotrodeo/capstone/build/sllidar_ros2': CMAKE_PREFIX_PATH=${CMAKE_PREFIX_PATH}:/home/robotrodeo/capstone/install/encoder:/opt/ros/humble /usr/bin/cmake --build /home/robotrodeo/capstone/build/sllidar_ros2 -- -j4 -l4
[0.447s] [ 14%] Built target sllidar_client
[0.476s] [100%] Built target sllidar_node
[0.576s] Invoked command in '/home/robotrodeo/capstone/build/sllidar_ros2' returned '0': CMAKE_PREFIX_PATH=${CMAKE_PREFIX_PATH}:/home/robotrodeo/capstone/install/encoder:/opt/ros/humble /usr/bin/cmake --build /home/robotrodeo/capstone/build/sllidar_ros2 -- -j4 -l4
[1.033s] Invoking command in '/home/robotrodeo/capstone/build/sllidar_ros2': CMAKE_PREFIX_PATH=${CMAKE_PREFIX_PATH}:/home/robotrodeo/capstone/install/encoder:/opt/ros/humble /usr/bin/cmake --install /home/robotrodeo/capstone/build/sllidar_ros2
[1.067s] -- Install configuration: ""
[1.069s] -- Execute custom install script
[1.073s] -- Up-to-date symlink: /home/robotrodeo/capstone/install/sllidar_ros2/share/sllidar_ros2/launch/sllidar_a3_launch.py
[1.074s] -- Up-to-date symlink: /home/robotrodeo/capstone/install/sllidar_ros2/share/sllidar_ros2/launch/sllidar_launch.py
[1.075s] -- Up-to-date symlink: /home/robotrodeo/capstone/install/sllidar_ros2/share/sllidar_ros2/launch/sllidar_s1_launch.py
[1.076s] -- Up-to-date symlink: /home/robotrodeo/capstone/install/sllidar_ros2/share/sllidar_ros2/launch/sllidar_s1_tcp_launch.py
[1.077s] -- Up-to-date symlink: /home/robotrodeo/capstone/install/sllidar_ros2/share/sllidar_ros2/launch/sllidar_s2_launch.py
[1.078s] -- Up-to-date symlink: /home/robotrodeo/capstone/install/sllidar_ros2/share/sllidar_ros2/launch/sllidar_s2e_launch.py
[1.078s] -- Up-to-date symlink: /home/robotrodeo/capstone/install/sllidar_ros2/share/sllidar_ros2/launch/sllidar_t1_launch.py
[1.081s] -- Up-to-date symlink: /home/robotrodeo/capstone/install/sllidar_ros2/share/sllidar_ros2/launch/view_sllidar_a3_launch.py
[1.083s] -- Up-to-date symlink: /home/robotrodeo/capstone/install/sllidar_ros2/share/sllidar_ros2/launch/view_sllidar_launch.py
[1.085s] -- Up-to-date symlink: /home/robotrodeo/capstone/install/sllidar_ros2/share/sllidar_ros2/launch/view_sllidar_s1_launch.py
[1.087s] -- Up-to-date symlink: /home/robotrodeo/capstone/install/sllidar_ros2/share/sllidar_ros2/launch/view_sllidar_s1_tcp_launch.py
[1.089s] -- Up-to-date symlink: /home/robotrodeo/capstone/install/sllidar_ros2/share/sllidar_ros2/launch/view_sllidar_s2_launch.py
[1.090s] -- Up-to-date symlink: /home/robotrodeo/capstone/install/sllidar_ros2/share/sllidar_ros2/launch/view_sllidar_s2e_launch.py
[1.092s] -- Up-to-date symlink: /home/robotrodeo/capstone/install/sllidar_ros2/share/sllidar_ros2/launch/view_sllidar_t1_launch.py
[1.093s] -- Up-to-date symlink: /home/robotrodeo/capstone/install/sllidar_ros2/share/sllidar_ros2/rviz/sllidar_ros2.rviz
[1.095s] -- Up-to-date symlink: /home/robotrodeo/capstone/install/sllidar_ros2/lib/sllidar_ros2/sllidar_node
[1.097s] -- Up-to-date symlink: /home/robotrodeo/capstone/install/sllidar_ros2/lib/sllidar_ros2/sllidar_client
[1.099s] -- Up-to-date symlink: /home/robotrodeo/capstone/install/sllidar_ros2/share/ament_index/resource_index/package_run_dependencies/sllidar_ros2
[1.101s] -- Up-to-date symlink: /home/robotrodeo/capstone/install/sllidar_ros2/share/ament_index/resource_index/parent_prefix_path/sllidar_ros2
[1.103s] -- Up-to-date symlink: /home/robotrodeo/capstone/install/sllidar_ros2/share/sllidar_ros2/environment/ament_prefix_path.sh
[1.104s] -- Up-to-date symlink: /home/robotrodeo/capstone/install/sllidar_ros2/share/sllidar_ros2/environment/ament_prefix_path.dsv
[1.106s] -- Up-to-date symlink: /home/robotrodeo/capstone/install/sllidar_ros2/share/sllidar_ros2/environment/path.sh
[1.108s] -- Up-to-date symlink: /home/robotrodeo/capstone/install/sllidar_ros2/share/sllidar_ros2/environment/path.dsv
[1.109s] -- Up-to-date symlink: /home/robotrodeo/capstone/install/sllidar_ros2/share/sllidar_ros2/local_setup.bash
[1.111s] -- Up-to-date symlink: /home/robotrodeo/capstone/install/sllidar_ros2/share/sllidar_ros2/local_setup.sh
[1.112s] -- Up-to-date symlink: /home/robotrodeo/capstone/install/sllidar_ros2/share/sllidar_ros2/local_setup.zsh
[1.113s] -- Up-to-date symlink: /home/robotrodeo/capstone/install/sllidar_ros2/share/sllidar_ros2/local_setup.dsv
[1.115s] -- Symlinking: /home/robotrodeo/capstone/install/sllidar_ros2/share/sllidar_ros2/package.dsv
[1.163s] -- Up-to-date symlink: /home/robotrodeo/capstone/install/sllidar_ros2/share/ament_index/resource_index/packages/sllidar_ros2
[1.164s] -- Up-to-date symlink: /home/robotrodeo/capstone/install/sllidar_ros2/share/sllidar_ros2/cmake/ament_cmake_export_dependencies-extras.cmake
[1.166s] -- Up-to-date symlink: /home/robotrodeo/capstone/install/sllidar_ros2/share/sllidar_ros2/cmake/ament_cmake_export_include_directories-extras.cmake
[1.167s] -- Up-to-date symlink: /home/robotrodeo/capstone/install/sllidar_ros2/share/sllidar_ros2/cmake/sllidar_ros2Config.cmake
[1.168s] -- Up-to-date symlink: /home/robotrodeo/capstone/install/sllidar_ros2/share/sllidar_ros2/cmake/sllidar_ros2Config-version.cmake
[1.169s] -- Up-to-date symlink: /home/robotrodeo/capstone/install/sllidar_ros2/share/sllidar_ros2/package.xml
[1.188s] Invoked command in '/home/robotrodeo/capstone/build/sllidar_ros2' returned '0': CMAKE_PREFIX_PATH=${CMAKE_PREFIX_PATH}:/home/robotrodeo/capstone/install/encoder:/opt/ros/humble /usr/bin/cmake --install /home/robotrodeo/capstone/build/sllidar_ros2
