[0.152s] Invoking command in '/home/robotrodeo/capstone/build/robot_interfaces': CMAKE_PREFIX_PATH=${CMAKE_PREFIX_PATH}:/home/robotrodeo/capstone/install/encoder:/opt/ros/humble /usr/bin/cmake --build /home/robotrodeo/capstone/build/robot_interfaces -- -j4 -l4
[0.427s] [  3%] Built target robot_interfaces__cpp
[0.462s] [ 12%] Built target robot_interfaces__rosidl_generator_c
[0.585s] [ 12%] Built target ament_cmake_python_copy_robot_interfaces
[0.605s] [ 22%] Built target robot_interfaces__rosidl_typesupport_introspection_cpp
[0.631s] [ 32%] Built target robot_interfaces__rosidl_typesupport_fastrtps_cpp
[0.652s] [ 41%] Built target robot_interfaces__rosidl_typesupport_cpp
[0.742s] [ 51%] Built target robot_interfaces__rosidl_typesupport_introspection_c
[0.769s] [ 61%] Built target robot_interfaces__rosidl_typesupport_fastrtps_c
[0.806s] [ 70%] Built target robot_interfaces__rosidl_typesupport_c
[0.915s] [ 70%] Built target robot_interfaces
[1.029s] [ 74%] Built target robot_interfaces__py
[1.152s] [ 80%] Built target robot_interfaces__rosidl_generator_py
[1.317s] [ 87%] Built target robot_interfaces__rosidl_typesupport_introspection_c__pyext
[1.362s] [ 93%] Built target robot_interfaces__rosidl_typesupport_c__pyext
[1.379s] [100%] Built target robot_interfaces__rosidl_typesupport_fastrtps_c__pyext
[2.158s] running egg_info
[2.162s] writing robot_interfaces.egg-info/PKG-INFO
[2.163s] writing dependency_links to robot_interfaces.egg-info/dependency_links.txt
[2.164s] writing top-level names to robot_interfaces.egg-info/top_level.txt
[2.174s] reading manifest file 'robot_interfaces.egg-info/SOURCES.txt'
[2.177s] writing manifest file 'robot_interfaces.egg-info/SOURCES.txt'
[2.315s] [100%] Built target ament_cmake_python_build_robot_interfaces_egg
[2.361s] Invoked command in '/home/robotrodeo/capstone/build/robot_interfaces' returned '0': CMAKE_PREFIX_PATH=${CMAKE_PREFIX_PATH}:/home/robotrodeo/capstone/install/encoder:/opt/ros/humble /usr/bin/cmake --build /home/robotrodeo/capstone/build/robot_interfaces -- -j4 -l4
[2.727s] Invoking command in '/home/robotrodeo/capstone/build/robot_interfaces': CMAKE_PREFIX_PATH=${CMAKE_PREFIX_PATH}:/home/robotrodeo/capstone/install/encoder:/opt/ros/humble /usr/bin/cmake --install /home/robotrodeo/capstone/build/robot_interfaces
[2.760s] -- Install configuration: ""
[2.760s] -- Up-to-date: /home/robotrodeo/capstone/install/robot_interfaces/share/ament_index/resource_index/rosidl_interfaces/robot_interfaces
[2.761s] -- Up-to-date: /home/robotrodeo/capstone/install/robot_interfaces/include/robot_interfaces/robot_interfaces
[2.762s] -- Up-to-date: /home/robotrodeo/capstone/install/robot_interfaces/include/robot_interfaces/robot_interfaces/msg
[2.764s] -- Up-to-date: /home/robotrodeo/capstone/install/robot_interfaces/include/robot_interfaces/robot_interfaces/msg/detail
[2.765s] -- Up-to-date: /home/robotrodeo/capstone/install/robot_interfaces/include/robot_interfaces/robot_interfaces/msg/detail/encoder_data__functions.h
[2.765s] -- Up-to-date: /home/robotrodeo/capstone/install/robot_interfaces/include/robot_interfaces/robot_interfaces/msg/detail/encoder_data__struct.h
[2.765s] -- Up-to-date: /home/robotrodeo/capstone/install/robot_interfaces/include/robot_interfaces/robot_interfaces/msg/detail/encoder_data__type_support.h
[2.766s] -- Up-to-date: /home/robotrodeo/capstone/install/robot_interfaces/include/robot_interfaces/robot_interfaces/msg/detail/encoder_data__functions.c
[2.766s] -- Up-to-date: /home/robotrodeo/capstone/install/robot_interfaces/include/robot_interfaces/robot_interfaces/msg/rosidl_generator_c__visibility_control.h
[2.766s] -- Up-to-date: /home/robotrodeo/capstone/install/robot_interfaces/include/robot_interfaces/robot_interfaces/msg/encoder_data.h
[2.767s] -- Up-to-date: /home/robotrodeo/capstone/install/robot_interfaces/share/robot_interfaces/environment/library_path.sh
[2.767s] -- Up-to-date: /home/robotrodeo/capstone/install/robot_interfaces/share/robot_interfaces/environment/library_path.dsv
[2.768s] -- Up-to-date: /home/robotrodeo/capstone/install/robot_interfaces/lib/librobot_interfaces__rosidl_generator_c.so
[2.768s] -- Up-to-date: /home/robotrodeo/capstone/install/robot_interfaces/include/robot_interfaces/robot_interfaces
[2.768s] -- Up-to-date: /home/robotrodeo/capstone/install/robot_interfaces/include/robot_interfaces/robot_interfaces/msg
[2.769s] -- Up-to-date: /home/robotrodeo/capstone/install/robot_interfaces/include/robot_interfaces/robot_interfaces/msg/detail
[2.769s] -- Up-to-date: /home/robotrodeo/capstone/install/robot_interfaces/include/robot_interfaces/robot_interfaces/msg/detail/encoder_data__rosidl_typesupport_fastrtps_c.h
[2.770s] -- Up-to-date: /home/robotrodeo/capstone/install/robot_interfaces/include/robot_interfaces/robot_interfaces/msg/rosidl_typesupport_fastrtps_c__visibility_control.h
[2.770s] -- Up-to-date: /home/robotrodeo/capstone/install/robot_interfaces/lib/librobot_interfaces__rosidl_typesupport_fastrtps_c.so
[2.772s] -- Up-to-date: /home/robotrodeo/capstone/install/robot_interfaces/include/robot_interfaces/robot_interfaces
[2.772s] -- Up-to-date: /home/robotrodeo/capstone/install/robot_interfaces/include/robot_interfaces/robot_interfaces/msg
[2.772s] -- Up-to-date: /home/robotrodeo/capstone/install/robot_interfaces/include/robot_interfaces/robot_interfaces/msg/detail
[2.773s] -- Up-to-date: /home/robotrodeo/capstone/install/robot_interfaces/include/robot_interfaces/robot_interfaces/msg/detail/encoder_data__rosidl_typesupport_introspection_c.h
[2.773s] -- Up-to-date: /home/robotrodeo/capstone/install/robot_interfaces/include/robot_interfaces/robot_interfaces/msg/detail/encoder_data__type_support.c
[2.774s] -- Up-to-date: /home/robotrodeo/capstone/install/robot_interfaces/include/robot_interfaces/robot_interfaces/msg/rosidl_typesupport_introspection_c__visibility_control.h
[2.775s] -- Up-to-date: /home/robotrodeo/capstone/install/robot_interfaces/lib/librobot_interfaces__rosidl_typesupport_introspection_c.so
[2.777s] -- Up-to-date: /home/robotrodeo/capstone/install/robot_interfaces/lib/librobot_interfaces__rosidl_typesupport_c.so
[2.778s] -- Up-to-date: /home/robotrodeo/capstone/install/robot_interfaces/include/robot_interfaces/robot_interfaces
[2.779s] -- Up-to-date: /home/robotrodeo/capstone/install/robot_interfaces/include/robot_interfaces/robot_interfaces/msg
[2.779s] -- Up-to-date: /home/robotrodeo/capstone/install/robot_interfaces/include/robot_interfaces/robot_interfaces/msg/detail
[2.780s] -- Up-to-date: /home/robotrodeo/capstone/install/robot_interfaces/include/robot_interfaces/robot_interfaces/msg/detail/encoder_data__struct.hpp
[2.780s] -- Up-to-date: /home/robotrodeo/capstone/install/robot_interfaces/include/robot_interfaces/robot_interfaces/msg/detail/encoder_data__builder.hpp
[2.781s] -- Up-to-date: /home/robotrodeo/capstone/install/robot_interfaces/include/robot_interfaces/robot_interfaces/msg/detail/encoder_data__traits.hpp
[2.781s] -- Up-to-date: /home/robotrodeo/capstone/install/robot_interfaces/include/robot_interfaces/robot_interfaces/msg/encoder_data.hpp
[2.781s] -- Up-to-date: /home/robotrodeo/capstone/install/robot_interfaces/include/robot_interfaces/robot_interfaces
[2.782s] -- Up-to-date: /home/robotrodeo/capstone/install/robot_interfaces/include/robot_interfaces/robot_interfaces/msg
[2.782s] -- Up-to-date: /home/robotrodeo/capstone/install/robot_interfaces/include/robot_interfaces/robot_interfaces/msg/detail
[2.783s] -- Up-to-date: /home/robotrodeo/capstone/install/robot_interfaces/include/robot_interfaces/robot_interfaces/msg/detail/dds_fastrtps
[2.783s] -- Up-to-date: /home/robotrodeo/capstone/install/robot_interfaces/include/robot_interfaces/robot_interfaces/msg/detail/encoder_data__rosidl_typesupport_fastrtps_cpp.hpp
[2.783s] -- Up-to-date: /home/robotrodeo/capstone/install/robot_interfaces/include/robot_interfaces/robot_interfaces/msg/rosidl_typesupport_fastrtps_cpp__visibility_control.h
[2.784s] -- Up-to-date: /home/robotrodeo/capstone/install/robot_interfaces/lib/librobot_interfaces__rosidl_typesupport_fastrtps_cpp.so
[2.785s] -- Up-to-date: /home/robotrodeo/capstone/install/robot_interfaces/include/robot_interfaces/robot_interfaces
[2.786s] -- Up-to-date: /home/robotrodeo/capstone/install/robot_interfaces/include/robot_interfaces/robot_interfaces/msg
[2.786s] -- Up-to-date: /home/robotrodeo/capstone/install/robot_interfaces/include/robot_interfaces/robot_interfaces/msg/detail
[2.786s] -- Up-to-date: /home/robotrodeo/capstone/install/robot_interfaces/include/robot_interfaces/robot_interfaces/msg/detail/encoder_data__type_support.cpp
[2.787s] -- Up-to-date: /home/robotrodeo/capstone/install/robot_interfaces/include/robot_interfaces/robot_interfaces/msg/detail/encoder_data__rosidl_typesupport_introspection_cpp.hpp
[2.788s] -- Up-to-date: /home/robotrodeo/capstone/install/robot_interfaces/lib/librobot_interfaces__rosidl_typesupport_introspection_cpp.so
[2.790s] -- Up-to-date: /home/robotrodeo/capstone/install/robot_interfaces/lib/librobot_interfaces__rosidl_typesupport_cpp.so
[2.791s] -- Up-to-date: /home/robotrodeo/capstone/install/robot_interfaces/share/robot_interfaces/environment/pythonpath.sh
[2.792s] -- Up-to-date: /home/robotrodeo/capstone/install/robot_interfaces/share/robot_interfaces/environment/pythonpath.dsv
[2.792s] -- Up-to-date: /home/robotrodeo/capstone/install/robot_interfaces/local/lib/python3.10/dist-packages/robot_interfaces-0.0.0-py3.10.egg-info
[2.792s] -- Installing: /home/robotrodeo/capstone/install/robot_interfaces/local/lib/python3.10/dist-packages/robot_interfaces-0.0.0-py3.10.egg-info/SOURCES.txt
[2.794s] -- Installing: /home/robotrodeo/capstone/install/robot_interfaces/local/lib/python3.10/dist-packages/robot_interfaces-0.0.0-py3.10.egg-info/PKG-INFO
[2.795s] -- Installing: /home/robotrodeo/capstone/install/robot_interfaces/local/lib/python3.10/dist-packages/robot_interfaces-0.0.0-py3.10.egg-info/dependency_links.txt
[2.796s] -- Installing: /home/robotrodeo/capstone/install/robot_interfaces/local/lib/python3.10/dist-packages/robot_interfaces-0.0.0-py3.10.egg-info/top_level.txt
[2.798s] -- Up-to-date: /home/robotrodeo/capstone/install/robot_interfaces/local/lib/python3.10/dist-packages/robot_interfaces
[2.798s] -- Up-to-date: /home/robotrodeo/capstone/install/robot_interfaces/local/lib/python3.10/dist-packages/robot_interfaces/robot_interfaces_s__rosidl_typesupport_fastrtps_c.cpython-310-aarch64-linux-gnu.so
[2.799s] -- Up-to-date: /home/robotrodeo/capstone/install/robot_interfaces/local/lib/python3.10/dist-packages/robot_interfaces/robot_interfaces_s__rosidl_typesupport_introspection_c.cpython-310-aarch64-linux-gnu.so
[2.799s] -- Up-to-date: /home/robotrodeo/capstone/install/robot_interfaces/local/lib/python3.10/dist-packages/robot_interfaces/_robot_interfaces_s.ep.rosidl_typesupport_introspection_c.c
[2.799s] -- Up-to-date: /home/robotrodeo/capstone/install/robot_interfaces/local/lib/python3.10/dist-packages/robot_interfaces/librobot_interfaces__rosidl_generator_py.so
[2.800s] -- Up-to-date: /home/robotrodeo/capstone/install/robot_interfaces/local/lib/python3.10/dist-packages/robot_interfaces/__init__.py
[2.800s] -- Up-to-date: /home/robotrodeo/capstone/install/robot_interfaces/local/lib/python3.10/dist-packages/robot_interfaces/robot_interfaces_s__rosidl_typesupport_c.cpython-310-aarch64-linux-gnu.so
[2.800s] -- Up-to-date: /home/robotrodeo/capstone/install/robot_interfaces/local/lib/python3.10/dist-packages/robot_interfaces/_robot_interfaces_s.ep.rosidl_typesupport_c.c
[2.801s] -- Up-to-date: /home/robotrodeo/capstone/install/robot_interfaces/local/lib/python3.10/dist-packages/robot_interfaces/_robot_interfaces_s.ep.rosidl_typesupport_fastrtps_c.c
[2.801s] -- Up-to-date: /home/robotrodeo/capstone/install/robot_interfaces/local/lib/python3.10/dist-packages/robot_interfaces/msg
[2.802s] -- Up-to-date: /home/robotrodeo/capstone/install/robot_interfaces/local/lib/python3.10/dist-packages/robot_interfaces/msg/__init__.py
[2.802s] -- Up-to-date: /home/robotrodeo/capstone/install/robot_interfaces/local/lib/python3.10/dist-packages/robot_interfaces/msg/_encoder_data_s.c
[2.802s] -- Up-to-date: /home/robotrodeo/capstone/install/robot_interfaces/local/lib/python3.10/dist-packages/robot_interfaces/msg/_encoder_data.py
[2.945s] Listing '/home/robotrodeo/capstone/install/robot_interfaces/local/lib/python3.10/dist-packages/robot_interfaces'...
[2.946s] Listing '/home/robotrodeo/capstone/install/robot_interfaces/local/lib/python3.10/dist-packages/robot_interfaces/msg'...
[2.971s] -- Up-to-date: /home/robotrodeo/capstone/install/robot_interfaces/local/lib/python3.10/dist-packages/robot_interfaces/robot_interfaces_s__rosidl_typesupport_fastrtps_c.cpython-310-aarch64-linux-gnu.so
[2.973s] -- Up-to-date: /home/robotrodeo/capstone/install/robot_interfaces/local/lib/python3.10/dist-packages/robot_interfaces/robot_interfaces_s__rosidl_typesupport_introspection_c.cpython-310-aarch64-linux-gnu.so
[2.975s] -- Up-to-date: /home/robotrodeo/capstone/install/robot_interfaces/local/lib/python3.10/dist-packages/robot_interfaces/robot_interfaces_s__rosidl_typesupport_c.cpython-310-aarch64-linux-gnu.so
[2.978s] -- Up-to-date: /home/robotrodeo/capstone/install/robot_interfaces/lib/librobot_interfaces__rosidl_generator_py.so
[2.979s] -- Up-to-date: /home/robotrodeo/capstone/install/robot_interfaces/share/robot_interfaces/msg/EncoderData.idl
[2.980s] -- Up-to-date: /home/robotrodeo/capstone/install/robot_interfaces/share/robot_interfaces/msg/EncoderData.msg
[2.980s] -- Up-to-date: /home/robotrodeo/capstone/install/robot_interfaces/share/ament_index/resource_index/package_run_dependencies/robot_interfaces
[2.980s] -- Up-to-date: /home/robotrodeo/capstone/install/robot_interfaces/share/ament_index/resource_index/parent_prefix_path/robot_interfaces
[2.981s] -- Up-to-date: /home/robotrodeo/capstone/install/robot_interfaces/share/robot_interfaces/environment/ament_prefix_path.sh
[2.981s] -- Up-to-date: /home/robotrodeo/capstone/install/robot_interfaces/share/robot_interfaces/environment/ament_prefix_path.dsv
[2.982s] -- Up-to-date: /home/robotrodeo/capstone/install/robot_interfaces/share/robot_interfaces/environment/path.sh
[2.982s] -- Up-to-date: /home/robotrodeo/capstone/install/robot_interfaces/share/robot_interfaces/environment/path.dsv
[2.983s] -- Up-to-date: /home/robotrodeo/capstone/install/robot_interfaces/share/robot_interfaces/local_setup.bash
[2.983s] -- Up-to-date: /home/robotrodeo/capstone/install/robot_interfaces/share/robot_interfaces/local_setup.sh
[2.984s] -- Up-to-date: /home/robotrodeo/capstone/install/robot_interfaces/share/robot_interfaces/local_setup.zsh
[2.984s] -- Up-to-date: /home/robotrodeo/capstone/install/robot_interfaces/share/robot_interfaces/local_setup.dsv
[2.984s] -- Installing: /home/robotrodeo/capstone/install/robot_interfaces/share/robot_interfaces/package.dsv
[2.985s] -- Up-to-date: /home/robotrodeo/capstone/install/robot_interfaces/share/ament_index/resource_index/packages/robot_interfaces
[2.986s] -- Up-to-date: /home/robotrodeo/capstone/install/robot_interfaces/share/robot_interfaces/cmake/export_robot_interfaces__rosidl_generator_cExport.cmake
[2.987s] -- Up-to-date: /home/robotrodeo/capstone/install/robot_interfaces/share/robot_interfaces/cmake/export_robot_interfaces__rosidl_generator_cExport-noconfig.cmake
[2.988s] -- Up-to-date: /home/robotrodeo/capstone/install/robot_interfaces/share/robot_interfaces/cmake/export_robot_interfaces__rosidl_typesupport_fastrtps_cExport.cmake
[2.988s] -- Up-to-date: /home/robotrodeo/capstone/install/robot_interfaces/share/robot_interfaces/cmake/export_robot_interfaces__rosidl_typesupport_fastrtps_cExport-noconfig.cmake
[2.989s] -- Up-to-date: /home/robotrodeo/capstone/install/robot_interfaces/share/robot_interfaces/cmake/robot_interfaces__rosidl_typesupport_introspection_cExport.cmake
[2.990s] -- Up-to-date: /home/robotrodeo/capstone/install/robot_interfaces/share/robot_interfaces/cmake/robot_interfaces__rosidl_typesupport_introspection_cExport-noconfig.cmake
[2.990s] -- Up-to-date: /home/robotrodeo/capstone/install/robot_interfaces/share/robot_interfaces/cmake/robot_interfaces__rosidl_typesupport_cExport.cmake
[2.991s] -- Up-to-date: /home/robotrodeo/capstone/install/robot_interfaces/share/robot_interfaces/cmake/robot_interfaces__rosidl_typesupport_cExport-noconfig.cmake
[2.992s] -- Up-to-date: /home/robotrodeo/capstone/install/robot_interfaces/share/robot_interfaces/cmake/export_robot_interfaces__rosidl_generator_cppExport.cmake
[2.993s] -- Up-to-date: /home/robotrodeo/capstone/install/robot_interfaces/share/robot_interfaces/cmake/export_robot_interfaces__rosidl_typesupport_fastrtps_cppExport.cmake
[2.993s] -- Up-to-date: /home/robotrodeo/capstone/install/robot_interfaces/share/robot_interfaces/cmake/export_robot_interfaces__rosidl_typesupport_fastrtps_cppExport-noconfig.cmake
[2.994s] -- Up-to-date: /home/robotrodeo/capstone/install/robot_interfaces/share/robot_interfaces/cmake/robot_interfaces__rosidl_typesupport_introspection_cppExport.cmake
[2.994s] -- Up-to-date: /home/robotrodeo/capstone/install/robot_interfaces/share/robot_interfaces/cmake/robot_interfaces__rosidl_typesupport_introspection_cppExport-noconfig.cmake
[2.995s] -- Up-to-date: /home/robotrodeo/capstone/install/robot_interfaces/share/robot_interfaces/cmake/robot_interfaces__rosidl_typesupport_cppExport.cmake
[2.996s] -- Up-to-date: /home/robotrodeo/capstone/install/robot_interfaces/share/robot_interfaces/cmake/robot_interfaces__rosidl_typesupport_cppExport-noconfig.cmake
[2.997s] -- Up-to-date: /home/robotrodeo/capstone/install/robot_interfaces/share/robot_interfaces/cmake/export_robot_interfaces__rosidl_generator_pyExport.cmake
[2.997s] -- Up-to-date: /home/robotrodeo/capstone/install/robot_interfaces/share/robot_interfaces/cmake/export_robot_interfaces__rosidl_generator_pyExport-noconfig.cmake
[2.998s] -- Up-to-date: /home/robotrodeo/capstone/install/robot_interfaces/share/robot_interfaces/cmake/rosidl_cmake-extras.cmake
[2.998s] -- Up-to-date: /home/robotrodeo/capstone/install/robot_interfaces/share/robot_interfaces/cmake/ament_cmake_export_include_directories-extras.cmake
[2.999s] -- Up-to-date: /home/robotrodeo/capstone/install/robot_interfaces/share/robot_interfaces/cmake/ament_cmake_export_libraries-extras.cmake
[2.999s] -- Up-to-date: /home/robotrodeo/capstone/install/robot_interfaces/share/robot_interfaces/cmake/ament_cmake_export_targets-extras.cmake
[3.000s] -- Up-to-date: /home/robotrodeo/capstone/install/robot_interfaces/share/robot_interfaces/cmake/rosidl_cmake_export_typesupport_targets-extras.cmake
[3.000s] -- Up-to-date: /home/robotrodeo/capstone/install/robot_interfaces/share/robot_interfaces/cmake/ament_cmake_export_dependencies-extras.cmake
[3.000s] -- Up-to-date: /home/robotrodeo/capstone/install/robot_interfaces/share/robot_interfaces/cmake/rosidl_cmake_export_typesupport_libraries-extras.cmake
[3.001s] -- Up-to-date: /home/robotrodeo/capstone/install/robot_interfaces/share/robot_interfaces/cmake/robot_interfacesConfig.cmake
[3.001s] -- Up-to-date: /home/robotrodeo/capstone/install/robot_interfaces/share/robot_interfaces/cmake/robot_interfacesConfig-version.cmake
[3.002s] -- Up-to-date: /home/robotrodeo/capstone/install/robot_interfaces/share/robot_interfaces/package.xml
[3.016s] Invoked command in '/home/robotrodeo/capstone/build/robot_interfaces' returned '0': CMAKE_PREFIX_PATH=${CMAKE_PREFIX_PATH}:/home/robotrodeo/capstone/install/encoder:/opt/ros/humble /usr/bin/cmake --install /home/robotrodeo/capstone/build/robot_interfaces
