-- Found ament_cmake: 1.3.3 (/opt/ros/humble/share/ament_cmake/cmake)
-- Found rosidl_default_generators: 1.2.0 (/opt/ros/humble/share/rosidl_default_generators/cmake)
-- Using all available rosidl_typesupport_c: rosidl_typesupport_fastrtps_c;rosidl_typesupport_introspection_c
-- Found rosidl_adapter: 3.1.4 (/opt/ros/humble/share/rosidl_adapter/cmake)
-- Using all available rosidl_typesupport_cpp: rosidl_typesupport_fastrtps_cpp;rosidl_typesupport_introspection_cpp
-- Found ament_cmake_ros: 0.10.0 (/opt/ros/humble/share/ament_cmake_ros/cmake)
-- Using all available rosidl_typesupport_c: rosidl_typesupport_fastrtps_c;rosidl_typesupport_introspection_c
-- Using all available rosidl_typesupport_cpp: rosidl_typesupport_fastrtps_cpp;rosidl_typesupport_introspection_cpp
-- Found python_cmake_module: 0.10.0 (/opt/ros/humble/share/python_cmake_module/cmake)
-- Using PYTHON_EXECUTABLE: /usr/bin/python3
-- Using PYTHON_INCLUDE_DIRS: /usr/include/python3.10
-- Using PYTHON_LIBRARIES: /usr/lib/aarch64-linux-gnu/libpython3.10.so
-- Configuring done
-- Generating done
-- Build files have been written to: /home/robotrodeo/capstone/build/robot_interfaces
[  3%] [34m[1mGenerating C code for ROS interfaces[0m
[  6%] [34m[1mGenerating C++ code for ROS interfaces[0m
[  6%] Built target ament_cmake_python_copy_robot_interfaces
[  6%] Built target robot_interfaces__cpp
[35m[1mConsolidate compiler generated dependencies of target robot_interfaces__rosidl_generator_c[0m
[  9%] [34m[1mGenerating C++ type support for eProsima Fast-RTPS[0m
[ 12%] [34m[1mGenerating C++ introspection for ROS interfaces[0m
[ 16%] [32mBuilding C object CMakeFiles/robot_interfaces__rosidl_generator_c.dir/rosidl_generator_c/robot_interfaces/msg/detail/encoder_data__functions.c.o[0m
running egg_info
writing robot_interfaces.egg-info/PKG-INFO
writing dependency_links to robot_interfaces.egg-info/dependency_links.txt
writing top-level names to robot_interfaces.egg-info/top_level.txt
reading manifest file 'robot_interfaces.egg-info/SOURCES.txt'
writing manifest file 'robot_interfaces.egg-info/SOURCES.txt'
[ 16%] Built target ament_cmake_python_build_robot_interfaces_egg
[ 19%] [34m[1mGenerating C++ type support dispatch for ROS interfaces[0m
[ 22%] [32m[1mLinking C shared library librobot_interfaces__rosidl_generator_c.so[0m
[ 22%] Built target robot_interfaces__rosidl_generator_c
[35m[1mConsolidate compiler generated dependencies of target robot_interfaces__rosidl_typesupport_fastrtps_cpp[0m
[ 25%] [34m[1mGenerating C type support for eProsima Fast-RTPS[0m
[ 29%] [32mBuilding CXX object CMakeFiles/robot_interfaces__rosidl_typesupport_fastrtps_cpp.dir/rosidl_typesupport_fastrtps_cpp/robot_interfaces/msg/detail/dds_fastrtps/encoder_data__type_support.cpp.o[0m
[35m[1mConsolidate compiler generated dependencies of target robot_interfaces__rosidl_typesupport_introspection_cpp[0m
[35m[1mConsolidate compiler generated dependencies of target robot_interfaces__rosidl_typesupport_cpp[0m
[ 32%] [32mBuilding CXX object CMakeFiles/robot_interfaces__rosidl_typesupport_introspection_cpp.dir/rosidl_typesupport_introspection_cpp/robot_interfaces/msg/detail/encoder_data__type_support.cpp.o[0m
[ 35%] [32mBuilding CXX object CMakeFiles/robot_interfaces__rosidl_typesupport_cpp.dir/rosidl_typesupport_cpp/robot_interfaces/msg/encoder_data__type_support.cpp.o[0m
[35m[1mConsolidate compiler generated dependencies of target robot_interfaces__rosidl_typesupport_fastrtps_c[0m
[ 38%] [32mBuilding CXX object CMakeFiles/robot_interfaces__rosidl_typesupport_fastrtps_c.dir/rosidl_typesupport_fastrtps_c/robot_interfaces/msg/detail/encoder_data__type_support_c.cpp.o[0m
[ 41%] [32m[1mLinking CXX shared library librobot_interfaces__rosidl_typesupport_cpp.so[0m
[ 41%] Built target robot_interfaces__rosidl_typesupport_cpp
[ 45%] [32m[1mLinking CXX shared library librobot_interfaces__rosidl_typesupport_fastrtps_cpp.so[0m
[ 48%] [34m[1mGenerating C introspection for ROS interfaces[0m
[ 51%] [32m[1mLinking CXX shared library librobot_interfaces__rosidl_typesupport_introspection_cpp.so[0m
[ 51%] Built target robot_interfaces__rosidl_typesupport_fastrtps_cpp
[ 51%] Built target robot_interfaces__rosidl_typesupport_introspection_cpp
[ 54%] [34m[1mGenerating C type support dispatch for ROS interfaces[0m
[ 58%] [32m[1mLinking CXX shared library librobot_interfaces__rosidl_typesupport_fastrtps_c.so[0m
[ 58%] Built target robot_interfaces__rosidl_typesupport_fastrtps_c
[35m[1mConsolidate compiler generated dependencies of target robot_interfaces__rosidl_typesupport_introspection_c[0m
[ 61%] [32mBuilding C object CMakeFiles/robot_interfaces__rosidl_typesupport_introspection_c.dir/rosidl_typesupport_introspection_c/robot_interfaces/msg/detail/encoder_data__type_support.c.o[0m
[35m[1mConsolidate compiler generated dependencies of target robot_interfaces__rosidl_typesupport_c[0m
[ 64%] [32m[1mLinking C shared library librobot_interfaces__rosidl_typesupport_introspection_c.so[0m
[ 67%] [32mBuilding CXX object CMakeFiles/robot_interfaces__rosidl_typesupport_c.dir/rosidl_typesupport_c/robot_interfaces/msg/encoder_data__type_support.cpp.o[0m
[ 67%] Built target robot_interfaces__rosidl_typesupport_introspection_c
[ 70%] [32m[1mLinking CXX shared library librobot_interfaces__rosidl_typesupport_c.so[0m
[ 70%] Built target robot_interfaces__rosidl_typesupport_c
[ 70%] Built target robot_interfaces
[ 74%] [34m[1mGenerating Python code for ROS interfaces[0m
[ 74%] Built target robot_interfaces__py
[35m[1mConsolidate compiler generated dependencies of target robot_interfaces__rosidl_generator_py[0m
[ 77%] [32mBuilding C object CMakeFiles/robot_interfaces__rosidl_generator_py.dir/rosidl_generator_py/robot_interfaces/msg/_encoder_data_s.c.o[0m
[ 80%] [32m[1mLinking C shared library rosidl_generator_py/robot_interfaces/librobot_interfaces__rosidl_generator_py.so[0m
[ 80%] Built target robot_interfaces__rosidl_generator_py
[35m[1mConsolidate compiler generated dependencies of target robot_interfaces__rosidl_typesupport_introspection_c__pyext[0m
[35m[1mConsolidate compiler generated dependencies of target robot_interfaces__rosidl_typesupport_fastrtps_c__pyext[0m
[35m[1mConsolidate compiler generated dependencies of target robot_interfaces__rosidl_typesupport_c__pyext[0m
[ 83%] [32mBuilding C object CMakeFiles/robot_interfaces__rosidl_typesupport_introspection_c__pyext.dir/rosidl_generator_py/robot_interfaces/_robot_interfaces_s.ep.rosidl_typesupport_introspection_c.c.o[0m
[ 87%] [32mBuilding C object CMakeFiles/robot_interfaces__rosidl_typesupport_c__pyext.dir/rosidl_generator_py/robot_interfaces/_robot_interfaces_s.ep.rosidl_typesupport_c.c.o[0m
[ 90%] [32mBuilding C object CMakeFiles/robot_interfaces__rosidl_typesupport_fastrtps_c__pyext.dir/rosidl_generator_py/robot_interfaces/_robot_interfaces_s.ep.rosidl_typesupport_fastrtps_c.c.o[0m
[ 93%] [32m[1mLinking C shared library rosidl_generator_py/robot_interfaces/robot_interfaces_s__rosidl_typesupport_introspection_c.cpython-310-aarch64-linux-gnu.so[0m
[ 96%] [32m[1mLinking C shared library rosidl_generator_py/robot_interfaces/robot_interfaces_s__rosidl_typesupport_c.cpython-310-aarch64-linux-gnu.so[0m
[100%] [32m[1mLinking C shared library rosidl_generator_py/robot_interfaces/robot_interfaces_s__rosidl_typesupport_fastrtps_c.cpython-310-aarch64-linux-gnu.so[0m
[100%] Built target robot_interfaces__rosidl_typesupport_introspection_c__pyext
[100%] Built target robot_interfaces__rosidl_typesupport_c__pyext
[100%] Built target robot_interfaces__rosidl_typesupport_fastrtps_c__pyext
-- Install configuration: ""
-- Up-to-date: /home/robotrodeo/capstone/install/robot_interfaces/share/ament_index/resource_index/rosidl_interfaces/robot_interfaces
-- Up-to-date: /home/robotrodeo/capstone/install/robot_interfaces/include/robot_interfaces/robot_interfaces
-- Up-to-date: /home/robotrodeo/capstone/install/robot_interfaces/include/robot_interfaces/robot_interfaces/msg
-- Up-to-date: /home/robotrodeo/capstone/install/robot_interfaces/include/robot_interfaces/robot_interfaces/msg/detail
-- Installing: /home/robotrodeo/capstone/install/robot_interfaces/include/robot_interfaces/robot_interfaces/msg/detail/encoder_data__functions.h
-- Installing: /home/robotrodeo/capstone/install/robot_interfaces/include/robot_interfaces/robot_interfaces/msg/detail/encoder_data__struct.h
-- Installing: /home/robotrodeo/capstone/install/robot_interfaces/include/robot_interfaces/robot_interfaces/msg/detail/encoder_data__type_support.h
-- Installing: /home/robotrodeo/capstone/install/robot_interfaces/include/robot_interfaces/robot_interfaces/msg/detail/encoder_data__functions.c
-- Up-to-date: /home/robotrodeo/capstone/install/robot_interfaces/include/robot_interfaces/robot_interfaces/msg/rosidl_generator_c__visibility_control.h
-- Installing: /home/robotrodeo/capstone/install/robot_interfaces/include/robot_interfaces/robot_interfaces/msg/encoder_data.h
-- Up-to-date: /home/robotrodeo/capstone/install/robot_interfaces/share/robot_interfaces/environment/library_path.sh
-- Installing: /home/robotrodeo/capstone/install/robot_interfaces/share/robot_interfaces/environment/library_path.dsv
-- Installing: /home/robotrodeo/capstone/install/robot_interfaces/lib/librobot_interfaces__rosidl_generator_c.so
-- Set runtime path of "/home/robotrodeo/capstone/install/robot_interfaces/lib/librobot_interfaces__rosidl_generator_c.so" to ""
-- Up-to-date: /home/robotrodeo/capstone/install/robot_interfaces/include/robot_interfaces/robot_interfaces
-- Up-to-date: /home/robotrodeo/capstone/install/robot_interfaces/include/robot_interfaces/robot_interfaces/msg
-- Up-to-date: /home/robotrodeo/capstone/install/robot_interfaces/include/robot_interfaces/robot_interfaces/msg/detail
-- Installing: /home/robotrodeo/capstone/install/robot_interfaces/include/robot_interfaces/robot_interfaces/msg/detail/encoder_data__rosidl_typesupport_fastrtps_c.h
-- Up-to-date: /home/robotrodeo/capstone/install/robot_interfaces/include/robot_interfaces/robot_interfaces/msg/rosidl_typesupport_fastrtps_c__visibility_control.h
-- Installing: /home/robotrodeo/capstone/install/robot_interfaces/lib/librobot_interfaces__rosidl_typesupport_fastrtps_c.so
-- Set runtime path of "/home/robotrodeo/capstone/install/robot_interfaces/lib/librobot_interfaces__rosidl_typesupport_fastrtps_c.so" to ""
-- Up-to-date: /home/robotrodeo/capstone/install/robot_interfaces/include/robot_interfaces/robot_interfaces
-- Up-to-date: /home/robotrodeo/capstone/install/robot_interfaces/include/robot_interfaces/robot_interfaces/msg
-- Up-to-date: /home/robotrodeo/capstone/install/robot_interfaces/include/robot_interfaces/robot_interfaces/msg/detail
-- Installing: /home/robotrodeo/capstone/install/robot_interfaces/include/robot_interfaces/robot_interfaces/msg/detail/encoder_data__rosidl_typesupport_introspection_c.h
-- Installing: /home/robotrodeo/capstone/install/robot_interfaces/include/robot_interfaces/robot_interfaces/msg/detail/encoder_data__type_support.c
-- Up-to-date: /home/robotrodeo/capstone/install/robot_interfaces/include/robot_interfaces/robot_interfaces/msg/rosidl_typesupport_introspection_c__visibility_control.h
-- Installing: /home/robotrodeo/capstone/install/robot_interfaces/lib/librobot_interfaces__rosidl_typesupport_introspection_c.so
-- Set runtime path of "/home/robotrodeo/capstone/install/robot_interfaces/lib/librobot_interfaces__rosidl_typesupport_introspection_c.so" to ""
-- Installing: /home/robotrodeo/capstone/install/robot_interfaces/lib/librobot_interfaces__rosidl_typesupport_c.so
-- Set runtime path of "/home/robotrodeo/capstone/install/robot_interfaces/lib/librobot_interfaces__rosidl_typesupport_c.so" to ""
-- Up-to-date: /home/robotrodeo/capstone/install/robot_interfaces/include/robot_interfaces/robot_interfaces
-- Up-to-date: /home/robotrodeo/capstone/install/robot_interfaces/include/robot_interfaces/robot_interfaces/msg
-- Up-to-date: /home/robotrodeo/capstone/install/robot_interfaces/include/robot_interfaces/robot_interfaces/msg/detail
-- Installing: /home/robotrodeo/capstone/install/robot_interfaces/include/robot_interfaces/robot_interfaces/msg/detail/encoder_data__struct.hpp
-- Installing: /home/robotrodeo/capstone/install/robot_interfaces/include/robot_interfaces/robot_interfaces/msg/detail/encoder_data__builder.hpp
-- Installing: /home/robotrodeo/capstone/install/robot_interfaces/include/robot_interfaces/robot_interfaces/msg/detail/encoder_data__traits.hpp
-- Installing: /home/robotrodeo/capstone/install/robot_interfaces/include/robot_interfaces/robot_interfaces/msg/encoder_data.hpp
-- Up-to-date: /home/robotrodeo/capstone/install/robot_interfaces/include/robot_interfaces/robot_interfaces
-- Up-to-date: /home/robotrodeo/capstone/install/robot_interfaces/include/robot_interfaces/robot_interfaces/msg
-- Up-to-date: /home/robotrodeo/capstone/install/robot_interfaces/include/robot_interfaces/robot_interfaces/msg/detail
-- Up-to-date: /home/robotrodeo/capstone/install/robot_interfaces/include/robot_interfaces/robot_interfaces/msg/detail/dds_fastrtps
-- Installing: /home/robotrodeo/capstone/install/robot_interfaces/include/robot_interfaces/robot_interfaces/msg/detail/encoder_data__rosidl_typesupport_fastrtps_cpp.hpp
-- Up-to-date: /home/robotrodeo/capstone/install/robot_interfaces/include/robot_interfaces/robot_interfaces/msg/rosidl_typesupport_fastrtps_cpp__visibility_control.h
-- Installing: /home/robotrodeo/capstone/install/robot_interfaces/lib/librobot_interfaces__rosidl_typesupport_fastrtps_cpp.so
-- Set runtime path of "/home/robotrodeo/capstone/install/robot_interfaces/lib/librobot_interfaces__rosidl_typesupport_fastrtps_cpp.so" to ""
-- Up-to-date: /home/robotrodeo/capstone/install/robot_interfaces/include/robot_interfaces/robot_interfaces
-- Up-to-date: /home/robotrodeo/capstone/install/robot_interfaces/include/robot_interfaces/robot_interfaces/msg
-- Up-to-date: /home/robotrodeo/capstone/install/robot_interfaces/include/robot_interfaces/robot_interfaces/msg/detail
-- Installing: /home/robotrodeo/capstone/install/robot_interfaces/include/robot_interfaces/robot_interfaces/msg/detail/encoder_data__type_support.cpp
-- Installing: /home/robotrodeo/capstone/install/robot_interfaces/include/robot_interfaces/robot_interfaces/msg/detail/encoder_data__rosidl_typesupport_introspection_cpp.hpp
-- Installing: /home/robotrodeo/capstone/install/robot_interfaces/lib/librobot_interfaces__rosidl_typesupport_introspection_cpp.so
-- Set runtime path of "/home/robotrodeo/capstone/install/robot_interfaces/lib/librobot_interfaces__rosidl_typesupport_introspection_cpp.so" to ""
-- Installing: /home/robotrodeo/capstone/install/robot_interfaces/lib/librobot_interfaces__rosidl_typesupport_cpp.so
-- Set runtime path of "/home/robotrodeo/capstone/install/robot_interfaces/lib/librobot_interfaces__rosidl_typesupport_cpp.so" to ""
-- Up-to-date: /home/robotrodeo/capstone/install/robot_interfaces/share/robot_interfaces/environment/pythonpath.sh
-- Installing: /home/robotrodeo/capstone/install/robot_interfaces/share/robot_interfaces/environment/pythonpath.dsv
-- Up-to-date: /home/robotrodeo/capstone/install/robot_interfaces/local/lib/python3.10/dist-packages/robot_interfaces-0.0.0-py3.10.egg-info
-- Installing: /home/robotrodeo/capstone/install/robot_interfaces/local/lib/python3.10/dist-packages/robot_interfaces-0.0.0-py3.10.egg-info/SOURCES.txt
-- Installing: /home/robotrodeo/capstone/install/robot_interfaces/local/lib/python3.10/dist-packages/robot_interfaces-0.0.0-py3.10.egg-info/PKG-INFO
-- Installing: /home/robotrodeo/capstone/install/robot_interfaces/local/lib/python3.10/dist-packages/robot_interfaces-0.0.0-py3.10.egg-info/dependency_links.txt
-- Installing: /home/robotrodeo/capstone/install/robot_interfaces/local/lib/python3.10/dist-packages/robot_interfaces-0.0.0-py3.10.egg-info/top_level.txt
-- Up-to-date: /home/robotrodeo/capstone/install/robot_interfaces/local/lib/python3.10/dist-packages/robot_interfaces
-- Installing: /home/robotrodeo/capstone/install/robot_interfaces/local/lib/python3.10/dist-packages/robot_interfaces/robot_interfaces_s__rosidl_typesupport_fastrtps_c.cpython-310-aarch64-linux-gnu.so
-- Installing: /home/robotrodeo/capstone/install/robot_interfaces/local/lib/python3.10/dist-packages/robot_interfaces/robot_interfaces_s__rosidl_typesupport_introspection_c.cpython-310-aarch64-linux-gnu.so
-- Installing: /home/robotrodeo/capstone/install/robot_interfaces/local/lib/python3.10/dist-packages/robot_interfaces/_robot_interfaces_s.ep.rosidl_typesupport_introspection_c.c
-- Installing: /home/robotrodeo/capstone/install/robot_interfaces/local/lib/python3.10/dist-packages/robot_interfaces/librobot_interfaces__rosidl_generator_py.so
-- Installing: /home/robotrodeo/capstone/install/robot_interfaces/local/lib/python3.10/dist-packages/robot_interfaces/__init__.py
-- Installing: /home/robotrodeo/capstone/install/robot_interfaces/local/lib/python3.10/dist-packages/robot_interfaces/robot_interfaces_s__rosidl_typesupport_c.cpython-310-aarch64-linux-gnu.so
-- Installing: /home/robotrodeo/capstone/install/robot_interfaces/local/lib/python3.10/dist-packages/robot_interfaces/_robot_interfaces_s.ep.rosidl_typesupport_c.c
-- Installing: /home/robotrodeo/capstone/install/robot_interfaces/local/lib/python3.10/dist-packages/robot_interfaces/_robot_interfaces_s.ep.rosidl_typesupport_fastrtps_c.c
-- Up-to-date: /home/robotrodeo/capstone/install/robot_interfaces/local/lib/python3.10/dist-packages/robot_interfaces/msg
-- Installing: /home/robotrodeo/capstone/install/robot_interfaces/local/lib/python3.10/dist-packages/robot_interfaces/msg/__init__.py
-- Installing: /home/robotrodeo/capstone/install/robot_interfaces/local/lib/python3.10/dist-packages/robot_interfaces/msg/_encoder_data_s.c
-- Installing: /home/robotrodeo/capstone/install/robot_interfaces/local/lib/python3.10/dist-packages/robot_interfaces/msg/_encoder_data.py
Listing '/home/robotrodeo/capstone/install/robot_interfaces/local/lib/python3.10/dist-packages/robot_interfaces'...
Compiling '/home/robotrodeo/capstone/install/robot_interfaces/local/lib/python3.10/dist-packages/robot_interfaces/__init__.py'...
Listing '/home/robotrodeo/capstone/install/robot_interfaces/local/lib/python3.10/dist-packages/robot_interfaces/msg'...
Compiling '/home/robotrodeo/capstone/install/robot_interfaces/local/lib/python3.10/dist-packages/robot_interfaces/msg/__init__.py'...
Compiling '/home/robotrodeo/capstone/install/robot_interfaces/local/lib/python3.10/dist-packages/robot_interfaces/msg/_encoder_data.py'...
-- Installing: /home/robotrodeo/capstone/install/robot_interfaces/local/lib/python3.10/dist-packages/robot_interfaces/robot_interfaces_s__rosidl_typesupport_fastrtps_c.cpython-310-aarch64-linux-gnu.so
-- Set runtime path of "/home/robotrodeo/capstone/install/robot_interfaces/local/lib/python3.10/dist-packages/robot_interfaces/robot_interfaces_s__rosidl_typesupport_fastrtps_c.cpython-310-aarch64-linux-gnu.so" to ""
-- Installing: /home/robotrodeo/capstone/install/robot_interfaces/local/lib/python3.10/dist-packages/robot_interfaces/robot_interfaces_s__rosidl_typesupport_introspection_c.cpython-310-aarch64-linux-gnu.so
-- Set runtime path of "/home/robotrodeo/capstone/install/robot_interfaces/local/lib/python3.10/dist-packages/robot_interfaces/robot_interfaces_s__rosidl_typesupport_introspection_c.cpython-310-aarch64-linux-gnu.so" to ""
-- Installing: /home/robotrodeo/capstone/install/robot_interfaces/local/lib/python3.10/dist-packages/robot_interfaces/robot_interfaces_s__rosidl_typesupport_c.cpython-310-aarch64-linux-gnu.so
-- Set runtime path of "/home/robotrodeo/capstone/install/robot_interfaces/local/lib/python3.10/dist-packages/robot_interfaces/robot_interfaces_s__rosidl_typesupport_c.cpython-310-aarch64-linux-gnu.so" to ""
-- Installing: /home/robotrodeo/capstone/install/robot_interfaces/lib/librobot_interfaces__rosidl_generator_py.so
-- Set runtime path of "/home/robotrodeo/capstone/install/robot_interfaces/lib/librobot_interfaces__rosidl_generator_py.so" to ""
-- Installing: /home/robotrodeo/capstone/install/robot_interfaces/share/robot_interfaces/msg/EncoderData.idl
-- Installing: /home/robotrodeo/capstone/install/robot_interfaces/share/robot_interfaces/msg/EncoderData.msg
-- Up-to-date: /home/robotrodeo/capstone/install/robot_interfaces/share/ament_index/resource_index/package_run_dependencies/robot_interfaces
-- Installing: /home/robotrodeo/capstone/install/robot_interfaces/share/ament_index/resource_index/parent_prefix_path/robot_interfaces
-- Up-to-date: /home/robotrodeo/capstone/install/robot_interfaces/share/robot_interfaces/environment/ament_prefix_path.sh
-- Installing: /home/robotrodeo/capstone/install/robot_interfaces/share/robot_interfaces/environment/ament_prefix_path.dsv
-- Up-to-date: /home/robotrodeo/capstone/install/robot_interfaces/share/robot_interfaces/environment/path.sh
-- Installing: /home/robotrodeo/capstone/install/robot_interfaces/share/robot_interfaces/environment/path.dsv
-- Up-to-date: /home/robotrodeo/capstone/install/robot_interfaces/share/robot_interfaces/local_setup.bash
-- Up-to-date: /home/robotrodeo/capstone/install/robot_interfaces/share/robot_interfaces/local_setup.sh
-- Up-to-date: /home/robotrodeo/capstone/install/robot_interfaces/share/robot_interfaces/local_setup.zsh
-- Installing: /home/robotrodeo/capstone/install/robot_interfaces/share/robot_interfaces/local_setup.dsv
-- Installing: /home/robotrodeo/capstone/install/robot_interfaces/share/robot_interfaces/package.dsv
-- Up-to-date: /home/robotrodeo/capstone/install/robot_interfaces/share/ament_index/resource_index/packages/robot_interfaces
-- Up-to-date: /home/robotrodeo/capstone/install/robot_interfaces/share/robot_interfaces/cmake/export_robot_interfaces__rosidl_generator_cExport.cmake
-- Up-to-date: /home/robotrodeo/capstone/install/robot_interfaces/share/robot_interfaces/cmake/export_robot_interfaces__rosidl_generator_cExport-noconfig.cmake
-- Up-to-date: /home/robotrodeo/capstone/install/robot_interfaces/share/robot_interfaces/cmake/export_robot_interfaces__rosidl_typesupport_fastrtps_cExport.cmake
-- Up-to-date: /home/robotrodeo/capstone/install/robot_interfaces/share/robot_interfaces/cmake/export_robot_interfaces__rosidl_typesupport_fastrtps_cExport-noconfig.cmake
-- Up-to-date: /home/robotrodeo/capstone/install/robot_interfaces/share/robot_interfaces/cmake/robot_interfaces__rosidl_typesupport_introspection_cExport.cmake
-- Up-to-date: /home/robotrodeo/capstone/install/robot_interfaces/share/robot_interfaces/cmake/robot_interfaces__rosidl_typesupport_introspection_cExport-noconfig.cmake
-- Up-to-date: /home/robotrodeo/capstone/install/robot_interfaces/share/robot_interfaces/cmake/robot_interfaces__rosidl_typesupport_cExport.cmake
-- Up-to-date: /home/robotrodeo/capstone/install/robot_interfaces/share/robot_interfaces/cmake/robot_interfaces__rosidl_typesupport_cExport-noconfig.cmake
-- Up-to-date: /home/robotrodeo/capstone/install/robot_interfaces/share/robot_interfaces/cmake/export_robot_interfaces__rosidl_generator_cppExport.cmake
-- Up-to-date: /home/robotrodeo/capstone/install/robot_interfaces/share/robot_interfaces/cmake/export_robot_interfaces__rosidl_typesupport_fastrtps_cppExport.cmake
-- Up-to-date: /home/robotrodeo/capstone/install/robot_interfaces/share/robot_interfaces/cmake/export_robot_interfaces__rosidl_typesupport_fastrtps_cppExport-noconfig.cmake
-- Up-to-date: /home/robotrodeo/capstone/install/robot_interfaces/share/robot_interfaces/cmake/robot_interfaces__rosidl_typesupport_introspection_cppExport.cmake
-- Up-to-date: /home/robotrodeo/capstone/install/robot_interfaces/share/robot_interfaces/cmake/robot_interfaces__rosidl_typesupport_introspection_cppExport-noconfig.cmake
-- Up-to-date: /home/robotrodeo/capstone/install/robot_interfaces/share/robot_interfaces/cmake/robot_interfaces__rosidl_typesupport_cppExport.cmake
-- Up-to-date: /home/robotrodeo/capstone/install/robot_interfaces/share/robot_interfaces/cmake/robot_interfaces__rosidl_typesupport_cppExport-noconfig.cmake
-- Up-to-date: /home/robotrodeo/capstone/install/robot_interfaces/share/robot_interfaces/cmake/export_robot_interfaces__rosidl_generator_pyExport.cmake
-- Up-to-date: /home/robotrodeo/capstone/install/robot_interfaces/share/robot_interfaces/cmake/export_robot_interfaces__rosidl_generator_pyExport-noconfig.cmake
-- Up-to-date: /home/robotrodeo/capstone/install/robot_interfaces/share/robot_interfaces/cmake/rosidl_cmake-extras.cmake
-- Up-to-date: /home/robotrodeo/capstone/install/robot_interfaces/share/robot_interfaces/cmake/ament_cmake_export_include_directories-extras.cmake
-- Up-to-date: /home/robotrodeo/capstone/install/robot_interfaces/share/robot_interfaces/cmake/ament_cmake_export_libraries-extras.cmake
-- Up-to-date: /home/robotrodeo/capstone/install/robot_interfaces/share/robot_interfaces/cmake/ament_cmake_export_targets-extras.cmake
-- Up-to-date: /home/robotrodeo/capstone/install/robot_interfaces/share/robot_interfaces/cmake/rosidl_cmake_export_typesupport_targets-extras.cmake
-- Up-to-date: /home/robotrodeo/capstone/install/robot_interfaces/share/robot_interfaces/cmake/ament_cmake_export_dependencies-extras.cmake
-- Up-to-date: /home/robotrodeo/capstone/install/robot_interfaces/share/robot_interfaces/cmake/rosidl_cmake_export_typesupport_libraries-extras.cmake
-- Up-to-date: /home/robotrodeo/capstone/install/robot_interfaces/share/robot_interfaces/cmake/robot_interfacesConfig.cmake
-- Up-to-date: /home/robotrodeo/capstone/install/robot_interfaces/share/robot_interfaces/cmake/robot_interfacesConfig-version.cmake
-- Up-to-date: /home/robotrodeo/capstone/install/robot_interfaces/share/robot_interfaces/package.xml
