[3.231s] Invoking command in '/home/robotrodeo/capstone/build/drivetrain': PYTHONPATH=/home/robotrodeo/capstone/build/drivetrain/prefix_override:/home/robotrodeo/capstone/install/drivetrain/lib/python3.10/site-packages:${PYTHONPATH} /usr/bin/python3 setup.py develop --uninstall --editable --build-directory /home/robotrodeo/capstone/build/drivetrain/build
[4.608s] running develop
[5.697s] Invoked command in '/home/robotrodeo/capstone/build/drivetrain' returned '0': PYTHONPATH=/home/robotrodeo/capstone/build/drivetrain/prefix_override:/home/robotrodeo/capstone/install/drivetrain/lib/python3.10/site-packages:${PYTHONPATH} /usr/bin/python3 setup.py develop --uninstall --editable --build-directory /home/robotrodeo/capstone/build/drivetrain/build
[5.707s] Invoking command in '/home/robotrodeo/capstone/src/drivetrain': PYTHONPATH=/home/robotrodeo/capstone/build/drivetrain/prefix_override:/home/robotrodeo/capstone/install/drivetrain/lib/python3.10/site-packages:${PYTHONPATH} /usr/bin/python3 setup.py egg_info --egg-base ../../build/drivetrain build --build-base /home/robotrodeo/capstone/build/drivetrain/build install --record /home/robotrodeo/capstone/build/drivetrain/install.log --single-version-externally-managed
[7.031s] running egg_info
[7.033s] writing ../../build/drivetrain/drivetrain.egg-info/PKG-INFO
[7.034s] writing dependency_links to ../../build/drivetrain/drivetrain.egg-info/dependency_links.txt
[7.036s] writing entry points to ../../build/drivetrain/drivetrain.egg-info/entry_points.txt
[7.037s] writing requirements to ../../build/drivetrain/drivetrain.egg-info/requires.txt
[7.037s] writing top-level names to ../../build/drivetrain/drivetrain.egg-info/top_level.txt
[7.046s] reading manifest file '../../build/drivetrain/drivetrain.egg-info/SOURCES.txt'
[7.050s] writing manifest file '../../build/drivetrain/drivetrain.egg-info/SOURCES.txt'
[7.051s] running build
[7.051s] running build_py
[7.054s] running install
[7.055s] running install_lib
[7.062s] running install_data
[7.065s] running install_egg_info
[7.072s] removing '/home/robotrodeo/capstone/install/drivetrain/lib/python3.10/site-packages/drivetrain-0.0.0-py3.10.egg-info' (and everything under it)
[7.074s] Copying ../../build/drivetrain/drivetrain.egg-info to /home/robotrodeo/capstone/install/drivetrain/lib/python3.10/site-packages/drivetrain-0.0.0-py3.10.egg-info
[7.083s] running install_scripts
[7.167s] Installing arm_node script to /home/robotrodeo/capstone/install/drivetrain/lib/drivetrain
[7.168s] Installing controller_node script to /home/robotrodeo/capstone/install/drivetrain/lib/drivetrain
[7.169s] Installing drivetrain_node script to /home/robotrodeo/capstone/install/drivetrain/lib/drivetrain
[7.170s] Installing tail_node script to /home/robotrodeo/capstone/install/drivetrain/lib/drivetrain
[7.173s] writing list of installed files to '/home/robotrodeo/capstone/build/drivetrain/install.log'
[7.310s] Invoked command in '/home/robotrodeo/capstone/src/drivetrain' returned '0': PYTHONPATH=/home/robotrodeo/capstone/build/drivetrain/prefix_override:/home/robotrodeo/capstone/install/drivetrain/lib/python3.10/site-packages:${PYTHONPATH} /usr/bin/python3 setup.py egg_info --egg-base ../../build/drivetrain build --build-base /home/robotrodeo/capstone/build/drivetrain/build install --record /home/robotrodeo/capstone/build/drivetrain/install.log --single-version-externally-managed
