/usr/lib/python3/dist-packages/setuptools/dist.py:723: UserWarning: Usage of dash-separated 'script-dir' will not be supported in future versions. Please use the underscore name 'script_dir' instead
  warnings.warn(
running develop
/usr/lib/python3/dist-packages/setuptools/command/easy_install.py:158: EasyInstallDeprecationWarning: easy_install command is deprecated. Use build and pip and other standards-based tools.
  warnings.warn(
/usr/lib/python3/dist-packages/setuptools/command/install.py:34: SetuptoolsDeprecationWarning: setup.py install is deprecated. Use build and pip and other standards-based tools.
  warnings.warn(
/usr/lib/python3/dist-packages/pkg_resources/__init__.py:116: PkgResourcesDeprecationWarning: 1.1build1 is an invalid version and will not be supported in a future release
  warnings.warn(
/usr/lib/python3/dist-packages/pkg_resources/__init__.py:116: PkgResourcesDeprecationWarning: 0.1.43ubuntu1 is an invalid version and will not be supported in a future release
  warnings.warn(
running egg_info
creating encoder.egg-info
writing encoder.egg-info/PKG-INFO
writing dependency_links to encoder.egg-info/dependency_links.txt
writing entry points to encoder.egg-info/entry_points.txt
writing requirements to encoder.egg-info/requires.txt
writing top-level names to encoder.egg-info/top_level.txt
writing manifest file 'encoder.egg-info/SOURCES.txt'
reading manifest file 'encoder.egg-info/SOURCES.txt'
writing manifest file 'encoder.egg-info/SOURCES.txt'
running build_ext
Creating /home/robotrodeo/capstone/install/encoder/lib/python3.10/site-packages/encoder.egg-link (link to .)
Installing motor_encoder script to /home/robotrodeo/capstone/install/encoder/lib/encoder

Installed /home/robotrodeo/capstone/build/encoder
running install_data
creating /home/robotrodeo/capstone/install/encoder/share/ament_index
creating /home/robotrodeo/capstone/install/encoder/share/ament_index/resource_index
creating /home/robotrodeo/capstone/install/encoder/share/ament_index/resource_index/packages
copying resource/encoder -> /home/robotrodeo/capstone/install/encoder/share/ament_index/resource_index/packages
copying package.xml -> /home/robotrodeo/capstone/install/encoder/share/encoder
