[1.579s] DEBUG:colcon:Command line arguments: ['/usr/bin/colcon', 'build']
[1.579s] DEBUG:colcon:Parsed command line arguments: Namespace(log_base=None, log_level=None, verb_name='build', build_base='build', install_base='install', merge_install=False, symlink_install=False, test_result_base=None, continue_on_error=False, executor='parallel', parallel_workers=4, event_handlers=None, ignore_user_meta=False, metas=['./colcon.meta'], base_paths=['.'], packages_ignore=None, packages_ignore_regex=None, paths=None, packages_up_to=None, packages_up_to_regex=None, packages_above=None, packages_above_and_dependencies=None, packages_above_depth=None, packages_select_by_dep=None, packages_skip_by_dep=None, packages_skip_up_to=None, packages_select_build_failed=False, packages_skip_build_finished=False, packages_select_test_failures=False, packages_skip_test_passed=False, packages_select=None, packages_skip=None, packages_select_regex=None, packages_skip_regex=None, packages_start=None, packages_end=None, allow_overriding=[], cmake_args=None, cmake_target=None, cmake_target_skip_unavailable=False, cmake_clean_cache=False, cmake_clean_first=False, cmake_force_configure=False, ament_cmake_args=None, catkin_cmake_args=None, catkin_skip_building_tests=False, verb_parser=<colcon_defaults.argument_parser.defaults.DefaultArgumentsDecorator object at 0xffffba260880>, verb_extension=<colcon_core.verb.build.BuildVerb object at 0xffffba2602b0>, main=<bound method BuildVerb.main of <colcon_core.verb.build.BuildVerb object at 0xffffba2602b0>>)
[1.686s] Level 1:colcon.colcon_core.package_discovery:discover_packages(colcon_meta) check parameters
[1.686s] Level 1:colcon.colcon_core.package_discovery:discover_packages(recursive) check parameters
[1.686s] Level 1:colcon.colcon_core.package_discovery:discover_packages(ignore) check parameters
[1.687s] Level 1:colcon.colcon_core.package_discovery:discover_packages(path) check parameters
[1.687s] Level 1:colcon.colcon_core.package_discovery:discover_packages(colcon_meta) discover
[1.687s] Level 1:colcon.colcon_core.package_discovery:discover_packages(recursive) discover
[1.687s] INFO:colcon.colcon_core.package_discovery:Crawling recursively for packages in '/home/robotrodeo/capstone'
[1.688s] Level 1:colcon.colcon_core.package_identification:_identify(.) by extensions ['ignore', 'ignore_ament_install']
[1.688s] Level 1:colcon.colcon_core.package_identification:_identify(.) by extension 'ignore'
[1.688s] Level 1:colcon.colcon_core.package_identification:_identify(.) by extension 'ignore_ament_install'
[1.688s] Level 1:colcon.colcon_core.package_identification:_identify(.) by extensions ['colcon_pkg']
[1.688s] Level 1:colcon.colcon_core.package_identification:_identify(.) by extension 'colcon_pkg'
[1.689s] Level 1:colcon.colcon_core.package_identification:_identify(.) by extensions ['colcon_meta']
[1.689s] Level 1:colcon.colcon_core.package_identification:_identify(.) by extension 'colcon_meta'
[1.689s] Level 1:colcon.colcon_core.package_identification:_identify(.) by extensions ['ros']
[1.689s] Level 1:colcon.colcon_core.package_identification:_identify(.) by extension 'ros'
[1.735s] Level 1:colcon.colcon_core.package_identification:_identify(.) by extensions ['cmake', 'python']
[1.735s] Level 1:colcon.colcon_core.package_identification:_identify(.) by extension 'cmake'
[1.735s] Level 1:colcon.colcon_core.package_identification:_identify(.) by extension 'python'
[1.735s] Level 1:colcon.colcon_core.package_identification:_identify(.) by extensions ['python_setup_py']
[1.735s] Level 1:colcon.colcon_core.package_identification:_identify(.) by extension 'python_setup_py'
[1.736s] Level 1:colcon.colcon_core.package_identification:_identify(build) by extensions ['ignore', 'ignore_ament_install']
[1.736s] Level 1:colcon.colcon_core.package_identification:_identify(build) by extension 'ignore'
[1.737s] Level 1:colcon.colcon_core.package_identification:_identify(build) ignored
[1.737s] Level 1:colcon.colcon_core.package_identification:_identify(install) by extensions ['ignore', 'ignore_ament_install']
[1.737s] Level 1:colcon.colcon_core.package_identification:_identify(install) by extension 'ignore'
[1.738s] Level 1:colcon.colcon_core.package_identification:_identify(install) ignored
[1.739s] Level 1:colcon.colcon_core.package_identification:_identify(log) by extensions ['ignore', 'ignore_ament_install']
[1.739s] Level 1:colcon.colcon_core.package_identification:_identify(log) by extension 'ignore'
[1.739s] Level 1:colcon.colcon_core.package_identification:_identify(log) ignored
[1.739s] Level 1:colcon.colcon_core.package_identification:_identify(src) by extensions ['ignore', 'ignore_ament_install']
[1.740s] Level 1:colcon.colcon_core.package_identification:_identify(src) by extension 'ignore'
[1.740s] Level 1:colcon.colcon_core.package_identification:_identify(src) by extension 'ignore_ament_install'
[1.740s] Level 1:colcon.colcon_core.package_identification:_identify(src) by extensions ['colcon_pkg']
[1.740s] Level 1:colcon.colcon_core.package_identification:_identify(src) by extension 'colcon_pkg'
[1.740s] Level 1:colcon.colcon_core.package_identification:_identify(src) by extensions ['colcon_meta']
[1.740s] Level 1:colcon.colcon_core.package_identification:_identify(src) by extension 'colcon_meta'
[1.741s] Level 1:colcon.colcon_core.package_identification:_identify(src) by extensions ['ros']
[1.741s] Level 1:colcon.colcon_core.package_identification:_identify(src) by extension 'ros'
[1.741s] Level 1:colcon.colcon_core.package_identification:_identify(src) by extensions ['cmake', 'python']
[1.741s] Level 1:colcon.colcon_core.package_identification:_identify(src) by extension 'cmake'
[1.741s] Level 1:colcon.colcon_core.package_identification:_identify(src) by extension 'python'
[1.741s] Level 1:colcon.colcon_core.package_identification:_identify(src) by extensions ['python_setup_py']
[1.742s] Level 1:colcon.colcon_core.package_identification:_identify(src) by extension 'python_setup_py'
[1.742s] Level 1:colcon.colcon_core.package_identification:_identify(src/drivetrain) by extensions ['ignore', 'ignore_ament_install']
[1.742s] Level 1:colcon.colcon_core.package_identification:_identify(src/drivetrain) by extension 'ignore'
[1.743s] Level 1:colcon.colcon_core.package_identification:_identify(src/drivetrain) by extension 'ignore_ament_install'
[1.743s] Level 1:colcon.colcon_core.package_identification:_identify(src/drivetrain) by extensions ['colcon_pkg']
[1.743s] Level 1:colcon.colcon_core.package_identification:_identify(src/drivetrain) by extension 'colcon_pkg'
[1.743s] Level 1:colcon.colcon_core.package_identification:_identify(src/drivetrain) by extensions ['colcon_meta']
[1.743s] Level 1:colcon.colcon_core.package_identification:_identify(src/drivetrain) by extension 'colcon_meta'
[1.743s] Level 1:colcon.colcon_core.package_identification:_identify(src/drivetrain) by extensions ['ros']
[1.744s] Level 1:colcon.colcon_core.package_identification:_identify(src/drivetrain) by extension 'ros'
[1.757s] DEBUG:colcon.colcon_core.package_identification:Package 'src/drivetrain' with type 'ros.ament_python' and name 'drivetrain'
[1.758s] Level 1:colcon.colcon_core.package_discovery:discover_packages(recursive) using defaults
[1.758s] Level 1:colcon.colcon_core.package_discovery:discover_packages(ignore) discover
[1.758s] Level 1:colcon.colcon_core.package_discovery:discover_packages(ignore) using defaults
[1.758s] Level 1:colcon.colcon_core.package_discovery:discover_packages(path) discover
[1.758s] Level 1:colcon.colcon_core.package_discovery:discover_packages(path) using defaults
[1.850s] Level 1:colcon.colcon_core.package_discovery:discover_packages(prefix_path) check parameters
[1.850s] Level 1:colcon.colcon_core.package_discovery:discover_packages(prefix_path) discover
[1.864s] DEBUG:colcon.colcon_installed_package_information.package_discovery:Found 5 installed packages in /home/robotrodeo/capstone/install
[1.877s] DEBUG:colcon.colcon_installed_package_information.package_discovery:Found 364 installed packages in /opt/ros/humble
[1.886s] Level 1:colcon.colcon_core.package_discovery:discover_packages(prefix_path) using defaults
[2.202s] Level 5:colcon.colcon_core.verb:set package 'drivetrain' build argument 'cmake_args' from command line to 'None'
[2.203s] Level 5:colcon.colcon_core.verb:set package 'drivetrain' build argument 'cmake_target' from command line to 'None'
[2.203s] Level 5:colcon.colcon_core.verb:set package 'drivetrain' build argument 'cmake_target_skip_unavailable' from command line to 'False'
[2.203s] Level 5:colcon.colcon_core.verb:set package 'drivetrain' build argument 'cmake_clean_cache' from command line to 'False'
[2.203s] Level 5:colcon.colcon_core.verb:set package 'drivetrain' build argument 'cmake_clean_first' from command line to 'False'
[2.203s] Level 5:colcon.colcon_core.verb:set package 'drivetrain' build argument 'cmake_force_configure' from command line to 'False'
[2.203s] Level 5:colcon.colcon_core.verb:set package 'drivetrain' build argument 'ament_cmake_args' from command line to 'None'
[2.204s] Level 5:colcon.colcon_core.verb:set package 'drivetrain' build argument 'catkin_cmake_args' from command line to 'None'
[2.204s] Level 5:colcon.colcon_core.verb:set package 'drivetrain' build argument 'catkin_skip_building_tests' from command line to 'False'
[2.204s] DEBUG:colcon.colcon_core.verb:Building package 'drivetrain' with the following arguments: {'ament_cmake_args': None, 'build_base': '/home/robotrodeo/capstone/build/drivetrain', 'catkin_cmake_args': None, 'catkin_skip_building_tests': False, 'cmake_args': None, 'cmake_clean_cache': False, 'cmake_clean_first': False, 'cmake_force_configure': False, 'cmake_target': None, 'cmake_target_skip_unavailable': False, 'install_base': '/home/robotrodeo/capstone/install/drivetrain', 'merge_install': False, 'path': '/home/robotrodeo/capstone/src/drivetrain', 'symlink_install': False, 'test_result_base': None}
[2.207s] INFO:colcon.colcon_core.executor:Executing jobs using 'parallel' executor
[2.219s] DEBUG:colcon.colcon_parallel_executor.executor.parallel:run_until_complete
[2.220s] INFO:colcon.colcon_ros.task.ament_python.build:Building ROS package in '/home/robotrodeo/capstone/src/drivetrain' with build type 'ament_python'
[2.221s] Level 1:colcon.colcon_core.shell:create_environment_hook('drivetrain', 'ament_prefix_path')
[2.243s] INFO:colcon.colcon_core.plugin_system:Skipping extension 'colcon_core.shell.bat': Not used on non-Windows systems
[2.245s] INFO:colcon.colcon_core.shell:Creating environment hook '/home/robotrodeo/capstone/install/drivetrain/share/drivetrain/hook/ament_prefix_path.ps1'
[2.251s] INFO:colcon.colcon_core.shell:Creating environment descriptor '/home/robotrodeo/capstone/install/drivetrain/share/drivetrain/hook/ament_prefix_path.dsv'
[2.254s] INFO:colcon.colcon_core.shell:Creating environment hook '/home/robotrodeo/capstone/install/drivetrain/share/drivetrain/hook/ament_prefix_path.sh'
[2.264s] INFO:colcon.colcon_core.shell:Skip shell extension 'powershell' for command environment: Not usable outside of PowerShell
[2.265s] DEBUG:colcon.colcon_core.shell:Skip shell extension 'dsv' for command environment
[3.665s] INFO:colcon.colcon_core.task.python.build:Building Python package in '/home/robotrodeo/capstone/src/drivetrain'
[3.671s] INFO:colcon.colcon_core.shell:Skip shell extension 'powershell' for command environment: Not usable outside of PowerShell
[3.672s] DEBUG:colcon.colcon_core.shell:Skip shell extension 'dsv' for command environment
[5.369s] DEBUG:colcon.colcon_core.event_handler.log_command:Invoking command in '/home/robotrodeo/capstone/build/drivetrain': PYTHONPATH=/home/robotrodeo/capstone/build/drivetrain/prefix_override:/home/robotrodeo/capstone/install/drivetrain/lib/python3.10/site-packages:${PYTHONPATH} /usr/bin/python3 setup.py develop --uninstall --editable --build-directory /home/robotrodeo/capstone/build/drivetrain/build
[7.665s] DEBUG:colcon.colcon_core.event_handler.log_command:Invoked command in '/home/robotrodeo/capstone/build/drivetrain' returned '0': PYTHONPATH=/home/robotrodeo/capstone/build/drivetrain/prefix_override:/home/robotrodeo/capstone/install/drivetrain/lib/python3.10/site-packages:${PYTHONPATH} /usr/bin/python3 setup.py develop --uninstall --editable --build-directory /home/robotrodeo/capstone/build/drivetrain/build
[7.676s] DEBUG:colcon.colcon_core.event_handler.log_command:Invoking command in '/home/robotrodeo/capstone/src/drivetrain': PYTHONPATH=/home/robotrodeo/capstone/build/drivetrain/prefix_override:/home/robotrodeo/capstone/install/drivetrain/lib/python3.10/site-packages:${PYTHONPATH} /usr/bin/python3 setup.py egg_info --egg-base ../../build/drivetrain build --build-base /home/robotrodeo/capstone/build/drivetrain/build install --record /home/robotrodeo/capstone/build/drivetrain/install.log --single-version-externally-managed
[9.166s] DEBUG:colcon.colcon_core.event_handler.log_command:Invoked command in '/home/robotrodeo/capstone/src/drivetrain' returned '0': PYTHONPATH=/home/robotrodeo/capstone/build/drivetrain/prefix_override:/home/robotrodeo/capstone/install/drivetrain/lib/python3.10/site-packages:${PYTHONPATH} /usr/bin/python3 setup.py egg_info --egg-base ../../build/drivetrain build --build-base /home/robotrodeo/capstone/build/drivetrain/build install --record /home/robotrodeo/capstone/build/drivetrain/install.log --single-version-externally-managed
[9.187s] Level 1:colcon.colcon_core.environment:checking '/home/robotrodeo/capstone/install/drivetrain' for CMake module files
[9.190s] Level 1:colcon.colcon_core.environment:checking '/home/robotrodeo/capstone/install/drivetrain' for CMake config files
[9.194s] Level 1:colcon.colcon_core.environment:checking '/home/robotrodeo/capstone/install/drivetrain/lib'
[9.195s] Level 1:colcon.colcon_core.environment:checking '/home/robotrodeo/capstone/install/drivetrain/bin'
[9.195s] Level 1:colcon.colcon_core.environment:checking '/home/robotrodeo/capstone/install/drivetrain/lib/pkgconfig/drivetrain.pc'
[9.197s] Level 1:colcon.colcon_core.environment:checking '/home/robotrodeo/capstone/install/drivetrain/lib/python3.10/site-packages'
[9.197s] Level 1:colcon.colcon_core.shell:create_environment_hook('drivetrain', 'pythonpath')
[9.202s] INFO:colcon.colcon_core.shell:Creating environment hook '/home/robotrodeo/capstone/install/drivetrain/share/drivetrain/hook/pythonpath.ps1'
[9.205s] INFO:colcon.colcon_core.shell:Creating environment descriptor '/home/robotrodeo/capstone/install/drivetrain/share/drivetrain/hook/pythonpath.dsv'
[9.208s] INFO:colcon.colcon_core.shell:Creating environment hook '/home/robotrodeo/capstone/install/drivetrain/share/drivetrain/hook/pythonpath.sh'
[9.211s] Level 1:colcon.colcon_core.environment:checking '/home/robotrodeo/capstone/install/drivetrain/bin'
[9.212s] Level 1:colcon.colcon_core.environment:create_environment_scripts_only(drivetrain)
[9.217s] INFO:colcon.colcon_core.shell:Creating package script '/home/robotrodeo/capstone/install/drivetrain/share/drivetrain/package.ps1'
[9.221s] INFO:colcon.colcon_core.shell:Creating package descriptor '/home/robotrodeo/capstone/install/drivetrain/share/drivetrain/package.dsv'
[9.223s] INFO:colcon.colcon_core.shell:Creating package script '/home/robotrodeo/capstone/install/drivetrain/share/drivetrain/package.sh'
[9.227s] INFO:colcon.colcon_core.shell:Creating package script '/home/robotrodeo/capstone/install/drivetrain/share/drivetrain/package.bash'
[9.230s] INFO:colcon.colcon_core.shell:Creating package script '/home/robotrodeo/capstone/install/drivetrain/share/drivetrain/package.zsh'
[9.233s] Level 1:colcon.colcon_core.environment:create_file_with_runtime_dependencies(/home/robotrodeo/capstone/install/drivetrain/share/colcon-core/packages/drivetrain)
[9.235s] DEBUG:colcon.colcon_parallel_executor.executor.parallel:closing loop
[9.236s] DEBUG:colcon.colcon_parallel_executor.executor.parallel:loop closed
[9.236s] DEBUG:colcon.colcon_parallel_executor.executor.parallel:run_until_complete finished with '0'
[9.237s] DEBUG:colcon.colcon_core.event_reactor:joining thread
[9.265s] INFO:colcon.colcon_core.plugin_system:Skipping extension 'colcon_notification.desktop_notification.terminal_notifier': Not used on non-Darwin systems
[9.266s] INFO:colcon.colcon_core.plugin_system:Skipping extension 'colcon_notification.desktop_notification.win32': Not used on non-Windows systems
[9.266s] INFO:colcon.colcon_notification.desktop_notification:Sending desktop notification using 'notify2'
[9.332s] DEBUG:colcon.colcon_core.event_reactor:joined thread
[9.338s] INFO:colcon.colcon_core.shell:Creating prefix script '/home/robotrodeo/capstone/install/local_setup.ps1'
[9.344s] INFO:colcon.colcon_core.shell:Creating prefix util module '/home/robotrodeo/capstone/install/_local_setup_util_ps1.py'
[9.353s] INFO:colcon.colcon_core.shell:Creating prefix chain script '/home/robotrodeo/capstone/install/setup.ps1'
[9.365s] INFO:colcon.colcon_core.shell:Creating prefix script '/home/robotrodeo/capstone/install/local_setup.sh'
[9.370s] INFO:colcon.colcon_core.shell:Creating prefix util module '/home/robotrodeo/capstone/install/_local_setup_util_sh.py'
[9.376s] INFO:colcon.colcon_core.shell:Creating prefix chain script '/home/robotrodeo/capstone/install/setup.sh'
[9.388s] INFO:colcon.colcon_core.shell:Creating prefix script '/home/robotrodeo/capstone/install/local_setup.bash'
[9.394s] INFO:colcon.colcon_core.shell:Creating prefix chain script '/home/robotrodeo/capstone/install/setup.bash'
[9.404s] INFO:colcon.colcon_core.shell:Creating prefix script '/home/robotrodeo/capstone/install/local_setup.zsh'
[9.407s] INFO:colcon.colcon_core.shell:Creating prefix chain script '/home/robotrodeo/capstone/install/setup.zsh'
