[2.483s] DEBUG:colcon:Command line arguments: ['/usr/bin/colcon', 'build']
[2.484s] DEBUG:colcon:Parsed command line arguments: Namespace(log_base=None, log_level=None, verb_name='build', build_base='build', install_base='install', merge_install=False, symlink_install=False, test_result_base=None, continue_on_error=False, executor='parallel', parallel_workers=4, event_handlers=None, ignore_user_meta=False, metas=['./colcon.meta'], base_paths=['.'], packages_ignore=None, packages_ignore_regex=None, paths=None, packages_up_to=None, packages_up_to_regex=None, packages_above=None, packages_above_and_dependencies=None, packages_above_depth=None, packages_select_by_dep=None, packages_skip_by_dep=None, packages_skip_up_to=None, packages_select_build_failed=False, packages_skip_build_finished=False, packages_select_test_failures=False, packages_skip_test_passed=False, packages_select=None, packages_skip=None, packages_select_regex=None, packages_skip_regex=None, packages_start=None, packages_end=None, allow_overriding=[], cmake_args=None, cmake_target=None, cmake_target_skip_unavailable=False, cmake_clean_cache=False, cmake_clean_first=False, cmake_force_configure=False, ament_cmake_args=None, catkin_cmake_args=None, catkin_skip_building_tests=False, verb_parser=<colcon_defaults.argument_parser.defaults.DefaultArgumentsDecorator object at 0xffff8988b3a0>, verb_extension=<colcon_core.verb.build.BuildVerb object at 0xffff8a0789a0>, main=<bound method BuildVerb.main of <colcon_core.verb.build.BuildVerb object at 0xffff8a0789a0>>)
[2.746s] Level 1:colcon.colcon_core.package_discovery:discover_packages(colcon_meta) check parameters
[2.747s] Level 1:colcon.colcon_core.package_discovery:discover_packages(recursive) check parameters
[2.747s] Level 1:colcon.colcon_core.package_discovery:discover_packages(ignore) check parameters
[2.747s] Level 1:colcon.colcon_core.package_discovery:discover_packages(path) check parameters
[2.747s] Level 1:colcon.colcon_core.package_discovery:discover_packages(colcon_meta) discover
[2.747s] Level 1:colcon.colcon_core.package_discovery:discover_packages(recursive) discover
[2.748s] INFO:colcon.colcon_core.package_discovery:Crawling recursively for packages in '/home/robotrodeo/capstone'
[2.748s] Level 1:colcon.colcon_core.package_identification:_identify(.) by extensions ['ignore', 'ignore_ament_install']
[2.748s] Level 1:colcon.colcon_core.package_identification:_identify(.) by extension 'ignore'
[2.749s] Level 1:colcon.colcon_core.package_identification:_identify(.) by extension 'ignore_ament_install'
[2.749s] Level 1:colcon.colcon_core.package_identification:_identify(.) by extensions ['colcon_pkg']
[2.749s] Level 1:colcon.colcon_core.package_identification:_identify(.) by extension 'colcon_pkg'
[2.750s] Level 1:colcon.colcon_core.package_identification:_identify(.) by extensions ['colcon_meta']
[2.750s] Level 1:colcon.colcon_core.package_identification:_identify(.) by extension 'colcon_meta'
[2.750s] Level 1:colcon.colcon_core.package_identification:_identify(.) by extensions ['ros']
[2.750s] Level 1:colcon.colcon_core.package_identification:_identify(.) by extension 'ros'
[2.824s] Level 1:colcon.colcon_core.package_identification:_identify(.) by extensions ['cmake', 'python']
[2.824s] Level 1:colcon.colcon_core.package_identification:_identify(.) by extension 'cmake'
[2.824s] Level 1:colcon.colcon_core.package_identification:_identify(.) by extension 'python'
[2.824s] Level 1:colcon.colcon_core.package_identification:_identify(.) by extensions ['python_setup_py']
[2.825s] Level 1:colcon.colcon_core.package_identification:_identify(.) by extension 'python_setup_py'
[2.825s] Level 1:colcon.colcon_core.package_identification:_identify(build) by extensions ['ignore', 'ignore_ament_install']
[2.826s] Level 1:colcon.colcon_core.package_identification:_identify(build) by extension 'ignore'
[2.826s] Level 1:colcon.colcon_core.package_identification:_identify(build) ignored
[2.826s] Level 1:colcon.colcon_core.package_identification:_identify(install) by extensions ['ignore', 'ignore_ament_install']
[2.827s] Level 1:colcon.colcon_core.package_identification:_identify(install) by extension 'ignore'
[2.827s] Level 1:colcon.colcon_core.package_identification:_identify(install) ignored
[2.827s] Level 1:colcon.colcon_core.package_identification:_identify(log) by extensions ['ignore', 'ignore_ament_install']
[2.828s] Level 1:colcon.colcon_core.package_identification:_identify(log) by extension 'ignore'
[2.828s] Level 1:colcon.colcon_core.package_identification:_identify(log) ignored
[2.828s] Level 1:colcon.colcon_core.package_identification:_identify(src) by extensions ['ignore', 'ignore_ament_install']
[2.828s] Level 1:colcon.colcon_core.package_identification:_identify(src) by extension 'ignore'
[2.829s] Level 1:colcon.colcon_core.package_identification:_identify(src) by extension 'ignore_ament_install'
[2.829s] Level 1:colcon.colcon_core.package_identification:_identify(src) by extensions ['colcon_pkg']
[2.829s] Level 1:colcon.colcon_core.package_identification:_identify(src) by extension 'colcon_pkg'
[2.829s] Level 1:colcon.colcon_core.package_identification:_identify(src) by extensions ['colcon_meta']
[2.829s] Level 1:colcon.colcon_core.package_identification:_identify(src) by extension 'colcon_meta'
[2.829s] Level 1:colcon.colcon_core.package_identification:_identify(src) by extensions ['ros']
[2.830s] Level 1:colcon.colcon_core.package_identification:_identify(src) by extension 'ros'
[2.830s] Level 1:colcon.colcon_core.package_identification:_identify(src) by extensions ['cmake', 'python']
[2.830s] Level 1:colcon.colcon_core.package_identification:_identify(src) by extension 'cmake'
[2.830s] Level 1:colcon.colcon_core.package_identification:_identify(src) by extension 'python'
[2.830s] Level 1:colcon.colcon_core.package_identification:_identify(src) by extensions ['python_setup_py']
[2.830s] Level 1:colcon.colcon_core.package_identification:_identify(src) by extension 'python_setup_py'
[2.831s] Level 1:colcon.colcon_core.package_identification:_identify(src/articubot_one) by extensions ['ignore', 'ignore_ament_install']
[2.831s] Level 1:colcon.colcon_core.package_identification:_identify(src/articubot_one) by extension 'ignore'
[2.832s] Level 1:colcon.colcon_core.package_identification:_identify(src/articubot_one) by extension 'ignore_ament_install'
[2.832s] Level 1:colcon.colcon_core.package_identification:_identify(src/articubot_one) by extensions ['colcon_pkg']
[2.832s] Level 1:colcon.colcon_core.package_identification:_identify(src/articubot_one) by extension 'colcon_pkg'
[2.832s] Level 1:colcon.colcon_core.package_identification:_identify(src/articubot_one) by extensions ['colcon_meta']
[2.832s] Level 1:colcon.colcon_core.package_identification:_identify(src/articubot_one) by extension 'colcon_meta'
[2.833s] Level 1:colcon.colcon_core.package_identification:_identify(src/articubot_one) by extensions ['ros']
[2.833s] Level 1:colcon.colcon_core.package_identification:_identify(src/articubot_one) by extension 'ros'
[2.845s] DEBUG:colcon.colcon_core.package_identification:Package 'src/articubot_one' with type 'ros.ament_cmake' and name 'articubot_one'
[2.846s] Level 1:colcon.colcon_core.package_identification:_identify(src/encoder) by extensions ['ignore', 'ignore_ament_install']
[2.847s] Level 1:colcon.colcon_core.package_identification:_identify(src/encoder) by extension 'ignore'
[2.847s] Level 1:colcon.colcon_core.package_identification:_identify(src/encoder) by extension 'ignore_ament_install'
[2.847s] Level 1:colcon.colcon_core.package_identification:_identify(src/encoder) by extensions ['colcon_pkg']
[2.847s] Level 1:colcon.colcon_core.package_identification:_identify(src/encoder) by extension 'colcon_pkg'
[2.847s] Level 1:colcon.colcon_core.package_identification:_identify(src/encoder) by extensions ['colcon_meta']
[2.847s] Level 1:colcon.colcon_core.package_identification:_identify(src/encoder) by extension 'colcon_meta'
[2.848s] Level 1:colcon.colcon_core.package_identification:_identify(src/encoder) by extensions ['ros']
[2.848s] Level 1:colcon.colcon_core.package_identification:_identify(src/encoder) by extension 'ros'
[2.851s] DEBUG:colcon.colcon_core.package_identification:Package 'src/encoder' with type 'ros.ament_python' and name 'encoder'
[2.851s] Level 1:colcon.colcon_core.package_identification:_identify(src/robot_interfaces) by extensions ['ignore', 'ignore_ament_install']
[2.852s] Level 1:colcon.colcon_core.package_identification:_identify(src/robot_interfaces) by extension 'ignore'
[2.852s] Level 1:colcon.colcon_core.package_identification:_identify(src/robot_interfaces) by extension 'ignore_ament_install'
[2.852s] Level 1:colcon.colcon_core.package_identification:_identify(src/robot_interfaces) by extensions ['colcon_pkg']
[2.853s] Level 1:colcon.colcon_core.package_identification:_identify(src/robot_interfaces) by extension 'colcon_pkg'
[2.853s] Level 1:colcon.colcon_core.package_identification:_identify(src/robot_interfaces) by extensions ['colcon_meta']
[2.853s] Level 1:colcon.colcon_core.package_identification:_identify(src/robot_interfaces) by extension 'colcon_meta'
[2.853s] Level 1:colcon.colcon_core.package_identification:_identify(src/robot_interfaces) by extensions ['ros']
[2.853s] Level 1:colcon.colcon_core.package_identification:_identify(src/robot_interfaces) by extension 'ros'
[2.855s] DEBUG:colcon.colcon_core.package_identification:Package 'src/robot_interfaces' with type 'ros.ament_cmake' and name 'robot_interfaces'
[2.856s] Level 1:colcon.colcon_core.package_identification:_identify(src/slam_demo) by extensions ['ignore', 'ignore_ament_install']
[2.856s] Level 1:colcon.colcon_core.package_identification:_identify(src/slam_demo) by extension 'ignore'
[2.856s] Level 1:colcon.colcon_core.package_identification:_identify(src/slam_demo) by extension 'ignore_ament_install'
[2.857s] Level 1:colcon.colcon_core.package_identification:_identify(src/slam_demo) by extensions ['colcon_pkg']
[2.857s] Level 1:colcon.colcon_core.package_identification:_identify(src/slam_demo) by extension 'colcon_pkg'
[2.857s] Level 1:colcon.colcon_core.package_identification:_identify(src/slam_demo) by extensions ['colcon_meta']
[2.857s] Level 1:colcon.colcon_core.package_identification:_identify(src/slam_demo) by extension 'colcon_meta'
[2.857s] Level 1:colcon.colcon_core.package_identification:_identify(src/slam_demo) by extensions ['ros']
[2.858s] Level 1:colcon.colcon_core.package_identification:_identify(src/slam_demo) by extension 'ros'
[2.858s] Level 1:colcon.colcon_core.package_identification:_identify(src/slam_demo) by extensions ['cmake', 'python']
[2.858s] Level 1:colcon.colcon_core.package_identification:_identify(src/slam_demo) by extension 'cmake'
[2.858s] Level 1:colcon.colcon_core.package_identification:_identify(src/slam_demo) by extension 'python'
[2.858s] Level 1:colcon.colcon_core.package_identification:_identify(src/slam_demo) by extensions ['python_setup_py']
[2.858s] Level 1:colcon.colcon_core.package_identification:_identify(src/slam_demo) by extension 'python_setup_py'
[2.860s] Level 1:colcon.colcon_core.package_identification:_identify(src/slam_demo/launch) by extensions ['ignore', 'ignore_ament_install']
[2.860s] Level 1:colcon.colcon_core.package_identification:_identify(src/slam_demo/launch) by extension 'ignore'
[2.861s] Level 1:colcon.colcon_core.package_identification:_identify(src/slam_demo/launch) by extension 'ignore_ament_install'
[2.861s] Level 1:colcon.colcon_core.package_identification:_identify(src/slam_demo/launch) by extensions ['colcon_pkg']
[2.861s] Level 1:colcon.colcon_core.package_identification:_identify(src/slam_demo/launch) by extension 'colcon_pkg'
[2.861s] Level 1:colcon.colcon_core.package_identification:_identify(src/slam_demo/launch) by extensions ['colcon_meta']
[2.861s] Level 1:colcon.colcon_core.package_identification:_identify(src/slam_demo/launch) by extension 'colcon_meta'
[2.862s] Level 1:colcon.colcon_core.package_identification:_identify(src/slam_demo/launch) by extensions ['ros']
[2.862s] Level 1:colcon.colcon_core.package_identification:_identify(src/slam_demo/launch) by extension 'ros'
[2.862s] Level 1:colcon.colcon_core.package_identification:_identify(src/slam_demo/launch) by extensions ['cmake', 'python']
[2.862s] Level 1:colcon.colcon_core.package_identification:_identify(src/slam_demo/launch) by extension 'cmake'
[2.863s] Level 1:colcon.colcon_core.package_identification:_identify(src/slam_demo/launch) by extension 'python'
[2.863s] Level 1:colcon.colcon_core.package_identification:_identify(src/slam_demo/launch) by extensions ['python_setup_py']
[2.863s] Level 1:colcon.colcon_core.package_identification:_identify(src/slam_demo/launch) by extension 'python_setup_py'
[2.863s] Level 1:colcon.colcon_core.package_identification:_identify(src/sllidar_ros2) by extensions ['ignore', 'ignore_ament_install']
[2.864s] Level 1:colcon.colcon_core.package_identification:_identify(src/sllidar_ros2) by extension 'ignore'
[2.864s] Level 1:colcon.colcon_core.package_identification:_identify(src/sllidar_ros2) by extension 'ignore_ament_install'
[2.864s] Level 1:colcon.colcon_core.package_identification:_identify(src/sllidar_ros2) by extensions ['colcon_pkg']
[2.864s] Level 1:colcon.colcon_core.package_identification:_identify(src/sllidar_ros2) by extension 'colcon_pkg'
[2.864s] Level 1:colcon.colcon_core.package_identification:_identify(src/sllidar_ros2) by extensions ['colcon_meta']
[2.865s] Level 1:colcon.colcon_core.package_identification:_identify(src/sllidar_ros2) by extension 'colcon_meta'
[2.865s] Level 1:colcon.colcon_core.package_identification:_identify(src/sllidar_ros2) by extensions ['ros']
[2.865s] Level 1:colcon.colcon_core.package_identification:_identify(src/sllidar_ros2) by extension 'ros'
[2.869s] DEBUG:colcon.colcon_core.package_identification:Package 'src/sllidar_ros2' with type 'ros.ament_cmake' and name 'sllidar_ros2'
[2.869s] Level 1:colcon.colcon_core.package_discovery:discover_packages(recursive) using defaults
[2.869s] Level 1:colcon.colcon_core.package_discovery:discover_packages(ignore) discover
[2.869s] Level 1:colcon.colcon_core.package_discovery:discover_packages(ignore) using defaults
[2.869s] Level 1:colcon.colcon_core.package_discovery:discover_packages(path) discover
[2.869s] Level 1:colcon.colcon_core.package_discovery:discover_packages(path) using defaults
[3.028s] Level 1:colcon.colcon_core.package_discovery:discover_packages(prefix_path) check parameters
[3.028s] Level 1:colcon.colcon_core.package_discovery:discover_packages(prefix_path) discover
[3.047s] DEBUG:colcon.colcon_installed_package_information.package_discovery:Found 3 installed packages in /home/robotrodeo/capstone/install
[3.062s] DEBUG:colcon.colcon_installed_package_information.package_discovery:Found 364 installed packages in /opt/ros/humble
[3.071s] Level 1:colcon.colcon_core.package_discovery:discover_packages(prefix_path) using defaults
[3.404s] Level 5:colcon.colcon_core.verb:set package 'articubot_one' build argument 'cmake_args' from command line to 'None'
[3.404s] Level 5:colcon.colcon_core.verb:set package 'articubot_one' build argument 'cmake_target' from command line to 'None'
[3.404s] Level 5:colcon.colcon_core.verb:set package 'articubot_one' build argument 'cmake_target_skip_unavailable' from command line to 'False'
[3.404s] Level 5:colcon.colcon_core.verb:set package 'articubot_one' build argument 'cmake_clean_cache' from command line to 'False'
[3.404s] Level 5:colcon.colcon_core.verb:set package 'articubot_one' build argument 'cmake_clean_first' from command line to 'False'
[3.404s] Level 5:colcon.colcon_core.verb:set package 'articubot_one' build argument 'cmake_force_configure' from command line to 'False'
[3.404s] Level 5:colcon.colcon_core.verb:set package 'articubot_one' build argument 'ament_cmake_args' from command line to 'None'
[3.405s] Level 5:colcon.colcon_core.verb:set package 'articubot_one' build argument 'catkin_cmake_args' from command line to 'None'
[3.405s] Level 5:colcon.colcon_core.verb:set package 'articubot_one' build argument 'catkin_skip_building_tests' from command line to 'False'
[3.405s] DEBUG:colcon.colcon_core.verb:Building package 'articubot_one' with the following arguments: {'ament_cmake_args': None, 'build_base': '/home/robotrodeo/capstone/build/articubot_one', 'catkin_cmake_args': None, 'catkin_skip_building_tests': False, 'cmake_args': None, 'cmake_clean_cache': False, 'cmake_clean_first': False, 'cmake_force_configure': False, 'cmake_target': None, 'cmake_target_skip_unavailable': False, 'install_base': '/home/robotrodeo/capstone/install/articubot_one', 'merge_install': False, 'path': '/home/robotrodeo/capstone/src/articubot_one', 'symlink_install': False, 'test_result_base': None}
[3.409s] Level 5:colcon.colcon_core.verb:set package 'encoder' build argument 'cmake_args' from command line to 'None'
[3.409s] Level 5:colcon.colcon_core.verb:set package 'encoder' build argument 'cmake_target' from command line to 'None'
[3.409s] Level 5:colcon.colcon_core.verb:set package 'encoder' build argument 'cmake_target_skip_unavailable' from command line to 'False'
[3.409s] Level 5:colcon.colcon_core.verb:set package 'encoder' build argument 'cmake_clean_cache' from command line to 'False'
[3.409s] Level 5:colcon.colcon_core.verb:set package 'encoder' build argument 'cmake_clean_first' from command line to 'False'
[3.410s] Level 5:colcon.colcon_core.verb:set package 'encoder' build argument 'cmake_force_configure' from command line to 'False'
[3.410s] Level 5:colcon.colcon_core.verb:set package 'encoder' build argument 'ament_cmake_args' from command line to 'None'
[3.410s] Level 5:colcon.colcon_core.verb:set package 'encoder' build argument 'catkin_cmake_args' from command line to 'None'
[3.410s] Level 5:colcon.colcon_core.verb:set package 'encoder' build argument 'catkin_skip_building_tests' from command line to 'False'
[3.410s] DEBUG:colcon.colcon_core.verb:Building package 'encoder' with the following arguments: {'ament_cmake_args': None, 'build_base': '/home/robotrodeo/capstone/build/encoder', 'catkin_cmake_args': None, 'catkin_skip_building_tests': False, 'cmake_args': None, 'cmake_clean_cache': False, 'cmake_clean_first': False, 'cmake_force_configure': False, 'cmake_target': None, 'cmake_target_skip_unavailable': False, 'install_base': '/home/robotrodeo/capstone/install/encoder', 'merge_install': False, 'path': '/home/robotrodeo/capstone/src/encoder', 'symlink_install': False, 'test_result_base': None}
[3.414s] Level 5:colcon.colcon_core.verb:set package 'robot_interfaces' build argument 'cmake_args' from command line to 'None'
[3.414s] Level 5:colcon.colcon_core.verb:set package 'robot_interfaces' build argument 'cmake_target' from command line to 'None'
[3.414s] Level 5:colcon.colcon_core.verb:set package 'robot_interfaces' build argument 'cmake_target_skip_unavailable' from command line to 'False'
[3.415s] Level 5:colcon.colcon_core.verb:set package 'robot_interfaces' build argument 'cmake_clean_cache' from command line to 'False'
[3.415s] Level 5:colcon.colcon_core.verb:set package 'robot_interfaces' build argument 'cmake_clean_first' from command line to 'False'
[3.415s] Level 5:colcon.colcon_core.verb:set package 'robot_interfaces' build argument 'cmake_force_configure' from command line to 'False'
[3.415s] Level 5:colcon.colcon_core.verb:set package 'robot_interfaces' build argument 'ament_cmake_args' from command line to 'None'
[3.415s] Level 5:colcon.colcon_core.verb:set package 'robot_interfaces' build argument 'catkin_cmake_args' from command line to 'None'
[3.415s] Level 5:colcon.colcon_core.verb:set package 'robot_interfaces' build argument 'catkin_skip_building_tests' from command line to 'False'
[3.415s] DEBUG:colcon.colcon_core.verb:Building package 'robot_interfaces' with the following arguments: {'ament_cmake_args': None, 'build_base': '/home/robotrodeo/capstone/build/robot_interfaces', 'catkin_cmake_args': None, 'catkin_skip_building_tests': False, 'cmake_args': None, 'cmake_clean_cache': False, 'cmake_clean_first': False, 'cmake_force_configure': False, 'cmake_target': None, 'cmake_target_skip_unavailable': False, 'install_base': '/home/robotrodeo/capstone/install/robot_interfaces', 'merge_install': False, 'path': '/home/robotrodeo/capstone/src/robot_interfaces', 'symlink_install': False, 'test_result_base': None}
[3.419s] Level 5:colcon.colcon_core.verb:set package 'sllidar_ros2' build argument 'cmake_args' from command line to 'None'
[3.420s] Level 5:colcon.colcon_core.verb:set package 'sllidar_ros2' build argument 'cmake_target' from command line to 'None'
[3.420s] Level 5:colcon.colcon_core.verb:set package 'sllidar_ros2' build argument 'cmake_target_skip_unavailable' from command line to 'False'
[3.420s] Level 5:colcon.colcon_core.verb:set package 'sllidar_ros2' build argument 'cmake_clean_cache' from command line to 'False'
[3.420s] Level 5:colcon.colcon_core.verb:set package 'sllidar_ros2' build argument 'cmake_clean_first' from command line to 'False'
[3.420s] Level 5:colcon.colcon_core.verb:set package 'sllidar_ros2' build argument 'cmake_force_configure' from command line to 'False'
[3.420s] Level 5:colcon.colcon_core.verb:set package 'sllidar_ros2' build argument 'ament_cmake_args' from command line to 'None'
[3.420s] Level 5:colcon.colcon_core.verb:set package 'sllidar_ros2' build argument 'catkin_cmake_args' from command line to 'None'
[3.420s] Level 5:colcon.colcon_core.verb:set package 'sllidar_ros2' build argument 'catkin_skip_building_tests' from command line to 'False'
[3.420s] DEBUG:colcon.colcon_core.verb:Building package 'sllidar_ros2' with the following arguments: {'ament_cmake_args': None, 'build_base': '/home/robotrodeo/capstone/build/sllidar_ros2', 'catkin_cmake_args': None, 'catkin_skip_building_tests': False, 'cmake_args': None, 'cmake_clean_cache': False, 'cmake_clean_first': False, 'cmake_force_configure': False, 'cmake_target': None, 'cmake_target_skip_unavailable': False, 'install_base': '/home/robotrodeo/capstone/install/sllidar_ros2', 'merge_install': False, 'path': '/home/robotrodeo/capstone/src/sllidar_ros2', 'symlink_install': False, 'test_result_base': None}
[3.423s] INFO:colcon.colcon_core.executor:Executing jobs using 'parallel' executor
[3.435s] DEBUG:colcon.colcon_parallel_executor.executor.parallel:run_until_complete
[3.436s] INFO:colcon.colcon_ros.task.ament_cmake.build:Building ROS package in '/home/robotrodeo/capstone/src/articubot_one' with build type 'ament_cmake'
[3.437s] INFO:colcon.colcon_cmake.task.cmake.build:Building CMake package in '/home/robotrodeo/capstone/src/articubot_one'
[3.482s] INFO:colcon.colcon_core.plugin_system:Skipping extension 'colcon_core.shell.bat': Not used on non-Windows systems
[3.483s] INFO:colcon.colcon_core.shell:Skip shell extension 'powershell' for command environment: Not usable outside of PowerShell
[3.484s] DEBUG:colcon.colcon_core.shell:Skip shell extension 'dsv' for command environment
[3.514s] INFO:colcon.colcon_ros.task.ament_python.build:Building ROS package in '/home/robotrodeo/capstone/src/encoder' with build type 'ament_python'
[3.514s] Level 1:colcon.colcon_core.shell:create_environment_hook('encoder', 'ament_prefix_path')
[3.522s] INFO:colcon.colcon_core.shell:Creating environment hook '/home/robotrodeo/capstone/install/encoder/share/encoder/hook/ament_prefix_path.ps1'
[3.527s] INFO:colcon.colcon_core.shell:Creating environment descriptor '/home/robotrodeo/capstone/install/encoder/share/encoder/hook/ament_prefix_path.dsv'
[3.531s] INFO:colcon.colcon_core.shell:Creating environment hook '/home/robotrodeo/capstone/install/encoder/share/encoder/hook/ament_prefix_path.sh'
[3.540s] INFO:colcon.colcon_core.shell:Skip shell extension 'powershell' for command environment: Not usable outside of PowerShell
[3.541s] DEBUG:colcon.colcon_core.shell:Skip shell extension 'dsv' for command environment
[3.574s] INFO:colcon.colcon_ros.task.ament_cmake.build:Building ROS package in '/home/robotrodeo/capstone/src/robot_interfaces' with build type 'ament_cmake'
[3.574s] INFO:colcon.colcon_cmake.task.cmake.build:Building CMake package in '/home/robotrodeo/capstone/src/robot_interfaces'
[3.580s] INFO:colcon.colcon_core.shell:Skip shell extension 'powershell' for command environment: Not usable outside of PowerShell
[3.581s] DEBUG:colcon.colcon_core.shell:Skip shell extension 'dsv' for command environment
[3.613s] INFO:colcon.colcon_ros.task.ament_cmake.build:Building ROS package in '/home/robotrodeo/capstone/src/sllidar_ros2' with build type 'ament_cmake'
[3.614s] INFO:colcon.colcon_cmake.task.cmake.build:Building CMake package in '/home/robotrodeo/capstone/src/sllidar_ros2'
[3.622s] INFO:colcon.colcon_core.shell:Skip shell extension 'powershell' for command environment: Not usable outside of PowerShell
[3.623s] DEBUG:colcon.colcon_core.shell:Skip shell extension 'dsv' for command environment
[3.686s] DEBUG:colcon.colcon_core.event_handler.log_command:Invoking command in '/home/robotrodeo/capstone/build/articubot_one': CMAKE_PREFIX_PATH=${CMAKE_PREFIX_PATH}:/home/robotrodeo/capstone/install/encoder:/opt/ros/humble /usr/bin/cmake /home/robotrodeo/capstone/src/articubot_one -DCMAKE_INSTALL_PREFIX=/home/robotrodeo/capstone/install/articubot_one
[5.259s] INFO:colcon.colcon_core.task.python.build:Building Python package in '/home/robotrodeo/capstone/src/encoder'
[5.268s] INFO:colcon.colcon_core.shell:Skip shell extension 'powershell' for command environment: Not usable outside of PowerShell
[5.268s] DEBUG:colcon.colcon_core.shell:Skip shell extension 'dsv' for command environment
[5.327s] DEBUG:colcon.colcon_core.event_handler.log_command:Invoking command in '/home/robotrodeo/capstone/build/robot_interfaces': CMAKE_PREFIX_PATH=${CMAKE_PREFIX_PATH}:/home/robotrodeo/capstone/install/encoder:/opt/ros/humble /usr/bin/cmake /home/robotrodeo/capstone/src/robot_interfaces -DCMAKE_INSTALL_PREFIX=/home/robotrodeo/capstone/install/robot_interfaces
[5.354s] DEBUG:colcon.colcon_core.event_handler.log_command:Invoking command in '/home/robotrodeo/capstone/build/sllidar_ros2': CMAKE_PREFIX_PATH=${CMAKE_PREFIX_PATH}:/home/robotrodeo/capstone/install/encoder:/opt/ros/humble /usr/bin/cmake /home/robotrodeo/capstone/src/sllidar_ros2 -DCMAKE_INSTALL_PREFIX=/home/robotrodeo/capstone/install/sllidar_ros2
[5.837s] DEBUG:colcon.colcon_core.event_handler.log_command:Invoked command in '/home/robotrodeo/capstone/build/articubot_one' returned '0': CMAKE_PREFIX_PATH=${CMAKE_PREFIX_PATH}:/home/robotrodeo/capstone/install/encoder:/opt/ros/humble /usr/bin/cmake /home/robotrodeo/capstone/src/articubot_one -DCMAKE_INSTALL_PREFIX=/home/robotrodeo/capstone/install/articubot_one
[5.839s] DEBUG:colcon.colcon_core.event_handler.log_command:Invoking command in '/home/robotrodeo/capstone/build/articubot_one': CMAKE_PREFIX_PATH=${CMAKE_PREFIX_PATH}:/home/robotrodeo/capstone/install/encoder:/opt/ros/humble /usr/bin/cmake --build /home/robotrodeo/capstone/build/articubot_one -- -j4 -l4
[6.071s] DEBUG:colcon.colcon_core.event_handler.log_command:Invoked command in '/home/robotrodeo/capstone/build/articubot_one' returned '0': CMAKE_PREFIX_PATH=${CMAKE_PREFIX_PATH}:/home/robotrodeo/capstone/install/encoder:/opt/ros/humble /usr/bin/cmake --build /home/robotrodeo/capstone/build/articubot_one -- -j4 -l4
[6.282s] DEBUG:colcon.colcon_core.event_handler.log_command:Invoking command in '/home/robotrodeo/capstone/build/articubot_one': CMAKE_PREFIX_PATH=${CMAKE_PREFIX_PATH}:/home/robotrodeo/capstone/install/encoder:/opt/ros/humble /usr/bin/cmake --install /home/robotrodeo/capstone/build/articubot_one
[6.582s] Level 1:colcon.colcon_core.environment:create_environment_scripts_only(articubot_one)
[6.587s] DEBUG:colcon.colcon_core.event_handler.log_command:Invoked command in '/home/robotrodeo/capstone/build/articubot_one' returned '0': CMAKE_PREFIX_PATH=${CMAKE_PREFIX_PATH}:/home/robotrodeo/capstone/install/encoder:/opt/ros/humble /usr/bin/cmake --install /home/robotrodeo/capstone/build/articubot_one
[6.664s] Level 1:colcon.colcon_core.environment:checking '/home/robotrodeo/capstone/install/articubot_one' for CMake module files
[6.667s] Level 1:colcon.colcon_core.environment:checking '/home/robotrodeo/capstone/install/articubot_one' for CMake config files
[6.671s] Level 1:colcon.colcon_core.shell:create_environment_hook('articubot_one', 'cmake_prefix_path')
[6.677s] INFO:colcon.colcon_core.shell:Creating environment hook '/home/robotrodeo/capstone/install/articubot_one/share/articubot_one/hook/cmake_prefix_path.ps1'
[6.679s] INFO:colcon.colcon_core.shell:Creating environment descriptor '/home/robotrodeo/capstone/install/articubot_one/share/articubot_one/hook/cmake_prefix_path.dsv'
[6.682s] INFO:colcon.colcon_core.shell:Creating environment hook '/home/robotrodeo/capstone/install/articubot_one/share/articubot_one/hook/cmake_prefix_path.sh'
[6.686s] Level 1:colcon.colcon_core.environment:checking '/home/robotrodeo/capstone/install/articubot_one/bin'
[6.686s] Level 1:colcon.colcon_core.environment:checking '/home/robotrodeo/capstone/install/articubot_one/lib/pkgconfig/articubot_one.pc'
[6.687s] Level 1:colcon.colcon_core.environment:checking '/home/robotrodeo/capstone/install/articubot_one/lib/python3.10/site-packages'
[6.689s] Level 1:colcon.colcon_core.environment:checking '/home/robotrodeo/capstone/install/articubot_one/bin'
[6.698s] INFO:colcon.colcon_core.shell:Creating package script '/home/robotrodeo/capstone/install/articubot_one/share/articubot_one/package.ps1'
[6.706s] INFO:colcon.colcon_core.shell:Creating package descriptor '/home/robotrodeo/capstone/install/articubot_one/share/articubot_one/package.dsv'
[6.709s] INFO:colcon.colcon_core.shell:Creating package script '/home/robotrodeo/capstone/install/articubot_one/share/articubot_one/package.sh'
[6.715s] INFO:colcon.colcon_core.shell:Creating package script '/home/robotrodeo/capstone/install/articubot_one/share/articubot_one/package.bash'
[6.724s] INFO:colcon.colcon_core.shell:Creating package script '/home/robotrodeo/capstone/install/articubot_one/share/articubot_one/package.zsh'
[6.734s] Level 1:colcon.colcon_core.environment:create_file_with_runtime_dependencies(/home/robotrodeo/capstone/install/articubot_one/share/colcon-core/packages/articubot_one)
[6.897s] Level 1:colcon.colcon_core.environment:create_environment_scripts_only(articubot_one)
[6.910s] Level 1:colcon.colcon_core.environment:checking '/home/robotrodeo/capstone/install/articubot_one' for CMake module files
[6.914s] Level 1:colcon.colcon_core.environment:checking '/home/robotrodeo/capstone/install/articubot_one' for CMake config files
[6.917s] Level 1:colcon.colcon_core.shell:create_environment_hook('articubot_one', 'cmake_prefix_path')
[6.928s] INFO:colcon.colcon_core.shell:Creating environment hook '/home/robotrodeo/capstone/install/articubot_one/share/articubot_one/hook/cmake_prefix_path.ps1'
[6.931s] INFO:colcon.colcon_core.shell:Creating environment descriptor '/home/robotrodeo/capstone/install/articubot_one/share/articubot_one/hook/cmake_prefix_path.dsv'
[6.935s] INFO:colcon.colcon_core.shell:Creating environment hook '/home/robotrodeo/capstone/install/articubot_one/share/articubot_one/hook/cmake_prefix_path.sh'
[6.940s] Level 1:colcon.colcon_core.environment:checking '/home/robotrodeo/capstone/install/articubot_one/bin'
[6.940s] Level 1:colcon.colcon_core.environment:checking '/home/robotrodeo/capstone/install/articubot_one/lib/pkgconfig/articubot_one.pc'
[6.942s] Level 1:colcon.colcon_core.environment:checking '/home/robotrodeo/capstone/install/articubot_one/lib/python3.10/site-packages'
[6.943s] Level 1:colcon.colcon_core.environment:checking '/home/robotrodeo/capstone/install/articubot_one/bin'
[6.955s] INFO:colcon.colcon_core.shell:Creating package script '/home/robotrodeo/capstone/install/articubot_one/share/articubot_one/package.ps1'
[6.959s] INFO:colcon.colcon_core.shell:Creating package descriptor '/home/robotrodeo/capstone/install/articubot_one/share/articubot_one/package.dsv'
[6.962s] INFO:colcon.colcon_core.shell:Creating package script '/home/robotrodeo/capstone/install/articubot_one/share/articubot_one/package.sh'
[6.967s] INFO:colcon.colcon_core.shell:Creating package script '/home/robotrodeo/capstone/install/articubot_one/share/articubot_one/package.bash'
[6.972s] INFO:colcon.colcon_core.shell:Creating package script '/home/robotrodeo/capstone/install/articubot_one/share/articubot_one/package.zsh'
[6.975s] Level 1:colcon.colcon_core.environment:create_file_with_runtime_dependencies(/home/robotrodeo/capstone/install/articubot_one/share/colcon-core/packages/articubot_one)
[7.883s] DEBUG:colcon.colcon_core.event_handler.log_command:Invoking command in '/home/robotrodeo/capstone/build/encoder': PYTHONPATH=/home/robotrodeo/capstone/build/encoder/prefix_override:/home/robotrodeo/capstone/install/encoder/lib/python3.10/site-packages:${PYTHONPATH} /usr/bin/python3 setup.py develop --uninstall --editable --build-directory /home/robotrodeo/capstone/build/encoder/build
[10.918s] DEBUG:colcon.colcon_core.event_handler.log_command:Invoked command in '/home/robotrodeo/capstone/build/encoder' returned '0': PYTHONPATH=/home/robotrodeo/capstone/build/encoder/prefix_override:/home/robotrodeo/capstone/install/encoder/lib/python3.10/site-packages:${PYTHONPATH} /usr/bin/python3 setup.py develop --uninstall --editable --build-directory /home/robotrodeo/capstone/build/encoder/build
[10.929s] DEBUG:colcon.colcon_core.event_handler.log_command:Invoking command in '/home/robotrodeo/capstone/src/encoder': PYTHONPATH=/home/robotrodeo/capstone/build/encoder/prefix_override:/home/robotrodeo/capstone/install/encoder/lib/python3.10/site-packages:${PYTHONPATH} /usr/bin/python3 setup.py egg_info --egg-base ../../build/encoder build --build-base /home/robotrodeo/capstone/build/encoder/build install --record /home/robotrodeo/capstone/build/encoder/install.log --install-scripts $base/lib/encoder --single-version-externally-managed
[11.395s] DEBUG:colcon.colcon_core.event_handler.log_command:Invoked command in '/home/robotrodeo/capstone/build/sllidar_ros2' returned '0': CMAKE_PREFIX_PATH=${CMAKE_PREFIX_PATH}:/home/robotrodeo/capstone/install/encoder:/opt/ros/humble /usr/bin/cmake /home/robotrodeo/capstone/src/sllidar_ros2 -DCMAKE_INSTALL_PREFIX=/home/robotrodeo/capstone/install/sllidar_ros2
[11.410s] DEBUG:colcon.colcon_core.event_handler.log_command:Invoking command in '/home/robotrodeo/capstone/build/sllidar_ros2': CMAKE_PREFIX_PATH=${CMAKE_PREFIX_PATH}:/home/robotrodeo/capstone/install/encoder:/opt/ros/humble /usr/bin/cmake --build /home/robotrodeo/capstone/build/sllidar_ros2 -- -j4 -l4
[11.911s] DEBUG:colcon.colcon_core.event_handler.log_command:Invoked command in '/home/robotrodeo/capstone/build/sllidar_ros2' returned '0': CMAKE_PREFIX_PATH=${CMAKE_PREFIX_PATH}:/home/robotrodeo/capstone/install/encoder:/opt/ros/humble /usr/bin/cmake --build /home/robotrodeo/capstone/build/sllidar_ros2 -- -j4 -l4
[12.299s] DEBUG:colcon.colcon_core.event_handler.log_command:Invoking command in '/home/robotrodeo/capstone/build/sllidar_ros2': CMAKE_PREFIX_PATH=${CMAKE_PREFIX_PATH}:/home/robotrodeo/capstone/install/encoder:/opt/ros/humble /usr/bin/cmake --install /home/robotrodeo/capstone/build/sllidar_ros2
[12.491s] Level 1:colcon.colcon_core.environment:create_environment_scripts_only(sllidar_ros2)
[12.501s] Level 1:colcon.colcon_core.environment:checking '/home/robotrodeo/capstone/install/sllidar_ros2' for CMake module files
[12.504s] DEBUG:colcon.colcon_core.event_handler.log_command:Invoked command in '/home/robotrodeo/capstone/build/sllidar_ros2' returned '0': CMAKE_PREFIX_PATH=${CMAKE_PREFIX_PATH}:/home/robotrodeo/capstone/install/encoder:/opt/ros/humble /usr/bin/cmake --install /home/robotrodeo/capstone/build/sllidar_ros2
[12.507s] Level 1:colcon.colcon_core.environment:checking '/home/robotrodeo/capstone/install/sllidar_ros2' for CMake config files
[12.511s] Level 1:colcon.colcon_core.shell:create_environment_hook('sllidar_ros2', 'cmake_prefix_path')
[12.518s] INFO:colcon.colcon_core.shell:Creating environment hook '/home/robotrodeo/capstone/install/sllidar_ros2/share/sllidar_ros2/hook/cmake_prefix_path.ps1'
[12.521s] INFO:colcon.colcon_core.shell:Creating environment descriptor '/home/robotrodeo/capstone/install/sllidar_ros2/share/sllidar_ros2/hook/cmake_prefix_path.dsv'
[12.525s] INFO:colcon.colcon_core.shell:Creating environment hook '/home/robotrodeo/capstone/install/sllidar_ros2/share/sllidar_ros2/hook/cmake_prefix_path.sh'
[12.529s] Level 1:colcon.colcon_core.environment:checking '/home/robotrodeo/capstone/install/sllidar_ros2/lib'
[12.530s] Level 1:colcon.colcon_core.environment:checking '/home/robotrodeo/capstone/install/sllidar_ros2/bin'
[12.532s] Level 1:colcon.colcon_core.environment:checking '/home/robotrodeo/capstone/install/sllidar_ros2/lib/pkgconfig/sllidar_ros2.pc'
[12.533s] Level 1:colcon.colcon_core.environment:checking '/home/robotrodeo/capstone/install/sllidar_ros2/lib/python3.10/site-packages'
[12.535s] Level 1:colcon.colcon_core.environment:checking '/home/robotrodeo/capstone/install/sllidar_ros2/bin'
[12.542s] INFO:colcon.colcon_core.shell:Creating package script '/home/robotrodeo/capstone/install/sllidar_ros2/share/sllidar_ros2/package.ps1'
[12.546s] INFO:colcon.colcon_core.shell:Creating package descriptor '/home/robotrodeo/capstone/install/sllidar_ros2/share/sllidar_ros2/package.dsv'
[12.550s] INFO:colcon.colcon_core.shell:Creating package script '/home/robotrodeo/capstone/install/sllidar_ros2/share/sllidar_ros2/package.sh'
[12.555s] INFO:colcon.colcon_core.shell:Creating package script '/home/robotrodeo/capstone/install/sllidar_ros2/share/sllidar_ros2/package.bash'
[12.559s] INFO:colcon.colcon_core.shell:Creating package script '/home/robotrodeo/capstone/install/sllidar_ros2/share/sllidar_ros2/package.zsh'
[12.563s] Level 1:colcon.colcon_core.environment:create_file_with_runtime_dependencies(/home/robotrodeo/capstone/install/sllidar_ros2/share/colcon-core/packages/sllidar_ros2)
[12.950s] Level 1:colcon.colcon_core.environment:create_environment_scripts_only(sllidar_ros2)
[12.980s] Level 1:colcon.colcon_core.environment:checking '/home/robotrodeo/capstone/install/sllidar_ros2' for CMake module files
[12.985s] Level 1:colcon.colcon_core.environment:checking '/home/robotrodeo/capstone/install/sllidar_ros2' for CMake config files
[12.993s] Level 1:colcon.colcon_core.shell:create_environment_hook('sllidar_ros2', 'cmake_prefix_path')
[13.010s] INFO:colcon.colcon_core.shell:Creating environment hook '/home/robotrodeo/capstone/install/sllidar_ros2/share/sllidar_ros2/hook/cmake_prefix_path.ps1'
[13.017s] INFO:colcon.colcon_core.shell:Creating environment descriptor '/home/robotrodeo/capstone/install/sllidar_ros2/share/sllidar_ros2/hook/cmake_prefix_path.dsv'
[13.022s] INFO:colcon.colcon_core.shell:Creating environment hook '/home/robotrodeo/capstone/install/sllidar_ros2/share/sllidar_ros2/hook/cmake_prefix_path.sh'
[13.030s] Level 1:colcon.colcon_core.environment:checking '/home/robotrodeo/capstone/install/sllidar_ros2/lib'
[13.032s] Level 1:colcon.colcon_core.environment:checking '/home/robotrodeo/capstone/install/sllidar_ros2/bin'
[13.033s] Level 1:colcon.colcon_core.environment:checking '/home/robotrodeo/capstone/install/sllidar_ros2/lib/pkgconfig/sllidar_ros2.pc'
[13.034s] Level 1:colcon.colcon_core.environment:checking '/home/robotrodeo/capstone/install/sllidar_ros2/lib/python3.10/site-packages'
[13.036s] Level 1:colcon.colcon_core.environment:checking '/home/robotrodeo/capstone/install/sllidar_ros2/bin'
[13.051s] INFO:colcon.colcon_core.shell:Creating package script '/home/robotrodeo/capstone/install/sllidar_ros2/share/sllidar_ros2/package.ps1'
[13.057s] INFO:colcon.colcon_core.shell:Creating package descriptor '/home/robotrodeo/capstone/install/sllidar_ros2/share/sllidar_ros2/package.dsv'
[13.062s] INFO:colcon.colcon_core.shell:Creating package script '/home/robotrodeo/capstone/install/sllidar_ros2/share/sllidar_ros2/package.sh'
[13.066s] INFO:colcon.colcon_core.shell:Creating package script '/home/robotrodeo/capstone/install/sllidar_ros2/share/sllidar_ros2/package.bash'
[13.070s] INFO:colcon.colcon_core.shell:Creating package script '/home/robotrodeo/capstone/install/sllidar_ros2/share/sllidar_ros2/package.zsh'
[13.075s] Level 1:colcon.colcon_core.environment:create_file_with_runtime_dependencies(/home/robotrodeo/capstone/install/sllidar_ros2/share/colcon-core/packages/sllidar_ros2)
[13.097s] Level 1:colcon.colcon_core.environment:checking '/home/robotrodeo/capstone/install/encoder' for CMake module files
[13.099s] DEBUG:colcon.colcon_core.event_handler.log_command:Invoked command in '/home/robotrodeo/capstone/src/encoder' returned '0': PYTHONPATH=/home/robotrodeo/capstone/build/encoder/prefix_override:/home/robotrodeo/capstone/install/encoder/lib/python3.10/site-packages:${PYTHONPATH} /usr/bin/python3 setup.py egg_info --egg-base ../../build/encoder build --build-base /home/robotrodeo/capstone/build/encoder/build install --record /home/robotrodeo/capstone/build/encoder/install.log --install-scripts $base/lib/encoder --single-version-externally-managed
[13.101s] Level 1:colcon.colcon_core.environment:checking '/home/robotrodeo/capstone/install/encoder' for CMake config files
[13.104s] Level 1:colcon.colcon_core.environment:checking '/home/robotrodeo/capstone/install/encoder/lib'
[13.105s] Level 1:colcon.colcon_core.environment:checking '/home/robotrodeo/capstone/install/encoder/bin'
[13.105s] Level 1:colcon.colcon_core.environment:checking '/home/robotrodeo/capstone/install/encoder/lib/pkgconfig/encoder.pc'
[13.107s] Level 1:colcon.colcon_core.environment:checking '/home/robotrodeo/capstone/install/encoder/lib/python3.10/site-packages'
[13.107s] Level 1:colcon.colcon_core.shell:create_environment_hook('encoder', 'pythonpath')
[13.115s] INFO:colcon.colcon_core.shell:Creating environment hook '/home/robotrodeo/capstone/install/encoder/share/encoder/hook/pythonpath.ps1'
[13.118s] INFO:colcon.colcon_core.shell:Creating environment descriptor '/home/robotrodeo/capstone/install/encoder/share/encoder/hook/pythonpath.dsv'
[13.121s] INFO:colcon.colcon_core.shell:Creating environment hook '/home/robotrodeo/capstone/install/encoder/share/encoder/hook/pythonpath.sh'
[13.127s] Level 1:colcon.colcon_core.environment:checking '/home/robotrodeo/capstone/install/encoder/bin'
[13.129s] Level 1:colcon.colcon_core.environment:create_environment_scripts_only(encoder)
[13.138s] INFO:colcon.colcon_core.shell:Creating package script '/home/robotrodeo/capstone/install/encoder/share/encoder/package.ps1'
[13.141s] INFO:colcon.colcon_core.shell:Creating package descriptor '/home/robotrodeo/capstone/install/encoder/share/encoder/package.dsv'
[13.144s] INFO:colcon.colcon_core.shell:Creating package script '/home/robotrodeo/capstone/install/encoder/share/encoder/package.sh'
[13.146s] INFO:colcon.colcon_core.shell:Creating package script '/home/robotrodeo/capstone/install/encoder/share/encoder/package.bash'
[13.148s] INFO:colcon.colcon_core.shell:Creating package script '/home/robotrodeo/capstone/install/encoder/share/encoder/package.zsh'
[13.154s] Level 1:colcon.colcon_core.environment:create_file_with_runtime_dependencies(/home/robotrodeo/capstone/install/encoder/share/colcon-core/packages/encoder)
[15.923s] DEBUG:colcon.colcon_core.event_handler.log_command:Invoked command in '/home/robotrodeo/capstone/build/robot_interfaces' returned '0': CMAKE_PREFIX_PATH=${CMAKE_PREFIX_PATH}:/home/robotrodeo/capstone/install/encoder:/opt/ros/humble /usr/bin/cmake /home/robotrodeo/capstone/src/robot_interfaces -DCMAKE_INSTALL_PREFIX=/home/robotrodeo/capstone/install/robot_interfaces
[15.934s] DEBUG:colcon.colcon_core.event_handler.log_command:Invoking command in '/home/robotrodeo/capstone/build/robot_interfaces': CMAKE_PREFIX_PATH=${CMAKE_PREFIX_PATH}:/home/robotrodeo/capstone/install/encoder:/opt/ros/humble /usr/bin/cmake --build /home/robotrodeo/capstone/build/robot_interfaces -- -j4 -l4
[27.606s] DEBUG:colcon.colcon_core.event_handler.log_command:Invoked command in '/home/robotrodeo/capstone/build/robot_interfaces' returned '0': CMAKE_PREFIX_PATH=${CMAKE_PREFIX_PATH}:/home/robotrodeo/capstone/install/encoder:/opt/ros/humble /usr/bin/cmake --build /home/robotrodeo/capstone/build/robot_interfaces -- -j4 -l4
[27.953s] DEBUG:colcon.colcon_core.event_handler.log_command:Invoking command in '/home/robotrodeo/capstone/build/robot_interfaces': CMAKE_PREFIX_PATH=${CMAKE_PREFIX_PATH}:/home/robotrodeo/capstone/install/encoder:/opt/ros/humble /usr/bin/cmake --install /home/robotrodeo/capstone/build/robot_interfaces
[28.343s] Level 1:colcon.colcon_core.environment:create_environment_scripts_only(robot_interfaces)
[28.354s] Level 1:colcon.colcon_core.environment:checking '/home/robotrodeo/capstone/install/robot_interfaces' for CMake module files
[28.356s] DEBUG:colcon.colcon_core.event_handler.log_command:Invoked command in '/home/robotrodeo/capstone/build/robot_interfaces' returned '0': CMAKE_PREFIX_PATH=${CMAKE_PREFIX_PATH}:/home/robotrodeo/capstone/install/encoder:/opt/ros/humble /usr/bin/cmake --install /home/robotrodeo/capstone/build/robot_interfaces
[28.360s] Level 1:colcon.colcon_core.environment:checking '/home/robotrodeo/capstone/install/robot_interfaces' for CMake config files
[28.363s] Level 1:colcon.colcon_core.shell:create_environment_hook('robot_interfaces', 'cmake_prefix_path')
[28.369s] INFO:colcon.colcon_core.shell:Creating environment hook '/home/robotrodeo/capstone/install/robot_interfaces/share/robot_interfaces/hook/cmake_prefix_path.ps1'
[28.371s] INFO:colcon.colcon_core.shell:Creating environment descriptor '/home/robotrodeo/capstone/install/robot_interfaces/share/robot_interfaces/hook/cmake_prefix_path.dsv'
[28.373s] INFO:colcon.colcon_core.shell:Creating environment hook '/home/robotrodeo/capstone/install/robot_interfaces/share/robot_interfaces/hook/cmake_prefix_path.sh'
[28.375s] Level 1:colcon.colcon_core.environment:checking '/home/robotrodeo/capstone/install/robot_interfaces/lib'
[28.375s] Level 1:colcon.colcon_core.shell:create_environment_hook('robot_interfaces', 'ld_library_path_lib')
[28.380s] INFO:colcon.colcon_core.shell:Creating environment hook '/home/robotrodeo/capstone/install/robot_interfaces/share/robot_interfaces/hook/ld_library_path_lib.ps1'
[28.382s] INFO:colcon.colcon_core.shell:Creating environment descriptor '/home/robotrodeo/capstone/install/robot_interfaces/share/robot_interfaces/hook/ld_library_path_lib.dsv'
[28.384s] INFO:colcon.colcon_core.shell:Creating environment hook '/home/robotrodeo/capstone/install/robot_interfaces/share/robot_interfaces/hook/ld_library_path_lib.sh'
[28.386s] Level 1:colcon.colcon_core.environment:checking '/home/robotrodeo/capstone/install/robot_interfaces/bin'
[28.387s] Level 1:colcon.colcon_core.environment:checking '/home/robotrodeo/capstone/install/robot_interfaces/lib/pkgconfig/robot_interfaces.pc'
[28.388s] Level 1:colcon.colcon_core.environment:checking '/home/robotrodeo/capstone/install/robot_interfaces/lib/python3.10/site-packages'
[28.389s] Level 1:colcon.colcon_core.environment:checking '/home/robotrodeo/capstone/install/robot_interfaces/bin'
[28.395s] INFO:colcon.colcon_core.shell:Creating package script '/home/robotrodeo/capstone/install/robot_interfaces/share/robot_interfaces/package.ps1'
[28.397s] INFO:colcon.colcon_core.shell:Creating package descriptor '/home/robotrodeo/capstone/install/robot_interfaces/share/robot_interfaces/package.dsv'
[28.399s] INFO:colcon.colcon_core.shell:Creating package script '/home/robotrodeo/capstone/install/robot_interfaces/share/robot_interfaces/package.sh'
[28.401s] INFO:colcon.colcon_core.shell:Creating package script '/home/robotrodeo/capstone/install/robot_interfaces/share/robot_interfaces/package.bash'
[28.402s] INFO:colcon.colcon_core.shell:Creating package script '/home/robotrodeo/capstone/install/robot_interfaces/share/robot_interfaces/package.zsh'
[28.403s] Level 1:colcon.colcon_core.environment:create_file_with_runtime_dependencies(/home/robotrodeo/capstone/install/robot_interfaces/share/colcon-core/packages/robot_interfaces)
[28.780s] Level 1:colcon.colcon_core.environment:create_environment_scripts_only(robot_interfaces)
[28.788s] Level 1:colcon.colcon_core.environment:checking '/home/robotrodeo/capstone/install/robot_interfaces' for CMake module files
[28.793s] Level 1:colcon.colcon_core.environment:checking '/home/robotrodeo/capstone/install/robot_interfaces' for CMake config files
[28.796s] Level 1:colcon.colcon_core.shell:create_environment_hook('robot_interfaces', 'cmake_prefix_path')
[28.801s] INFO:colcon.colcon_core.shell:Creating environment hook '/home/robotrodeo/capstone/install/robot_interfaces/share/robot_interfaces/hook/cmake_prefix_path.ps1'
[28.804s] INFO:colcon.colcon_core.shell:Creating environment descriptor '/home/robotrodeo/capstone/install/robot_interfaces/share/robot_interfaces/hook/cmake_prefix_path.dsv'
[28.806s] INFO:colcon.colcon_core.shell:Creating environment hook '/home/robotrodeo/capstone/install/robot_interfaces/share/robot_interfaces/hook/cmake_prefix_path.sh'
[28.809s] Level 1:colcon.colcon_core.environment:checking '/home/robotrodeo/capstone/install/robot_interfaces/lib'
[28.809s] Level 1:colcon.colcon_core.shell:create_environment_hook('robot_interfaces', 'ld_library_path_lib')
[28.814s] INFO:colcon.colcon_core.shell:Creating environment hook '/home/robotrodeo/capstone/install/robot_interfaces/share/robot_interfaces/hook/ld_library_path_lib.ps1'
[28.816s] INFO:colcon.colcon_core.shell:Creating environment descriptor '/home/robotrodeo/capstone/install/robot_interfaces/share/robot_interfaces/hook/ld_library_path_lib.dsv'
[28.818s] INFO:colcon.colcon_core.shell:Creating environment hook '/home/robotrodeo/capstone/install/robot_interfaces/share/robot_interfaces/hook/ld_library_path_lib.sh'
[28.819s] Level 1:colcon.colcon_core.environment:checking '/home/robotrodeo/capstone/install/robot_interfaces/bin'
[28.820s] Level 1:colcon.colcon_core.environment:checking '/home/robotrodeo/capstone/install/robot_interfaces/lib/pkgconfig/robot_interfaces.pc'
[28.821s] Level 1:colcon.colcon_core.environment:checking '/home/robotrodeo/capstone/install/robot_interfaces/lib/python3.10/site-packages'
[28.822s] Level 1:colcon.colcon_core.environment:checking '/home/robotrodeo/capstone/install/robot_interfaces/bin'
[28.827s] INFO:colcon.colcon_core.shell:Creating package script '/home/robotrodeo/capstone/install/robot_interfaces/share/robot_interfaces/package.ps1'
[28.830s] INFO:colcon.colcon_core.shell:Creating package descriptor '/home/robotrodeo/capstone/install/robot_interfaces/share/robot_interfaces/package.dsv'
[28.833s] INFO:colcon.colcon_core.shell:Creating package script '/home/robotrodeo/capstone/install/robot_interfaces/share/robot_interfaces/package.sh'
[28.835s] INFO:colcon.colcon_core.shell:Creating package script '/home/robotrodeo/capstone/install/robot_interfaces/share/robot_interfaces/package.bash'
[28.838s] INFO:colcon.colcon_core.shell:Creating package script '/home/robotrodeo/capstone/install/robot_interfaces/share/robot_interfaces/package.zsh'
[28.840s] Level 1:colcon.colcon_core.environment:create_file_with_runtime_dependencies(/home/robotrodeo/capstone/install/robot_interfaces/share/colcon-core/packages/robot_interfaces)
[28.842s] DEBUG:colcon.colcon_parallel_executor.executor.parallel:closing loop
[28.842s] DEBUG:colcon.colcon_parallel_executor.executor.parallel:loop closed
[28.843s] DEBUG:colcon.colcon_parallel_executor.executor.parallel:run_until_complete finished with '0'
[28.843s] DEBUG:colcon.colcon_core.event_reactor:joining thread
[28.875s] INFO:colcon.colcon_core.plugin_system:Skipping extension 'colcon_notification.desktop_notification.terminal_notifier': Not used on non-Darwin systems
[28.875s] INFO:colcon.colcon_core.plugin_system:Skipping extension 'colcon_notification.desktop_notification.win32': Not used on non-Windows systems
[28.875s] INFO:colcon.colcon_notification.desktop_notification:Sending desktop notification using 'notify2'
[28.950s] DEBUG:colcon.colcon_core.event_reactor:joined thread
[28.958s] INFO:colcon.colcon_core.shell:Creating prefix script '/home/robotrodeo/capstone/install/local_setup.ps1'
[28.963s] INFO:colcon.colcon_core.shell:Creating prefix util module '/home/robotrodeo/capstone/install/_local_setup_util_ps1.py'
[28.973s] INFO:colcon.colcon_core.shell:Creating prefix chain script '/home/robotrodeo/capstone/install/setup.ps1'
[28.981s] INFO:colcon.colcon_core.shell:Creating prefix script '/home/robotrodeo/capstone/install/local_setup.sh'
[28.985s] INFO:colcon.colcon_core.shell:Creating prefix util module '/home/robotrodeo/capstone/install/_local_setup_util_sh.py'
[28.989s] INFO:colcon.colcon_core.shell:Creating prefix chain script '/home/robotrodeo/capstone/install/setup.sh'
[29.000s] INFO:colcon.colcon_core.shell:Creating prefix script '/home/robotrodeo/capstone/install/local_setup.bash'
[29.005s] INFO:colcon.colcon_core.shell:Creating prefix chain script '/home/robotrodeo/capstone/install/setup.bash'
[29.017s] INFO:colcon.colcon_core.shell:Creating prefix script '/home/robotrodeo/capstone/install/local_setup.zsh'
[29.021s] INFO:colcon.colcon_core.shell:Creating prefix chain script '/home/robotrodeo/capstone/install/setup.zsh'
