[0.118s] Invoking command in '/home/robotrodeo/capstone/build/articubot_one': CMAKE_PREFIX_PATH=${CMAKE_PREFIX_PATH}:/home/robotrodeo/capstone/install/encoder:/opt/ros/humble /usr/bin/cmake --build /home/robotrodeo/capstone/build/articubot_one -- -j4 -l4
[0.334s] Invoked command in '/home/robotrodeo/capstone/build/articubot_one' returned '0': CMAKE_PREFIX_PATH=${CMAKE_PREFIX_PATH}:/home/robotrodeo/capstone/install/encoder:/opt/ros/humble /usr/bin/cmake --build /home/robotrodeo/capstone/build/articubot_one -- -j4 -l4
[0.635s] Invoking command in '/home/robotrodeo/capstone/build/articubot_one': CMAKE_PREFIX_PATH=${CMAKE_PREFIX_PATH}:/home/robotrodeo/capstone/install/encoder:/opt/ros/humble /usr/bin/cmake --install /home/robotrodeo/capstone/build/articubot_one
[0.696s] -- Install configuration: ""
[0.700s] -- Execute custom install script
[0.706s] -- Up-to-date symlink: /home/robotrodeo/capstone/install/articubot_one/share/articubot_one/config/ball_tracker_params_robot.yaml
[0.710s] -- Up-to-date symlink: /home/robotrodeo/capstone/install/articubot_one/share/articubot_one/config/ball_tracker_params_sim.yaml
[0.713s] -- Up-to-date symlink: /home/robotrodeo/capstone/install/articubot_one/share/articubot_one/config/drive_bot.rviz
[0.716s] -- Up-to-date symlink: /home/robotrodeo/capstone/install/articubot_one/share/articubot_one/config/empty.yaml
[0.719s] -- Up-to-date symlink: /home/robotrodeo/capstone/install/articubot_one/share/articubot_one/config/gaz_ros2_ctl_use_sim.yaml
[0.721s] -- Up-to-date symlink: /home/robotrodeo/capstone/install/articubot_one/share/articubot_one/config/gazebo_params.yaml
[0.724s] -- Up-to-date symlink: /home/robotrodeo/capstone/install/articubot_one/share/articubot_one/config/joystick.yaml
[0.726s] -- Up-to-date symlink: /home/robotrodeo/capstone/install/articubot_one/share/articubot_one/config/main.rviz
[0.729s] -- Up-to-date symlink: /home/robotrodeo/capstone/install/articubot_one/share/articubot_one/config/map.rviz
[0.731s] -- Up-to-date symlink: /home/robotrodeo/capstone/install/articubot_one/share/articubot_one/config/mapper_params_online_async.yaml
[0.733s] -- Up-to-date symlink: /home/robotrodeo/capstone/install/articubot_one/share/articubot_one/config/my_controllers.yaml
[0.735s] -- Up-to-date symlink: /home/robotrodeo/capstone/install/articubot_one/share/articubot_one/config/nav2_params.yaml
[0.738s] -- Up-to-date symlink: /home/robotrodeo/capstone/install/articubot_one/share/articubot_one/config/twist_mux.yaml
[0.740s] -- Up-to-date symlink: /home/robotrodeo/capstone/install/articubot_one/share/articubot_one/config/view_bot.rviz
[0.744s] -- Up-to-date symlink: /home/robotrodeo/capstone/install/articubot_one/share/articubot_one/description/camera.xacro
[0.747s] -- Up-to-date symlink: /home/robotrodeo/capstone/install/articubot_one/share/articubot_one/description/depth_camera.xacro
[0.751s] -- Up-to-date symlink: /home/robotrodeo/capstone/install/articubot_one/share/articubot_one/description/face.xacro
[0.754s] -- Up-to-date symlink: /home/robotrodeo/capstone/install/articubot_one/share/articubot_one/description/gazebo_control.xacro
[0.757s] -- Up-to-date symlink: /home/robotrodeo/capstone/install/articubot_one/share/articubot_one/description/inertial_macros.xacro
[0.763s] -- Up-to-date symlink: /home/robotrodeo/capstone/install/articubot_one/share/articubot_one/description/lidar.xacro
[0.765s] -- Up-to-date symlink: /home/robotrodeo/capstone/install/articubot_one/share/articubot_one/description/robot.urdf.xacro
[0.766s] -- Up-to-date symlink: /home/robotrodeo/capstone/install/articubot_one/share/articubot_one/description/robot_core.xacro
[0.767s] -- Up-to-date symlink: /home/robotrodeo/capstone/install/articubot_one/share/articubot_one/description/ros2_control.xacro
[0.771s] -- Up-to-date symlink: /home/robotrodeo/capstone/install/articubot_one/share/articubot_one/launch/ball_tracker.launch.py
[0.772s] -- Up-to-date symlink: /home/robotrodeo/capstone/install/articubot_one/share/articubot_one/launch/camera.launch.py
[0.773s] -- Up-to-date symlink: /home/robotrodeo/capstone/install/articubot_one/share/articubot_one/launch/joystick.launch.py
[0.774s] -- Up-to-date symlink: /home/robotrodeo/capstone/install/articubot_one/share/articubot_one/launch/launch_robot.launch.py
[0.779s] -- Up-to-date symlink: /home/robotrodeo/capstone/install/articubot_one/share/articubot_one/launch/launch_sim.launch.py
[0.781s] -- Up-to-date symlink: /home/robotrodeo/capstone/install/articubot_one/share/articubot_one/launch/localization_launch.py
[0.785s] -- Up-to-date symlink: /home/robotrodeo/capstone/install/articubot_one/share/articubot_one/launch/navigation_launch.py
[0.785s] -- Up-to-date symlink: /home/robotrodeo/capstone/install/articubot_one/share/articubot_one/launch/online_async_launch.py
[0.786s] -- Up-to-date symlink: /home/robotrodeo/capstone/install/articubot_one/share/articubot_one/launch/rplidar.launch.py
[0.786s] -- Up-to-date symlink: /home/robotrodeo/capstone/install/articubot_one/share/articubot_one/launch/rsp.launch.py
[0.787s] -- Up-to-date symlink: /home/robotrodeo/capstone/install/articubot_one/share/articubot_one/worlds/empty.world
[0.787s] -- Up-to-date symlink: /home/robotrodeo/capstone/install/articubot_one/share/articubot_one/worlds/obstacles.world
[0.789s] -- Up-to-date symlink: /home/robotrodeo/capstone/install/articubot_one/share/ament_index/resource_index/package_run_dependencies/articubot_one
[0.790s] -- Up-to-date symlink: /home/robotrodeo/capstone/install/articubot_one/share/ament_index/resource_index/parent_prefix_path/articubot_one
[0.792s] -- Up-to-date symlink: /home/robotrodeo/capstone/install/articubot_one/share/articubot_one/environment/ament_prefix_path.sh
[0.797s] -- Up-to-date symlink: /home/robotrodeo/capstone/install/articubot_one/share/articubot_one/environment/ament_prefix_path.dsv
[0.798s] -- Up-to-date symlink: /home/robotrodeo/capstone/install/articubot_one/share/articubot_one/environment/path.sh
[0.799s] -- Up-to-date symlink: /home/robotrodeo/capstone/install/articubot_one/share/articubot_one/environment/path.dsv
[0.801s] -- Up-to-date symlink: /home/robotrodeo/capstone/install/articubot_one/share/articubot_one/local_setup.bash
[0.802s] -- Up-to-date symlink: /home/robotrodeo/capstone/install/articubot_one/share/articubot_one/local_setup.sh
[0.809s] -- Up-to-date symlink: /home/robotrodeo/capstone/install/articubot_one/share/articubot_one/local_setup.zsh
[0.811s] -- Up-to-date symlink: /home/robotrodeo/capstone/install/articubot_one/share/articubot_one/local_setup.dsv
[0.814s] -- Symlinking: /home/robotrodeo/capstone/install/articubot_one/share/articubot_one/package.dsv
[0.858s] -- Up-to-date symlink: /home/robotrodeo/capstone/install/articubot_one/share/ament_index/resource_index/packages/articubot_one
[0.860s] -- Up-to-date symlink: /home/robotrodeo/capstone/install/articubot_one/share/articubot_one/cmake/articubot_oneConfig.cmake
[0.863s] -- Up-to-date symlink: /home/robotrodeo/capstone/install/articubot_one/share/articubot_one/cmake/articubot_oneConfig-version.cmake
[0.865s] -- Up-to-date symlink: /home/robotrodeo/capstone/install/articubot_one/share/articubot_one/package.xml
[0.878s] Invoked command in '/home/robotrodeo/capstone/build/articubot_one' returned '0': CMAKE_PREFIX_PATH=${CMAKE_PREFIX_PATH}:/home/robotrodeo/capstone/install/encoder:/opt/ros/humble /usr/bin/cmake --install /home/robotrodeo/capstone/build/articubot_one
