running develop
running egg_info
writing ../../build/drivetrain/drivetrain.egg-info/PKG-INFO
writing dependency_links to ../../build/drivetrain/drivetrain.egg-info/dependency_links.txt
writing entry points to ../../build/drivetrain/drivetrain.egg-info/entry_points.txt
writing requirements to ../../build/drivetrain/drivetrain.egg-info/requires.txt
writing top-level names to ../../build/drivetrain/drivetrain.egg-info/top_level.txt
reading manifest file '../../build/drivetrain/drivetrain.egg-info/SOURCES.txt'
writing manifest file '../../build/drivetrain/drivetrain.egg-info/SOURCES.txt'
running build
running build_py
copying drivetrain/arm_node.py -> /home/robotrodeo/capstone/build/drivetrain/build/lib/drivetrain
copying drivetrain/controller_node.py -> /home/robotrodeo/capstone/build/drivetrain/build/lib/drivetrain
running install
running install_lib
creating /home/robotrodeo/capstone/install/drivetrain/lib/python3.10/site-packages/drivetrain
copying /home/robotrodeo/capstone/build/drivetrain/build/lib/drivetrain/__init__.py -> /home/robotrodeo/capstone/install/drivetrain/lib/python3.10/site-packages/drivetrain
copying /home/robotrodeo/capstone/build/drivetrain/build/lib/drivetrain/tail_node.py -> /home/robotrodeo/capstone/install/drivetrain/lib/python3.10/site-packages/drivetrain
copying /home/robotrodeo/capstone/build/drivetrain/build/lib/drivetrain/drivetrain_node.py -> /home/robotrodeo/capstone/install/drivetrain/lib/python3.10/site-packages/drivetrain
copying /home/robotrodeo/capstone/build/drivetrain/build/lib/drivetrain/arm_node.py -> /home/robotrodeo/capstone/install/drivetrain/lib/python3.10/site-packages/drivetrain
copying /home/robotrodeo/capstone/build/drivetrain/build/lib/drivetrain/controller_node.py -> /home/robotrodeo/capstone/install/drivetrain/lib/python3.10/site-packages/drivetrain
byte-compiling /home/robotrodeo/capstone/install/drivetrain/lib/python3.10/site-packages/drivetrain/__init__.py to __init__.cpython-310.pyc
byte-compiling /home/robotrodeo/capstone/install/drivetrain/lib/python3.10/site-packages/drivetrain/tail_node.py to tail_node.cpython-310.pyc
byte-compiling /home/robotrodeo/capstone/install/drivetrain/lib/python3.10/site-packages/drivetrain/drivetrain_node.py to drivetrain_node.cpython-310.pyc
byte-compiling /home/robotrodeo/capstone/install/drivetrain/lib/python3.10/site-packages/drivetrain/arm_node.py to arm_node.cpython-310.pyc
byte-compiling /home/robotrodeo/capstone/install/drivetrain/lib/python3.10/site-packages/drivetrain/controller_node.py to controller_node.cpython-310.pyc
running install_data
running install_egg_info
Copying ../../build/drivetrain/drivetrain.egg-info to /home/robotrodeo/capstone/install/drivetrain/lib/python3.10/site-packages/drivetrain-0.0.0-py3.10.egg-info
running install_scripts
Installing arm_node script to /home/robotrodeo/capstone/install/drivetrain/lib/drivetrain
Installing controller_node script to /home/robotrodeo/capstone/install/drivetrain/lib/drivetrain
Installing drivetrain_node script to /home/robotrodeo/capstone/install/drivetrain/lib/drivetrain
Installing tail_node script to /home/robotrodeo/capstone/install/drivetrain/lib/drivetrain
writing list of installed files to '/home/robotrodeo/capstone/build/drivetrain/install.log'
