running develop
running egg_info
writing manifest file '../../build/drivetrain/drivetrain.egg-info/SOURCES.txt'
running build
running build_py
copying drivetrain/controller_node2.py -> /home/robotrodeo/capstone/build/drivetrain/build/lib/drivetrain
copying drivetrain/test.py -> /home/robotrodeo/capstone/build/drivetrain/build/lib/drivetrain
copying drivetrain/controller_node.py -> /home/robotrodeo/capstone/build/drivetrain/build/lib/drivetrain
running install
running install_lib
creating /home/robotrodeo/capstone/install/drivetrain/lib/python3.10/site-packages/drivetrain
byte-compiling /home/robotrodeo/capstone/install/drivetrain/lib/python3.10/site-packages/drivetrain/left_motor_node.py to left_motor_node.cpython-310.pyc
byte-compiling /home/robotrodeo/capstone/install/drivetrain/lib/python3.10/site-packages/drivetrain/__init__.py to __init__.cpython-310.pyc
byte-compiling /home/robotrodeo/capstone/install/drivetrain/lib/python3.10/site-packages/drivetrain/controller_node2.py to controller_node2.cpython-310.pyc
byte-compiling /home/robotrodeo/capstone/install/drivetrain/lib/python3.10/site-packages/drivetrain/test.py to test.cpython-310.pyc
byte-compiling /home/robotrodeo/capstone/install/drivetrain/lib/python3.10/site-packages/drivetrain/tail_node.py to tail_node.cpython-310.pyc
byte-compiling /home/robotrodeo/capstone/install/drivetrain/lib/python3.10/site-packages/drivetrain/drivetrain_node.py to drivetrain_node.cpython-310.pyc
byte-compiling /home/robotrodeo/capstone/install/drivetrain/lib/python3.10/site-packages/drivetrain/arm_node1.py to arm_node1.cpython-310.pyc
byte-compiling /home/robotrodeo/capstone/install/drivetrain/lib/python3.10/site-packages/drivetrain/arm_node.py to arm_node.cpython-310.pyc
byte-compiling /home/robotrodeo/capstone/install/drivetrain/lib/python3.10/site-packages/drivetrain/right_motor_node.py to right_motor_node.cpython-310.pyc
byte-compiling /home/robotrodeo/capstone/install/drivetrain/lib/python3.10/site-packages/drivetrain/controller_node.py to controller_node.cpython-310.pyc
running install_data
running install_egg_info
Copying ../../build/drivetrain/drivetrain.egg-info to /home/robotrodeo/capstone/install/drivetrain/lib/python3.10/site-packages/drivetrain-0.0.0-py3.10.egg-info
running install_scripts
writing list of installed files to '/home/robotrodeo/capstone/build/drivetrain/install.log'
