[3.301s] Invoking command in '/home/robotrodeo/capstone/build/drivetrain': PYTHONPATH=/home/robotrodeo/capstone/build/drivetrain/prefix_override:/home/robotrodeo/capstone/install/drivetrain/lib/python3.10/site-packages:${PYTHONPATH} /usr/bin/python3 setup.py develop --uninstall --editable --build-directory /home/robotrodeo/capstone/build/drivetrain/build
[4.687s] running develop
[5.782s] Invoked command in '/home/robotrodeo/capstone/build/drivetrain' returned '0': PYTHONPATH=/home/robotrodeo/capstone/build/drivetrain/prefix_override:/home/robotrodeo/capstone/install/drivetrain/lib/python3.10/site-packages:${PYTHONPATH} /usr/bin/python3 setup.py develop --uninstall --editable --build-directory /home/robotrodeo/capstone/build/drivetrain/build
[5.796s] Invoking command in '/home/robotrodeo/capstone/src/drivetrain': PYTHONPATH=/home/robotrodeo/capstone/build/drivetrain/prefix_override:/home/robotrodeo/capstone/install/drivetrain/lib/python3.10/site-packages:${PYTHONPATH} /usr/bin/python3 setup.py egg_info --egg-base ../../build/drivetrain build --build-base /home/robotrodeo/capstone/build/drivetrain/build install --record /home/robotrodeo/capstone/build/drivetrain/install.log --single-version-externally-managed
[7.098s] running egg_info
[7.115s] writing manifest file '../../build/drivetrain/drivetrain.egg-info/SOURCES.txt'
[7.116s] running build
[7.116s] running build_py
[7.119s] copying drivetrain/controller_node2.py -> /home/robotrodeo/capstone/build/drivetrain/build/lib/drivetrain
[7.120s] copying drivetrain/test.py -> /home/robotrodeo/capstone/build/drivetrain/build/lib/drivetrain
[7.122s] copying drivetrain/controller_node.py -> /home/robotrodeo/capstone/build/drivetrain/build/lib/drivetrain
[7.123s] running install
[7.127s] running install_lib
[7.131s] creating /home/robotrodeo/capstone/install/drivetrain/lib/python3.10/site-packages/drivetrain
[7.145s] byte-compiling /home/robotrodeo/capstone/install/drivetrain/lib/python3.10/site-packages/drivetrain/left_motor_node.py to left_motor_node.cpython-310.pyc
[7.149s] byte-compiling /home/robotrodeo/capstone/install/drivetrain/lib/python3.10/site-packages/drivetrain/__init__.py to __init__.cpython-310.pyc
[7.150s] byte-compiling /home/robotrodeo/capstone/install/drivetrain/lib/python3.10/site-packages/drivetrain/controller_node2.py to controller_node2.cpython-310.pyc
[7.155s] byte-compiling /home/robotrodeo/capstone/install/drivetrain/lib/python3.10/site-packages/drivetrain/test.py to test.cpython-310.pyc
[7.158s] byte-compiling /home/robotrodeo/capstone/install/drivetrain/lib/python3.10/site-packages/drivetrain/tail_node.py to tail_node.cpython-310.pyc
[7.160s] byte-compiling /home/robotrodeo/capstone/install/drivetrain/lib/python3.10/site-packages/drivetrain/drivetrain_node.py to drivetrain_node.cpython-310.pyc
[7.164s] byte-compiling /home/robotrodeo/capstone/install/drivetrain/lib/python3.10/site-packages/drivetrain/arm_node1.py to arm_node1.cpython-310.pyc
[7.172s] byte-compiling /home/robotrodeo/capstone/install/drivetrain/lib/python3.10/site-packages/drivetrain/arm_node.py to arm_node.cpython-310.pyc
[7.178s] byte-compiling /home/robotrodeo/capstone/install/drivetrain/lib/python3.10/site-packages/drivetrain/right_motor_node.py to right_motor_node.cpython-310.pyc
[7.184s] byte-compiling /home/robotrodeo/capstone/install/drivetrain/lib/python3.10/site-packages/drivetrain/controller_node.py to controller_node.cpython-310.pyc
[7.186s] running install_data
[7.190s] running install_egg_info
[7.197s] Copying ../../build/drivetrain/drivetrain.egg-info to /home/robotrodeo/capstone/install/drivetrain/lib/python3.10/site-packages/drivetrain-0.0.0-py3.10.egg-info
[7.204s] running install_scripts
[7.294s] writing list of installed files to '/home/robotrodeo/capstone/build/drivetrain/install.log'
[7.467s] Invoked command in '/home/robotrodeo/capstone/src/drivetrain' returned '0': PYTHONPATH=/home/robotrodeo/capstone/build/drivetrain/prefix_override:/home/robotrodeo/capstone/install/drivetrain/lib/python3.10/site-packages:${PYTHONPATH} /usr/bin/python3 setup.py egg_info --egg-base ../../build/drivetrain build --build-base /home/robotrodeo/capstone/build/drivetrain/build install --record /home/robotrodeo/capstone/build/drivetrain/install.log --single-version-externally-managed
