running develop
/usr/lib/python3/dist-packages/setuptools/command/easy_install.py:158: EasyInstallDeprecationWarning: easy_install command is deprecated. Use build and pip and other standards-based tools.
  warnings.warn(
/usr/lib/python3/dist-packages/setuptools/command/install.py:34: SetuptoolsDeprecationWarning: setup.py install is deprecated. Use build and pip and other standards-based tools.
  warnings.warn(
/usr/lib/python3/dist-packages/pkg_resources/__init__.py:116: PkgResourcesDeprecationWarning: 1.1build1 is an invalid version and will not be supported in a future release
  warnings.warn(
/usr/lib/python3/dist-packages/pkg_resources/__init__.py:116: PkgResourcesDeprecationWarning: 0.1.43ubuntu1 is an invalid version and will not be supported in a future release
  warnings.warn(
running egg_info
writing ../../build/drivetrain/drivetrain.egg-info/PKG-INFO
writing dependency_links to ../../build/drivetrain/drivetrain.egg-info/dependency_links.txt
writing entry points to ../../build/drivetrain/drivetrain.egg-info/entry_points.txt
writing requirements to ../../build/drivetrain/drivetrain.egg-info/requires.txt
writing top-level names to ../../build/drivetrain/drivetrain.egg-info/top_level.txt
reading manifest file '../../build/drivetrain/drivetrain.egg-info/SOURCES.txt'
writing manifest file '../../build/drivetrain/drivetrain.egg-info/SOURCES.txt'
running build
running build_py
copying drivetrain/arm_node.py -> /home/robotrodeo/capstone/build/drivetrain/build/lib/drivetrain
running install
/usr/lib/python3/dist-packages/setuptools/command/install.py:34: SetuptoolsDeprecationWarning: setup.py install is deprecated. Use build and pip and other standards-based tools.
  warnings.warn(
running install_lib
copying /home/robotrodeo/capstone/build/drivetrain/build/lib/drivetrain/arm_node.py -> /home/robotrodeo/capstone/install/drivetrain/lib/python3.10/site-packages/drivetrain
byte-compiling /home/robotrodeo/capstone/install/drivetrain/lib/python3.10/site-packages/drivetrain/arm_node.py to arm_node.cpython-310.pyc
Sorry: TabError: inconsistent use of tabs and spaces in indentation (arm_node.py, line 101)
running install_data
running install_egg_info
removing '/home/robotrodeo/capstone/install/drivetrain/lib/python3.10/site-packages/drivetrain-0.0.0-py3.10.egg-info' (and everything under it)
Copying ../../build/drivetrain/drivetrain.egg-info to /home/robotrodeo/capstone/install/drivetrain/lib/python3.10/site-packages/drivetrain-0.0.0-py3.10.egg-info
running install_scripts
Installing arm_node script to /home/robotrodeo/capstone/install/drivetrain/lib/drivetrain
Installing controller_node script to /home/robotrodeo/capstone/install/drivetrain/lib/drivetrain
Installing drivetrain_node script to /home/robotrodeo/capstone/install/drivetrain/lib/drivetrain
Installing tail_node script to /home/robotrodeo/capstone/install/drivetrain/lib/drivetrain
writing list of installed files to '/home/robotrodeo/capstone/build/drivetrain/install.log'
