[3.319s] Invoking command in '/home/robotrodeo/capstone/build/drivetrain': PYTHONPATH=/home/robotrodeo/capstone/build/drivetrain/prefix_override:/home/robotrodeo/capstone/install/drivetrain/lib/python3.10/site-packages:${PYTHONPATH} /usr/bin/python3 setup.py develop --uninstall --editable --build-directory /home/robotrodeo/capstone/build/drivetrain/build
[4.616s] running develop
[5.624s] Invoked command in '/home/robotrodeo/capstone/build/drivetrain' returned '0': PYTHONPATH=/home/robotrodeo/capstone/build/drivetrain/prefix_override:/home/robotrodeo/capstone/install/drivetrain/lib/python3.10/site-packages:${PYTHONPATH} /usr/bin/python3 setup.py develop --uninstall --editable --build-directory /home/robotrodeo/capstone/build/drivetrain/build
[5.634s] Invoking command in '/home/robotrodeo/capstone/src/drivetrain': PYTHONPATH=/home/robotrodeo/capstone/build/drivetrain/prefix_override:/home/robotrodeo/capstone/install/drivetrain/lib/python3.10/site-packages:${PYTHONPATH} /usr/bin/python3 setup.py egg_info --egg-base ../../build/drivetrain build --build-base /home/robotrodeo/capstone/build/drivetrain/build install --record /home/robotrodeo/capstone/build/drivetrain/install.log --single-version-externally-managed
[6.863s] running egg_info
[6.866s] writing ../../build/drivetrain/drivetrain.egg-info/PKG-INFO
[6.867s] writing dependency_links to ../../build/drivetrain/drivetrain.egg-info/dependency_links.txt
[6.868s] writing entry points to ../../build/drivetrain/drivetrain.egg-info/entry_points.txt
[6.869s] writing requirements to ../../build/drivetrain/drivetrain.egg-info/requires.txt
[6.870s] writing top-level names to ../../build/drivetrain/drivetrain.egg-info/top_level.txt
[6.878s] reading manifest file '../../build/drivetrain/drivetrain.egg-info/SOURCES.txt'
[6.883s] writing manifest file '../../build/drivetrain/drivetrain.egg-info/SOURCES.txt'
[6.883s] running build
[6.884s] running build_py
[6.886s] running install
[6.887s] running install_lib
[6.897s] running install_data
[6.900s] running install_egg_info
[6.907s] removing '/home/robotrodeo/capstone/install/drivetrain/lib/python3.10/site-packages/drivetrain-0.0.0-py3.10.egg-info' (and everything under it)
[6.909s] Copying ../../build/drivetrain/drivetrain.egg-info to /home/robotrodeo/capstone/install/drivetrain/lib/python3.10/site-packages/drivetrain-0.0.0-py3.10.egg-info
[6.914s] running install_scripts
[6.996s] Installing arm_node script to /home/robotrodeo/capstone/install/drivetrain/lib/drivetrain
[6.997s] Installing controller_node script to /home/robotrodeo/capstone/install/drivetrain/lib/drivetrain
[6.997s] Installing drivetrain_node script to /home/robotrodeo/capstone/install/drivetrain/lib/drivetrain
[6.998s] Installing tail_node script to /home/robotrodeo/capstone/install/drivetrain/lib/drivetrain
[7.000s] writing list of installed files to '/home/robotrodeo/capstone/build/drivetrain/install.log'
[7.144s] Invoked command in '/home/robotrodeo/capstone/src/drivetrain' returned '0': PYTHONPATH=/home/robotrodeo/capstone/build/drivetrain/prefix_override:/home/robotrodeo/capstone/install/drivetrain/lib/python3.10/site-packages:${PYTHONPATH} /usr/bin/python3 setup.py egg_info --egg-base ../../build/drivetrain build --build-base /home/robotrodeo/capstone/build/drivetrain/build install --record /home/robotrodeo/capstone/build/drivetrain/install.log --single-version-externally-managed
