[0.108s] Invoking command in '/home/robotrodeo/capstone/build/sllidar_ros2': CMAKE_PREFIX_PATH=${CMAKE_PREFIX_PATH}:/home/robotrodeo/capstone/install/encoder:/opt/ros/humble /usr/bin/cmake --build /home/robotrodeo/capstone/build/sllidar_ros2 -- -j4 -l4
[0.466s] [ 14%] Built target sllidar_client
[0.510s] [100%] Built target sllidar_node
[0.629s] Invoked command in '/home/robotrodeo/capstone/build/sllidar_ros2' returned '0': CMAKE_PREFIX_PATH=${CMAKE_PREFIX_PATH}:/home/robotrodeo/capstone/install/encoder:/opt/ros/humble /usr/bin/cmake --build /home/robotrodeo/capstone/build/sllidar_ros2 -- -j4 -l4
[1.066s] Invoking command in '/home/robotrodeo/capstone/build/sllidar_ros2': CMAKE_PREFIX_PATH=${CMAKE_PREFIX_PATH}:/home/robotrodeo/capstone/install/encoder:/opt/ros/humble /usr/bin/cmake --install /home/robotrodeo/capstone/build/sllidar_ros2
[1.109s] -- Install configuration: ""
[1.113s] -- Execute custom install script
[1.115s] -- Up-to-date symlink: /home/robotrodeo/capstone/install/sllidar_ros2/share/sllidar_ros2/launch/sllidar_a3_launch.py
[1.117s] -- Up-to-date symlink: /home/robotrodeo/capstone/install/sllidar_ros2/share/sllidar_ros2/launch/sllidar_launch.py
[1.121s] -- Up-to-date symlink: /home/robotrodeo/capstone/install/sllidar_ros2/share/sllidar_ros2/launch/sllidar_s1_launch.py
[1.122s] -- Up-to-date symlink: /home/robotrodeo/capstone/install/sllidar_ros2/share/sllidar_ros2/launch/sllidar_s1_tcp_launch.py
[1.135s] -- Up-to-date symlink: /home/robotrodeo/capstone/install/sllidar_ros2/share/sllidar_ros2/launch/sllidar_s2_launch.py
[1.135s] -- Up-to-date symlink: /home/robotrodeo/capstone/install/sllidar_ros2/share/sllidar_ros2/launch/sllidar_s2e_launch.py
[1.136s] -- Up-to-date symlink: /home/robotrodeo/capstone/install/sllidar_ros2/share/sllidar_ros2/launch/sllidar_t1_launch.py
[1.137s] -- Up-to-date symlink: /home/robotrodeo/capstone/install/sllidar_ros2/share/sllidar_ros2/launch/view_sllidar_a3_launch.py
[1.138s] -- Up-to-date symlink: /home/robotrodeo/capstone/install/sllidar_ros2/share/sllidar_ros2/launch/view_sllidar_launch.py
[1.138s] -- Up-to-date symlink: /home/robotrodeo/capstone/install/sllidar_ros2/share/sllidar_ros2/launch/view_sllidar_s1_launch.py
[1.139s] -- Up-to-date symlink: /home/robotrodeo/capstone/install/sllidar_ros2/share/sllidar_ros2/launch/view_sllidar_s1_tcp_launch.py
[1.140s] -- Up-to-date symlink: /home/robotrodeo/capstone/install/sllidar_ros2/share/sllidar_ros2/launch/view_sllidar_s2_launch.py
[1.140s] -- Up-to-date symlink: /home/robotrodeo/capstone/install/sllidar_ros2/share/sllidar_ros2/launch/view_sllidar_s2e_launch.py
[1.141s] -- Up-to-date symlink: /home/robotrodeo/capstone/install/sllidar_ros2/share/sllidar_ros2/launch/view_sllidar_t1_launch.py
[1.142s] -- Up-to-date symlink: /home/robotrodeo/capstone/install/sllidar_ros2/share/sllidar_ros2/rviz/sllidar_ros2.rviz
[1.143s] -- Up-to-date symlink: /home/robotrodeo/capstone/install/sllidar_ros2/lib/sllidar_ros2/sllidar_node
[1.143s] -- Up-to-date symlink: /home/robotrodeo/capstone/install/sllidar_ros2/lib/sllidar_ros2/sllidar_client
[1.144s] -- Up-to-date symlink: /home/robotrodeo/capstone/install/sllidar_ros2/share/ament_index/resource_index/package_run_dependencies/sllidar_ros2
[1.155s] -- Up-to-date symlink: /home/robotrodeo/capstone/install/sllidar_ros2/share/ament_index/resource_index/parent_prefix_path/sllidar_ros2
[1.157s] -- Up-to-date symlink: /home/robotrodeo/capstone/install/sllidar_ros2/share/sllidar_ros2/environment/ament_prefix_path.sh
[1.158s] -- Up-to-date symlink: /home/robotrodeo/capstone/install/sllidar_ros2/share/sllidar_ros2/environment/ament_prefix_path.dsv
[1.158s] -- Up-to-date symlink: /home/robotrodeo/capstone/install/sllidar_ros2/share/sllidar_ros2/environment/path.sh
[1.159s] -- Up-to-date symlink: /home/robotrodeo/capstone/install/sllidar_ros2/share/sllidar_ros2/environment/path.dsv
[1.164s] -- Up-to-date symlink: /home/robotrodeo/capstone/install/sllidar_ros2/share/sllidar_ros2/local_setup.bash
[1.166s] -- Up-to-date symlink: /home/robotrodeo/capstone/install/sllidar_ros2/share/sllidar_ros2/local_setup.sh
[1.168s] -- Up-to-date symlink: /home/robotrodeo/capstone/install/sllidar_ros2/share/sllidar_ros2/local_setup.zsh
[1.176s] -- Up-to-date symlink: /home/robotrodeo/capstone/install/sllidar_ros2/share/sllidar_ros2/local_setup.dsv
[1.178s] -- Symlinking: /home/robotrodeo/capstone/install/sllidar_ros2/share/sllidar_ros2/package.dsv
[1.262s] -- Up-to-date symlink: /home/robotrodeo/capstone/install/sllidar_ros2/share/ament_index/resource_index/packages/sllidar_ros2
[1.266s] -- Up-to-date symlink: /home/robotrodeo/capstone/install/sllidar_ros2/share/sllidar_ros2/cmake/ament_cmake_export_dependencies-extras.cmake
[1.269s] -- Up-to-date symlink: /home/robotrodeo/capstone/install/sllidar_ros2/share/sllidar_ros2/cmake/ament_cmake_export_include_directories-extras.cmake
[1.270s] -- Up-to-date symlink: /home/robotrodeo/capstone/install/sllidar_ros2/share/sllidar_ros2/cmake/sllidar_ros2Config.cmake
[1.271s] -- Up-to-date symlink: /home/robotrodeo/capstone/install/sllidar_ros2/share/sllidar_ros2/cmake/sllidar_ros2Config-version.cmake
[1.272s] -- Up-to-date symlink: /home/robotrodeo/capstone/install/sllidar_ros2/share/sllidar_ros2/package.xml
[1.296s] Invoked command in '/home/robotrodeo/capstone/build/sllidar_ros2' returned '0': CMAKE_PREFIX_PATH=${CMAKE_PREFIX_PATH}:/home/robotrodeo/capstone/install/encoder:/opt/ros/humble /usr/bin/cmake --install /home/robotrodeo/capstone/build/sllidar_ros2
