running develop
Removing /home/robotrodeo/capstone/install/encoder/lib/python3.10/site-packages/encoder.egg-link (link to .)
running egg_info
writing ../../build/encoder/encoder.egg-info/PKG-INFO
writing dependency_links to ../../build/encoder/encoder.egg-info/dependency_links.txt
writing entry points to ../../build/encoder/encoder.egg-info/entry_points.txt
writing requirements to ../../build/encoder/encoder.egg-info/requires.txt
writing top-level names to ../../build/encoder/encoder.egg-info/top_level.txt
reading manifest file '../../build/encoder/encoder.egg-info/SOURCES.txt'
writing manifest file '../../build/encoder/encoder.egg-info/SOURCES.txt'
running build
running build_py
creating /home/robotrodeo/capstone/build/encoder/build
creating /home/robotrodeo/capstone/build/encoder/build/lib
creating /home/robotrodeo/capstone/build/encoder/build/lib/encoder
copying encoder/motor_encoder_original.py -> /home/robotrodeo/capstone/build/encoder/build/lib/encoder
copying encoder/__init__.py -> /home/robotrodeo/capstone/build/encoder/build/lib/encoder
copying encoder/motor_encoder.py -> /home/robotrodeo/capstone/build/encoder/build/lib/encoder
running install
running install_lib
creating /home/robotrodeo/capstone/install/encoder/lib/python3.10/site-packages/encoder
copying /home/robotrodeo/capstone/build/encoder/build/lib/encoder/motor_encoder_original.py -> /home/robotrodeo/capstone/install/encoder/lib/python3.10/site-packages/encoder
copying /home/robotrodeo/capstone/build/encoder/build/lib/encoder/__init__.py -> /home/robotrodeo/capstone/install/encoder/lib/python3.10/site-packages/encoder
copying /home/robotrodeo/capstone/build/encoder/build/lib/encoder/motor_encoder.py -> /home/robotrodeo/capstone/install/encoder/lib/python3.10/site-packages/encoder
byte-compiling /home/robotrodeo/capstone/install/encoder/lib/python3.10/site-packages/encoder/motor_encoder_original.py to motor_encoder_original.cpython-310.pyc
byte-compiling /home/robotrodeo/capstone/install/encoder/lib/python3.10/site-packages/encoder/__init__.py to __init__.cpython-310.pyc
byte-compiling /home/robotrodeo/capstone/install/encoder/lib/python3.10/site-packages/encoder/motor_encoder.py to motor_encoder.cpython-310.pyc
running install_data
copying resource/encoder -> /home/robotrodeo/capstone/install/encoder/share/ament_index/resource_index/packages
copying package.xml -> /home/robotrodeo/capstone/install/encoder/share/encoder
running install_egg_info
Copying ../../build/encoder/encoder.egg-info to /home/robotrodeo/capstone/install/encoder/lib/python3.10/site-packages/encoder-0.0.0-py3.10.egg-info
running install_scripts
Installing motor_encoder script to /home/robotrodeo/capstone/install/encoder/lib/encoder
writing list of installed files to '/home/robotrodeo/capstone/build/encoder/install.log'
