[1.937s] Invoking command in '/home/robotrodeo/capstone/build/sllidar_ros2': CMAKE_PREFIX_PATH=${CMAKE_PREFIX_PATH}:/home/robotrodeo/capstone/install/encoder:/home/robotrodeo/capstone/install/drivetrain:/opt/ros/humble /usr/bin/cmake /home/robotrodeo/capstone/src/sllidar_ros2 -DAMENT_CMAKE_SYMLINK_INSTALL=1 -DCMAKE_INSTALL_PREFIX=/home/robotrodeo/capstone/install/sllidar_ros2
[1.999s] -- Found ament_cmake: 1.3.3 (/opt/ros/humble/share/ament_cmake/cmake)
[3.090s] -- Override CMake install command with custom implementation using symlinks instead of copying resources
[3.180s] -- Found rclcpp: 16.0.3 (/opt/ros/humble/share/rclcpp/cmake)
[3.756s] -- Found rosidl_generator_c: 3.1.4 (/opt/ros/humble/share/rosidl_generator_c/cmake)
[3.774s] -- Found rosidl_adapter: 3.1.4 (/opt/ros/humble/share/rosidl_adapter/cmake)
[3.814s] -- Found rosidl_generator_cpp: 3.1.4 (/opt/ros/humble/share/rosidl_generator_cpp/cmake)
[3.889s] -- Using all available rosidl_typesupport_c: rosidl_typesupport_fastrtps_c;rosidl_typesupport_introspection_c
[4.029s] -- Using all available rosidl_typesupport_cpp: rosidl_typesupport_fastrtps_cpp;rosidl_typesupport_introspection_cpp
[4.565s] -- Found rmw_implementation_cmake: 6.1.1 (/opt/ros/humble/share/rmw_implementation_cmake/cmake)
[4.586s] -- Found rmw_fastrtps_cpp: 6.2.2 (/opt/ros/humble/share/rmw_fastrtps_cpp/cmake)
[6.245s] -- Using RMW implementation 'rmw_fastrtps_cpp' as default
[7.247s] -- Found sensor_msgs: 4.2.3 (/opt/ros/humble/share/sensor_msgs/cmake)
[7.848s] -- Found std_srvs: 4.2.3 (/opt/ros/humble/share/std_srvs/cmake)
[8.439s] -- Configuring done
[8.605s] -- Generating done
[8.625s] -- Build files have been written to: /home/robotrodeo/capstone/build/sllidar_ros2
[8.672s] Invoked command in '/home/robotrodeo/capstone/build/sllidar_ros2' returned '0': CMAKE_PREFIX_PATH=${CMAKE_PREFIX_PATH}:/home/robotrodeo/capstone/install/encoder:/home/robotrodeo/capstone/install/drivetrain:/opt/ros/humble /usr/bin/cmake /home/robotrodeo/capstone/src/sllidar_ros2 -DAMENT_CMAKE_SYMLINK_INSTALL=1 -DCMAKE_INSTALL_PREFIX=/home/robotrodeo/capstone/install/sllidar_ros2
[8.674s] Invoking command in '/home/robotrodeo/capstone/build/sllidar_ros2': CMAKE_PREFIX_PATH=${CMAKE_PREFIX_PATH}:/home/robotrodeo/capstone/install/encoder:/home/robotrodeo/capstone/install/drivetrain:/opt/ros/humble /usr/bin/cmake --build /home/robotrodeo/capstone/build/sllidar_ros2 -- -j4 -l4
[8.901s] [35m[1mConsolidate compiler generated dependencies of target sllidar_client[0m
[8.908s] [35m[1mConsolidate compiler generated dependencies of target sllidar_node[0m
[9.113s] [ 14%] Built target sllidar_client
[9.130s] [100%] Built target sllidar_node
[9.198s] Invoked command in '/home/robotrodeo/capstone/build/sllidar_ros2' returned '0': CMAKE_PREFIX_PATH=${CMAKE_PREFIX_PATH}:/home/robotrodeo/capstone/install/encoder:/home/robotrodeo/capstone/install/drivetrain:/opt/ros/humble /usr/bin/cmake --build /home/robotrodeo/capstone/build/sllidar_ros2 -- -j4 -l4
