[0.194s] Invoking command in '/home/robotrodeo/capstone/build/articubot_one': CMAKE_PREFIX_PATH=${CMAKE_PREFIX_PATH}:/home/robotrodeo/capstone/install/encoder:/home/robotrodeo/capstone/install/drivetrain:/opt/ros/humble /usr/bin/cmake --build /home/robotrodeo/capstone/build/articubot_one -- -j4 -l4
[1.695s] Invoked command in '/home/robotrodeo/capstone/build/articubot_one' returned '0': CMAKE_PREFIX_PATH=${CMAKE_PREFIX_PATH}:/home/robotrodeo/capstone/install/encoder:/home/robotrodeo/capstone/install/drivetrain:/opt/ros/humble /usr/bin/cmake --build /home/robotrodeo/capstone/build/articubot_one -- -j4 -l4
[1.932s] Invoking command in '/home/robotrodeo/capstone/build/articubot_one': CMAKE_PREFIX_PATH=${CMAKE_PREFIX_PATH}:/home/robotrodeo/capstone/install/encoder:/home/robotrodeo/capstone/install/drivetrain:/opt/ros/humble /usr/bin/cmake --install /home/robotrodeo/capstone/build/articubot_one
[1.983s] -- Install configuration: ""
[1.984s] -- Execute custom install script
[1.987s] -- Up-to-date symlink: /home/robotrodeo/capstone/install/articubot_one/share/articubot_one/config/ball_tracker_params_robot.yaml
[1.988s] -- Up-to-date symlink: /home/robotrodeo/capstone/install/articubot_one/share/articubot_one/config/ball_tracker_params_sim.yaml
[1.997s] -- Up-to-date symlink: /home/robotrodeo/capstone/install/articubot_one/share/articubot_one/config/drive_bot.rviz
[1.998s] -- Up-to-date symlink: /home/robotrodeo/capstone/install/articubot_one/share/articubot_one/config/empty.yaml
[2.000s] -- Up-to-date symlink: /home/robotrodeo/capstone/install/articubot_one/share/articubot_one/config/gaz_ros2_ctl_use_sim.yaml
[2.001s] -- Up-to-date symlink: /home/robotrodeo/capstone/install/articubot_one/share/articubot_one/config/gazebo_params.yaml
[2.002s] -- Up-to-date symlink: /home/robotrodeo/capstone/install/articubot_one/share/articubot_one/config/joystick.yaml
[2.003s] -- Up-to-date symlink: /home/robotrodeo/capstone/install/articubot_one/share/articubot_one/config/main.rviz
[2.004s] -- Up-to-date symlink: /home/robotrodeo/capstone/install/articubot_one/share/articubot_one/config/map.rviz
[2.005s] -- Up-to-date symlink: /home/robotrodeo/capstone/install/articubot_one/share/articubot_one/config/mapper_params_online_async.yaml
[2.006s] -- Up-to-date symlink: /home/robotrodeo/capstone/install/articubot_one/share/articubot_one/config/my_controllers.yaml
[2.013s] -- Up-to-date symlink: /home/robotrodeo/capstone/install/articubot_one/share/articubot_one/config/nav2_params.yaml
[2.014s] -- Up-to-date symlink: /home/robotrodeo/capstone/install/articubot_one/share/articubot_one/config/twist_mux.yaml
[2.015s] -- Up-to-date symlink: /home/robotrodeo/capstone/install/articubot_one/share/articubot_one/config/view_bot.rviz
[2.017s] -- Up-to-date symlink: /home/robotrodeo/capstone/install/articubot_one/share/articubot_one/description/camera.xacro
[2.018s] -- Up-to-date symlink: /home/robotrodeo/capstone/install/articubot_one/share/articubot_one/description/depth_camera.xacro
[2.019s] -- Up-to-date symlink: /home/robotrodeo/capstone/install/articubot_one/share/articubot_one/description/face.xacro
[2.021s] -- Up-to-date symlink: /home/robotrodeo/capstone/install/articubot_one/share/articubot_one/description/gazebo_control.xacro
[2.022s] -- Up-to-date symlink: /home/robotrodeo/capstone/install/articubot_one/share/articubot_one/description/inertial_macros.xacro
[2.023s] -- Up-to-date symlink: /home/robotrodeo/capstone/install/articubot_one/share/articubot_one/description/lidar.xacro
[2.031s] -- Up-to-date symlink: /home/robotrodeo/capstone/install/articubot_one/share/articubot_one/description/robot.urdf.xacro
[2.032s] -- Up-to-date symlink: /home/robotrodeo/capstone/install/articubot_one/share/articubot_one/description/robot_core.xacro
[2.033s] -- Up-to-date symlink: /home/robotrodeo/capstone/install/articubot_one/share/articubot_one/description/ros2_control.xacro
[2.035s] -- Up-to-date symlink: /home/robotrodeo/capstone/install/articubot_one/share/articubot_one/launch/ball_tracker.launch.py
[2.036s] -- Up-to-date symlink: /home/robotrodeo/capstone/install/articubot_one/share/articubot_one/launch/camera.launch.py
[2.038s] -- Up-to-date symlink: /home/robotrodeo/capstone/install/articubot_one/share/articubot_one/launch/joystick.launch.py
[2.039s] -- Up-to-date symlink: /home/robotrodeo/capstone/install/articubot_one/share/articubot_one/launch/launch_robot.launch.py
[2.039s] -- Up-to-date symlink: /home/robotrodeo/capstone/install/articubot_one/share/articubot_one/launch/launch_sim.launch.py
[2.045s] -- Up-to-date symlink: /home/robotrodeo/capstone/install/articubot_one/share/articubot_one/launch/localization_launch.py
[2.046s] -- Up-to-date symlink: /home/robotrodeo/capstone/install/articubot_one/share/articubot_one/launch/navigation_launch.py
[2.047s] -- Up-to-date symlink: /home/robotrodeo/capstone/install/articubot_one/share/articubot_one/launch/online_async_launch.py
[2.048s] -- Up-to-date symlink: /home/robotrodeo/capstone/install/articubot_one/share/articubot_one/launch/rplidar.launch.py
[2.049s] -- Up-to-date symlink: /home/robotrodeo/capstone/install/articubot_one/share/articubot_one/launch/rsp.launch.py
[2.051s] -- Up-to-date symlink: /home/robotrodeo/capstone/install/articubot_one/share/articubot_one/worlds/empty.world
[2.052s] -- Up-to-date symlink: /home/robotrodeo/capstone/install/articubot_one/share/articubot_one/worlds/obstacles.world
[2.055s] -- Up-to-date symlink: /home/robotrodeo/capstone/install/articubot_one/share/ament_index/resource_index/package_run_dependencies/articubot_one
[2.055s] -- Up-to-date symlink: /home/robotrodeo/capstone/install/articubot_one/share/ament_index/resource_index/parent_prefix_path/articubot_one
[2.064s] -- Up-to-date symlink: /home/robotrodeo/capstone/install/articubot_one/share/articubot_one/environment/ament_prefix_path.sh
[2.065s] -- Up-to-date symlink: /home/robotrodeo/capstone/install/articubot_one/share/articubot_one/environment/ament_prefix_path.dsv
[2.066s] -- Up-to-date symlink: /home/robotrodeo/capstone/install/articubot_one/share/articubot_one/environment/path.sh
[2.067s] -- Up-to-date symlink: /home/robotrodeo/capstone/install/articubot_one/share/articubot_one/environment/path.dsv
[2.070s] -- Up-to-date symlink: /home/robotrodeo/capstone/install/articubot_one/share/articubot_one/local_setup.bash
[2.071s] -- Up-to-date symlink: /home/robotrodeo/capstone/install/articubot_one/share/articubot_one/local_setup.sh
[2.072s] -- Up-to-date symlink: /home/robotrodeo/capstone/install/articubot_one/share/articubot_one/local_setup.zsh
[2.078s] -- Up-to-date symlink: /home/robotrodeo/capstone/install/articubot_one/share/articubot_one/local_setup.dsv
[2.079s] -- Symlinking: /home/robotrodeo/capstone/install/articubot_one/share/articubot_one/package.dsv
[2.130s] -- Up-to-date symlink: /home/robotrodeo/capstone/install/articubot_one/share/ament_index/resource_index/packages/articubot_one
[2.132s] -- Up-to-date symlink: /home/robotrodeo/capstone/install/articubot_one/share/articubot_one/cmake/articubot_oneConfig.cmake
[2.135s] -- Up-to-date symlink: /home/robotrodeo/capstone/install/articubot_one/share/articubot_one/cmake/articubot_oneConfig-version.cmake
[2.138s] -- Up-to-date symlink: /home/robotrodeo/capstone/install/articubot_one/share/articubot_one/package.xml
[2.151s] Invoked command in '/home/robotrodeo/capstone/build/articubot_one' returned '0': CMAKE_PREFIX_PATH=${CMAKE_PREFIX_PATH}:/home/robotrodeo/capstone/install/encoder:/home/robotrodeo/capstone/install/drivetrain:/opt/ros/humble /usr/bin/cmake --install /home/robotrodeo/capstone/build/articubot_one
