[3.130s] Invoking command in '/home/robotrodeo/capstone/build/drivetrain': PYTHONPATH=/home/robotrodeo/capstone/build/drivetrain/prefix_override:/home/robotrodeo/capstone/install/drivetrain/lib/python3.10/site-packages:${PYTHONPATH} /usr/bin/python3 setup.py develop --uninstall --editable --build-directory /home/robotrodeo/capstone/build/drivetrain/build
[4.435s] running develop
[5.428s] Invoked command in '/home/robotrodeo/capstone/build/drivetrain' returned '0': PYTHONPATH=/home/robotrodeo/capstone/build/drivetrain/prefix_override:/home/robotrodeo/capstone/install/drivetrain/lib/python3.10/site-packages:${PYTHONPATH} /usr/bin/python3 setup.py develop --uninstall --editable --build-directory /home/robotrodeo/capstone/build/drivetrain/build
[5.437s] Invoking command in '/home/robotrodeo/capstone/src/drivetrain': PYTHONPATH=/home/robotrodeo/capstone/build/drivetrain/prefix_override:/home/robotrodeo/capstone/install/drivetrain/lib/python3.10/site-packages:${PYTHONPATH} /usr/bin/python3 setup.py egg_info --egg-base ../../build/drivetrain build --build-base /home/robotrodeo/capstone/build/drivetrain/build install --record /home/robotrodeo/capstone/build/drivetrain/install.log --single-version-externally-managed
[6.693s] running egg_info
[6.696s] writing ../../build/drivetrain/drivetrain.egg-info/PKG-INFO
[6.697s] writing dependency_links to ../../build/drivetrain/drivetrain.egg-info/dependency_links.txt
[6.698s] writing entry points to ../../build/drivetrain/drivetrain.egg-info/entry_points.txt
[6.700s] writing requirements to ../../build/drivetrain/drivetrain.egg-info/requires.txt
[6.700s] writing top-level names to ../../build/drivetrain/drivetrain.egg-info/top_level.txt
[6.709s] reading manifest file '../../build/drivetrain/drivetrain.egg-info/SOURCES.txt'
[6.713s] writing manifest file '../../build/drivetrain/drivetrain.egg-info/SOURCES.txt'
[6.713s] running build
[6.714s] running build_py
[6.715s] copying drivetrain/arm_node.py -> /home/robotrodeo/capstone/build/drivetrain/build/lib/drivetrain
[6.717s] running install
[6.718s] running install_lib
[6.722s] copying /home/robotrodeo/capstone/build/drivetrain/build/lib/drivetrain/arm_node.py -> /home/robotrodeo/capstone/install/drivetrain/lib/python3.10/site-packages/drivetrain
[6.725s] byte-compiling /home/robotrodeo/capstone/install/drivetrain/lib/python3.10/site-packages/drivetrain/arm_node.py to arm_node.cpython-310.pyc
[6.734s] running install_data
[6.736s] running install_egg_info
[6.743s] removing '/home/robotrodeo/capstone/install/drivetrain/lib/python3.10/site-packages/drivetrain-0.0.0-py3.10.egg-info' (and everything under it)
[6.744s] Copying ../../build/drivetrain/drivetrain.egg-info to /home/robotrodeo/capstone/install/drivetrain/lib/python3.10/site-packages/drivetrain-0.0.0-py3.10.egg-info
[6.750s] running install_scripts
[6.830s] Installing arm_node script to /home/robotrodeo/capstone/install/drivetrain/lib/drivetrain
[6.831s] Installing controller_node script to /home/robotrodeo/capstone/install/drivetrain/lib/drivetrain
[6.832s] Installing drivetrain_node script to /home/robotrodeo/capstone/install/drivetrain/lib/drivetrain
[6.833s] Installing tail_node script to /home/robotrodeo/capstone/install/drivetrain/lib/drivetrain
[6.835s] writing list of installed files to '/home/robotrodeo/capstone/build/drivetrain/install.log'
[6.968s] Invoked command in '/home/robotrodeo/capstone/src/drivetrain' returned '0': PYTHONPATH=/home/robotrodeo/capstone/build/drivetrain/prefix_override:/home/robotrodeo/capstone/install/drivetrain/lib/python3.10/site-packages:${PYTHONPATH} /usr/bin/python3 setup.py egg_info --egg-base ../../build/drivetrain build --build-base /home/robotrodeo/capstone/build/drivetrain/build install --record /home/robotrodeo/capstone/build/drivetrain/install.log --single-version-externally-managed
