[0.133s] Invoking command in '/home/robotrodeo/capstone/build/articubot_one': CMAKE_PREFIX_PATH=${CMAKE_PREFIX_PATH}:/home/robotrodeo/capstone/install/encoder:/opt/ros/humble /usr/bin/cmake --build /home/robotrodeo/capstone/build/articubot_one -- -j4 -l4
[0.566s] Invoked command in '/home/robotrodeo/capstone/build/articubot_one' returned '0': CMAKE_PREFIX_PATH=${CMAKE_PREFIX_PATH}:/home/robotrodeo/capstone/install/encoder:/opt/ros/humble /usr/bin/cmake --build /home/robotrodeo/capstone/build/articubot_one -- -j4 -l4
[0.846s] Invoking command in '/home/robotrodeo/capstone/build/articubot_one': CMAKE_PREFIX_PATH=${CMAKE_PREFIX_PATH}:/home/robotrodeo/capstone/install/encoder:/opt/ros/humble /usr/bin/cmake --install /home/robotrodeo/capstone/build/articubot_one
[0.934s] -- Install configuration: ""
[0.941s] -- Execute custom install script
[0.956s] -- Up-to-date symlink: /home/robotrodeo/capstone/install/articubot_one/share/articubot_one/config/ball_tracker_params_robot.yaml
[0.960s] -- Up-to-date symlink: /home/robotrodeo/capstone/install/articubot_one/share/articubot_one/config/ball_tracker_params_sim.yaml
[0.962s] -- Up-to-date symlink: /home/robotrodeo/capstone/install/articubot_one/share/articubot_one/config/drive_bot.rviz
[0.966s] -- Up-to-date symlink: /home/robotrodeo/capstone/install/articubot_one/share/articubot_one/config/empty.yaml
[0.969s] -- Up-to-date symlink: /home/robotrodeo/capstone/install/articubot_one/share/articubot_one/config/gaz_ros2_ctl_use_sim.yaml
[0.970s] -- Up-to-date symlink: /home/robotrodeo/capstone/install/articubot_one/share/articubot_one/config/gazebo_params.yaml
[0.972s] -- Up-to-date symlink: /home/robotrodeo/capstone/install/articubot_one/share/articubot_one/config/joystick.yaml
[0.974s] -- Up-to-date symlink: /home/robotrodeo/capstone/install/articubot_one/share/articubot_one/config/main.rviz
[0.975s] -- Up-to-date symlink: /home/robotrodeo/capstone/install/articubot_one/share/articubot_one/config/map.rviz
[0.977s] -- Up-to-date symlink: /home/robotrodeo/capstone/install/articubot_one/share/articubot_one/config/mapper_params_online_async.yaml
[0.980s] -- Up-to-date symlink: /home/robotrodeo/capstone/install/articubot_one/share/articubot_one/config/my_controllers.yaml
[0.998s] -- Up-to-date symlink: /home/robotrodeo/capstone/install/articubot_one/share/articubot_one/config/nav2_params.yaml
[1.000s] -- Up-to-date symlink: /home/robotrodeo/capstone/install/articubot_one/share/articubot_one/config/twist_mux.yaml
[1.000s] -- Up-to-date symlink: /home/robotrodeo/capstone/install/articubot_one/share/articubot_one/config/view_bot.rviz
[1.008s] -- Up-to-date symlink: /home/robotrodeo/capstone/install/articubot_one/share/articubot_one/description/camera.xacro
[1.013s] -- Up-to-date symlink: /home/robotrodeo/capstone/install/articubot_one/share/articubot_one/description/depth_camera.xacro
[1.016s] -- Up-to-date symlink: /home/robotrodeo/capstone/install/articubot_one/share/articubot_one/description/face.xacro
[1.018s] -- Up-to-date symlink: /home/robotrodeo/capstone/install/articubot_one/share/articubot_one/description/gazebo_control.xacro
[1.021s] -- Up-to-date symlink: /home/robotrodeo/capstone/install/articubot_one/share/articubot_one/description/inertial_macros.xacro
[1.024s] -- Up-to-date symlink: /home/robotrodeo/capstone/install/articubot_one/share/articubot_one/description/lidar.xacro
[1.026s] -- Up-to-date symlink: /home/robotrodeo/capstone/install/articubot_one/share/articubot_one/description/robot.urdf.xacro
[1.033s] -- Up-to-date symlink: /home/robotrodeo/capstone/install/articubot_one/share/articubot_one/description/robot_core.xacro
[1.039s] -- Up-to-date symlink: /home/robotrodeo/capstone/install/articubot_one/share/articubot_one/description/ros2_control.xacro
[1.046s] -- Up-to-date symlink: /home/robotrodeo/capstone/install/articubot_one/share/articubot_one/launch/ball_tracker.launch.py
[1.048s] -- Up-to-date symlink: /home/robotrodeo/capstone/install/articubot_one/share/articubot_one/launch/camera.launch.py
[1.050s] -- Up-to-date symlink: /home/robotrodeo/capstone/install/articubot_one/share/articubot_one/launch/joystick.launch.py
[1.053s] -- Up-to-date symlink: /home/robotrodeo/capstone/install/articubot_one/share/articubot_one/launch/launch_robot.launch.py
[1.055s] -- Up-to-date symlink: /home/robotrodeo/capstone/install/articubot_one/share/articubot_one/launch/launch_sim.launch.py
[1.060s] -- Up-to-date symlink: /home/robotrodeo/capstone/install/articubot_one/share/articubot_one/launch/localization_launch.py
[1.065s] -- Up-to-date symlink: /home/robotrodeo/capstone/install/articubot_one/share/articubot_one/launch/navigation_launch.py
[1.068s] -- Up-to-date symlink: /home/robotrodeo/capstone/install/articubot_one/share/articubot_one/launch/online_async_launch.py
[1.072s] -- Up-to-date symlink: /home/robotrodeo/capstone/install/articubot_one/share/articubot_one/launch/rplidar.launch.py
[1.083s] -- Up-to-date symlink: /home/robotrodeo/capstone/install/articubot_one/share/articubot_one/launch/rsp.launch.py
[1.091s] -- Up-to-date symlink: /home/robotrodeo/capstone/install/articubot_one/share/articubot_one/worlds/empty.world
[1.092s] -- Up-to-date symlink: /home/robotrodeo/capstone/install/articubot_one/share/articubot_one/worlds/obstacles.world
[1.094s] -- Up-to-date symlink: /home/robotrodeo/capstone/install/articubot_one/share/ament_index/resource_index/package_run_dependencies/articubot_one
[1.098s] -- Up-to-date symlink: /home/robotrodeo/capstone/install/articubot_one/share/ament_index/resource_index/parent_prefix_path/articubot_one
[1.102s] -- Up-to-date symlink: /home/robotrodeo/capstone/install/articubot_one/share/articubot_one/environment/ament_prefix_path.sh
[1.103s] -- Up-to-date symlink: /home/robotrodeo/capstone/install/articubot_one/share/articubot_one/environment/ament_prefix_path.dsv
[1.105s] -- Up-to-date symlink: /home/robotrodeo/capstone/install/articubot_one/share/articubot_one/environment/path.sh
[1.107s] -- Up-to-date symlink: /home/robotrodeo/capstone/install/articubot_one/share/articubot_one/environment/path.dsv
[1.109s] -- Up-to-date symlink: /home/robotrodeo/capstone/install/articubot_one/share/articubot_one/local_setup.bash
[1.110s] -- Up-to-date symlink: /home/robotrodeo/capstone/install/articubot_one/share/articubot_one/local_setup.sh
[1.112s] -- Up-to-date symlink: /home/robotrodeo/capstone/install/articubot_one/share/articubot_one/local_setup.zsh
[1.115s] -- Up-to-date symlink: /home/robotrodeo/capstone/install/articubot_one/share/articubot_one/local_setup.dsv
[1.116s] -- Symlinking: /home/robotrodeo/capstone/install/articubot_one/share/articubot_one/package.dsv
[1.162s] -- Up-to-date symlink: /home/robotrodeo/capstone/install/articubot_one/share/ament_index/resource_index/packages/articubot_one
[1.167s] -- Up-to-date symlink: /home/robotrodeo/capstone/install/articubot_one/share/articubot_one/cmake/articubot_oneConfig.cmake
[1.171s] -- Up-to-date symlink: /home/robotrodeo/capstone/install/articubot_one/share/articubot_one/cmake/articubot_oneConfig-version.cmake
[1.174s] -- Up-to-date symlink: /home/robotrodeo/capstone/install/articubot_one/share/articubot_one/package.xml
[1.193s] Invoked command in '/home/robotrodeo/capstone/build/articubot_one' returned '0': CMAKE_PREFIX_PATH=${CMAKE_PREFIX_PATH}:/home/robotrodeo/capstone/install/encoder:/opt/ros/humble /usr/bin/cmake --install /home/robotrodeo/capstone/build/articubot_one
