[3.073s] Invoking command in '/home/robotrodeo/capstone/build/drivetrain': PYTHONPATH=/home/robotrodeo/capstone/build/drivetrain/prefix_override:/home/robotrodeo/capstone/install/drivetrain/lib/python3.10/site-packages:${PYTHONPATH} /usr/bin/python3 setup.py develop --uninstall --editable --build-directory /home/robotrodeo/capstone/build/drivetrain/build
[4.353s] running develop
[5.349s] Invoked command in '/home/robotrodeo/capstone/build/drivetrain' returned '0': PYTHONPATH=/home/robotrodeo/capstone/build/drivetrain/prefix_override:/home/robotrodeo/capstone/install/drivetrain/lib/python3.10/site-packages:${PYTHONPATH} /usr/bin/python3 setup.py develop --uninstall --editable --build-directory /home/robotrodeo/capstone/build/drivetrain/build
[5.359s] Invoking command in '/home/robotrodeo/capstone/src/drivetrain': PYTHONPATH=/home/robotrodeo/capstone/build/drivetrain/prefix_override:/home/robotrodeo/capstone/install/drivetrain/lib/python3.10/site-packages:${PYTHONPATH} /usr/bin/python3 setup.py egg_info --egg-base ../../build/drivetrain build --build-base /home/robotrodeo/capstone/build/drivetrain/build install --record /home/robotrodeo/capstone/build/drivetrain/install.log --single-version-externally-managed
[6.594s] running egg_info
[6.596s] writing ../../build/drivetrain/drivetrain.egg-info/PKG-INFO
[6.597s] writing dependency_links to ../../build/drivetrain/drivetrain.egg-info/dependency_links.txt
[6.599s] writing entry points to ../../build/drivetrain/drivetrain.egg-info/entry_points.txt
[6.600s] writing requirements to ../../build/drivetrain/drivetrain.egg-info/requires.txt
[6.600s] writing top-level names to ../../build/drivetrain/drivetrain.egg-info/top_level.txt
[6.609s] reading manifest file '../../build/drivetrain/drivetrain.egg-info/SOURCES.txt'
[6.612s] writing manifest file '../../build/drivetrain/drivetrain.egg-info/SOURCES.txt'
[6.613s] running build
[6.614s] running build_py
[6.616s] running install
[6.617s] running install_lib
[6.623s] running install_data
[6.626s] running install_egg_info
[6.632s] removing '/home/robotrodeo/capstone/install/drivetrain/lib/python3.10/site-packages/drivetrain-0.0.0-py3.10.egg-info' (and everything under it)
[6.634s] Copying ../../build/drivetrain/drivetrain.egg-info to /home/robotrodeo/capstone/install/drivetrain/lib/python3.10/site-packages/drivetrain-0.0.0-py3.10.egg-info
[6.639s] running install_scripts
[6.720s] Installing arm_node script to /home/robotrodeo/capstone/install/drivetrain/lib/drivetrain
[6.721s] Installing controller_node script to /home/robotrodeo/capstone/install/drivetrain/lib/drivetrain
[6.722s] Installing drivetrain_node script to /home/robotrodeo/capstone/install/drivetrain/lib/drivetrain
[6.723s] Installing tail_node script to /home/robotrodeo/capstone/install/drivetrain/lib/drivetrain
[6.725s] writing list of installed files to '/home/robotrodeo/capstone/build/drivetrain/install.log'
[6.862s] Invoked command in '/home/robotrodeo/capstone/src/drivetrain' returned '0': PYTHONPATH=/home/robotrodeo/capstone/build/drivetrain/prefix_override:/home/robotrodeo/capstone/install/drivetrain/lib/python3.10/site-packages:${PYTHONPATH} /usr/bin/python3 setup.py egg_info --egg-base ../../build/drivetrain build --build-base /home/robotrodeo/capstone/build/drivetrain/build install --record /home/robotrodeo/capstone/build/drivetrain/install.log --single-version-externally-managed
