[3.236s] Invoking command in '/home/robotrodeo/capstone/build/drivetrain': PYTHONPATH=/home/robotrodeo/capstone/build/drivetrain/prefix_override:/home/robotrodeo/capstone/install/drivetrain/lib/python3.10/site-packages:${PYTHONPATH} /usr/bin/python3 setup.py develop --uninstall --editable --build-directory /home/robotrodeo/capstone/build/drivetrain/build
[4.590s] running develop
[5.634s] Invoked command in '/home/robotrodeo/capstone/build/drivetrain' returned '0': PYTHONPATH=/home/robotrodeo/capstone/build/drivetrain/prefix_override:/home/robotrodeo/capstone/install/drivetrain/lib/python3.10/site-packages:${PYTHONPATH} /usr/bin/python3 setup.py develop --uninstall --editable --build-directory /home/robotrodeo/capstone/build/drivetrain/build
[5.644s] Invoking command in '/home/robotrodeo/capstone/src/drivetrain': PYTHONPATH=/home/robotrodeo/capstone/build/drivetrain/prefix_override:/home/robotrodeo/capstone/install/drivetrain/lib/python3.10/site-packages:${PYTHONPATH} /usr/bin/python3 setup.py egg_info --egg-base ../../build/drivetrain build --build-base /home/robotrodeo/capstone/build/drivetrain/build install --record /home/robotrodeo/capstone/build/drivetrain/install.log --single-version-externally-managed
[6.916s] running egg_info
[6.919s] writing ../../build/drivetrain/drivetrain.egg-info/PKG-INFO
[6.920s] writing dependency_links to ../../build/drivetrain/drivetrain.egg-info/dependency_links.txt
[6.921s] writing entry points to ../../build/drivetrain/drivetrain.egg-info/entry_points.txt
[6.922s] writing requirements to ../../build/drivetrain/drivetrain.egg-info/requires.txt
[6.923s] writing top-level names to ../../build/drivetrain/drivetrain.egg-info/top_level.txt
[6.932s] reading manifest file '../../build/drivetrain/drivetrain.egg-info/SOURCES.txt'
[6.936s] writing manifest file '../../build/drivetrain/drivetrain.egg-info/SOURCES.txt'
[6.936s] running build
[6.937s] running build_py
[6.939s] running install
[6.940s] running install_lib
[6.947s] running install_data
[6.949s] running install_egg_info
[6.956s] removing '/home/robotrodeo/capstone/install/drivetrain/lib/python3.10/site-packages/drivetrain-0.0.0-py3.10.egg-info' (and everything under it)
[6.958s] Copying ../../build/drivetrain/drivetrain.egg-info to /home/robotrodeo/capstone/install/drivetrain/lib/python3.10/site-packages/drivetrain-0.0.0-py3.10.egg-info
[6.963s] running install_scripts
[7.046s] Installing arm_node script to /home/robotrodeo/capstone/install/drivetrain/lib/drivetrain
[7.047s] Installing controller_node script to /home/robotrodeo/capstone/install/drivetrain/lib/drivetrain
[7.048s] Installing drivetrain_node script to /home/robotrodeo/capstone/install/drivetrain/lib/drivetrain
[7.049s] Installing tail_node script to /home/robotrodeo/capstone/install/drivetrain/lib/drivetrain
[7.051s] writing list of installed files to '/home/robotrodeo/capstone/build/drivetrain/install.log'
[7.187s] Invoked command in '/home/robotrodeo/capstone/src/drivetrain' returned '0': PYTHONPATH=/home/robotrodeo/capstone/build/drivetrain/prefix_override:/home/robotrodeo/capstone/install/drivetrain/lib/python3.10/site-packages:${PYTHONPATH} /usr/bin/python3 setup.py egg_info --egg-base ../../build/drivetrain build --build-base /home/robotrodeo/capstone/build/drivetrain/build install --record /home/robotrodeo/capstone/build/drivetrain/install.log --single-version-externally-managed
