running develop
/usr/lib/python3/dist-packages/setuptools/command/easy_install.py:158: EasyInstallDeprecationWarning: easy_install command is deprecated. Use build and pip and other standards-based tools.
  warnings.warn(
/usr/lib/python3/dist-packages/setuptools/command/install.py:34: SetuptoolsDeprecationWarning: setup.py install is deprecated. Use build and pip and other standards-based tools.
  warnings.warn(
/usr/lib/python3/dist-packages/pkg_resources/__init__.py:116: PkgResourcesDeprecationWarning: 1.1build1 is an invalid version and will not be supported in a future release
  warnings.warn(
/usr/lib/python3/dist-packages/pkg_resources/__init__.py:116: PkgResourcesDeprecationWarning: 0.1.43ubuntu1 is an invalid version and will not be supported in a future release
  warnings.warn(
running egg_info
writing drivetrain.egg-info/PKG-INFO
writing dependency_links to drivetrain.egg-info/dependency_links.txt
writing entry points to drivetrain.egg-info/entry_points.txt
writing requirements to drivetrain.egg-info/requires.txt
writing top-level names to drivetrain.egg-info/top_level.txt
reading manifest file 'drivetrain.egg-info/SOURCES.txt'
writing manifest file 'drivetrain.egg-info/SOURCES.txt'
running build_ext
Creating /home/robotrodeo/capstone/install/drivetrain/lib/python3.10/site-packages/drivetrain.egg-link (link to .)
Installing controller_node script to /home/robotrodeo/capstone/install/drivetrain/lib/drivetrain
Installing drivetrain_node script to /home/robotrodeo/capstone/install/drivetrain/lib/drivetrain
Installing tail_node script to /home/robotrodeo/capstone/install/drivetrain/lib/drivetrain

Installed /home/robotrodeo/capstone/build/drivetrain
running install_data
