[5.491s] Invoking command in '/home/robotrodeo/capstone/build/drivetrain': PYTHONPATH=/home/robotrodeo/capstone/build/drivetrain/prefix_override:/home/robotrodeo/capstone/install/drivetrain/lib/python3.10/site-packages:${PYTHONPATH} /usr/bin/python3 setup.py develop --editable --build-directory /home/robotrodeo/capstone/build/drivetrain/build --no-deps install_data
[7.492s] running develop
[7.498s] /usr/lib/python3/dist-packages/setuptools/command/easy_install.py:158: EasyInstallDeprecationWarning: easy_install command is deprecated. Use build and pip and other standards-based tools.
[7.498s]   warnings.warn(
[7.509s] /usr/lib/python3/dist-packages/setuptools/command/install.py:34: SetuptoolsDeprecationWarning: setup.py install is deprecated. Use build and pip and other standards-based tools.
[7.510s]   warnings.warn(
[7.968s] /usr/lib/python3/dist-packages/pkg_resources/__init__.py:116: PkgResourcesDeprecationWarning: 1.1build1 is an invalid version and will not be supported in a future release
[7.968s]   warnings.warn(
[7.969s] /usr/lib/python3/dist-packages/pkg_resources/__init__.py:116: PkgResourcesDeprecationWarning: 0.1.43ubuntu1 is an invalid version and will not be supported in a future release
[7.969s]   warnings.warn(
[8.928s] running egg_info
[8.929s] writing drivetrain.egg-info/PKG-INFO
[8.938s] writing dependency_links to drivetrain.egg-info/dependency_links.txt
[8.940s] writing entry points to drivetrain.egg-info/entry_points.txt
[8.941s] writing requirements to drivetrain.egg-info/requires.txt
[8.943s] writing top-level names to drivetrain.egg-info/top_level.txt
[8.951s] reading manifest file 'drivetrain.egg-info/SOURCES.txt'
[8.956s] writing manifest file 'drivetrain.egg-info/SOURCES.txt'
[8.964s] running build_ext
[8.966s] Creating /home/robotrodeo/capstone/install/drivetrain/lib/python3.10/site-packages/drivetrain.egg-link (link to .)
[8.969s] Installing controller_node script to /home/robotrodeo/capstone/install/drivetrain/lib/drivetrain
[8.970s] Installing drivetrain_node script to /home/robotrodeo/capstone/install/drivetrain/lib/drivetrain
[8.972s] Installing tail_node script to /home/robotrodeo/capstone/install/drivetrain/lib/drivetrain
[8.976s] 
[8.977s] Installed /home/robotrodeo/capstone/build/drivetrain
[8.978s] running install_data
[9.160s] Invoked command in '/home/robotrodeo/capstone/build/drivetrain' returned '0': PYTHONPATH=/home/robotrodeo/capstone/build/drivetrain/prefix_override:/home/robotrodeo/capstone/install/drivetrain/lib/python3.10/site-packages:${PYTHONPATH} /usr/bin/python3 setup.py develop --editable --build-directory /home/robotrodeo/capstone/build/drivetrain/build --no-deps install_data
