[5.756s] Invoking command in '/home/robotrodeo/capstone/src/drivetrain': PYTHONPATH=/home/robotrodeo/capstone/build/drivetrain/prefix_override:/home/robotrodeo/capstone/install/drivetrain/lib/python3.10/site-packages:${PYTHONPATH} /usr/bin/python3 setup.py egg_info --egg-base ../../build/drivetrain build --build-base /home/robotrodeo/capstone/build/drivetrain/build install --record /home/robotrodeo/capstone/build/drivetrain/install.log --single-version-externally-managed
[7.073s] running egg_info
[7.076s] creating ../../build/drivetrain/drivetrain.egg-info
[7.077s] writing ../../build/drivetrain/drivetrain.egg-info/PKG-INFO
[7.079s] writing dependency_links to ../../build/drivetrain/drivetrain.egg-info/dependency_links.txt
[7.080s] writing entry points to ../../build/drivetrain/drivetrain.egg-info/entry_points.txt
[7.080s] writing requirements to ../../build/drivetrain/drivetrain.egg-info/requires.txt
[7.081s] writing top-level names to ../../build/drivetrain/drivetrain.egg-info/top_level.txt
[7.082s] writing manifest file '../../build/drivetrain/drivetrain.egg-info/SOURCES.txt'
[7.090s] reading manifest file '../../build/drivetrain/drivetrain.egg-info/SOURCES.txt'
[7.096s] writing manifest file '../../build/drivetrain/drivetrain.egg-info/SOURCES.txt'
[7.097s] running build
[7.098s] running build_py
[7.099s] creating /home/robotrodeo/capstone/build/drivetrain/build
[7.100s] creating /home/robotrodeo/capstone/build/drivetrain/build/lib
[7.100s] creating /home/robotrodeo/capstone/build/drivetrain/build/lib/drivetrain
[7.101s] copying drivetrain/__init__.py -> /home/robotrodeo/capstone/build/drivetrain/build/lib/drivetrain
[7.101s] copying drivetrain/tail_node.py -> /home/robotrodeo/capstone/build/drivetrain/build/lib/drivetrain
[7.102s] copying drivetrain/drivetrain_node.py -> /home/robotrodeo/capstone/build/drivetrain/build/lib/drivetrain
[7.103s] copying drivetrain/controller_node.py -> /home/robotrodeo/capstone/build/drivetrain/build/lib/drivetrain
[7.103s] running install
[7.104s] /usr/lib/python3/dist-packages/setuptools/command/install.py:34: SetuptoolsDeprecationWarning: setup.py install is deprecated. Use build and pip and other standards-based tools.
[7.105s]   warnings.warn(
[7.106s] running install_lib
[7.110s] creating /home/robotrodeo/capstone/install/drivetrain/lib/python3.10/site-packages/drivetrain
[7.112s] copying /home/robotrodeo/capstone/build/drivetrain/build/lib/drivetrain/__init__.py -> /home/robotrodeo/capstone/install/drivetrain/lib/python3.10/site-packages/drivetrain
[7.113s] copying /home/robotrodeo/capstone/build/drivetrain/build/lib/drivetrain/tail_node.py -> /home/robotrodeo/capstone/install/drivetrain/lib/python3.10/site-packages/drivetrain
[7.115s] copying /home/robotrodeo/capstone/build/drivetrain/build/lib/drivetrain/drivetrain_node.py -> /home/robotrodeo/capstone/install/drivetrain/lib/python3.10/site-packages/drivetrain
[7.116s] copying /home/robotrodeo/capstone/build/drivetrain/build/lib/drivetrain/controller_node.py -> /home/robotrodeo/capstone/install/drivetrain/lib/python3.10/site-packages/drivetrain
[7.118s] byte-compiling /home/robotrodeo/capstone/install/drivetrain/lib/python3.10/site-packages/drivetrain/__init__.py to __init__.cpython-310.pyc
[7.125s] byte-compiling /home/robotrodeo/capstone/install/drivetrain/lib/python3.10/site-packages/drivetrain/tail_node.py to tail_node.cpython-310.pyc
[7.126s] byte-compiling /home/robotrodeo/capstone/install/drivetrain/lib/python3.10/site-packages/drivetrain/drivetrain_node.py to drivetrain_node.cpython-310.pyc
[7.130s] byte-compiling /home/robotrodeo/capstone/install/drivetrain/lib/python3.10/site-packages/drivetrain/controller_node.py to controller_node.cpython-310.pyc
[7.132s] running install_data
[7.134s] creating /home/robotrodeo/capstone/install/drivetrain/share/ament_index
[7.135s] creating /home/robotrodeo/capstone/install/drivetrain/share/ament_index/resource_index
[7.136s] creating /home/robotrodeo/capstone/install/drivetrain/share/ament_index/resource_index/packages
[7.137s] copying resource/drivetrain -> /home/robotrodeo/capstone/install/drivetrain/share/ament_index/resource_index/packages
[7.137s] copying package.xml -> /home/robotrodeo/capstone/install/drivetrain/share/drivetrain
[7.138s] running install_egg_info
[7.148s] Copying ../../build/drivetrain/drivetrain.egg-info to /home/robotrodeo/capstone/install/drivetrain/lib/python3.10/site-packages/drivetrain-0.0.0-py3.10.egg-info
[7.154s] running install_scripts
[7.256s] Installing controller_node script to /home/robotrodeo/capstone/install/drivetrain/lib/drivetrain
[7.257s] Installing drivetrain_node script to /home/robotrodeo/capstone/install/drivetrain/lib/drivetrain
[7.258s] Installing tail_node script to /home/robotrodeo/capstone/install/drivetrain/lib/drivetrain
[7.259s] writing list of installed files to '/home/robotrodeo/capstone/build/drivetrain/install.log'
[7.425s] Invoked command in '/home/robotrodeo/capstone/src/drivetrain' returned '0': PYTHONPATH=/home/robotrodeo/capstone/build/drivetrain/prefix_override:/home/robotrodeo/capstone/install/drivetrain/lib/python3.10/site-packages:${PYTHONPATH} /usr/bin/python3 setup.py egg_info --egg-base ../../build/drivetrain build --build-base /home/robotrodeo/capstone/build/drivetrain/build install --record /home/robotrodeo/capstone/build/drivetrain/install.log --single-version-externally-managed
