[1.405s] DEBUG:colcon:Command line arguments: ['/usr/bin/colcon', 'build']
[1.406s] DEBUG:colcon:Parsed command line arguments: Namespace(log_base=None, log_level=None, verb_name='build', build_base='build', install_base='install', merge_install=False, symlink_install=False, test_result_base=None, continue_on_error=False, executor='parallel', parallel_workers=4, event_handlers=None, ignore_user_meta=False, metas=['./colcon.meta'], base_paths=['.'], packages_ignore=None, packages_ignore_regex=None, paths=None, packages_up_to=None, packages_up_to_regex=None, packages_above=None, packages_above_and_dependencies=None, packages_above_depth=None, packages_select_by_dep=None, packages_skip_by_dep=None, packages_skip_up_to=None, packages_select_build_failed=False, packages_skip_build_finished=False, packages_select_test_failures=False, packages_skip_test_passed=False, packages_select=None, packages_skip=None, packages_select_regex=None, packages_skip_regex=None, packages_start=None, packages_end=None, allow_overriding=[], cmake_args=None, cmake_target=None, cmake_target_skip_unavailable=False, cmake_clean_cache=False, cmake_clean_first=False, cmake_force_configure=False, ament_cmake_args=None, catkin_cmake_args=None, catkin_skip_building_tests=False, verb_parser=<colcon_defaults.argument_parser.defaults.DefaultArgumentsDecorator object at 0xffffb38af580>, verb_extension=<colcon_core.verb.build.BuildVerb object at 0xffffb415c3a0>, main=<bound method BuildVerb.main of <colcon_core.verb.build.BuildVerb object at 0xffffb415c3a0>>)
[1.544s] Level 1:colcon.colcon_core.package_discovery:discover_packages(colcon_meta) check parameters
[1.545s] Level 1:colcon.colcon_core.package_discovery:discover_packages(recursive) check parameters
[1.545s] Level 1:colcon.colcon_core.package_discovery:discover_packages(ignore) check parameters
[1.545s] Level 1:colcon.colcon_core.package_discovery:discover_packages(path) check parameters
[1.545s] Level 1:colcon.colcon_core.package_discovery:discover_packages(colcon_meta) discover
[1.545s] Level 1:colcon.colcon_core.package_discovery:discover_packages(recursive) discover
[1.545s] INFO:colcon.colcon_core.package_discovery:Crawling recursively for packages in '/home/robotrodeo/capstone'
[1.546s] Level 1:colcon.colcon_core.package_identification:_identify(.) by extensions ['ignore', 'ignore_ament_install']
[1.546s] Level 1:colcon.colcon_core.package_identification:_identify(.) by extension 'ignore'
[1.546s] Level 1:colcon.colcon_core.package_identification:_identify(.) by extension 'ignore_ament_install'
[1.546s] Level 1:colcon.colcon_core.package_identification:_identify(.) by extensions ['colcon_pkg']
[1.547s] Level 1:colcon.colcon_core.package_identification:_identify(.) by extension 'colcon_pkg'
[1.547s] Level 1:colcon.colcon_core.package_identification:_identify(.) by extensions ['colcon_meta']
[1.547s] Level 1:colcon.colcon_core.package_identification:_identify(.) by extension 'colcon_meta'
[1.547s] Level 1:colcon.colcon_core.package_identification:_identify(.) by extensions ['ros']
[1.547s] Level 1:colcon.colcon_core.package_identification:_identify(.) by extension 'ros'
[1.595s] Level 1:colcon.colcon_core.package_identification:_identify(.) by extensions ['cmake', 'python']
[1.595s] Level 1:colcon.colcon_core.package_identification:_identify(.) by extension 'cmake'
[1.595s] Level 1:colcon.colcon_core.package_identification:_identify(.) by extension 'python'
[1.595s] Level 1:colcon.colcon_core.package_identification:_identify(.) by extensions ['python_setup_py']
[1.596s] Level 1:colcon.colcon_core.package_identification:_identify(.) by extension 'python_setup_py'
[1.596s] Level 1:colcon.colcon_core.package_identification:_identify(build) by extensions ['ignore', 'ignore_ament_install']
[1.597s] Level 1:colcon.colcon_core.package_identification:_identify(build) by extension 'ignore'
[1.597s] Level 1:colcon.colcon_core.package_identification:_identify(build) ignored
[1.598s] Level 1:colcon.colcon_core.package_identification:_identify(install) by extensions ['ignore', 'ignore_ament_install']
[1.598s] Level 1:colcon.colcon_core.package_identification:_identify(install) by extension 'ignore'
[1.598s] Level 1:colcon.colcon_core.package_identification:_identify(install) ignored
[1.599s] Level 1:colcon.colcon_core.package_identification:_identify(log) by extensions ['ignore', 'ignore_ament_install']
[1.599s] Level 1:colcon.colcon_core.package_identification:_identify(log) by extension 'ignore'
[1.599s] Level 1:colcon.colcon_core.package_identification:_identify(log) ignored
[1.599s] Level 1:colcon.colcon_core.package_identification:_identify(src) by extensions ['ignore', 'ignore_ament_install']
[1.600s] Level 1:colcon.colcon_core.package_identification:_identify(src) by extension 'ignore'
[1.600s] Level 1:colcon.colcon_core.package_identification:_identify(src) by extension 'ignore_ament_install'
[1.600s] Level 1:colcon.colcon_core.package_identification:_identify(src) by extensions ['colcon_pkg']
[1.600s] Level 1:colcon.colcon_core.package_identification:_identify(src) by extension 'colcon_pkg'
[1.600s] Level 1:colcon.colcon_core.package_identification:_identify(src) by extensions ['colcon_meta']
[1.601s] Level 1:colcon.colcon_core.package_identification:_identify(src) by extension 'colcon_meta'
[1.601s] Level 1:colcon.colcon_core.package_identification:_identify(src) by extensions ['ros']
[1.601s] Level 1:colcon.colcon_core.package_identification:_identify(src) by extension 'ros'
[1.601s] Level 1:colcon.colcon_core.package_identification:_identify(src) by extensions ['cmake', 'python']
[1.601s] Level 1:colcon.colcon_core.package_identification:_identify(src) by extension 'cmake'
[1.602s] Level 1:colcon.colcon_core.package_identification:_identify(src) by extension 'python'
[1.602s] Level 1:colcon.colcon_core.package_identification:_identify(src) by extensions ['python_setup_py']
[1.602s] Level 1:colcon.colcon_core.package_identification:_identify(src) by extension 'python_setup_py'
[1.602s] Level 1:colcon.colcon_core.package_identification:_identify(src/articubot_one) by extensions ['ignore', 'ignore_ament_install']
[1.603s] Level 1:colcon.colcon_core.package_identification:_identify(src/articubot_one) by extension 'ignore'
[1.603s] Level 1:colcon.colcon_core.package_identification:_identify(src/articubot_one) by extension 'ignore_ament_install'
[1.603s] Level 1:colcon.colcon_core.package_identification:_identify(src/articubot_one) by extensions ['colcon_pkg']
[1.603s] Level 1:colcon.colcon_core.package_identification:_identify(src/articubot_one) by extension 'colcon_pkg'
[1.603s] Level 1:colcon.colcon_core.package_identification:_identify(src/articubot_one) by extensions ['colcon_meta']
[1.603s] Level 1:colcon.colcon_core.package_identification:_identify(src/articubot_one) by extension 'colcon_meta'
[1.604s] Level 1:colcon.colcon_core.package_identification:_identify(src/articubot_one) by extensions ['ros']
[1.604s] Level 1:colcon.colcon_core.package_identification:_identify(src/articubot_one) by extension 'ros'
[1.612s] DEBUG:colcon.colcon_core.package_identification:Package 'src/articubot_one' with type 'ros.ament_cmake' and name 'articubot_one'
[1.613s] Level 1:colcon.colcon_core.package_identification:_identify(src/encoder) by extensions ['ignore', 'ignore_ament_install']
[1.613s] Level 1:colcon.colcon_core.package_identification:_identify(src/encoder) by extension 'ignore'
[1.614s] Level 1:colcon.colcon_core.package_identification:_identify(src/encoder) by extension 'ignore_ament_install'
[1.614s] Level 1:colcon.colcon_core.package_identification:_identify(src/encoder) by extensions ['colcon_pkg']
[1.614s] Level 1:colcon.colcon_core.package_identification:_identify(src/encoder) by extension 'colcon_pkg'
[1.614s] Level 1:colcon.colcon_core.package_identification:_identify(src/encoder) by extensions ['colcon_meta']
[1.614s] Level 1:colcon.colcon_core.package_identification:_identify(src/encoder) by extension 'colcon_meta'
[1.614s] Level 1:colcon.colcon_core.package_identification:_identify(src/encoder) by extensions ['ros']
[1.614s] Level 1:colcon.colcon_core.package_identification:_identify(src/encoder) by extension 'ros'
[1.617s] DEBUG:colcon.colcon_core.package_identification:Package 'src/encoder' with type 'ros.ament_python' and name 'encoder'
[1.618s] Level 1:colcon.colcon_core.package_identification:_identify(src/robot_interfaces) by extensions ['ignore', 'ignore_ament_install']
[1.618s] Level 1:colcon.colcon_core.package_identification:_identify(src/robot_interfaces) by extension 'ignore'
[1.618s] Level 1:colcon.colcon_core.package_identification:_identify(src/robot_interfaces) by extension 'ignore_ament_install'
[1.618s] Level 1:colcon.colcon_core.package_identification:_identify(src/robot_interfaces) by extensions ['colcon_pkg']
[1.619s] Level 1:colcon.colcon_core.package_identification:_identify(src/robot_interfaces) by extension 'colcon_pkg'
[1.619s] Level 1:colcon.colcon_core.package_identification:_identify(src/robot_interfaces) by extensions ['colcon_meta']
[1.619s] Level 1:colcon.colcon_core.package_identification:_identify(src/robot_interfaces) by extension 'colcon_meta'
[1.619s] Level 1:colcon.colcon_core.package_identification:_identify(src/robot_interfaces) by extensions ['ros']
[1.619s] Level 1:colcon.colcon_core.package_identification:_identify(src/robot_interfaces) by extension 'ros'
[1.621s] DEBUG:colcon.colcon_core.package_identification:Package 'src/robot_interfaces' with type 'ros.ament_cmake' and name 'robot_interfaces'
[1.622s] Level 1:colcon.colcon_core.package_identification:_identify(src/slam_demo) by extensions ['ignore', 'ignore_ament_install']
[1.622s] Level 1:colcon.colcon_core.package_identification:_identify(src/slam_demo) by extension 'ignore'
[1.622s] Level 1:colcon.colcon_core.package_identification:_identify(src/slam_demo) by extension 'ignore_ament_install'
[1.623s] Level 1:colcon.colcon_core.package_identification:_identify(src/slam_demo) by extensions ['colcon_pkg']
[1.623s] Level 1:colcon.colcon_core.package_identification:_identify(src/slam_demo) by extension 'colcon_pkg'
[1.623s] Level 1:colcon.colcon_core.package_identification:_identify(src/slam_demo) by extensions ['colcon_meta']
[1.623s] Level 1:colcon.colcon_core.package_identification:_identify(src/slam_demo) by extension 'colcon_meta'
[1.623s] Level 1:colcon.colcon_core.package_identification:_identify(src/slam_demo) by extensions ['ros']
[1.623s] Level 1:colcon.colcon_core.package_identification:_identify(src/slam_demo) by extension 'ros'
[1.624s] Level 1:colcon.colcon_core.package_identification:_identify(src/slam_demo) by extensions ['cmake', 'python']
[1.624s] Level 1:colcon.colcon_core.package_identification:_identify(src/slam_demo) by extension 'cmake'
[1.624s] Level 1:colcon.colcon_core.package_identification:_identify(src/slam_demo) by extension 'python'
[1.624s] Level 1:colcon.colcon_core.package_identification:_identify(src/slam_demo) by extensions ['python_setup_py']
[1.624s] Level 1:colcon.colcon_core.package_identification:_identify(src/slam_demo) by extension 'python_setup_py'
[1.625s] Level 1:colcon.colcon_core.package_identification:_identify(src/slam_demo/launch) by extensions ['ignore', 'ignore_ament_install']
[1.625s] Level 1:colcon.colcon_core.package_identification:_identify(src/slam_demo/launch) by extension 'ignore'
[1.625s] Level 1:colcon.colcon_core.package_identification:_identify(src/slam_demo/launch) by extension 'ignore_ament_install'
[1.626s] Level 1:colcon.colcon_core.package_identification:_identify(src/slam_demo/launch) by extensions ['colcon_pkg']
[1.626s] Level 1:colcon.colcon_core.package_identification:_identify(src/slam_demo/launch) by extension 'colcon_pkg'
[1.626s] Level 1:colcon.colcon_core.package_identification:_identify(src/slam_demo/launch) by extensions ['colcon_meta']
[1.626s] Level 1:colcon.colcon_core.package_identification:_identify(src/slam_demo/launch) by extension 'colcon_meta'
[1.626s] Level 1:colcon.colcon_core.package_identification:_identify(src/slam_demo/launch) by extensions ['ros']
[1.626s] Level 1:colcon.colcon_core.package_identification:_identify(src/slam_demo/launch) by extension 'ros'
[1.626s] Level 1:colcon.colcon_core.package_identification:_identify(src/slam_demo/launch) by extensions ['cmake', 'python']
[1.627s] Level 1:colcon.colcon_core.package_identification:_identify(src/slam_demo/launch) by extension 'cmake'
[1.627s] Level 1:colcon.colcon_core.package_identification:_identify(src/slam_demo/launch) by extension 'python'
[1.627s] Level 1:colcon.colcon_core.package_identification:_identify(src/slam_demo/launch) by extensions ['python_setup_py']
[1.627s] Level 1:colcon.colcon_core.package_identification:_identify(src/slam_demo/launch) by extension 'python_setup_py'
[1.628s] Level 1:colcon.colcon_core.package_identification:_identify(src/sllidar_ros2) by extensions ['ignore', 'ignore_ament_install']
[1.628s] Level 1:colcon.colcon_core.package_identification:_identify(src/sllidar_ros2) by extension 'ignore'
[1.628s] Level 1:colcon.colcon_core.package_identification:_identify(src/sllidar_ros2) by extension 'ignore_ament_install'
[1.628s] Level 1:colcon.colcon_core.package_identification:_identify(src/sllidar_ros2) by extensions ['colcon_pkg']
[1.628s] Level 1:colcon.colcon_core.package_identification:_identify(src/sllidar_ros2) by extension 'colcon_pkg'
[1.629s] Level 1:colcon.colcon_core.package_identification:_identify(src/sllidar_ros2) by extensions ['colcon_meta']
[1.629s] Level 1:colcon.colcon_core.package_identification:_identify(src/sllidar_ros2) by extension 'colcon_meta'
[1.629s] Level 1:colcon.colcon_core.package_identification:_identify(src/sllidar_ros2) by extensions ['ros']
[1.629s] Level 1:colcon.colcon_core.package_identification:_identify(src/sllidar_ros2) by extension 'ros'
[1.632s] DEBUG:colcon.colcon_core.package_identification:Package 'src/sllidar_ros2' with type 'ros.ament_cmake' and name 'sllidar_ros2'
[1.632s] Level 1:colcon.colcon_core.package_discovery:discover_packages(recursive) using defaults
[1.632s] Level 1:colcon.colcon_core.package_discovery:discover_packages(ignore) discover
[1.632s] Level 1:colcon.colcon_core.package_discovery:discover_packages(ignore) using defaults
[1.632s] Level 1:colcon.colcon_core.package_discovery:discover_packages(path) discover
[1.632s] Level 1:colcon.colcon_core.package_discovery:discover_packages(path) using defaults
[1.728s] Level 1:colcon.colcon_core.package_discovery:discover_packages(prefix_path) check parameters
[1.728s] Level 1:colcon.colcon_core.package_discovery:discover_packages(prefix_path) discover
[1.741s] DEBUG:colcon.colcon_installed_package_information.package_discovery:Found 4 installed packages in /home/robotrodeo/capstone/install
[1.755s] DEBUG:colcon.colcon_installed_package_information.package_discovery:Found 364 installed packages in /opt/ros/humble
[1.763s] Level 1:colcon.colcon_core.package_discovery:discover_packages(prefix_path) using defaults
[2.063s] Level 5:colcon.colcon_core.verb:set package 'articubot_one' build argument 'cmake_args' from command line to 'None'
[2.064s] Level 5:colcon.colcon_core.verb:set package 'articubot_one' build argument 'cmake_target' from command line to 'None'
[2.064s] Level 5:colcon.colcon_core.verb:set package 'articubot_one' build argument 'cmake_target_skip_unavailable' from command line to 'False'
[2.064s] Level 5:colcon.colcon_core.verb:set package 'articubot_one' build argument 'cmake_clean_cache' from command line to 'False'
[2.064s] Level 5:colcon.colcon_core.verb:set package 'articubot_one' build argument 'cmake_clean_first' from command line to 'False'
[2.064s] Level 5:colcon.colcon_core.verb:set package 'articubot_one' build argument 'cmake_force_configure' from command line to 'False'
[2.064s] Level 5:colcon.colcon_core.verb:set package 'articubot_one' build argument 'ament_cmake_args' from command line to 'None'
[2.064s] Level 5:colcon.colcon_core.verb:set package 'articubot_one' build argument 'catkin_cmake_args' from command line to 'None'
[2.064s] Level 5:colcon.colcon_core.verb:set package 'articubot_one' build argument 'catkin_skip_building_tests' from command line to 'False'
[2.065s] DEBUG:colcon.colcon_core.verb:Building package 'articubot_one' with the following arguments: {'ament_cmake_args': None, 'build_base': '/home/robotrodeo/capstone/build/articubot_one', 'catkin_cmake_args': None, 'catkin_skip_building_tests': False, 'cmake_args': None, 'cmake_clean_cache': False, 'cmake_clean_first': False, 'cmake_force_configure': False, 'cmake_target': None, 'cmake_target_skip_unavailable': False, 'install_base': '/home/robotrodeo/capstone/install/articubot_one', 'merge_install': False, 'path': '/home/robotrodeo/capstone/src/articubot_one', 'symlink_install': False, 'test_result_base': None}
[2.069s] Level 5:colcon.colcon_core.verb:set package 'robot_interfaces' build argument 'cmake_args' from command line to 'None'
[2.069s] Level 5:colcon.colcon_core.verb:set package 'robot_interfaces' build argument 'cmake_target' from command line to 'None'
[2.069s] Level 5:colcon.colcon_core.verb:set package 'robot_interfaces' build argument 'cmake_target_skip_unavailable' from command line to 'False'
[2.069s] Level 5:colcon.colcon_core.verb:set package 'robot_interfaces' build argument 'cmake_clean_cache' from command line to 'False'
[2.069s] Level 5:colcon.colcon_core.verb:set package 'robot_interfaces' build argument 'cmake_clean_first' from command line to 'False'
[2.069s] Level 5:colcon.colcon_core.verb:set package 'robot_interfaces' build argument 'cmake_force_configure' from command line to 'False'
[2.069s] Level 5:colcon.colcon_core.verb:set package 'robot_interfaces' build argument 'ament_cmake_args' from command line to 'None'
[2.070s] Level 5:colcon.colcon_core.verb:set package 'robot_interfaces' build argument 'catkin_cmake_args' from command line to 'None'
[2.070s] Level 5:colcon.colcon_core.verb:set package 'robot_interfaces' build argument 'catkin_skip_building_tests' from command line to 'False'
[2.070s] DEBUG:colcon.colcon_core.verb:Building package 'robot_interfaces' with the following arguments: {'ament_cmake_args': None, 'build_base': '/home/robotrodeo/capstone/build/robot_interfaces', 'catkin_cmake_args': None, 'catkin_skip_building_tests': False, 'cmake_args': None, 'cmake_clean_cache': False, 'cmake_clean_first': False, 'cmake_force_configure': False, 'cmake_target': None, 'cmake_target_skip_unavailable': False, 'install_base': '/home/robotrodeo/capstone/install/robot_interfaces', 'merge_install': False, 'path': '/home/robotrodeo/capstone/src/robot_interfaces', 'symlink_install': False, 'test_result_base': None}
[2.074s] Level 5:colcon.colcon_core.verb:set package 'sllidar_ros2' build argument 'cmake_args' from command line to 'None'
[2.074s] Level 5:colcon.colcon_core.verb:set package 'sllidar_ros2' build argument 'cmake_target' from command line to 'None'
[2.074s] Level 5:colcon.colcon_core.verb:set package 'sllidar_ros2' build argument 'cmake_target_skip_unavailable' from command line to 'False'
[2.074s] Level 5:colcon.colcon_core.verb:set package 'sllidar_ros2' build argument 'cmake_clean_cache' from command line to 'False'
[2.074s] Level 5:colcon.colcon_core.verb:set package 'sllidar_ros2' build argument 'cmake_clean_first' from command line to 'False'
[2.074s] Level 5:colcon.colcon_core.verb:set package 'sllidar_ros2' build argument 'cmake_force_configure' from command line to 'False'
[2.074s] Level 5:colcon.colcon_core.verb:set package 'sllidar_ros2' build argument 'ament_cmake_args' from command line to 'None'
[2.075s] Level 5:colcon.colcon_core.verb:set package 'sllidar_ros2' build argument 'catkin_cmake_args' from command line to 'None'
[2.075s] Level 5:colcon.colcon_core.verb:set package 'sllidar_ros2' build argument 'catkin_skip_building_tests' from command line to 'False'
[2.075s] DEBUG:colcon.colcon_core.verb:Building package 'sllidar_ros2' with the following arguments: {'ament_cmake_args': None, 'build_base': '/home/robotrodeo/capstone/build/sllidar_ros2', 'catkin_cmake_args': None, 'catkin_skip_building_tests': False, 'cmake_args': None, 'cmake_clean_cache': False, 'cmake_clean_first': False, 'cmake_force_configure': False, 'cmake_target': None, 'cmake_target_skip_unavailable': False, 'install_base': '/home/robotrodeo/capstone/install/sllidar_ros2', 'merge_install': False, 'path': '/home/robotrodeo/capstone/src/sllidar_ros2', 'symlink_install': False, 'test_result_base': None}
[2.079s] Level 5:colcon.colcon_core.verb:set package 'encoder' build argument 'cmake_args' from command line to 'None'
[2.079s] Level 5:colcon.colcon_core.verb:set package 'encoder' build argument 'cmake_target' from command line to 'None'
[2.079s] Level 5:colcon.colcon_core.verb:set package 'encoder' build argument 'cmake_target_skip_unavailable' from command line to 'False'
[2.079s] Level 5:colcon.colcon_core.verb:set package 'encoder' build argument 'cmake_clean_cache' from command line to 'False'
[2.079s] Level 5:colcon.colcon_core.verb:set package 'encoder' build argument 'cmake_clean_first' from command line to 'False'
[2.079s] Level 5:colcon.colcon_core.verb:set package 'encoder' build argument 'cmake_force_configure' from command line to 'False'
[2.079s] Level 5:colcon.colcon_core.verb:set package 'encoder' build argument 'ament_cmake_args' from command line to 'None'
[2.080s] Level 5:colcon.colcon_core.verb:set package 'encoder' build argument 'catkin_cmake_args' from command line to 'None'
[2.080s] Level 5:colcon.colcon_core.verb:set package 'encoder' build argument 'catkin_skip_building_tests' from command line to 'False'
[2.080s] DEBUG:colcon.colcon_core.verb:Building package 'encoder' with the following arguments: {'ament_cmake_args': None, 'build_base': '/home/robotrodeo/capstone/build/encoder', 'catkin_cmake_args': None, 'catkin_skip_building_tests': False, 'cmake_args': None, 'cmake_clean_cache': False, 'cmake_clean_first': False, 'cmake_force_configure': False, 'cmake_target': None, 'cmake_target_skip_unavailable': False, 'install_base': '/home/robotrodeo/capstone/install/encoder', 'merge_install': False, 'path': '/home/robotrodeo/capstone/src/encoder', 'symlink_install': False, 'test_result_base': None}
[2.083s] INFO:colcon.colcon_core.executor:Executing jobs using 'parallel' executor
[2.095s] DEBUG:colcon.colcon_parallel_executor.executor.parallel:run_until_complete
[2.096s] INFO:colcon.colcon_ros.task.ament_cmake.build:Building ROS package in '/home/robotrodeo/capstone/src/robot_interfaces' with build type 'ament_cmake'
[2.096s] INFO:colcon.colcon_cmake.task.cmake.build:Building CMake package in '/home/robotrodeo/capstone/src/robot_interfaces'
[2.118s] INFO:colcon.colcon_core.plugin_system:Skipping extension 'colcon_core.shell.bat': Not used on non-Windows systems
[2.119s] INFO:colcon.colcon_core.shell:Skip shell extension 'powershell' for command environment: Not usable outside of PowerShell
[2.119s] DEBUG:colcon.colcon_core.shell:Skip shell extension 'dsv' for command environment
[2.149s] INFO:colcon.colcon_ros.task.ament_cmake.build:Building ROS package in '/home/robotrodeo/capstone/src/articubot_one' with build type 'ament_cmake'
[2.150s] INFO:colcon.colcon_cmake.task.cmake.build:Building CMake package in '/home/robotrodeo/capstone/src/articubot_one'
[2.157s] INFO:colcon.colcon_core.shell:Skip shell extension 'powershell' for command environment: Not usable outside of PowerShell
[2.157s] DEBUG:colcon.colcon_core.shell:Skip shell extension 'dsv' for command environment
[2.188s] INFO:colcon.colcon_ros.task.ament_cmake.build:Building ROS package in '/home/robotrodeo/capstone/src/sllidar_ros2' with build type 'ament_cmake'
[2.189s] INFO:colcon.colcon_cmake.task.cmake.build:Building CMake package in '/home/robotrodeo/capstone/src/sllidar_ros2'
[2.195s] INFO:colcon.colcon_core.shell:Skip shell extension 'powershell' for command environment: Not usable outside of PowerShell
[2.196s] DEBUG:colcon.colcon_core.shell:Skip shell extension 'dsv' for command environment
[2.245s] DEBUG:colcon.colcon_core.event_handler.log_command:Invoking command in '/home/robotrodeo/capstone/build/robot_interfaces': CMAKE_PREFIX_PATH=${CMAKE_PREFIX_PATH}:/home/robotrodeo/capstone/install/encoder:/opt/ros/humble /usr/bin/cmake --build /home/robotrodeo/capstone/build/robot_interfaces -- -j4 -l4
[2.271s] DEBUG:colcon.colcon_core.event_handler.log_command:Invoking command in '/home/robotrodeo/capstone/build/articubot_one': CMAKE_PREFIX_PATH=${CMAKE_PREFIX_PATH}:/home/robotrodeo/capstone/install/encoder:/opt/ros/humble /usr/bin/cmake --build /home/robotrodeo/capstone/build/articubot_one -- -j4 -l4
[2.299s] DEBUG:colcon.colcon_core.event_handler.log_command:Invoking command in '/home/robotrodeo/capstone/build/sllidar_ros2': CMAKE_PREFIX_PATH=${CMAKE_PREFIX_PATH}:/home/robotrodeo/capstone/install/encoder:/opt/ros/humble /usr/bin/cmake --build /home/robotrodeo/capstone/build/sllidar_ros2 -- -j4 -l4
[2.474s] DEBUG:colcon.colcon_core.event_handler.log_command:Invoked command in '/home/robotrodeo/capstone/build/articubot_one' returned '0': CMAKE_PREFIX_PATH=${CMAKE_PREFIX_PATH}:/home/robotrodeo/capstone/install/encoder:/opt/ros/humble /usr/bin/cmake --build /home/robotrodeo/capstone/build/articubot_one -- -j4 -l4
[2.781s] DEBUG:colcon.colcon_core.event_handler.log_command:Invoking command in '/home/robotrodeo/capstone/build/articubot_one': CMAKE_PREFIX_PATH=${CMAKE_PREFIX_PATH}:/home/robotrodeo/capstone/install/encoder:/opt/ros/humble /usr/bin/cmake --install /home/robotrodeo/capstone/build/articubot_one
[2.801s] DEBUG:colcon.colcon_core.event_handler.log_command:Invoked command in '/home/robotrodeo/capstone/build/sllidar_ros2' returned '0': CMAKE_PREFIX_PATH=${CMAKE_PREFIX_PATH}:/home/robotrodeo/capstone/install/encoder:/opt/ros/humble /usr/bin/cmake --build /home/robotrodeo/capstone/build/sllidar_ros2 -- -j4 -l4
[2.968s] Level 1:colcon.colcon_core.environment:create_environment_scripts_only(articubot_one)
[2.976s] DEBUG:colcon.colcon_core.event_handler.log_command:Invoked command in '/home/robotrodeo/capstone/build/articubot_one' returned '0': CMAKE_PREFIX_PATH=${CMAKE_PREFIX_PATH}:/home/robotrodeo/capstone/install/encoder:/opt/ros/humble /usr/bin/cmake --install /home/robotrodeo/capstone/build/articubot_one
[2.999s] Level 1:colcon.colcon_core.environment:checking '/home/robotrodeo/capstone/install/articubot_one' for CMake module files
[3.005s] Level 1:colcon.colcon_core.environment:checking '/home/robotrodeo/capstone/install/articubot_one' for CMake config files
[3.008s] Level 1:colcon.colcon_core.shell:create_environment_hook('articubot_one', 'cmake_prefix_path')
[3.015s] INFO:colcon.colcon_core.shell:Creating environment hook '/home/robotrodeo/capstone/install/articubot_one/share/articubot_one/hook/cmake_prefix_path.ps1'
[3.019s] INFO:colcon.colcon_core.shell:Creating environment descriptor '/home/robotrodeo/capstone/install/articubot_one/share/articubot_one/hook/cmake_prefix_path.dsv'
[3.022s] INFO:colcon.colcon_core.shell:Creating environment hook '/home/robotrodeo/capstone/install/articubot_one/share/articubot_one/hook/cmake_prefix_path.sh'
[3.027s] Level 1:colcon.colcon_core.environment:checking '/home/robotrodeo/capstone/install/articubot_one/bin'
[3.029s] Level 1:colcon.colcon_core.environment:checking '/home/robotrodeo/capstone/install/articubot_one/lib/pkgconfig/articubot_one.pc'
[3.031s] Level 1:colcon.colcon_core.environment:checking '/home/robotrodeo/capstone/install/articubot_one/lib/python3.10/site-packages'
[3.032s] Level 1:colcon.colcon_core.environment:checking '/home/robotrodeo/capstone/install/articubot_one/bin'
[3.041s] INFO:colcon.colcon_core.shell:Creating package script '/home/robotrodeo/capstone/install/articubot_one/share/articubot_one/package.ps1'
[3.045s] INFO:colcon.colcon_core.shell:Creating package descriptor '/home/robotrodeo/capstone/install/articubot_one/share/articubot_one/package.dsv'
[3.048s] INFO:colcon.colcon_core.shell:Creating package script '/home/robotrodeo/capstone/install/articubot_one/share/articubot_one/package.sh'
[3.053s] INFO:colcon.colcon_core.shell:Creating package script '/home/robotrodeo/capstone/install/articubot_one/share/articubot_one/package.bash'
[3.059s] INFO:colcon.colcon_core.shell:Creating package script '/home/robotrodeo/capstone/install/articubot_one/share/articubot_one/package.zsh'
[3.063s] Level 1:colcon.colcon_core.environment:create_file_with_runtime_dependencies(/home/robotrodeo/capstone/install/articubot_one/share/colcon-core/packages/articubot_one)
[3.207s] Level 1:colcon.colcon_core.environment:create_environment_scripts_only(articubot_one)
[3.221s] Level 1:colcon.colcon_core.environment:checking '/home/robotrodeo/capstone/install/articubot_one' for CMake module files
[3.225s] Level 1:colcon.colcon_core.environment:checking '/home/robotrodeo/capstone/install/articubot_one' for CMake config files
[3.227s] Level 1:colcon.colcon_core.shell:create_environment_hook('articubot_one', 'cmake_prefix_path')
[3.234s] INFO:colcon.colcon_core.shell:Creating environment hook '/home/robotrodeo/capstone/install/articubot_one/share/articubot_one/hook/cmake_prefix_path.ps1'
[3.245s] INFO:colcon.colcon_core.shell:Creating environment descriptor '/home/robotrodeo/capstone/install/articubot_one/share/articubot_one/hook/cmake_prefix_path.dsv'
[3.248s] INFO:colcon.colcon_core.shell:Creating environment hook '/home/robotrodeo/capstone/install/articubot_one/share/articubot_one/hook/cmake_prefix_path.sh'
[3.257s] Level 1:colcon.colcon_core.environment:checking '/home/robotrodeo/capstone/install/articubot_one/bin'
[3.257s] Level 1:colcon.colcon_core.environment:checking '/home/robotrodeo/capstone/install/articubot_one/lib/pkgconfig/articubot_one.pc'
[3.259s] Level 1:colcon.colcon_core.environment:checking '/home/robotrodeo/capstone/install/articubot_one/lib/python3.10/site-packages'
[3.260s] Level 1:colcon.colcon_core.environment:checking '/home/robotrodeo/capstone/install/articubot_one/bin'
[3.271s] INFO:colcon.colcon_core.shell:Creating package script '/home/robotrodeo/capstone/install/articubot_one/share/articubot_one/package.ps1'
[3.278s] INFO:colcon.colcon_core.shell:Creating package descriptor '/home/robotrodeo/capstone/install/articubot_one/share/articubot_one/package.dsv'
[3.281s] INFO:colcon.colcon_core.shell:Creating package script '/home/robotrodeo/capstone/install/articubot_one/share/articubot_one/package.sh'
[3.284s] INFO:colcon.colcon_core.shell:Creating package script '/home/robotrodeo/capstone/install/articubot_one/share/articubot_one/package.bash'
[3.287s] INFO:colcon.colcon_core.shell:Creating package script '/home/robotrodeo/capstone/install/articubot_one/share/articubot_one/package.zsh'
[3.290s] Level 1:colcon.colcon_core.environment:create_file_with_runtime_dependencies(/home/robotrodeo/capstone/install/articubot_one/share/colcon-core/packages/articubot_one)
[3.300s] DEBUG:colcon.colcon_core.event_handler.log_command:Invoking command in '/home/robotrodeo/capstone/build/sllidar_ros2': CMAKE_PREFIX_PATH=${CMAKE_PREFIX_PATH}:/home/robotrodeo/capstone/install/encoder:/opt/ros/humble /usr/bin/cmake --install /home/robotrodeo/capstone/build/sllidar_ros2
[3.480s] Level 1:colcon.colcon_core.environment:create_environment_scripts_only(sllidar_ros2)
[3.491s] Level 1:colcon.colcon_core.environment:checking '/home/robotrodeo/capstone/install/sllidar_ros2' for CMake module files
[3.493s] DEBUG:colcon.colcon_core.event_handler.log_command:Invoked command in '/home/robotrodeo/capstone/build/sllidar_ros2' returned '0': CMAKE_PREFIX_PATH=${CMAKE_PREFIX_PATH}:/home/robotrodeo/capstone/install/encoder:/opt/ros/humble /usr/bin/cmake --install /home/robotrodeo/capstone/build/sllidar_ros2
[3.495s] Level 1:colcon.colcon_core.environment:checking '/home/robotrodeo/capstone/install/sllidar_ros2' for CMake config files
[3.498s] Level 1:colcon.colcon_core.shell:create_environment_hook('sllidar_ros2', 'cmake_prefix_path')
[3.503s] INFO:colcon.colcon_core.shell:Creating environment hook '/home/robotrodeo/capstone/install/sllidar_ros2/share/sllidar_ros2/hook/cmake_prefix_path.ps1'
[3.506s] INFO:colcon.colcon_core.shell:Creating environment descriptor '/home/robotrodeo/capstone/install/sllidar_ros2/share/sllidar_ros2/hook/cmake_prefix_path.dsv'
[3.508s] INFO:colcon.colcon_core.shell:Creating environment hook '/home/robotrodeo/capstone/install/sllidar_ros2/share/sllidar_ros2/hook/cmake_prefix_path.sh'
[3.511s] Level 1:colcon.colcon_core.environment:checking '/home/robotrodeo/capstone/install/sllidar_ros2/lib'
[3.512s] Level 1:colcon.colcon_core.environment:checking '/home/robotrodeo/capstone/install/sllidar_ros2/bin'
[3.513s] Level 1:colcon.colcon_core.environment:checking '/home/robotrodeo/capstone/install/sllidar_ros2/lib/pkgconfig/sllidar_ros2.pc'
[3.514s] Level 1:colcon.colcon_core.environment:checking '/home/robotrodeo/capstone/install/sllidar_ros2/lib/python3.10/site-packages'
[3.514s] Level 1:colcon.colcon_core.environment:checking '/home/robotrodeo/capstone/install/sllidar_ros2/bin'
[3.520s] INFO:colcon.colcon_core.shell:Creating package script '/home/robotrodeo/capstone/install/sllidar_ros2/share/sllidar_ros2/package.ps1'
[3.523s] INFO:colcon.colcon_core.shell:Creating package descriptor '/home/robotrodeo/capstone/install/sllidar_ros2/share/sllidar_ros2/package.dsv'
[3.525s] INFO:colcon.colcon_core.shell:Creating package script '/home/robotrodeo/capstone/install/sllidar_ros2/share/sllidar_ros2/package.sh'
[3.527s] INFO:colcon.colcon_core.shell:Creating package script '/home/robotrodeo/capstone/install/sllidar_ros2/share/sllidar_ros2/package.bash'
[3.530s] INFO:colcon.colcon_core.shell:Creating package script '/home/robotrodeo/capstone/install/sllidar_ros2/share/sllidar_ros2/package.zsh'
[3.532s] Level 1:colcon.colcon_core.environment:create_file_with_runtime_dependencies(/home/robotrodeo/capstone/install/sllidar_ros2/share/colcon-core/packages/sllidar_ros2)
[3.844s] Level 1:colcon.colcon_core.environment:create_environment_scripts_only(sllidar_ros2)
[3.852s] Level 1:colcon.colcon_core.environment:checking '/home/robotrodeo/capstone/install/sllidar_ros2' for CMake module files
[3.855s] Level 1:colcon.colcon_core.environment:checking '/home/robotrodeo/capstone/install/sllidar_ros2' for CMake config files
[3.858s] Level 1:colcon.colcon_core.shell:create_environment_hook('sllidar_ros2', 'cmake_prefix_path')
[3.864s] INFO:colcon.colcon_core.shell:Creating environment hook '/home/robotrodeo/capstone/install/sllidar_ros2/share/sllidar_ros2/hook/cmake_prefix_path.ps1'
[3.866s] INFO:colcon.colcon_core.shell:Creating environment descriptor '/home/robotrodeo/capstone/install/sllidar_ros2/share/sllidar_ros2/hook/cmake_prefix_path.dsv'
[3.869s] INFO:colcon.colcon_core.shell:Creating environment hook '/home/robotrodeo/capstone/install/sllidar_ros2/share/sllidar_ros2/hook/cmake_prefix_path.sh'
[3.871s] Level 1:colcon.colcon_core.environment:checking '/home/robotrodeo/capstone/install/sllidar_ros2/lib'
[3.872s] Level 1:colcon.colcon_core.environment:checking '/home/robotrodeo/capstone/install/sllidar_ros2/bin'
[3.872s] Level 1:colcon.colcon_core.environment:checking '/home/robotrodeo/capstone/install/sllidar_ros2/lib/pkgconfig/sllidar_ros2.pc'
[3.874s] Level 1:colcon.colcon_core.environment:checking '/home/robotrodeo/capstone/install/sllidar_ros2/lib/python3.10/site-packages'
[3.874s] Level 1:colcon.colcon_core.environment:checking '/home/robotrodeo/capstone/install/sllidar_ros2/bin'
[3.880s] INFO:colcon.colcon_core.shell:Creating package script '/home/robotrodeo/capstone/install/sllidar_ros2/share/sllidar_ros2/package.ps1'
[3.883s] INFO:colcon.colcon_core.shell:Creating package descriptor '/home/robotrodeo/capstone/install/sllidar_ros2/share/sllidar_ros2/package.dsv'
[3.885s] INFO:colcon.colcon_core.shell:Creating package script '/home/robotrodeo/capstone/install/sllidar_ros2/share/sllidar_ros2/package.sh'
[3.887s] INFO:colcon.colcon_core.shell:Creating package script '/home/robotrodeo/capstone/install/sllidar_ros2/share/sllidar_ros2/package.bash'
[3.889s] INFO:colcon.colcon_core.shell:Creating package script '/home/robotrodeo/capstone/install/sllidar_ros2/share/sllidar_ros2/package.zsh'
[3.892s] Level 1:colcon.colcon_core.environment:create_file_with_runtime_dependencies(/home/robotrodeo/capstone/install/sllidar_ros2/share/colcon-core/packages/sllidar_ros2)
[4.479s] DEBUG:colcon.colcon_core.event_handler.log_command:Invoked command in '/home/robotrodeo/capstone/build/robot_interfaces' returned '0': CMAKE_PREFIX_PATH=${CMAKE_PREFIX_PATH}:/home/robotrodeo/capstone/install/encoder:/opt/ros/humble /usr/bin/cmake --build /home/robotrodeo/capstone/build/robot_interfaces -- -j4 -l4
[4.841s] DEBUG:colcon.colcon_core.event_handler.log_command:Invoking command in '/home/robotrodeo/capstone/build/robot_interfaces': CMAKE_PREFIX_PATH=${CMAKE_PREFIX_PATH}:/home/robotrodeo/capstone/install/encoder:/opt/ros/humble /usr/bin/cmake --install /home/robotrodeo/capstone/build/robot_interfaces
[5.125s] Level 1:colcon.colcon_core.environment:create_environment_scripts_only(robot_interfaces)
[5.134s] Level 1:colcon.colcon_core.environment:checking '/home/robotrodeo/capstone/install/robot_interfaces' for CMake module files
[5.135s] DEBUG:colcon.colcon_core.event_handler.log_command:Invoked command in '/home/robotrodeo/capstone/build/robot_interfaces' returned '0': CMAKE_PREFIX_PATH=${CMAKE_PREFIX_PATH}:/home/robotrodeo/capstone/install/encoder:/opt/ros/humble /usr/bin/cmake --install /home/robotrodeo/capstone/build/robot_interfaces
[5.142s] Level 1:colcon.colcon_core.environment:checking '/home/robotrodeo/capstone/install/robot_interfaces' for CMake config files
[5.145s] Level 1:colcon.colcon_core.shell:create_environment_hook('robot_interfaces', 'cmake_prefix_path')
[5.151s] INFO:colcon.colcon_core.shell:Creating environment hook '/home/robotrodeo/capstone/install/robot_interfaces/share/robot_interfaces/hook/cmake_prefix_path.ps1'
[5.153s] INFO:colcon.colcon_core.shell:Creating environment descriptor '/home/robotrodeo/capstone/install/robot_interfaces/share/robot_interfaces/hook/cmake_prefix_path.dsv'
[5.155s] INFO:colcon.colcon_core.shell:Creating environment hook '/home/robotrodeo/capstone/install/robot_interfaces/share/robot_interfaces/hook/cmake_prefix_path.sh'
[5.157s] Level 1:colcon.colcon_core.environment:checking '/home/robotrodeo/capstone/install/robot_interfaces/lib'
[5.158s] Level 1:colcon.colcon_core.shell:create_environment_hook('robot_interfaces', 'ld_library_path_lib')
[5.163s] INFO:colcon.colcon_core.shell:Creating environment hook '/home/robotrodeo/capstone/install/robot_interfaces/share/robot_interfaces/hook/ld_library_path_lib.ps1'
[5.165s] INFO:colcon.colcon_core.shell:Creating environment descriptor '/home/robotrodeo/capstone/install/robot_interfaces/share/robot_interfaces/hook/ld_library_path_lib.dsv'
[5.167s] INFO:colcon.colcon_core.shell:Creating environment hook '/home/robotrodeo/capstone/install/robot_interfaces/share/robot_interfaces/hook/ld_library_path_lib.sh'
[5.170s] Level 1:colcon.colcon_core.environment:checking '/home/robotrodeo/capstone/install/robot_interfaces/bin'
[5.171s] Level 1:colcon.colcon_core.environment:checking '/home/robotrodeo/capstone/install/robot_interfaces/lib/pkgconfig/robot_interfaces.pc'
[5.172s] Level 1:colcon.colcon_core.environment:checking '/home/robotrodeo/capstone/install/robot_interfaces/lib/python3.10/site-packages'
[5.174s] Level 1:colcon.colcon_core.environment:checking '/home/robotrodeo/capstone/install/robot_interfaces/bin'
[5.179s] INFO:colcon.colcon_core.shell:Creating package script '/home/robotrodeo/capstone/install/robot_interfaces/share/robot_interfaces/package.ps1'
[5.181s] INFO:colcon.colcon_core.shell:Creating package descriptor '/home/robotrodeo/capstone/install/robot_interfaces/share/robot_interfaces/package.dsv'
[5.184s] INFO:colcon.colcon_core.shell:Creating package script '/home/robotrodeo/capstone/install/robot_interfaces/share/robot_interfaces/package.sh'
[5.186s] INFO:colcon.colcon_core.shell:Creating package script '/home/robotrodeo/capstone/install/robot_interfaces/share/robot_interfaces/package.bash'
[5.187s] INFO:colcon.colcon_core.shell:Creating package script '/home/robotrodeo/capstone/install/robot_interfaces/share/robot_interfaces/package.zsh'
[5.189s] Level 1:colcon.colcon_core.environment:create_file_with_runtime_dependencies(/home/robotrodeo/capstone/install/robot_interfaces/share/colcon-core/packages/robot_interfaces)
[5.550s] Level 1:colcon.colcon_core.environment:create_environment_scripts_only(robot_interfaces)
[5.558s] Level 1:colcon.colcon_core.environment:checking '/home/robotrodeo/capstone/install/robot_interfaces' for CMake module files
[5.563s] Level 1:colcon.colcon_core.environment:checking '/home/robotrodeo/capstone/install/robot_interfaces' for CMake config files
[5.567s] Level 1:colcon.colcon_core.shell:create_environment_hook('robot_interfaces', 'cmake_prefix_path')
[5.573s] INFO:colcon.colcon_core.shell:Creating environment hook '/home/robotrodeo/capstone/install/robot_interfaces/share/robot_interfaces/hook/cmake_prefix_path.ps1'
[5.575s] INFO:colcon.colcon_core.shell:Creating environment descriptor '/home/robotrodeo/capstone/install/robot_interfaces/share/robot_interfaces/hook/cmake_prefix_path.dsv'
[5.577s] INFO:colcon.colcon_core.shell:Creating environment hook '/home/robotrodeo/capstone/install/robot_interfaces/share/robot_interfaces/hook/cmake_prefix_path.sh'
[5.580s] Level 1:colcon.colcon_core.environment:checking '/home/robotrodeo/capstone/install/robot_interfaces/lib'
[5.580s] Level 1:colcon.colcon_core.shell:create_environment_hook('robot_interfaces', 'ld_library_path_lib')
[5.586s] INFO:colcon.colcon_core.shell:Creating environment hook '/home/robotrodeo/capstone/install/robot_interfaces/share/robot_interfaces/hook/ld_library_path_lib.ps1'
[5.588s] INFO:colcon.colcon_core.shell:Creating environment descriptor '/home/robotrodeo/capstone/install/robot_interfaces/share/robot_interfaces/hook/ld_library_path_lib.dsv'
[5.590s] INFO:colcon.colcon_core.shell:Creating environment hook '/home/robotrodeo/capstone/install/robot_interfaces/share/robot_interfaces/hook/ld_library_path_lib.sh'
[5.591s] Level 1:colcon.colcon_core.environment:checking '/home/robotrodeo/capstone/install/robot_interfaces/bin'
[5.592s] Level 1:colcon.colcon_core.environment:checking '/home/robotrodeo/capstone/install/robot_interfaces/lib/pkgconfig/robot_interfaces.pc'
[5.593s] Level 1:colcon.colcon_core.environment:checking '/home/robotrodeo/capstone/install/robot_interfaces/lib/python3.10/site-packages'
[5.593s] Level 1:colcon.colcon_core.environment:checking '/home/robotrodeo/capstone/install/robot_interfaces/bin'
[5.599s] INFO:colcon.colcon_core.shell:Creating package script '/home/robotrodeo/capstone/install/robot_interfaces/share/robot_interfaces/package.ps1'
[5.602s] INFO:colcon.colcon_core.shell:Creating package descriptor '/home/robotrodeo/capstone/install/robot_interfaces/share/robot_interfaces/package.dsv'
[5.604s] INFO:colcon.colcon_core.shell:Creating package script '/home/robotrodeo/capstone/install/robot_interfaces/share/robot_interfaces/package.sh'
[5.606s] INFO:colcon.colcon_core.shell:Creating package script '/home/robotrodeo/capstone/install/robot_interfaces/share/robot_interfaces/package.bash'
[5.608s] INFO:colcon.colcon_core.shell:Creating package script '/home/robotrodeo/capstone/install/robot_interfaces/share/robot_interfaces/package.zsh'
[5.610s] Level 1:colcon.colcon_core.environment:create_file_with_runtime_dependencies(/home/robotrodeo/capstone/install/robot_interfaces/share/colcon-core/packages/robot_interfaces)
[5.612s] INFO:colcon.colcon_ros.task.ament_python.build:Building ROS package in '/home/robotrodeo/capstone/src/encoder' with build type 'ament_python'
[5.613s] Level 1:colcon.colcon_core.shell:create_environment_hook('encoder', 'ament_prefix_path')
[5.618s] INFO:colcon.colcon_core.shell:Creating environment hook '/home/robotrodeo/capstone/install/encoder/share/encoder/hook/ament_prefix_path.ps1'
[5.620s] INFO:colcon.colcon_core.shell:Creating environment descriptor '/home/robotrodeo/capstone/install/encoder/share/encoder/hook/ament_prefix_path.dsv'
[5.622s] INFO:colcon.colcon_core.shell:Creating environment hook '/home/robotrodeo/capstone/install/encoder/share/encoder/hook/ament_prefix_path.sh'
[5.629s] INFO:colcon.colcon_core.shell:Skip shell extension 'powershell' for command environment: Not usable outside of PowerShell
[5.629s] DEBUG:colcon.colcon_core.shell:Skip shell extension 'dsv' for command environment
[6.879s] INFO:colcon.colcon_core.task.python.build:Building Python package in '/home/robotrodeo/capstone/src/encoder'
[6.885s] INFO:colcon.colcon_core.shell:Skip shell extension 'powershell' for command environment: Not usable outside of PowerShell
[6.885s] DEBUG:colcon.colcon_core.shell:Skip shell extension 'dsv' for command environment
[8.423s] DEBUG:colcon.colcon_core.event_handler.log_command:Invoking command in '/home/robotrodeo/capstone/build/encoder': CMAKE_PREFIX_PATH=/home/robotrodeo/capstone/install/robot_interfaces:/home/robotrodeo/capstone/install/sllidar_ros2:/home/robotrodeo/capstone/install/articubot_one PYTHONPATH=/home/robotrodeo/capstone/build/encoder/prefix_override:/home/robotrodeo/capstone/install/encoder/lib/python3.10/site-packages:${PYTHONPATH} /usr/bin/python3 setup.py develop --uninstall --editable --build-directory /home/robotrodeo/capstone/build/encoder/build
[10.529s] DEBUG:colcon.colcon_core.event_handler.log_command:Invoked command in '/home/robotrodeo/capstone/build/encoder' returned '0': CMAKE_PREFIX_PATH=/home/robotrodeo/capstone/install/robot_interfaces:/home/robotrodeo/capstone/install/sllidar_ros2:/home/robotrodeo/capstone/install/articubot_one PYTHONPATH=/home/robotrodeo/capstone/build/encoder/prefix_override:/home/robotrodeo/capstone/install/encoder/lib/python3.10/site-packages:${PYTHONPATH} /usr/bin/python3 setup.py develop --uninstall --editable --build-directory /home/robotrodeo/capstone/build/encoder/build
[10.540s] DEBUG:colcon.colcon_core.event_handler.log_command:Invoking command in '/home/robotrodeo/capstone/src/encoder': CMAKE_PREFIX_PATH=/home/robotrodeo/capstone/install/robot_interfaces:/home/robotrodeo/capstone/install/sllidar_ros2:/home/robotrodeo/capstone/install/articubot_one PYTHONPATH=/home/robotrodeo/capstone/build/encoder/prefix_override:/home/robotrodeo/capstone/install/encoder/lib/python3.10/site-packages:${PYTHONPATH} /usr/bin/python3 setup.py egg_info --egg-base ../../build/encoder build --build-base /home/robotrodeo/capstone/build/encoder/build install --record /home/robotrodeo/capstone/build/encoder/install.log --install-scripts $base/lib/encoder --single-version-externally-managed
[11.892s] Level 1:colcon.colcon_core.environment:checking '/home/robotrodeo/capstone/install/encoder' for CMake module files
[11.895s] Level 1:colcon.colcon_core.environment:checking '/home/robotrodeo/capstone/install/encoder' for CMake config files
[11.898s] DEBUG:colcon.colcon_core.event_handler.log_command:Invoked command in '/home/robotrodeo/capstone/src/encoder' returned '0': CMAKE_PREFIX_PATH=/home/robotrodeo/capstone/install/robot_interfaces:/home/robotrodeo/capstone/install/sllidar_ros2:/home/robotrodeo/capstone/install/articubot_one PYTHONPATH=/home/robotrodeo/capstone/build/encoder/prefix_override:/home/robotrodeo/capstone/install/encoder/lib/python3.10/site-packages:${PYTHONPATH} /usr/bin/python3 setup.py egg_info --egg-base ../../build/encoder build --build-base /home/robotrodeo/capstone/build/encoder/build install --record /home/robotrodeo/capstone/build/encoder/install.log --install-scripts $base/lib/encoder --single-version-externally-managed
[11.900s] Level 1:colcon.colcon_core.environment:checking '/home/robotrodeo/capstone/install/encoder/lib'
[11.900s] Level 1:colcon.colcon_core.environment:checking '/home/robotrodeo/capstone/install/encoder/bin'
[11.900s] Level 1:colcon.colcon_core.environment:checking '/home/robotrodeo/capstone/install/encoder/lib/pkgconfig/encoder.pc'
[11.901s] Level 1:colcon.colcon_core.environment:checking '/home/robotrodeo/capstone/install/encoder/lib/python3.10/site-packages'
[11.902s] Level 1:colcon.colcon_core.shell:create_environment_hook('encoder', 'pythonpath')
[11.907s] INFO:colcon.colcon_core.shell:Creating environment hook '/home/robotrodeo/capstone/install/encoder/share/encoder/hook/pythonpath.ps1'
[11.909s] INFO:colcon.colcon_core.shell:Creating environment descriptor '/home/robotrodeo/capstone/install/encoder/share/encoder/hook/pythonpath.dsv'
[11.911s] INFO:colcon.colcon_core.shell:Creating environment hook '/home/robotrodeo/capstone/install/encoder/share/encoder/hook/pythonpath.sh'
[11.913s] Level 1:colcon.colcon_core.environment:checking '/home/robotrodeo/capstone/install/encoder/bin'
[11.914s] Level 1:colcon.colcon_core.environment:create_environment_scripts_only(encoder)
[11.919s] INFO:colcon.colcon_core.shell:Creating package script '/home/robotrodeo/capstone/install/encoder/share/encoder/package.ps1'
[11.922s] INFO:colcon.colcon_core.shell:Creating package descriptor '/home/robotrodeo/capstone/install/encoder/share/encoder/package.dsv'
[11.924s] INFO:colcon.colcon_core.shell:Creating package script '/home/robotrodeo/capstone/install/encoder/share/encoder/package.sh'
[11.926s] INFO:colcon.colcon_core.shell:Creating package script '/home/robotrodeo/capstone/install/encoder/share/encoder/package.bash'
[11.928s] INFO:colcon.colcon_core.shell:Creating package script '/home/robotrodeo/capstone/install/encoder/share/encoder/package.zsh'
[11.931s] Level 1:colcon.colcon_core.environment:create_file_with_runtime_dependencies(/home/robotrodeo/capstone/install/encoder/share/colcon-core/packages/encoder)
[11.933s] DEBUG:colcon.colcon_parallel_executor.executor.parallel:closing loop
[11.934s] DEBUG:colcon.colcon_parallel_executor.executor.parallel:loop closed
[11.935s] DEBUG:colcon.colcon_parallel_executor.executor.parallel:run_until_complete finished with '0'
[11.935s] DEBUG:colcon.colcon_core.event_reactor:joining thread
[11.960s] INFO:colcon.colcon_core.plugin_system:Skipping extension 'colcon_notification.desktop_notification.terminal_notifier': Not used on non-Darwin systems
[11.961s] INFO:colcon.colcon_core.plugin_system:Skipping extension 'colcon_notification.desktop_notification.win32': Not used on non-Windows systems
[11.961s] INFO:colcon.colcon_notification.desktop_notification:Sending desktop notification using 'notify2'
[12.013s] DEBUG:colcon.colcon_core.event_reactor:joined thread
[12.019s] INFO:colcon.colcon_core.shell:Creating prefix script '/home/robotrodeo/capstone/install/local_setup.ps1'
[12.023s] INFO:colcon.colcon_core.shell:Creating prefix util module '/home/robotrodeo/capstone/install/_local_setup_util_ps1.py'
[12.030s] INFO:colcon.colcon_core.shell:Creating prefix chain script '/home/robotrodeo/capstone/install/setup.ps1'
[12.039s] INFO:colcon.colcon_core.shell:Creating prefix script '/home/robotrodeo/capstone/install/local_setup.sh'
[12.042s] INFO:colcon.colcon_core.shell:Creating prefix util module '/home/robotrodeo/capstone/install/_local_setup_util_sh.py'
[12.045s] INFO:colcon.colcon_core.shell:Creating prefix chain script '/home/robotrodeo/capstone/install/setup.sh'
[12.054s] INFO:colcon.colcon_core.shell:Creating prefix script '/home/robotrodeo/capstone/install/local_setup.bash'
[12.058s] INFO:colcon.colcon_core.shell:Creating prefix chain script '/home/robotrodeo/capstone/install/setup.bash'
[12.065s] INFO:colcon.colcon_core.shell:Creating prefix script '/home/robotrodeo/capstone/install/local_setup.zsh'
[12.068s] INFO:colcon.colcon_core.shell:Creating prefix chain script '/home/robotrodeo/capstone/install/setup.zsh'
