[2.802s] Invoking command in '/home/robotrodeo/capstone/build/encoder': CMAKE_PREFIX_PATH=/home/robotrodeo/capstone/install/robot_interfaces:/home/robotrodeo/capstone/install/sllidar_ros2:/home/robotrodeo/capstone/install/articubot_one PYTHONPATH=/home/robotrodeo/capstone/build/encoder/prefix_override:/home/robotrodeo/capstone/install/encoder/lib/python3.10/site-packages:${PYTHONPATH} /usr/bin/python3 setup.py develop --uninstall --editable --build-directory /home/robotrodeo/capstone/build/encoder/build
[3.863s] /usr/lib/python3/dist-packages/setuptools/dist.py:723: UserWarning: Usage of dash-separated 'script-dir' will not be supported in future versions. Please use the underscore name 'script_dir' instead
[3.863s]   warnings.warn(
[3.975s] running develop
[3.976s] /usr/lib/python3/dist-packages/setuptools/command/easy_install.py:158: EasyInstallDeprecationWarning: easy_install command is deprecated. Use build and pip and other standards-based tools.
[3.977s]   warnings.warn(
[3.982s] /usr/lib/python3/dist-packages/setuptools/command/install.py:34: SetuptoolsDeprecationWarning: setup.py install is deprecated. Use build and pip and other standards-based tools.
[3.983s]   warnings.warn(
[4.256s] /usr/lib/python3/dist-packages/pkg_resources/__init__.py:116: PkgResourcesDeprecationWarning: 1.1build1 is an invalid version and will not be supported in a future release
[4.257s]   warnings.warn(
[4.257s] /usr/lib/python3/dist-packages/pkg_resources/__init__.py:116: PkgResourcesDeprecationWarning: 0.1.43ubuntu1 is an invalid version and will not be supported in a future release
[4.257s]   warnings.warn(
[4.908s] Invoked command in '/home/robotrodeo/capstone/build/encoder' returned '0': CMAKE_PREFIX_PATH=/home/robotrodeo/capstone/install/robot_interfaces:/home/robotrodeo/capstone/install/sllidar_ros2:/home/robotrodeo/capstone/install/articubot_one PYTHONPATH=/home/robotrodeo/capstone/build/encoder/prefix_override:/home/robotrodeo/capstone/install/encoder/lib/python3.10/site-packages:${PYTHONPATH} /usr/bin/python3 setup.py develop --uninstall --editable --build-directory /home/robotrodeo/capstone/build/encoder/build
[4.918s] Invoking command in '/home/robotrodeo/capstone/src/encoder': CMAKE_PREFIX_PATH=/home/robotrodeo/capstone/install/robot_interfaces:/home/robotrodeo/capstone/install/sllidar_ros2:/home/robotrodeo/capstone/install/articubot_one PYTHONPATH=/home/robotrodeo/capstone/build/encoder/prefix_override:/home/robotrodeo/capstone/install/encoder/lib/python3.10/site-packages:${PYTHONPATH} /usr/bin/python3 setup.py egg_info --egg-base ../../build/encoder build --build-base /home/robotrodeo/capstone/build/encoder/build install --record /home/robotrodeo/capstone/build/encoder/install.log --install-scripts $base/lib/encoder --single-version-externally-managed
[5.968s] /usr/lib/python3/dist-packages/setuptools/dist.py:723: UserWarning: Usage of dash-separated 'script-dir' will not be supported in future versions. Please use the underscore name 'script_dir' instead
[5.969s]   warnings.warn(
[6.004s] running egg_info
[6.006s] writing ../../build/encoder/encoder.egg-info/PKG-INFO
[6.008s] writing dependency_links to ../../build/encoder/encoder.egg-info/dependency_links.txt
[6.009s] writing entry points to ../../build/encoder/encoder.egg-info/entry_points.txt
[6.009s] writing requirements to ../../build/encoder/encoder.egg-info/requires.txt
[6.010s] writing top-level names to ../../build/encoder/encoder.egg-info/top_level.txt
[6.018s] reading manifest file '../../build/encoder/encoder.egg-info/SOURCES.txt'
[6.022s] writing manifest file '../../build/encoder/encoder.egg-info/SOURCES.txt'
[6.023s] running build
[6.023s] running build_py
[6.025s] copying encoder/motor_encoder.py -> /home/robotrodeo/capstone/build/encoder/build/lib/encoder
[6.026s] running install
[6.027s] /usr/lib/python3/dist-packages/setuptools/command/install.py:34: SetuptoolsDeprecationWarning: setup.py install is deprecated. Use build and pip and other standards-based tools.
[6.027s]   warnings.warn(
[6.028s] running install_lib
[6.031s] copying /home/robotrodeo/capstone/build/encoder/build/lib/encoder/motor_encoder.py -> /home/robotrodeo/capstone/install/encoder/lib/python3.10/site-packages/encoder
[6.034s] byte-compiling /home/robotrodeo/capstone/install/encoder/lib/python3.10/site-packages/encoder/motor_encoder.py to motor_encoder.cpython-310.pyc
[6.037s] running install_data
[6.040s] running install_egg_info
[6.046s] removing '/home/robotrodeo/capstone/install/encoder/lib/python3.10/site-packages/encoder-0.0.0-py3.10.egg-info' (and everything under it)
[6.048s] Copying ../../build/encoder/encoder.egg-info to /home/robotrodeo/capstone/install/encoder/lib/python3.10/site-packages/encoder-0.0.0-py3.10.egg-info
[6.053s] running install_scripts
[6.138s] Installing motor_encoder script to /home/robotrodeo/capstone/install/encoder/lib/encoder
[6.140s] writing list of installed files to '/home/robotrodeo/capstone/build/encoder/install.log'
[6.276s] Invoked command in '/home/robotrodeo/capstone/src/encoder' returned '0': CMAKE_PREFIX_PATH=/home/robotrodeo/capstone/install/robot_interfaces:/home/robotrodeo/capstone/install/sllidar_ros2:/home/robotrodeo/capstone/install/articubot_one PYTHONPATH=/home/robotrodeo/capstone/build/encoder/prefix_override:/home/robotrodeo/capstone/install/encoder/lib/python3.10/site-packages:${PYTHONPATH} /usr/bin/python3 setup.py egg_info --egg-base ../../build/encoder build --build-base /home/robotrodeo/capstone/build/encoder/build install --record /home/robotrodeo/capstone/build/encoder/install.log --install-scripts $base/lib/encoder --single-version-externally-managed
