[0.125s] Invoking command in '/home/robotrodeo/capstone/build/articubot_one': CMAKE_PREFIX_PATH=${CMAKE_PREFIX_PATH}:/home/robotrodeo/capstone/install/encoder:/opt/ros/humble /usr/bin/cmake --build /home/robotrodeo/capstone/build/articubot_one -- -j4 -l4
[0.317s] Invoked command in '/home/robotrodeo/capstone/build/articubot_one' returned '0': CMAKE_PREFIX_PATH=${CMAKE_PREFIX_PATH}:/home/robotrodeo/capstone/install/encoder:/opt/ros/humble /usr/bin/cmake --build /home/robotrodeo/capstone/build/articubot_one -- -j4 -l4
[0.732s] Invoking command in '/home/robotrodeo/capstone/build/articubot_one': CMAKE_PREFIX_PATH=${CMAKE_PREFIX_PATH}:/home/robotrodeo/capstone/install/encoder:/opt/ros/humble /usr/bin/cmake --install /home/robotrodeo/capstone/build/articubot_one
[0.774s] -- Install configuration: ""
[0.776s] -- Execute custom install script
[0.780s] -- Up-to-date symlink: /home/robotrodeo/capstone/install/articubot_one/share/articubot_one/config/ball_tracker_params_robot.yaml
[0.783s] -- Up-to-date symlink: /home/robotrodeo/capstone/install/articubot_one/share/articubot_one/config/ball_tracker_params_sim.yaml
[0.786s] -- Up-to-date symlink: /home/robotrodeo/capstone/install/articubot_one/share/articubot_one/config/drive_bot.rviz
[0.791s] -- Up-to-date symlink: /home/robotrodeo/capstone/install/articubot_one/share/articubot_one/config/empty.yaml
[0.794s] -- Up-to-date symlink: /home/robotrodeo/capstone/install/articubot_one/share/articubot_one/config/gaz_ros2_ctl_use_sim.yaml
[0.797s] -- Up-to-date symlink: /home/robotrodeo/capstone/install/articubot_one/share/articubot_one/config/gazebo_params.yaml
[0.800s] -- Up-to-date symlink: /home/robotrodeo/capstone/install/articubot_one/share/articubot_one/config/joystick.yaml
[0.803s] -- Up-to-date symlink: /home/robotrodeo/capstone/install/articubot_one/share/articubot_one/config/main.rviz
[0.805s] -- Up-to-date symlink: /home/robotrodeo/capstone/install/articubot_one/share/articubot_one/config/map.rviz
[0.808s] -- Up-to-date symlink: /home/robotrodeo/capstone/install/articubot_one/share/articubot_one/config/mapper_params_online_async.yaml
[0.810s] -- Up-to-date symlink: /home/robotrodeo/capstone/install/articubot_one/share/articubot_one/config/my_controllers.yaml
[0.813s] -- Up-to-date symlink: /home/robotrodeo/capstone/install/articubot_one/share/articubot_one/config/nav2_params.yaml
[0.815s] -- Up-to-date symlink: /home/robotrodeo/capstone/install/articubot_one/share/articubot_one/config/twist_mux.yaml
[0.817s] -- Up-to-date symlink: /home/robotrodeo/capstone/install/articubot_one/share/articubot_one/config/view_bot.rviz
[0.821s] -- Up-to-date symlink: /home/robotrodeo/capstone/install/articubot_one/share/articubot_one/description/camera.xacro
[0.824s] -- Up-to-date symlink: /home/robotrodeo/capstone/install/articubot_one/share/articubot_one/description/depth_camera.xacro
[0.825s] -- Up-to-date symlink: /home/robotrodeo/capstone/install/articubot_one/share/articubot_one/description/face.xacro
[0.828s] -- Up-to-date symlink: /home/robotrodeo/capstone/install/articubot_one/share/articubot_one/description/gazebo_control.xacro
[0.830s] -- Up-to-date symlink: /home/robotrodeo/capstone/install/articubot_one/share/articubot_one/description/inertial_macros.xacro
[0.832s] -- Up-to-date symlink: /home/robotrodeo/capstone/install/articubot_one/share/articubot_one/description/lidar.xacro
[0.835s] -- Up-to-date symlink: /home/robotrodeo/capstone/install/articubot_one/share/articubot_one/description/robot.urdf.xacro
[0.837s] -- Up-to-date symlink: /home/robotrodeo/capstone/install/articubot_one/share/articubot_one/description/robot_core.xacro
[0.839s] -- Up-to-date symlink: /home/robotrodeo/capstone/install/articubot_one/share/articubot_one/description/ros2_control.xacro
[0.843s] -- Up-to-date symlink: /home/robotrodeo/capstone/install/articubot_one/share/articubot_one/launch/ball_tracker.launch.py
[0.846s] -- Up-to-date symlink: /home/robotrodeo/capstone/install/articubot_one/share/articubot_one/launch/camera.launch.py
[0.848s] -- Up-to-date symlink: /home/robotrodeo/capstone/install/articubot_one/share/articubot_one/launch/joystick.launch.py
[0.851s] -- Up-to-date symlink: /home/robotrodeo/capstone/install/articubot_one/share/articubot_one/launch/launch_robot.launch.py
[0.854s] -- Up-to-date symlink: /home/robotrodeo/capstone/install/articubot_one/share/articubot_one/launch/launch_sim.launch.py
[0.856s] -- Up-to-date symlink: /home/robotrodeo/capstone/install/articubot_one/share/articubot_one/launch/localization_launch.py
[0.859s] -- Up-to-date symlink: /home/robotrodeo/capstone/install/articubot_one/share/articubot_one/launch/navigation_launch.py
[0.863s] -- Up-to-date symlink: /home/robotrodeo/capstone/install/articubot_one/share/articubot_one/launch/online_async_launch.py
[0.866s] -- Up-to-date symlink: /home/robotrodeo/capstone/install/articubot_one/share/articubot_one/launch/rplidar.launch.py
[0.868s] -- Up-to-date symlink: /home/robotrodeo/capstone/install/articubot_one/share/articubot_one/launch/rsp.launch.py
[0.871s] -- Up-to-date symlink: /home/robotrodeo/capstone/install/articubot_one/share/articubot_one/worlds/empty.world
[0.873s] -- Up-to-date symlink: /home/robotrodeo/capstone/install/articubot_one/share/articubot_one/worlds/obstacles.world
[0.876s] -- Up-to-date symlink: /home/robotrodeo/capstone/install/articubot_one/share/ament_index/resource_index/package_run_dependencies/articubot_one
[0.879s] -- Up-to-date symlink: /home/robotrodeo/capstone/install/articubot_one/share/ament_index/resource_index/parent_prefix_path/articubot_one
[0.881s] -- Up-to-date symlink: /home/robotrodeo/capstone/install/articubot_one/share/articubot_one/environment/ament_prefix_path.sh
[0.884s] -- Up-to-date symlink: /home/robotrodeo/capstone/install/articubot_one/share/articubot_one/environment/ament_prefix_path.dsv
[0.887s] -- Up-to-date symlink: /home/robotrodeo/capstone/install/articubot_one/share/articubot_one/environment/path.sh
[0.890s] -- Up-to-date symlink: /home/robotrodeo/capstone/install/articubot_one/share/articubot_one/environment/path.dsv
[0.893s] -- Up-to-date symlink: /home/robotrodeo/capstone/install/articubot_one/share/articubot_one/local_setup.bash
[0.896s] -- Up-to-date symlink: /home/robotrodeo/capstone/install/articubot_one/share/articubot_one/local_setup.sh
[0.899s] -- Up-to-date symlink: /home/robotrodeo/capstone/install/articubot_one/share/articubot_one/local_setup.zsh
[0.902s] -- Up-to-date symlink: /home/robotrodeo/capstone/install/articubot_one/share/articubot_one/local_setup.dsv
[0.905s] -- Symlinking: /home/robotrodeo/capstone/install/articubot_one/share/articubot_one/package.dsv
[0.950s] -- Up-to-date symlink: /home/robotrodeo/capstone/install/articubot_one/share/ament_index/resource_index/packages/articubot_one
[0.952s] -- Up-to-date symlink: /home/robotrodeo/capstone/install/articubot_one/share/articubot_one/cmake/articubot_oneConfig.cmake
[0.956s] -- Up-to-date symlink: /home/robotrodeo/capstone/install/articubot_one/share/articubot_one/cmake/articubot_oneConfig-version.cmake
[0.958s] -- Up-to-date symlink: /home/robotrodeo/capstone/install/articubot_one/share/articubot_one/package.xml
[0.974s] Invoked command in '/home/robotrodeo/capstone/build/articubot_one' returned '0': CMAKE_PREFIX_PATH=${CMAKE_PREFIX_PATH}:/home/robotrodeo/capstone/install/encoder:/opt/ros/humble /usr/bin/cmake --install /home/robotrodeo/capstone/build/articubot_one
