[0.230s] Invoking command in '/home/robotrodeo/capstone/build/robot_interfaces': CMAKE_PREFIX_PATH=${CMAKE_PREFIX_PATH}:/home/robotrodeo/capstone/install/encoder:/home/robotrodeo/capstone/install/drivetrain:/opt/ros/humble /usr/bin/cmake /home/robotrodeo/capstone/src/robot_interfaces -DAMENT_CMAKE_SYMLINK_INSTALL=1 -DCMAKE_INSTALL_PREFIX=/home/robotrodeo/capstone/install/robot_interfaces
[2.050s] -- Found ament_cmake: 1.3.3 (/opt/ros/humble/share/ament_cmake/cmake)
[2.050s] -- Override CMake install command with custom implementation using symlinks instead of copying resources
[2.052s] -- Found rosidl_default_generators: 1.2.0 (/opt/ros/humble/share/rosidl_default_generators/cmake)
[2.053s] -- Using all available rosidl_typesupport_c: rosidl_typesupport_fastrtps_c;rosidl_typesupport_introspection_c
[2.054s] -- Found rosidl_adapter: 3.1.4 (/opt/ros/humble/share/rosidl_adapter/cmake)
[2.072s] -- Using all available rosidl_typesupport_cpp: rosidl_typesupport_fastrtps_cpp;rosidl_typesupport_introspection_cpp
[4.467s] -- Found ament_cmake_ros: 0.10.0 (/opt/ros/humble/share/ament_cmake_ros/cmake)
[5.874s] -- Using all available rosidl_typesupport_c: rosidl_typesupport_fastrtps_c;rosidl_typesupport_introspection_c
[7.549s] -- Using all available rosidl_typesupport_cpp: rosidl_typesupport_fastrtps_cpp;rosidl_typesupport_introspection_cpp
[7.702s] -- Found python_cmake_module: 0.10.0 (/opt/ros/humble/share/python_cmake_module/cmake)
[7.850s] -- Using PYTHON_EXECUTABLE: /usr/bin/python3
[7.851s] -- Using PYTHON_INCLUDE_DIRS: /usr/include/python3.10
[7.851s] -- Using PYTHON_LIBRARIES: /usr/lib/aarch64-linux-gnu/libpython3.10.so
[8.012s] -- Configuring done
[8.354s] -- Generating done
[8.382s] -- Build files have been written to: /home/robotrodeo/capstone/build/robot_interfaces
[8.425s] Invoked command in '/home/robotrodeo/capstone/build/robot_interfaces' returned '0': CMAKE_PREFIX_PATH=${CMAKE_PREFIX_PATH}:/home/robotrodeo/capstone/install/encoder:/home/robotrodeo/capstone/install/drivetrain:/opt/ros/humble /usr/bin/cmake /home/robotrodeo/capstone/src/robot_interfaces -DAMENT_CMAKE_SYMLINK_INSTALL=1 -DCMAKE_INSTALL_PREFIX=/home/robotrodeo/capstone/install/robot_interfaces
[8.435s] Invoking command in '/home/robotrodeo/capstone/build/robot_interfaces': CMAKE_PREFIX_PATH=${CMAKE_PREFIX_PATH}:/home/robotrodeo/capstone/install/encoder:/home/robotrodeo/capstone/install/drivetrain:/opt/ros/humble /usr/bin/cmake --build /home/robotrodeo/capstone/build/robot_interfaces -- -j4 -l4
[8.658s] [35m[1mConsolidate compiler generated dependencies of target robot_interfaces__rosidl_generator_c[0m
[8.736s] [  3%] Built target robot_interfaces__cpp
[8.738s] failed to create symbolic link '/home/robotrodeo/capstone/build/robot_interfaces/ament_cmake_python/robot_interfaces/robot_interfaces' because existing path cannot be removed: Is a directory
[8.744s] gmake[2]: *** [CMakeFiles/ament_cmake_python_symlink_robot_interfaces.dir/build.make:70: CMakeFiles/ament_cmake_python_symlink_robot_interfaces] Error 1
[8.746s] gmake[1]: *** [CMakeFiles/Makefile2:421: CMakeFiles/ament_cmake_python_symlink_robot_interfaces.dir/all] Error 2
[8.747s] gmake[1]: *** Waiting for unfinished jobs....
[8.796s] [ 12%] Built target robot_interfaces__rosidl_generator_c
[8.799s] [35m[1mConsolidate compiler generated dependencies of target robot_interfaces__rosidl_typesupport_fastrtps_cpp[0m
[8.801s] [35m[1mConsolidate compiler generated dependencies of target robot_interfaces__rosidl_typesupport_introspection_cpp[0m
[8.908s] [ 22%] Built target robot_interfaces__rosidl_typesupport_introspection_cpp
[8.911s] [ 32%] Built target robot_interfaces__rosidl_typesupport_fastrtps_cpp
[8.917s] gmake: *** [Makefile:146: all] Error 2
[8.937s] Invoked command in '/home/robotrodeo/capstone/build/robot_interfaces' returned '2': CMAKE_PREFIX_PATH=${CMAKE_PREFIX_PATH}:/home/robotrodeo/capstone/install/encoder:/home/robotrodeo/capstone/install/drivetrain:/opt/ros/humble /usr/bin/cmake --build /home/robotrodeo/capstone/build/robot_interfaces -- -j4 -l4
