running develop
running egg_info
writing ../../build/encoder/encoder.egg-info/PKG-INFO
writing dependency_links to ../../build/encoder/encoder.egg-info/dependency_links.txt
writing entry points to ../../build/encoder/encoder.egg-info/entry_points.txt
writing requirements to ../../build/encoder/encoder.egg-info/requires.txt
writing top-level names to ../../build/encoder/encoder.egg-info/top_level.txt
reading manifest file '../../build/encoder/encoder.egg-info/SOURCES.txt'
writing manifest file '../../build/encoder/encoder.egg-info/SOURCES.txt'
running build
running build_py
running install
running install_lib
running install_data
running install_egg_info
removing '/home/robotrodeo/capstone/install/encoder/lib/python3.10/site-packages/encoder-0.0.0-py3.10.egg-info' (and everything under it)
Copying ../../build/encoder/encoder.egg-info to /home/robotrodeo/capstone/install/encoder/lib/python3.10/site-packages/encoder-0.0.0-py3.10.egg-info
running install_scripts
Installing motor_encoder script to /home/robotrodeo/capstone/install/encoder/lib/encoder
writing list of installed files to '/home/robotrodeo/capstone/build/encoder/install.log'
