[3.292s] Invoking command in '/home/robotrodeo/capstone/build/encoder': CMAKE_PREFIX_PATH=/home/robotrodeo/capstone/install/robot_interfaces:/home/robotrodeo/capstone/install/sllidar_ros2:/home/robotrodeo/capstone/install/articubot_one PYTHONPATH=/home/robotrodeo/capstone/build/encoder/prefix_override:/home/robotrodeo/capstone/install/encoder/lib/python3.10/site-packages:${PYTHONPATH} /usr/bin/python3 setup.py develop --uninstall --editable --build-directory /home/robotrodeo/capstone/build/encoder/build
[4.384s] /usr/lib/python3/dist-packages/setuptools/dist.py:723: UserWarning: Usage of dash-separated 'script-dir' will not be supported in future versions. Please use the underscore name 'script_dir' instead
[4.385s]   warnings.warn(
[4.507s] running develop
[4.514s] /usr/lib/python3/dist-packages/setuptools/command/easy_install.py:158: EasyInstallDeprecationWarning: easy_install command is deprecated. Use build and pip and other standards-based tools.
[4.514s]   warnings.warn(
[4.522s] /usr/lib/python3/dist-packages/setuptools/command/install.py:34: SetuptoolsDeprecationWarning: setup.py install is deprecated. Use build and pip and other standards-based tools.
[4.522s]   warnings.warn(
[4.820s] /usr/lib/python3/dist-packages/pkg_resources/__init__.py:116: PkgResourcesDeprecationWarning: 1.1build1 is an invalid version and will not be supported in a future release
[4.821s]   warnings.warn(
[4.822s] /usr/lib/python3/dist-packages/pkg_resources/__init__.py:116: PkgResourcesDeprecationWarning: 0.1.43ubuntu1 is an invalid version and will not be supported in a future release
[4.823s]   warnings.warn(
[5.516s] Invoked command in '/home/robotrodeo/capstone/build/encoder' returned '0': CMAKE_PREFIX_PATH=/home/robotrodeo/capstone/install/robot_interfaces:/home/robotrodeo/capstone/install/sllidar_ros2:/home/robotrodeo/capstone/install/articubot_one PYTHONPATH=/home/robotrodeo/capstone/build/encoder/prefix_override:/home/robotrodeo/capstone/install/encoder/lib/python3.10/site-packages:${PYTHONPATH} /usr/bin/python3 setup.py develop --uninstall --editable --build-directory /home/robotrodeo/capstone/build/encoder/build
[5.525s] Invoking command in '/home/robotrodeo/capstone/src/encoder': CMAKE_PREFIX_PATH=/home/robotrodeo/capstone/install/robot_interfaces:/home/robotrodeo/capstone/install/sllidar_ros2:/home/robotrodeo/capstone/install/articubot_one PYTHONPATH=/home/robotrodeo/capstone/build/encoder/prefix_override:/home/robotrodeo/capstone/install/encoder/lib/python3.10/site-packages:${PYTHONPATH} /usr/bin/python3 setup.py egg_info --egg-base ../../build/encoder build --build-base /home/robotrodeo/capstone/build/encoder/build install --record /home/robotrodeo/capstone/build/encoder/install.log --install-scripts $base/lib/encoder --single-version-externally-managed
[6.799s] /usr/lib/python3/dist-packages/setuptools/dist.py:723: UserWarning: Usage of dash-separated 'script-dir' will not be supported in future versions. Please use the underscore name 'script_dir' instead
[6.800s]   warnings.warn(
[6.841s] running egg_info
[6.846s] writing ../../build/encoder/encoder.egg-info/PKG-INFO
[6.851s] writing dependency_links to ../../build/encoder/encoder.egg-info/dependency_links.txt
[6.852s] writing entry points to ../../build/encoder/encoder.egg-info/entry_points.txt
[6.853s] writing requirements to ../../build/encoder/encoder.egg-info/requires.txt
[6.859s] writing top-level names to ../../build/encoder/encoder.egg-info/top_level.txt
[6.877s] reading manifest file '../../build/encoder/encoder.egg-info/SOURCES.txt'
[6.883s] writing manifest file '../../build/encoder/encoder.egg-info/SOURCES.txt'
[6.884s] running build
[6.884s] running build_py
[6.889s] running install
[6.890s] /usr/lib/python3/dist-packages/setuptools/command/install.py:34: SetuptoolsDeprecationWarning: setup.py install is deprecated. Use build and pip and other standards-based tools.
[6.891s]   warnings.warn(
[6.892s] running install_lib
[6.900s] running install_data
[6.903s] running install_egg_info
[6.911s] removing '/home/robotrodeo/capstone/install/encoder/lib/python3.10/site-packages/encoder-0.0.0-py3.10.egg-info' (and everything under it)
[6.913s] Copying ../../build/encoder/encoder.egg-info to /home/robotrodeo/capstone/install/encoder/lib/python3.10/site-packages/encoder-0.0.0-py3.10.egg-info
[6.920s] running install_scripts
[7.018s] Installing motor_encoder script to /home/robotrodeo/capstone/install/encoder/lib/encoder
[7.020s] writing list of installed files to '/home/robotrodeo/capstone/build/encoder/install.log'
[7.168s] Invoked command in '/home/robotrodeo/capstone/src/encoder' returned '0': CMAKE_PREFIX_PATH=/home/robotrodeo/capstone/install/robot_interfaces:/home/robotrodeo/capstone/install/sllidar_ros2:/home/robotrodeo/capstone/install/articubot_one PYTHONPATH=/home/robotrodeo/capstone/build/encoder/prefix_override:/home/robotrodeo/capstone/install/encoder/lib/python3.10/site-packages:${PYTHONPATH} /usr/bin/python3 setup.py egg_info --egg-base ../../build/encoder build --build-base /home/robotrodeo/capstone/build/encoder/build install --record /home/robotrodeo/capstone/build/encoder/install.log --install-scripts $base/lib/encoder --single-version-externally-managed
