[1.412s] DEBUG:colcon:Command line arguments: ['/usr/bin/colcon', 'build', '--symlink-install']
[1.412s] DEBUG:colcon:Parsed command line arguments: Namespace(log_base=None, log_level=None, verb_name='build', build_base='build', install_base='install', merge_install=False, symlink_install=True, test_result_base=None, continue_on_error=False, executor='parallel', parallel_workers=4, event_handlers=None, ignore_user_meta=False, metas=['./colcon.meta'], base_paths=['.'], packages_ignore=None, packages_ignore_regex=None, paths=None, packages_up_to=None, packages_up_to_regex=None, packages_above=None, packages_above_and_dependencies=None, packages_above_depth=None, packages_select_by_dep=None, packages_skip_by_dep=None, packages_skip_up_to=None, packages_select_build_failed=False, packages_skip_build_finished=False, packages_select_test_failures=False, packages_skip_test_passed=False, packages_select=None, packages_skip=None, packages_select_regex=None, packages_skip_regex=None, packages_start=None, packages_end=None, allow_overriding=[], cmake_args=None, cmake_target=None, cmake_target_skip_unavailable=False, cmake_clean_cache=False, cmake_clean_first=False, cmake_force_configure=False, ament_cmake_args=None, catkin_cmake_args=None, catkin_skip_building_tests=False, verb_parser=<colcon_defaults.argument_parser.defaults.DefaultArgumentsDecorator object at 0xffffa60e3400>, verb_extension=<colcon_core.verb.build.BuildVerb object at 0xffffa699d9f0>, main=<bound method BuildVerb.main of <colcon_core.verb.build.BuildVerb object at 0xffffa699d9f0>>)
[1.552s] Level 1:colcon.colcon_core.package_discovery:discover_packages(colcon_meta) check parameters
[1.552s] Level 1:colcon.colcon_core.package_discovery:discover_packages(recursive) check parameters
[1.552s] Level 1:colcon.colcon_core.package_discovery:discover_packages(ignore) check parameters
[1.552s] Level 1:colcon.colcon_core.package_discovery:discover_packages(path) check parameters
[1.552s] Level 1:colcon.colcon_core.package_discovery:discover_packages(colcon_meta) discover
[1.553s] Level 1:colcon.colcon_core.package_discovery:discover_packages(recursive) discover
[1.553s] INFO:colcon.colcon_core.package_discovery:Crawling recursively for packages in '/home/robotrodeo/capstone'
[1.553s] Level 1:colcon.colcon_core.package_identification:_identify(.) by extensions ['ignore', 'ignore_ament_install']
[1.554s] Level 1:colcon.colcon_core.package_identification:_identify(.) by extension 'ignore'
[1.554s] Level 1:colcon.colcon_core.package_identification:_identify(.) by extension 'ignore_ament_install'
[1.554s] Level 1:colcon.colcon_core.package_identification:_identify(.) by extensions ['colcon_pkg']
[1.554s] Level 1:colcon.colcon_core.package_identification:_identify(.) by extension 'colcon_pkg'
[1.554s] Level 1:colcon.colcon_core.package_identification:_identify(.) by extensions ['colcon_meta']
[1.554s] Level 1:colcon.colcon_core.package_identification:_identify(.) by extension 'colcon_meta'
[1.554s] Level 1:colcon.colcon_core.package_identification:_identify(.) by extensions ['ros']
[1.555s] Level 1:colcon.colcon_core.package_identification:_identify(.) by extension 'ros'
[1.603s] Level 1:colcon.colcon_core.package_identification:_identify(.) by extensions ['cmake', 'python']
[1.603s] Level 1:colcon.colcon_core.package_identification:_identify(.) by extension 'cmake'
[1.603s] Level 1:colcon.colcon_core.package_identification:_identify(.) by extension 'python'
[1.604s] Level 1:colcon.colcon_core.package_identification:_identify(.) by extensions ['python_setup_py']
[1.604s] Level 1:colcon.colcon_core.package_identification:_identify(.) by extension 'python_setup_py'
[1.604s] Level 1:colcon.colcon_core.package_identification:_identify(build) by extensions ['ignore', 'ignore_ament_install']
[1.605s] Level 1:colcon.colcon_core.package_identification:_identify(build) by extension 'ignore'
[1.605s] Level 1:colcon.colcon_core.package_identification:_identify(build) ignored
[1.606s] Level 1:colcon.colcon_core.package_identification:_identify(install) by extensions ['ignore', 'ignore_ament_install']
[1.606s] Level 1:colcon.colcon_core.package_identification:_identify(install) by extension 'ignore'
[1.606s] Level 1:colcon.colcon_core.package_identification:_identify(install) ignored
[1.607s] Level 1:colcon.colcon_core.package_identification:_identify(log) by extensions ['ignore', 'ignore_ament_install']
[1.607s] Level 1:colcon.colcon_core.package_identification:_identify(log) by extension 'ignore'
[1.607s] Level 1:colcon.colcon_core.package_identification:_identify(log) ignored
[1.608s] Level 1:colcon.colcon_core.package_identification:_identify(src) by extensions ['ignore', 'ignore_ament_install']
[1.608s] Level 1:colcon.colcon_core.package_identification:_identify(src) by extension 'ignore'
[1.608s] Level 1:colcon.colcon_core.package_identification:_identify(src) by extension 'ignore_ament_install'
[1.608s] Level 1:colcon.colcon_core.package_identification:_identify(src) by extensions ['colcon_pkg']
[1.608s] Level 1:colcon.colcon_core.package_identification:_identify(src) by extension 'colcon_pkg'
[1.609s] Level 1:colcon.colcon_core.package_identification:_identify(src) by extensions ['colcon_meta']
[1.609s] Level 1:colcon.colcon_core.package_identification:_identify(src) by extension 'colcon_meta'
[1.609s] Level 1:colcon.colcon_core.package_identification:_identify(src) by extensions ['ros']
[1.609s] Level 1:colcon.colcon_core.package_identification:_identify(src) by extension 'ros'
[1.609s] Level 1:colcon.colcon_core.package_identification:_identify(src) by extensions ['cmake', 'python']
[1.609s] Level 1:colcon.colcon_core.package_identification:_identify(src) by extension 'cmake'
[1.610s] Level 1:colcon.colcon_core.package_identification:_identify(src) by extension 'python'
[1.610s] Level 1:colcon.colcon_core.package_identification:_identify(src) by extensions ['python_setup_py']
[1.610s] Level 1:colcon.colcon_core.package_identification:_identify(src) by extension 'python_setup_py'
[1.610s] Level 1:colcon.colcon_core.package_identification:_identify(src/articubot_one) by extensions ['ignore', 'ignore_ament_install']
[1.611s] Level 1:colcon.colcon_core.package_identification:_identify(src/articubot_one) by extension 'ignore'
[1.611s] Level 1:colcon.colcon_core.package_identification:_identify(src/articubot_one) by extension 'ignore_ament_install'
[1.611s] Level 1:colcon.colcon_core.package_identification:_identify(src/articubot_one) by extensions ['colcon_pkg']
[1.611s] Level 1:colcon.colcon_core.package_identification:_identify(src/articubot_one) by extension 'colcon_pkg'
[1.611s] Level 1:colcon.colcon_core.package_identification:_identify(src/articubot_one) by extensions ['colcon_meta']
[1.611s] Level 1:colcon.colcon_core.package_identification:_identify(src/articubot_one) by extension 'colcon_meta'
[1.612s] Level 1:colcon.colcon_core.package_identification:_identify(src/articubot_one) by extensions ['ros']
[1.612s] Level 1:colcon.colcon_core.package_identification:_identify(src/articubot_one) by extension 'ros'
[1.620s] DEBUG:colcon.colcon_core.package_identification:Package 'src/articubot_one' with type 'ros.ament_cmake' and name 'articubot_one'
[1.621s] Level 1:colcon.colcon_core.package_identification:_identify(src/drivetrain) by extensions ['ignore', 'ignore_ament_install']
[1.621s] Level 1:colcon.colcon_core.package_identification:_identify(src/drivetrain) by extension 'ignore'
[1.622s] Level 1:colcon.colcon_core.package_identification:_identify(src/drivetrain) by extension 'ignore_ament_install'
[1.622s] Level 1:colcon.colcon_core.package_identification:_identify(src/drivetrain) by extensions ['colcon_pkg']
[1.622s] Level 1:colcon.colcon_core.package_identification:_identify(src/drivetrain) by extension 'colcon_pkg'
[1.622s] Level 1:colcon.colcon_core.package_identification:_identify(src/drivetrain) by extensions ['colcon_meta']
[1.622s] Level 1:colcon.colcon_core.package_identification:_identify(src/drivetrain) by extension 'colcon_meta'
[1.622s] Level 1:colcon.colcon_core.package_identification:_identify(src/drivetrain) by extensions ['ros']
[1.622s] Level 1:colcon.colcon_core.package_identification:_identify(src/drivetrain) by extension 'ros'
[1.625s] DEBUG:colcon.colcon_core.package_identification:Package 'src/drivetrain' with type 'ros.ament_python' and name 'drivetrain'
[1.625s] Level 1:colcon.colcon_core.package_identification:_identify(src/encoder) by extensions ['ignore', 'ignore_ament_install']
[1.626s] Level 1:colcon.colcon_core.package_identification:_identify(src/encoder) by extension 'ignore'
[1.626s] Level 1:colcon.colcon_core.package_identification:_identify(src/encoder) by extension 'ignore_ament_install'
[1.626s] Level 1:colcon.colcon_core.package_identification:_identify(src/encoder) by extensions ['colcon_pkg']
[1.626s] Level 1:colcon.colcon_core.package_identification:_identify(src/encoder) by extension 'colcon_pkg'
[1.626s] Level 1:colcon.colcon_core.package_identification:_identify(src/encoder) by extensions ['colcon_meta']
[1.627s] Level 1:colcon.colcon_core.package_identification:_identify(src/encoder) by extension 'colcon_meta'
[1.627s] Level 1:colcon.colcon_core.package_identification:_identify(src/encoder) by extensions ['ros']
[1.627s] Level 1:colcon.colcon_core.package_identification:_identify(src/encoder) by extension 'ros'
[1.629s] DEBUG:colcon.colcon_core.package_identification:Package 'src/encoder' with type 'ros.ament_python' and name 'encoder'
[1.630s] Level 1:colcon.colcon_core.package_identification:_identify(src/robot_interfaces) by extensions ['ignore', 'ignore_ament_install']
[1.631s] Level 1:colcon.colcon_core.package_identification:_identify(src/robot_interfaces) by extension 'ignore'
[1.631s] Level 1:colcon.colcon_core.package_identification:_identify(src/robot_interfaces) by extension 'ignore_ament_install'
[1.631s] Level 1:colcon.colcon_core.package_identification:_identify(src/robot_interfaces) by extensions ['colcon_pkg']
[1.631s] Level 1:colcon.colcon_core.package_identification:_identify(src/robot_interfaces) by extension 'colcon_pkg'
[1.632s] Level 1:colcon.colcon_core.package_identification:_identify(src/robot_interfaces) by extensions ['colcon_meta']
[1.632s] Level 1:colcon.colcon_core.package_identification:_identify(src/robot_interfaces) by extension 'colcon_meta'
[1.632s] Level 1:colcon.colcon_core.package_identification:_identify(src/robot_interfaces) by extensions ['ros']
[1.632s] Level 1:colcon.colcon_core.package_identification:_identify(src/robot_interfaces) by extension 'ros'
[1.634s] DEBUG:colcon.colcon_core.package_identification:Package 'src/robot_interfaces' with type 'ros.ament_cmake' and name 'robot_interfaces'
[1.635s] Level 1:colcon.colcon_core.package_identification:_identify(src/slam_demo) by extensions ['ignore', 'ignore_ament_install']
[1.635s] Level 1:colcon.colcon_core.package_identification:_identify(src/slam_demo) by extension 'ignore'
[1.635s] Level 1:colcon.colcon_core.package_identification:_identify(src/slam_demo) by extension 'ignore_ament_install'
[1.635s] Level 1:colcon.colcon_core.package_identification:_identify(src/slam_demo) by extensions ['colcon_pkg']
[1.635s] Level 1:colcon.colcon_core.package_identification:_identify(src/slam_demo) by extension 'colcon_pkg'
[1.636s] Level 1:colcon.colcon_core.package_identification:_identify(src/slam_demo) by extensions ['colcon_meta']
[1.636s] Level 1:colcon.colcon_core.package_identification:_identify(src/slam_demo) by extension 'colcon_meta'
[1.636s] Level 1:colcon.colcon_core.package_identification:_identify(src/slam_demo) by extensions ['ros']
[1.636s] Level 1:colcon.colcon_core.package_identification:_identify(src/slam_demo) by extension 'ros'
[1.637s] Level 1:colcon.colcon_core.package_identification:_identify(src/slam_demo) by extensions ['cmake', 'python']
[1.637s] Level 1:colcon.colcon_core.package_identification:_identify(src/slam_demo) by extension 'cmake'
[1.637s] Level 1:colcon.colcon_core.package_identification:_identify(src/slam_demo) by extension 'python'
[1.637s] Level 1:colcon.colcon_core.package_identification:_identify(src/slam_demo) by extensions ['python_setup_py']
[1.637s] Level 1:colcon.colcon_core.package_identification:_identify(src/slam_demo) by extension 'python_setup_py'
[1.638s] Level 1:colcon.colcon_core.package_identification:_identify(src/slam_demo/launch) by extensions ['ignore', 'ignore_ament_install']
[1.638s] Level 1:colcon.colcon_core.package_identification:_identify(src/slam_demo/launch) by extension 'ignore'
[1.638s] Level 1:colcon.colcon_core.package_identification:_identify(src/slam_demo/launch) by extension 'ignore_ament_install'
[1.638s] Level 1:colcon.colcon_core.package_identification:_identify(src/slam_demo/launch) by extensions ['colcon_pkg']
[1.638s] Level 1:colcon.colcon_core.package_identification:_identify(src/slam_demo/launch) by extension 'colcon_pkg'
[1.639s] Level 1:colcon.colcon_core.package_identification:_identify(src/slam_demo/launch) by extensions ['colcon_meta']
[1.639s] Level 1:colcon.colcon_core.package_identification:_identify(src/slam_demo/launch) by extension 'colcon_meta'
[1.639s] Level 1:colcon.colcon_core.package_identification:_identify(src/slam_demo/launch) by extensions ['ros']
[1.639s] Level 1:colcon.colcon_core.package_identification:_identify(src/slam_demo/launch) by extension 'ros'
[1.639s] Level 1:colcon.colcon_core.package_identification:_identify(src/slam_demo/launch) by extensions ['cmake', 'python']
[1.639s] Level 1:colcon.colcon_core.package_identification:_identify(src/slam_demo/launch) by extension 'cmake'
[1.640s] Level 1:colcon.colcon_core.package_identification:_identify(src/slam_demo/launch) by extension 'python'
[1.640s] Level 1:colcon.colcon_core.package_identification:_identify(src/slam_demo/launch) by extensions ['python_setup_py']
[1.640s] Level 1:colcon.colcon_core.package_identification:_identify(src/slam_demo/launch) by extension 'python_setup_py'
[1.640s] Level 1:colcon.colcon_core.package_identification:_identify(src/sllidar_ros2) by extensions ['ignore', 'ignore_ament_install']
[1.641s] Level 1:colcon.colcon_core.package_identification:_identify(src/sllidar_ros2) by extension 'ignore'
[1.641s] Level 1:colcon.colcon_core.package_identification:_identify(src/sllidar_ros2) by extension 'ignore_ament_install'
[1.641s] Level 1:colcon.colcon_core.package_identification:_identify(src/sllidar_ros2) by extensions ['colcon_pkg']
[1.641s] Level 1:colcon.colcon_core.package_identification:_identify(src/sllidar_ros2) by extension 'colcon_pkg'
[1.641s] Level 1:colcon.colcon_core.package_identification:_identify(src/sllidar_ros2) by extensions ['colcon_meta']
[1.642s] Level 1:colcon.colcon_core.package_identification:_identify(src/sllidar_ros2) by extension 'colcon_meta'
[1.642s] Level 1:colcon.colcon_core.package_identification:_identify(src/sllidar_ros2) by extensions ['ros']
[1.642s] Level 1:colcon.colcon_core.package_identification:_identify(src/sllidar_ros2) by extension 'ros'
[1.644s] DEBUG:colcon.colcon_core.package_identification:Package 'src/sllidar_ros2' with type 'ros.ament_cmake' and name 'sllidar_ros2'
[1.645s] Level 1:colcon.colcon_core.package_discovery:discover_packages(recursive) using defaults
[1.645s] Level 1:colcon.colcon_core.package_discovery:discover_packages(ignore) discover
[1.645s] Level 1:colcon.colcon_core.package_discovery:discover_packages(ignore) using defaults
[1.645s] Level 1:colcon.colcon_core.package_discovery:discover_packages(path) discover
[1.645s] Level 1:colcon.colcon_core.package_discovery:discover_packages(path) using defaults
[1.741s] Level 1:colcon.colcon_core.package_discovery:discover_packages(prefix_path) check parameters
[1.741s] Level 1:colcon.colcon_core.package_discovery:discover_packages(prefix_path) discover
[1.755s] DEBUG:colcon.colcon_installed_package_information.package_discovery:Found 5 installed packages in /home/robotrodeo/capstone/install
[1.769s] DEBUG:colcon.colcon_installed_package_information.package_discovery:Found 364 installed packages in /opt/ros/humble
[1.777s] Level 1:colcon.colcon_core.package_discovery:discover_packages(prefix_path) using defaults
[2.084s] Level 5:colcon.colcon_core.verb:set package 'articubot_one' build argument 'cmake_args' from command line to 'None'
[2.084s] Level 5:colcon.colcon_core.verb:set package 'articubot_one' build argument 'cmake_target' from command line to 'None'
[2.085s] Level 5:colcon.colcon_core.verb:set package 'articubot_one' build argument 'cmake_target_skip_unavailable' from command line to 'False'
[2.085s] Level 5:colcon.colcon_core.verb:set package 'articubot_one' build argument 'cmake_clean_cache' from command line to 'False'
[2.085s] Level 5:colcon.colcon_core.verb:set package 'articubot_one' build argument 'cmake_clean_first' from command line to 'False'
[2.085s] Level 5:colcon.colcon_core.verb:set package 'articubot_one' build argument 'cmake_force_configure' from command line to 'False'
[2.085s] Level 5:colcon.colcon_core.verb:set package 'articubot_one' build argument 'ament_cmake_args' from command line to 'None'
[2.085s] Level 5:colcon.colcon_core.verb:set package 'articubot_one' build argument 'catkin_cmake_args' from command line to 'None'
[2.085s] Level 5:colcon.colcon_core.verb:set package 'articubot_one' build argument 'catkin_skip_building_tests' from command line to 'False'
[2.085s] DEBUG:colcon.colcon_core.verb:Building package 'articubot_one' with the following arguments: {'ament_cmake_args': None, 'build_base': '/home/robotrodeo/capstone/build/articubot_one', 'catkin_cmake_args': None, 'catkin_skip_building_tests': False, 'cmake_args': None, 'cmake_clean_cache': False, 'cmake_clean_first': False, 'cmake_force_configure': False, 'cmake_target': None, 'cmake_target_skip_unavailable': False, 'install_base': '/home/robotrodeo/capstone/install/articubot_one', 'merge_install': False, 'path': '/home/robotrodeo/capstone/src/articubot_one', 'symlink_install': True, 'test_result_base': None}
[2.089s] Level 5:colcon.colcon_core.verb:set package 'drivetrain' build argument 'cmake_args' from command line to 'None'
[2.089s] Level 5:colcon.colcon_core.verb:set package 'drivetrain' build argument 'cmake_target' from command line to 'None'
[2.090s] Level 5:colcon.colcon_core.verb:set package 'drivetrain' build argument 'cmake_target_skip_unavailable' from command line to 'False'
[2.090s] Level 5:colcon.colcon_core.verb:set package 'drivetrain' build argument 'cmake_clean_cache' from command line to 'False'
[2.090s] Level 5:colcon.colcon_core.verb:set package 'drivetrain' build argument 'cmake_clean_first' from command line to 'False'
[2.090s] Level 5:colcon.colcon_core.verb:set package 'drivetrain' build argument 'cmake_force_configure' from command line to 'False'
[2.090s] Level 5:colcon.colcon_core.verb:set package 'drivetrain' build argument 'ament_cmake_args' from command line to 'None'
[2.090s] Level 5:colcon.colcon_core.verb:set package 'drivetrain' build argument 'catkin_cmake_args' from command line to 'None'
[2.090s] Level 5:colcon.colcon_core.verb:set package 'drivetrain' build argument 'catkin_skip_building_tests' from command line to 'False'
[2.090s] DEBUG:colcon.colcon_core.verb:Building package 'drivetrain' with the following arguments: {'ament_cmake_args': None, 'build_base': '/home/robotrodeo/capstone/build/drivetrain', 'catkin_cmake_args': None, 'catkin_skip_building_tests': False, 'cmake_args': None, 'cmake_clean_cache': False, 'cmake_clean_first': False, 'cmake_force_configure': False, 'cmake_target': None, 'cmake_target_skip_unavailable': False, 'install_base': '/home/robotrodeo/capstone/install/drivetrain', 'merge_install': False, 'path': '/home/robotrodeo/capstone/src/drivetrain', 'symlink_install': True, 'test_result_base': None}
[2.094s] Level 5:colcon.colcon_core.verb:set package 'robot_interfaces' build argument 'cmake_args' from command line to 'None'
[2.094s] Level 5:colcon.colcon_core.verb:set package 'robot_interfaces' build argument 'cmake_target' from command line to 'None'
[2.095s] Level 5:colcon.colcon_core.verb:set package 'robot_interfaces' build argument 'cmake_target_skip_unavailable' from command line to 'False'
[2.095s] Level 5:colcon.colcon_core.verb:set package 'robot_interfaces' build argument 'cmake_clean_cache' from command line to 'False'
[2.095s] Level 5:colcon.colcon_core.verb:set package 'robot_interfaces' build argument 'cmake_clean_first' from command line to 'False'
[2.095s] Level 5:colcon.colcon_core.verb:set package 'robot_interfaces' build argument 'cmake_force_configure' from command line to 'False'
[2.095s] Level 5:colcon.colcon_core.verb:set package 'robot_interfaces' build argument 'ament_cmake_args' from command line to 'None'
[2.095s] Level 5:colcon.colcon_core.verb:set package 'robot_interfaces' build argument 'catkin_cmake_args' from command line to 'None'
[2.095s] Level 5:colcon.colcon_core.verb:set package 'robot_interfaces' build argument 'catkin_skip_building_tests' from command line to 'False'
[2.095s] DEBUG:colcon.colcon_core.verb:Building package 'robot_interfaces' with the following arguments: {'ament_cmake_args': None, 'build_base': '/home/robotrodeo/capstone/build/robot_interfaces', 'catkin_cmake_args': None, 'catkin_skip_building_tests': False, 'cmake_args': None, 'cmake_clean_cache': False, 'cmake_clean_first': False, 'cmake_force_configure': False, 'cmake_target': None, 'cmake_target_skip_unavailable': False, 'install_base': '/home/robotrodeo/capstone/install/robot_interfaces', 'merge_install': False, 'path': '/home/robotrodeo/capstone/src/robot_interfaces', 'symlink_install': True, 'test_result_base': None}
[2.099s] Level 5:colcon.colcon_core.verb:set package 'sllidar_ros2' build argument 'cmake_args' from command line to 'None'
[2.099s] Level 5:colcon.colcon_core.verb:set package 'sllidar_ros2' build argument 'cmake_target' from command line to 'None'
[2.100s] Level 5:colcon.colcon_core.verb:set package 'sllidar_ros2' build argument 'cmake_target_skip_unavailable' from command line to 'False'
[2.100s] Level 5:colcon.colcon_core.verb:set package 'sllidar_ros2' build argument 'cmake_clean_cache' from command line to 'False'
[2.100s] Level 5:colcon.colcon_core.verb:set package 'sllidar_ros2' build argument 'cmake_clean_first' from command line to 'False'
[2.100s] Level 5:colcon.colcon_core.verb:set package 'sllidar_ros2' build argument 'cmake_force_configure' from command line to 'False'
[2.100s] Level 5:colcon.colcon_core.verb:set package 'sllidar_ros2' build argument 'ament_cmake_args' from command line to 'None'
[2.100s] Level 5:colcon.colcon_core.verb:set package 'sllidar_ros2' build argument 'catkin_cmake_args' from command line to 'None'
[2.100s] Level 5:colcon.colcon_core.verb:set package 'sllidar_ros2' build argument 'catkin_skip_building_tests' from command line to 'False'
[2.100s] DEBUG:colcon.colcon_core.verb:Building package 'sllidar_ros2' with the following arguments: {'ament_cmake_args': None, 'build_base': '/home/robotrodeo/capstone/build/sllidar_ros2', 'catkin_cmake_args': None, 'catkin_skip_building_tests': False, 'cmake_args': None, 'cmake_clean_cache': False, 'cmake_clean_first': False, 'cmake_force_configure': False, 'cmake_target': None, 'cmake_target_skip_unavailable': False, 'install_base': '/home/robotrodeo/capstone/install/sllidar_ros2', 'merge_install': False, 'path': '/home/robotrodeo/capstone/src/sllidar_ros2', 'symlink_install': True, 'test_result_base': None}
[2.104s] Level 5:colcon.colcon_core.verb:set package 'encoder' build argument 'cmake_args' from command line to 'None'
[2.104s] Level 5:colcon.colcon_core.verb:set package 'encoder' build argument 'cmake_target' from command line to 'None'
[2.105s] Level 5:colcon.colcon_core.verb:set package 'encoder' build argument 'cmake_target_skip_unavailable' from command line to 'False'
[2.105s] Level 5:colcon.colcon_core.verb:set package 'encoder' build argument 'cmake_clean_cache' from command line to 'False'
[2.105s] Level 5:colcon.colcon_core.verb:set package 'encoder' build argument 'cmake_clean_first' from command line to 'False'
[2.105s] Level 5:colcon.colcon_core.verb:set package 'encoder' build argument 'cmake_force_configure' from command line to 'False'
[2.105s] Level 5:colcon.colcon_core.verb:set package 'encoder' build argument 'ament_cmake_args' from command line to 'None'
[2.105s] Level 5:colcon.colcon_core.verb:set package 'encoder' build argument 'catkin_cmake_args' from command line to 'None'
[2.105s] Level 5:colcon.colcon_core.verb:set package 'encoder' build argument 'catkin_skip_building_tests' from command line to 'False'
[2.105s] DEBUG:colcon.colcon_core.verb:Building package 'encoder' with the following arguments: {'ament_cmake_args': None, 'build_base': '/home/robotrodeo/capstone/build/encoder', 'catkin_cmake_args': None, 'catkin_skip_building_tests': False, 'cmake_args': None, 'cmake_clean_cache': False, 'cmake_clean_first': False, 'cmake_force_configure': False, 'cmake_target': None, 'cmake_target_skip_unavailable': False, 'install_base': '/home/robotrodeo/capstone/install/encoder', 'merge_install': False, 'path': '/home/robotrodeo/capstone/src/encoder', 'symlink_install': True, 'test_result_base': None}
[2.108s] INFO:colcon.colcon_core.executor:Executing jobs using 'parallel' executor
[2.122s] DEBUG:colcon.colcon_parallel_executor.executor.parallel:run_until_complete
[2.124s] INFO:colcon.colcon_ros.task.ament_cmake.build:Building ROS package in '/home/robotrodeo/capstone/src/robot_interfaces' with build type 'ament_cmake'
[2.125s] INFO:colcon.colcon_cmake.task.cmake.build:Building CMake package in '/home/robotrodeo/capstone/src/robot_interfaces'
[2.147s] INFO:colcon.colcon_core.plugin_system:Skipping extension 'colcon_core.shell.bat': Not used on non-Windows systems
[2.148s] INFO:colcon.colcon_core.shell:Skip shell extension 'powershell' for command environment: Not usable outside of PowerShell
[2.148s] DEBUG:colcon.colcon_core.shell:Skip shell extension 'dsv' for command environment
[2.179s] INFO:colcon.colcon_ros.task.ament_cmake.build:Building ROS package in '/home/robotrodeo/capstone/src/articubot_one' with build type 'ament_cmake'
[2.180s] INFO:colcon.colcon_cmake.task.cmake.build:Building CMake package in '/home/robotrodeo/capstone/src/articubot_one'
[2.187s] INFO:colcon.colcon_core.shell:Skip shell extension 'powershell' for command environment: Not usable outside of PowerShell
[2.188s] DEBUG:colcon.colcon_core.shell:Skip shell extension 'dsv' for command environment
[2.219s] INFO:colcon.colcon_ros.task.ament_python.build:Building ROS package in '/home/robotrodeo/capstone/src/drivetrain' with build type 'ament_python'
[2.220s] Level 1:colcon.colcon_core.shell:create_environment_hook('drivetrain', 'ament_prefix_path')
[2.226s] INFO:colcon.colcon_core.shell:Creating environment hook '/home/robotrodeo/capstone/install/drivetrain/share/drivetrain/hook/ament_prefix_path.ps1'
[2.230s] INFO:colcon.colcon_core.shell:Creating environment descriptor '/home/robotrodeo/capstone/install/drivetrain/share/drivetrain/hook/ament_prefix_path.dsv'
[2.232s] INFO:colcon.colcon_core.shell:Creating environment hook '/home/robotrodeo/capstone/install/drivetrain/share/drivetrain/hook/ament_prefix_path.sh'
[2.243s] INFO:colcon.colcon_core.shell:Skip shell extension 'powershell' for command environment: Not usable outside of PowerShell
[2.243s] DEBUG:colcon.colcon_core.shell:Skip shell extension 'dsv' for command environment
[2.274s] INFO:colcon.colcon_ros.task.ament_cmake.build:Building ROS package in '/home/robotrodeo/capstone/src/sllidar_ros2' with build type 'ament_cmake'
[2.274s] INFO:colcon.colcon_cmake.task.cmake.build:Building CMake package in '/home/robotrodeo/capstone/src/sllidar_ros2'
[2.283s] INFO:colcon.colcon_core.shell:Skip shell extension 'powershell' for command environment: Not usable outside of PowerShell
[2.284s] DEBUG:colcon.colcon_core.shell:Skip shell extension 'dsv' for command environment
[2.336s] DEBUG:colcon.colcon_core.event_handler.log_command:Invoking command in '/home/robotrodeo/capstone/build/robot_interfaces': CMAKE_PREFIX_PATH=${CMAKE_PREFIX_PATH}:/home/robotrodeo/capstone/install/encoder:/home/robotrodeo/capstone/install/drivetrain:/opt/ros/humble /usr/bin/cmake --build /home/robotrodeo/capstone/build/robot_interfaces -- -j4 -l4
[2.371s] DEBUG:colcon.colcon_core.event_handler.log_command:Invoking command in '/home/robotrodeo/capstone/build/articubot_one': CMAKE_PREFIX_PATH=${CMAKE_PREFIX_PATH}:/home/robotrodeo/capstone/install/encoder:/home/robotrodeo/capstone/install/drivetrain:/opt/ros/humble /usr/bin/cmake --build /home/robotrodeo/capstone/build/articubot_one -- -j4 -l4
[3.707s] INFO:colcon.colcon_core.task.python.build:Building Python package in '/home/robotrodeo/capstone/src/drivetrain'
[3.712s] INFO:colcon.colcon_core.shell:Skip shell extension 'powershell' for command environment: Not usable outside of PowerShell
[3.713s] DEBUG:colcon.colcon_core.shell:Skip shell extension 'dsv' for command environment
[3.760s] DEBUG:colcon.colcon_core.event_handler.log_command:Invoked command in '/home/robotrodeo/capstone/build/robot_interfaces' returned '2': CMAKE_PREFIX_PATH=${CMAKE_PREFIX_PATH}:/home/robotrodeo/capstone/install/encoder:/home/robotrodeo/capstone/install/drivetrain:/opt/ros/humble /usr/bin/cmake --build /home/robotrodeo/capstone/build/robot_interfaces -- -j4 -l4
[3.763s] DEBUG:colcon.colcon_core.event_handler.log_command:Invoked command in '/home/robotrodeo/capstone/build/articubot_one' returned '0': CMAKE_PREFIX_PATH=${CMAKE_PREFIX_PATH}:/home/robotrodeo/capstone/install/encoder:/home/robotrodeo/capstone/install/drivetrain:/opt/ros/humble /usr/bin/cmake --build /home/robotrodeo/capstone/build/articubot_one -- -j4 -l4
[3.797s] DEBUG:colcon.colcon_core.event_handler.log_command:Invoking command in '/home/robotrodeo/capstone/build/sllidar_ros2': CMAKE_PREFIX_PATH=${CMAKE_PREFIX_PATH}:/home/robotrodeo/capstone/install/encoder:/home/robotrodeo/capstone/install/drivetrain:/opt/ros/humble /usr/bin/cmake --build /home/robotrodeo/capstone/build/sllidar_ros2 -- -j4 -l4
[4.042s] DEBUG:colcon.colcon_core.event_handler.log_command:Invoking command in '/home/robotrodeo/capstone/build/articubot_one': CMAKE_PREFIX_PATH=${CMAKE_PREFIX_PATH}:/home/robotrodeo/capstone/install/encoder:/home/robotrodeo/capstone/install/drivetrain:/opt/ros/humble /usr/bin/cmake --install /home/robotrodeo/capstone/build/articubot_one
[4.359s] Level 1:colcon.colcon_core.environment:create_environment_scripts_only(articubot_one)
[4.366s] DEBUG:colcon.colcon_core.event_handler.log_command:Invoked command in '/home/robotrodeo/capstone/build/articubot_one' returned '0': CMAKE_PREFIX_PATH=${CMAKE_PREFIX_PATH}:/home/robotrodeo/capstone/install/encoder:/home/robotrodeo/capstone/install/drivetrain:/opt/ros/humble /usr/bin/cmake --install /home/robotrodeo/capstone/build/articubot_one
[4.402s] Level 1:colcon.colcon_core.environment:checking '/home/robotrodeo/capstone/install/articubot_one' for CMake module files
[4.407s] Level 1:colcon.colcon_core.environment:checking '/home/robotrodeo/capstone/install/articubot_one' for CMake config files
[4.412s] Level 1:colcon.colcon_core.shell:create_environment_hook('articubot_one', 'cmake_prefix_path')
[4.423s] INFO:colcon.colcon_core.shell:Creating environment hook '/home/robotrodeo/capstone/install/articubot_one/share/articubot_one/hook/cmake_prefix_path.ps1'
[4.426s] INFO:colcon.colcon_core.shell:Creating environment descriptor '/home/robotrodeo/capstone/install/articubot_one/share/articubot_one/hook/cmake_prefix_path.dsv'
[4.429s] INFO:colcon.colcon_core.shell:Creating environment hook '/home/robotrodeo/capstone/install/articubot_one/share/articubot_one/hook/cmake_prefix_path.sh'
[4.433s] Level 1:colcon.colcon_core.environment:checking '/home/robotrodeo/capstone/install/articubot_one/bin'
[4.434s] Level 1:colcon.colcon_core.environment:checking '/home/robotrodeo/capstone/install/articubot_one/lib/pkgconfig/articubot_one.pc'
[4.437s] Level 1:colcon.colcon_core.environment:checking '/home/robotrodeo/capstone/install/articubot_one/lib/python3.10/site-packages'
[4.441s] Level 1:colcon.colcon_core.environment:checking '/home/robotrodeo/capstone/install/articubot_one/bin'
[4.451s] INFO:colcon.colcon_core.shell:Creating package script '/home/robotrodeo/capstone/install/articubot_one/share/articubot_one/package.ps1'
[4.459s] INFO:colcon.colcon_core.shell:Creating package descriptor '/home/robotrodeo/capstone/install/articubot_one/share/articubot_one/package.dsv'
[4.462s] INFO:colcon.colcon_core.shell:Creating package script '/home/robotrodeo/capstone/install/articubot_one/share/articubot_one/package.sh'
[4.468s] INFO:colcon.colcon_core.shell:Creating package script '/home/robotrodeo/capstone/install/articubot_one/share/articubot_one/package.bash'
[4.473s] INFO:colcon.colcon_core.shell:Creating package script '/home/robotrodeo/capstone/install/articubot_one/share/articubot_one/package.zsh'
[4.477s] Level 1:colcon.colcon_core.environment:create_file_with_runtime_dependencies(/home/robotrodeo/capstone/install/articubot_one/share/colcon-core/packages/articubot_one)
[4.519s] DEBUG:colcon.colcon_core.event_handler.log_command:Invoked command in '/home/robotrodeo/capstone/build/sllidar_ros2' returned '0': CMAKE_PREFIX_PATH=${CMAKE_PREFIX_PATH}:/home/robotrodeo/capstone/install/encoder:/home/robotrodeo/capstone/install/drivetrain:/opt/ros/humble /usr/bin/cmake --build /home/robotrodeo/capstone/build/sllidar_ros2 -- -j4 -l4
[4.535s] Level 1:colcon.colcon_core.environment:create_environment_scripts_only(robot_interfaces)
[4.547s] Level 1:colcon.colcon_core.environment:checking '/home/robotrodeo/capstone/install/robot_interfaces' for CMake module files
[4.556s] Level 1:colcon.colcon_core.environment:checking '/home/robotrodeo/capstone/install/robot_interfaces' for CMake config files
[4.591s] Level 1:colcon.colcon_core.shell:create_environment_hook('robot_interfaces', 'cmake_prefix_path')
[4.615s] INFO:colcon.colcon_core.shell:Creating environment hook '/home/robotrodeo/capstone/install/robot_interfaces/share/robot_interfaces/hook/cmake_prefix_path.ps1'
[4.623s] INFO:colcon.colcon_core.shell:Creating environment descriptor '/home/robotrodeo/capstone/install/robot_interfaces/share/robot_interfaces/hook/cmake_prefix_path.dsv'
[4.627s] INFO:colcon.colcon_core.shell:Creating environment hook '/home/robotrodeo/capstone/install/robot_interfaces/share/robot_interfaces/hook/cmake_prefix_path.sh'
[4.636s] Level 1:colcon.colcon_core.environment:checking '/home/robotrodeo/capstone/install/robot_interfaces/lib'
[4.639s] Level 1:colcon.colcon_core.shell:create_environment_hook('robot_interfaces', 'ld_library_path_lib')
[4.655s] INFO:colcon.colcon_core.shell:Creating environment hook '/home/robotrodeo/capstone/install/robot_interfaces/share/robot_interfaces/hook/ld_library_path_lib.ps1'
[4.661s] INFO:colcon.colcon_core.shell:Creating environment descriptor '/home/robotrodeo/capstone/install/robot_interfaces/share/robot_interfaces/hook/ld_library_path_lib.dsv'
[4.664s] INFO:colcon.colcon_core.shell:Creating environment hook '/home/robotrodeo/capstone/install/robot_interfaces/share/robot_interfaces/hook/ld_library_path_lib.sh'
[4.667s] Level 1:colcon.colcon_core.environment:checking '/home/robotrodeo/capstone/install/robot_interfaces/bin'
[4.668s] Level 1:colcon.colcon_core.environment:checking '/home/robotrodeo/capstone/install/robot_interfaces/lib/pkgconfig/robot_interfaces.pc'
[4.670s] Level 1:colcon.colcon_core.environment:checking '/home/robotrodeo/capstone/install/robot_interfaces/lib/python3.10/site-packages'
[4.671s] Level 1:colcon.colcon_core.environment:checking '/home/robotrodeo/capstone/install/robot_interfaces/bin'
[4.678s] INFO:colcon.colcon_core.shell:Creating package script '/home/robotrodeo/capstone/install/robot_interfaces/share/robot_interfaces/package.ps1'
[4.681s] INFO:colcon.colcon_core.shell:Creating package descriptor '/home/robotrodeo/capstone/install/robot_interfaces/share/robot_interfaces/package.dsv'
[4.686s] INFO:colcon.colcon_core.shell:Creating package script '/home/robotrodeo/capstone/install/robot_interfaces/share/robot_interfaces/package.sh'
[4.690s] INFO:colcon.colcon_core.shell:Creating package script '/home/robotrodeo/capstone/install/robot_interfaces/share/robot_interfaces/package.bash'
[4.694s] INFO:colcon.colcon_core.shell:Creating package script '/home/robotrodeo/capstone/install/robot_interfaces/share/robot_interfaces/package.zsh'
[4.697s] Level 1:colcon.colcon_core.environment:create_file_with_runtime_dependencies(/home/robotrodeo/capstone/install/robot_interfaces/share/colcon-core/packages/robot_interfaces)
[5.936s] DEBUG:colcon.colcon_parallel_executor.executor.parallel:closing loop
[5.938s] DEBUG:colcon.colcon_parallel_executor.executor.parallel:loop closed
[5.939s] DEBUG:colcon.colcon_parallel_executor.executor.parallel:run_until_complete finished with '2'
[5.939s] DEBUG:colcon.colcon_core.event_reactor:joining thread
[5.970s] INFO:colcon.colcon_core.plugin_system:Skipping extension 'colcon_notification.desktop_notification.terminal_notifier': Not used on non-Darwin systems
[5.971s] INFO:colcon.colcon_core.plugin_system:Skipping extension 'colcon_notification.desktop_notification.win32': Not used on non-Windows systems
[5.971s] INFO:colcon.colcon_notification.desktop_notification:Sending desktop notification using 'notify2'
[6.031s] DEBUG:colcon.colcon_core.event_reactor:joined thread
[6.037s] INFO:colcon.colcon_core.shell:Creating prefix script '/home/robotrodeo/capstone/install/local_setup.ps1'
[6.042s] INFO:colcon.colcon_core.shell:Creating prefix util module '/home/robotrodeo/capstone/install/_local_setup_util_ps1.py'
[6.049s] INFO:colcon.colcon_core.shell:Creating prefix chain script '/home/robotrodeo/capstone/install/setup.ps1'
[6.057s] INFO:colcon.colcon_core.shell:Creating prefix script '/home/robotrodeo/capstone/install/local_setup.sh'
[6.060s] INFO:colcon.colcon_core.shell:Creating prefix util module '/home/robotrodeo/capstone/install/_local_setup_util_sh.py'
[6.063s] INFO:colcon.colcon_core.shell:Creating prefix chain script '/home/robotrodeo/capstone/install/setup.sh'
[6.072s] INFO:colcon.colcon_core.shell:Creating prefix script '/home/robotrodeo/capstone/install/local_setup.bash'
[6.075s] INFO:colcon.colcon_core.shell:Creating prefix chain script '/home/robotrodeo/capstone/install/setup.bash'
[6.083s] INFO:colcon.colcon_core.shell:Creating prefix script '/home/robotrodeo/capstone/install/local_setup.zsh'
[6.086s] INFO:colcon.colcon_core.shell:Creating prefix chain script '/home/robotrodeo/capstone/install/setup.zsh'
