[1.805s] DEBUG:colcon:Command line arguments: ['/usr/bin/colcon', 'build', '--symlink-install']
[1.806s] DEBUG:colcon:Parsed command line arguments: Namespace(log_base=None, log_level=None, verb_name='build', build_base='build', install_base='install', merge_install=False, symlink_install=True, test_result_base=None, continue_on_error=False, executor='parallel', parallel_workers=4, event_handlers=None, ignore_user_meta=False, metas=['./colcon.meta'], base_paths=['.'], packages_ignore=None, packages_ignore_regex=None, paths=None, packages_up_to=None, packages_up_to_regex=None, packages_above=None, packages_above_and_dependencies=None, packages_above_depth=None, packages_select_by_dep=None, packages_skip_by_dep=None, packages_skip_up_to=None, packages_select_build_failed=False, packages_skip_build_finished=False, packages_select_test_failures=False, packages_skip_test_passed=False, packages_select=None, packages_skip=None, packages_select_regex=None, packages_skip_regex=None, packages_start=None, packages_end=None, allow_overriding=[], cmake_args=None, cmake_target=None, cmake_target_skip_unavailable=False, cmake_clean_cache=False, cmake_clean_first=False, cmake_force_configure=False, ament_cmake_args=None, catkin_cmake_args=None, catkin_skip_building_tests=False, verb_parser=<colcon_defaults.argument_parser.defaults.DefaultArgumentsDecorator object at 0xffffa9f412a0>, verb_extension=<colcon_core.verb.build.BuildVerb object at 0xffffaa7d52d0>, main=<bound method BuildVerb.main of <colcon_core.verb.build.BuildVerb object at 0xffffaa7d52d0>>)
[2.035s] Level 1:colcon.colcon_core.package_discovery:discover_packages(colcon_meta) check parameters
[2.036s] Level 1:colcon.colcon_core.package_discovery:discover_packages(recursive) check parameters
[2.036s] Level 1:colcon.colcon_core.package_discovery:discover_packages(ignore) check parameters
[2.036s] Level 1:colcon.colcon_core.package_discovery:discover_packages(path) check parameters
[2.036s] Level 1:colcon.colcon_core.package_discovery:discover_packages(colcon_meta) discover
[2.037s] Level 1:colcon.colcon_core.package_discovery:discover_packages(recursive) discover
[2.037s] INFO:colcon.colcon_core.package_discovery:Crawling recursively for packages in '/home/robotrodeo/capstone'
[2.037s] Level 1:colcon.colcon_core.package_identification:_identify(.) by extensions ['ignore', 'ignore_ament_install']
[2.038s] Level 1:colcon.colcon_core.package_identification:_identify(.) by extension 'ignore'
[2.038s] Level 1:colcon.colcon_core.package_identification:_identify(.) by extension 'ignore_ament_install'
[2.038s] Level 1:colcon.colcon_core.package_identification:_identify(.) by extensions ['colcon_pkg']
[2.038s] Level 1:colcon.colcon_core.package_identification:_identify(.) by extension 'colcon_pkg'
[2.038s] Level 1:colcon.colcon_core.package_identification:_identify(.) by extensions ['colcon_meta']
[2.039s] Level 1:colcon.colcon_core.package_identification:_identify(.) by extension 'colcon_meta'
[2.039s] Level 1:colcon.colcon_core.package_identification:_identify(.) by extensions ['ros']
[2.039s] Level 1:colcon.colcon_core.package_identification:_identify(.) by extension 'ros'
[2.108s] Level 1:colcon.colcon_core.package_identification:_identify(.) by extensions ['cmake', 'python']
[2.109s] Level 1:colcon.colcon_core.package_identification:_identify(.) by extension 'cmake'
[2.109s] Level 1:colcon.colcon_core.package_identification:_identify(.) by extension 'python'
[2.109s] Level 1:colcon.colcon_core.package_identification:_identify(.) by extensions ['python_setup_py']
[2.109s] Level 1:colcon.colcon_core.package_identification:_identify(.) by extension 'python_setup_py'
[2.110s] Level 1:colcon.colcon_core.package_identification:_identify(build) by extensions ['ignore', 'ignore_ament_install']
[2.111s] Level 1:colcon.colcon_core.package_identification:_identify(build) by extension 'ignore'
[2.111s] Level 1:colcon.colcon_core.package_identification:_identify(build) ignored
[2.111s] Level 1:colcon.colcon_core.package_identification:_identify(install) by extensions ['ignore', 'ignore_ament_install']
[2.112s] Level 1:colcon.colcon_core.package_identification:_identify(install) by extension 'ignore'
[2.112s] Level 1:colcon.colcon_core.package_identification:_identify(install) ignored
[2.112s] Level 1:colcon.colcon_core.package_identification:_identify(log) by extensions ['ignore', 'ignore_ament_install']
[2.113s] Level 1:colcon.colcon_core.package_identification:_identify(log) by extension 'ignore'
[2.113s] Level 1:colcon.colcon_core.package_identification:_identify(log) ignored
[2.113s] Level 1:colcon.colcon_core.package_identification:_identify(src) by extensions ['ignore', 'ignore_ament_install']
[2.114s] Level 1:colcon.colcon_core.package_identification:_identify(src) by extension 'ignore'
[2.114s] Level 1:colcon.colcon_core.package_identification:_identify(src) by extension 'ignore_ament_install'
[2.114s] Level 1:colcon.colcon_core.package_identification:_identify(src) by extensions ['colcon_pkg']
[2.114s] Level 1:colcon.colcon_core.package_identification:_identify(src) by extension 'colcon_pkg'
[2.114s] Level 1:colcon.colcon_core.package_identification:_identify(src) by extensions ['colcon_meta']
[2.115s] Level 1:colcon.colcon_core.package_identification:_identify(src) by extension 'colcon_meta'
[2.115s] Level 1:colcon.colcon_core.package_identification:_identify(src) by extensions ['ros']
[2.115s] Level 1:colcon.colcon_core.package_identification:_identify(src) by extension 'ros'
[2.115s] Level 1:colcon.colcon_core.package_identification:_identify(src) by extensions ['cmake', 'python']
[2.115s] Level 1:colcon.colcon_core.package_identification:_identify(src) by extension 'cmake'
[2.116s] Level 1:colcon.colcon_core.package_identification:_identify(src) by extension 'python'
[2.116s] Level 1:colcon.colcon_core.package_identification:_identify(src) by extensions ['python_setup_py']
[2.116s] Level 1:colcon.colcon_core.package_identification:_identify(src) by extension 'python_setup_py'
[2.116s] Level 1:colcon.colcon_core.package_identification:_identify(src/articubot_one) by extensions ['ignore', 'ignore_ament_install']
[2.117s] Level 1:colcon.colcon_core.package_identification:_identify(src/articubot_one) by extension 'ignore'
[2.117s] Level 1:colcon.colcon_core.package_identification:_identify(src/articubot_one) by extension 'ignore_ament_install'
[2.117s] Level 1:colcon.colcon_core.package_identification:_identify(src/articubot_one) by extensions ['colcon_pkg']
[2.117s] Level 1:colcon.colcon_core.package_identification:_identify(src/articubot_one) by extension 'colcon_pkg'
[2.118s] Level 1:colcon.colcon_core.package_identification:_identify(src/articubot_one) by extensions ['colcon_meta']
[2.118s] Level 1:colcon.colcon_core.package_identification:_identify(src/articubot_one) by extension 'colcon_meta'
[2.118s] Level 1:colcon.colcon_core.package_identification:_identify(src/articubot_one) by extensions ['ros']
[2.118s] Level 1:colcon.colcon_core.package_identification:_identify(src/articubot_one) by extension 'ros'
[2.131s] DEBUG:colcon.colcon_core.package_identification:Package 'src/articubot_one' with type 'ros.ament_cmake' and name 'articubot_one'
[2.133s] Level 1:colcon.colcon_core.package_identification:_identify(src/encoder) by extensions ['ignore', 'ignore_ament_install']
[2.135s] Level 1:colcon.colcon_core.package_identification:_identify(src/encoder) by extension 'ignore'
[2.135s] Level 1:colcon.colcon_core.package_identification:_identify(src/encoder) by extension 'ignore_ament_install'
[2.135s] Level 1:colcon.colcon_core.package_identification:_identify(src/encoder) by extensions ['colcon_pkg']
[2.136s] Level 1:colcon.colcon_core.package_identification:_identify(src/encoder) by extension 'colcon_pkg'
[2.136s] Level 1:colcon.colcon_core.package_identification:_identify(src/encoder) by extensions ['colcon_meta']
[2.136s] Level 1:colcon.colcon_core.package_identification:_identify(src/encoder) by extension 'colcon_meta'
[2.136s] Level 1:colcon.colcon_core.package_identification:_identify(src/encoder) by extensions ['ros']
[2.137s] Level 1:colcon.colcon_core.package_identification:_identify(src/encoder) by extension 'ros'
[2.141s] DEBUG:colcon.colcon_core.package_identification:Package 'src/encoder' with type 'ros.ament_python' and name 'encoder'
[2.142s] Level 1:colcon.colcon_core.package_identification:_identify(src/slam_demo) by extensions ['ignore', 'ignore_ament_install']
[2.142s] Level 1:colcon.colcon_core.package_identification:_identify(src/slam_demo) by extension 'ignore'
[2.143s] Level 1:colcon.colcon_core.package_identification:_identify(src/slam_demo) by extension 'ignore_ament_install'
[2.143s] Level 1:colcon.colcon_core.package_identification:_identify(src/slam_demo) by extensions ['colcon_pkg']
[2.143s] Level 1:colcon.colcon_core.package_identification:_identify(src/slam_demo) by extension 'colcon_pkg'
[2.143s] Level 1:colcon.colcon_core.package_identification:_identify(src/slam_demo) by extensions ['colcon_meta']
[2.143s] Level 1:colcon.colcon_core.package_identification:_identify(src/slam_demo) by extension 'colcon_meta'
[2.144s] Level 1:colcon.colcon_core.package_identification:_identify(src/slam_demo) by extensions ['ros']
[2.144s] Level 1:colcon.colcon_core.package_identification:_identify(src/slam_demo) by extension 'ros'
[2.144s] Level 1:colcon.colcon_core.package_identification:_identify(src/slam_demo) by extensions ['cmake', 'python']
[2.144s] Level 1:colcon.colcon_core.package_identification:_identify(src/slam_demo) by extension 'cmake'
[2.145s] Level 1:colcon.colcon_core.package_identification:_identify(src/slam_demo) by extension 'python'
[2.145s] Level 1:colcon.colcon_core.package_identification:_identify(src/slam_demo) by extensions ['python_setup_py']
[2.145s] Level 1:colcon.colcon_core.package_identification:_identify(src/slam_demo) by extension 'python_setup_py'
[2.146s] Level 1:colcon.colcon_core.package_identification:_identify(src/slam_demo/launch) by extensions ['ignore', 'ignore_ament_install']
[2.146s] Level 1:colcon.colcon_core.package_identification:_identify(src/slam_demo/launch) by extension 'ignore'
[2.146s] Level 1:colcon.colcon_core.package_identification:_identify(src/slam_demo/launch) by extension 'ignore_ament_install'
[2.147s] Level 1:colcon.colcon_core.package_identification:_identify(src/slam_demo/launch) by extensions ['colcon_pkg']
[2.147s] Level 1:colcon.colcon_core.package_identification:_identify(src/slam_demo/launch) by extension 'colcon_pkg'
[2.147s] Level 1:colcon.colcon_core.package_identification:_identify(src/slam_demo/launch) by extensions ['colcon_meta']
[2.147s] Level 1:colcon.colcon_core.package_identification:_identify(src/slam_demo/launch) by extension 'colcon_meta'
[2.147s] Level 1:colcon.colcon_core.package_identification:_identify(src/slam_demo/launch) by extensions ['ros']
[2.147s] Level 1:colcon.colcon_core.package_identification:_identify(src/slam_demo/launch) by extension 'ros'
[2.148s] Level 1:colcon.colcon_core.package_identification:_identify(src/slam_demo/launch) by extensions ['cmake', 'python']
[2.148s] Level 1:colcon.colcon_core.package_identification:_identify(src/slam_demo/launch) by extension 'cmake'
[2.148s] Level 1:colcon.colcon_core.package_identification:_identify(src/slam_demo/launch) by extension 'python'
[2.148s] Level 1:colcon.colcon_core.package_identification:_identify(src/slam_demo/launch) by extensions ['python_setup_py']
[2.148s] Level 1:colcon.colcon_core.package_identification:_identify(src/slam_demo/launch) by extension 'python_setup_py'
[2.149s] Level 1:colcon.colcon_core.package_identification:_identify(src/sllidar_ros2) by extensions ['ignore', 'ignore_ament_install']
[2.149s] Level 1:colcon.colcon_core.package_identification:_identify(src/sllidar_ros2) by extension 'ignore'
[2.150s] Level 1:colcon.colcon_core.package_identification:_identify(src/sllidar_ros2) by extension 'ignore_ament_install'
[2.150s] Level 1:colcon.colcon_core.package_identification:_identify(src/sllidar_ros2) by extensions ['colcon_pkg']
[2.150s] Level 1:colcon.colcon_core.package_identification:_identify(src/sllidar_ros2) by extension 'colcon_pkg'
[2.150s] Level 1:colcon.colcon_core.package_identification:_identify(src/sllidar_ros2) by extensions ['colcon_meta']
[2.150s] Level 1:colcon.colcon_core.package_identification:_identify(src/sllidar_ros2) by extension 'colcon_meta'
[2.151s] Level 1:colcon.colcon_core.package_identification:_identify(src/sllidar_ros2) by extensions ['ros']
[2.151s] Level 1:colcon.colcon_core.package_identification:_identify(src/sllidar_ros2) by extension 'ros'
[2.153s] DEBUG:colcon.colcon_core.package_identification:Package 'src/sllidar_ros2' with type 'ros.ament_cmake' and name 'sllidar_ros2'
[2.154s] Level 1:colcon.colcon_core.package_discovery:discover_packages(recursive) using defaults
[2.154s] Level 1:colcon.colcon_core.package_discovery:discover_packages(ignore) discover
[2.154s] Level 1:colcon.colcon_core.package_discovery:discover_packages(ignore) using defaults
[2.154s] Level 1:colcon.colcon_core.package_discovery:discover_packages(path) discover
[2.154s] Level 1:colcon.colcon_core.package_discovery:discover_packages(path) using defaults
[2.285s] Level 1:colcon.colcon_core.package_discovery:discover_packages(prefix_path) check parameters
[2.285s] Level 1:colcon.colcon_core.package_discovery:discover_packages(prefix_path) discover
[2.304s] DEBUG:colcon.colcon_installed_package_information.package_discovery:Found 270 installed packages in /opt/ros/humble
[2.310s] Level 1:colcon.colcon_core.package_discovery:discover_packages(prefix_path) using defaults
[2.577s] Level 5:colcon.colcon_core.verb:set package 'articubot_one' build argument 'cmake_args' from command line to 'None'
[2.577s] Level 5:colcon.colcon_core.verb:set package 'articubot_one' build argument 'cmake_target' from command line to 'None'
[2.577s] Level 5:colcon.colcon_core.verb:set package 'articubot_one' build argument 'cmake_target_skip_unavailable' from command line to 'False'
[2.577s] Level 5:colcon.colcon_core.verb:set package 'articubot_one' build argument 'cmake_clean_cache' from command line to 'False'
[2.578s] Level 5:colcon.colcon_core.verb:set package 'articubot_one' build argument 'cmake_clean_first' from command line to 'False'
[2.578s] Level 5:colcon.colcon_core.verb:set package 'articubot_one' build argument 'cmake_force_configure' from command line to 'False'
[2.578s] Level 5:colcon.colcon_core.verb:set package 'articubot_one' build argument 'ament_cmake_args' from command line to 'None'
[2.578s] Level 5:colcon.colcon_core.verb:set package 'articubot_one' build argument 'catkin_cmake_args' from command line to 'None'
[2.578s] Level 5:colcon.colcon_core.verb:set package 'articubot_one' build argument 'catkin_skip_building_tests' from command line to 'False'
[2.578s] DEBUG:colcon.colcon_core.verb:Building package 'articubot_one' with the following arguments: {'ament_cmake_args': None, 'build_base': '/home/robotrodeo/capstone/build/articubot_one', 'catkin_cmake_args': None, 'catkin_skip_building_tests': False, 'cmake_args': None, 'cmake_clean_cache': False, 'cmake_clean_first': False, 'cmake_force_configure': False, 'cmake_target': None, 'cmake_target_skip_unavailable': False, 'install_base': '/home/robotrodeo/capstone/install/articubot_one', 'merge_install': False, 'path': '/home/robotrodeo/capstone/src/articubot_one', 'symlink_install': True, 'test_result_base': None}
[2.582s] Level 5:colcon.colcon_core.verb:set package 'encoder' build argument 'cmake_args' from command line to 'None'
[2.582s] Level 5:colcon.colcon_core.verb:set package 'encoder' build argument 'cmake_target' from command line to 'None'
[2.582s] Level 5:colcon.colcon_core.verb:set package 'encoder' build argument 'cmake_target_skip_unavailable' from command line to 'False'
[2.582s] Level 5:colcon.colcon_core.verb:set package 'encoder' build argument 'cmake_clean_cache' from command line to 'False'
[2.582s] Level 5:colcon.colcon_core.verb:set package 'encoder' build argument 'cmake_clean_first' from command line to 'False'
[2.583s] Level 5:colcon.colcon_core.verb:set package 'encoder' build argument 'cmake_force_configure' from command line to 'False'
[2.583s] Level 5:colcon.colcon_core.verb:set package 'encoder' build argument 'ament_cmake_args' from command line to 'None'
[2.583s] Level 5:colcon.colcon_core.verb:set package 'encoder' build argument 'catkin_cmake_args' from command line to 'None'
[2.583s] Level 5:colcon.colcon_core.verb:set package 'encoder' build argument 'catkin_skip_building_tests' from command line to 'False'
[2.583s] DEBUG:colcon.colcon_core.verb:Building package 'encoder' with the following arguments: {'ament_cmake_args': None, 'build_base': '/home/robotrodeo/capstone/build/encoder', 'catkin_cmake_args': None, 'catkin_skip_building_tests': False, 'cmake_args': None, 'cmake_clean_cache': False, 'cmake_clean_first': False, 'cmake_force_configure': False, 'cmake_target': None, 'cmake_target_skip_unavailable': False, 'install_base': '/home/robotrodeo/capstone/install/encoder', 'merge_install': False, 'path': '/home/robotrodeo/capstone/src/encoder', 'symlink_install': True, 'test_result_base': None}
[2.587s] Level 5:colcon.colcon_core.verb:set package 'sllidar_ros2' build argument 'cmake_args' from command line to 'None'
[2.587s] Level 5:colcon.colcon_core.verb:set package 'sllidar_ros2' build argument 'cmake_target' from command line to 'None'
[2.587s] Level 5:colcon.colcon_core.verb:set package 'sllidar_ros2' build argument 'cmake_target_skip_unavailable' from command line to 'False'
[2.587s] Level 5:colcon.colcon_core.verb:set package 'sllidar_ros2' build argument 'cmake_clean_cache' from command line to 'False'
[2.588s] Level 5:colcon.colcon_core.verb:set package 'sllidar_ros2' build argument 'cmake_clean_first' from command line to 'False'
[2.588s] Level 5:colcon.colcon_core.verb:set package 'sllidar_ros2' build argument 'cmake_force_configure' from command line to 'False'
[2.588s] Level 5:colcon.colcon_core.verb:set package 'sllidar_ros2' build argument 'ament_cmake_args' from command line to 'None'
[2.588s] Level 5:colcon.colcon_core.verb:set package 'sllidar_ros2' build argument 'catkin_cmake_args' from command line to 'None'
[2.588s] Level 5:colcon.colcon_core.verb:set package 'sllidar_ros2' build argument 'catkin_skip_building_tests' from command line to 'False'
[2.588s] DEBUG:colcon.colcon_core.verb:Building package 'sllidar_ros2' with the following arguments: {'ament_cmake_args': None, 'build_base': '/home/robotrodeo/capstone/build/sllidar_ros2', 'catkin_cmake_args': None, 'catkin_skip_building_tests': False, 'cmake_args': None, 'cmake_clean_cache': False, 'cmake_clean_first': False, 'cmake_force_configure': False, 'cmake_target': None, 'cmake_target_skip_unavailable': False, 'install_base': '/home/robotrodeo/capstone/install/sllidar_ros2', 'merge_install': False, 'path': '/home/robotrodeo/capstone/src/sllidar_ros2', 'symlink_install': True, 'test_result_base': None}
[2.591s] INFO:colcon.colcon_core.executor:Executing jobs using 'parallel' executor
[2.603s] DEBUG:colcon.colcon_parallel_executor.executor.parallel:run_until_complete
[2.604s] INFO:colcon.colcon_ros.task.ament_cmake.build:Building ROS package in '/home/robotrodeo/capstone/src/articubot_one' with build type 'ament_cmake'
[2.605s] INFO:colcon.colcon_cmake.task.cmake.build:Building CMake package in '/home/robotrodeo/capstone/src/articubot_one'
[2.624s] INFO:colcon.colcon_core.plugin_system:Skipping extension 'colcon_core.shell.bat': Not used on non-Windows systems
[2.625s] INFO:colcon.colcon_core.shell:Skip shell extension 'powershell' for command environment: Not usable outside of PowerShell
[2.625s] DEBUG:colcon.colcon_core.shell:Skip shell extension 'dsv' for command environment
[2.647s] INFO:colcon.colcon_ros.task.ament_python.build:Building ROS package in '/home/robotrodeo/capstone/src/encoder' with build type 'ament_python'
[2.649s] Level 1:colcon.colcon_core.shell:create_environment_hook('encoder', 'ament_prefix_path')
[2.658s] INFO:colcon.colcon_core.shell:Creating environment hook '/home/robotrodeo/capstone/install/encoder/share/encoder/hook/ament_prefix_path.ps1'
[2.662s] INFO:colcon.colcon_core.shell:Creating environment descriptor '/home/robotrodeo/capstone/install/encoder/share/encoder/hook/ament_prefix_path.dsv'
[2.665s] INFO:colcon.colcon_core.shell:Creating environment hook '/home/robotrodeo/capstone/install/encoder/share/encoder/hook/ament_prefix_path.sh'
[2.673s] INFO:colcon.colcon_core.shell:Skip shell extension 'powershell' for command environment: Not usable outside of PowerShell
[2.673s] DEBUG:colcon.colcon_core.shell:Skip shell extension 'dsv' for command environment
[2.694s] INFO:colcon.colcon_ros.task.ament_cmake.build:Building ROS package in '/home/robotrodeo/capstone/src/sllidar_ros2' with build type 'ament_cmake'
[2.695s] INFO:colcon.colcon_cmake.task.cmake.build:Building CMake package in '/home/robotrodeo/capstone/src/sllidar_ros2'
[2.710s] INFO:colcon.colcon_core.shell:Skip shell extension 'powershell' for command environment: Not usable outside of PowerShell
[2.711s] DEBUG:colcon.colcon_core.shell:Skip shell extension 'dsv' for command environment
[2.756s] DEBUG:colcon.colcon_core.event_handler.log_command:Invoking command in '/home/robotrodeo/capstone/build/articubot_one': CMAKE_PREFIX_PATH=/opt/ros/humble /usr/bin/cmake /home/robotrodeo/capstone/src/articubot_one -DAMENT_CMAKE_SYMLINK_INSTALL=1 -DCMAKE_INSTALL_PREFIX=/home/robotrodeo/capstone/install/articubot_one
[4.453s] INFO:colcon.colcon_core.task.python.build:Building Python package in '/home/robotrodeo/capstone/src/encoder'
[4.458s] INFO:colcon.colcon_core.shell:Skip shell extension 'powershell' for command environment: Not usable outside of PowerShell
[4.459s] DEBUG:colcon.colcon_core.shell:Skip shell extension 'dsv' for command environment
[4.521s] DEBUG:colcon.colcon_core.event_handler.log_command:Invoking command in '/home/robotrodeo/capstone/build/sllidar_ros2': CMAKE_PREFIX_PATH=/opt/ros/humble /usr/bin/cmake /home/robotrodeo/capstone/src/sllidar_ros2 -DAMENT_CMAKE_SYMLINK_INSTALL=1 -DCMAKE_INSTALL_PREFIX=/home/robotrodeo/capstone/install/sllidar_ros2
[7.629s] DEBUG:colcon.colcon_core.event_handler.log_command:Invoking command in '/home/robotrodeo/capstone/build/encoder': PYTHONPATH=/home/robotrodeo/capstone/build/encoder/prefix_override:/home/robotrodeo/capstone/install/encoder/lib/python3.10/site-packages:${PYTHONPATH} /usr/bin/python3 setup.py develop --editable --build-directory /home/robotrodeo/capstone/build/encoder/build --no-deps install_data
[10.077s] DEBUG:colcon.colcon_core.event_handler.log_command:Invoked command in '/home/robotrodeo/capstone/build/articubot_one' returned '0': CMAKE_PREFIX_PATH=/opt/ros/humble /usr/bin/cmake /home/robotrodeo/capstone/src/articubot_one -DAMENT_CMAKE_SYMLINK_INSTALL=1 -DCMAKE_INSTALL_PREFIX=/home/robotrodeo/capstone/install/articubot_one
[10.086s] DEBUG:colcon.colcon_core.event_handler.log_command:Invoking command in '/home/robotrodeo/capstone/build/articubot_one': CMAKE_PREFIX_PATH=/opt/ros/humble /usr/bin/cmake --build /home/robotrodeo/capstone/build/articubot_one -- -j4 -l4
[10.343s] DEBUG:colcon.colcon_core.event_handler.log_command:Invoked command in '/home/robotrodeo/capstone/build/articubot_one' returned '0': CMAKE_PREFIX_PATH=/opt/ros/humble /usr/bin/cmake --build /home/robotrodeo/capstone/build/articubot_one -- -j4 -l4
[10.573s] DEBUG:colcon.colcon_core.event_handler.log_command:Invoking command in '/home/robotrodeo/capstone/build/articubot_one': CMAKE_PREFIX_PATH=/opt/ros/humble /usr/bin/cmake --install /home/robotrodeo/capstone/build/articubot_one
[12.232s] Level 1:colcon.colcon_core.shell:create_environment_hook('encoder', 'pythonpath_develop')
[12.234s] DEBUG:colcon.colcon_core.event_handler.log_command:Invoked command in '/home/robotrodeo/capstone/build/encoder' returned '0': PYTHONPATH=/home/robotrodeo/capstone/build/encoder/prefix_override:/home/robotrodeo/capstone/install/encoder/lib/python3.10/site-packages:${PYTHONPATH} /usr/bin/python3 setup.py develop --editable --build-directory /home/robotrodeo/capstone/build/encoder/build --no-deps install_data
[12.242s] INFO:colcon.colcon_core.shell:Creating environment hook '/home/robotrodeo/capstone/build/encoder/share/encoder/hook/pythonpath_develop.ps1'
[12.245s] INFO:colcon.colcon_core.shell:Creating environment descriptor '/home/robotrodeo/capstone/build/encoder/share/encoder/hook/pythonpath_develop.dsv'
[12.247s] INFO:colcon.colcon_core.shell:Creating environment hook '/home/robotrodeo/capstone/build/encoder/share/encoder/hook/pythonpath_develop.sh'
[12.279s] Level 1:colcon.colcon_core.environment:checking '/home/robotrodeo/capstone/install/encoder' for CMake module files
[12.285s] Level 1:colcon.colcon_core.environment:checking '/home/robotrodeo/capstone/install/encoder' for CMake config files
[12.291s] Level 1:colcon.colcon_core.environment:checking '/home/robotrodeo/capstone/install/encoder/lib'
[12.292s] Level 1:colcon.colcon_core.environment:checking '/home/robotrodeo/capstone/install/encoder/bin'
[12.293s] Level 1:colcon.colcon_core.environment:checking '/home/robotrodeo/capstone/install/encoder/lib/pkgconfig/encoder.pc'
[12.294s] Level 1:colcon.colcon_core.environment:checking '/home/robotrodeo/capstone/install/encoder/lib/python3.10/site-packages'
[12.295s] Level 1:colcon.colcon_core.shell:create_environment_hook('encoder', 'pythonpath')
[12.301s] INFO:colcon.colcon_core.shell:Creating environment hook '/home/robotrodeo/capstone/install/encoder/share/encoder/hook/pythonpath.ps1'
[12.306s] INFO:colcon.colcon_core.shell:Creating environment descriptor '/home/robotrodeo/capstone/install/encoder/share/encoder/hook/pythonpath.dsv'
[12.309s] INFO:colcon.colcon_core.shell:Creating environment hook '/home/robotrodeo/capstone/install/encoder/share/encoder/hook/pythonpath.sh'
[12.315s] Level 1:colcon.colcon_core.environment:checking '/home/robotrodeo/capstone/install/encoder/bin'
[12.316s] Level 1:colcon.colcon_core.environment:create_environment_scripts_only(encoder)
[12.326s] INFO:colcon.colcon_core.shell:Creating package script '/home/robotrodeo/capstone/install/encoder/share/encoder/package.ps1'
[12.336s] INFO:colcon.colcon_core.shell:Creating package descriptor '/home/robotrodeo/capstone/install/encoder/share/encoder/package.dsv'
[12.340s] INFO:colcon.colcon_core.shell:Creating package script '/home/robotrodeo/capstone/install/encoder/share/encoder/package.sh'
[12.344s] INFO:colcon.colcon_core.shell:Creating package script '/home/robotrodeo/capstone/install/encoder/share/encoder/package.bash'
[12.350s] INFO:colcon.colcon_core.shell:Creating package script '/home/robotrodeo/capstone/install/encoder/share/encoder/package.zsh'
[12.357s] Level 1:colcon.colcon_core.environment:create_file_with_runtime_dependencies(/home/robotrodeo/capstone/install/encoder/share/colcon-core/packages/encoder)
[13.272s] Level 1:colcon.colcon_core.environment:create_environment_scripts_only(articubot_one)
[13.283s] Level 1:colcon.colcon_core.environment:checking '/home/robotrodeo/capstone/install/articubot_one' for CMake module files
[13.285s] DEBUG:colcon.colcon_core.event_handler.log_command:Invoked command in '/home/robotrodeo/capstone/build/articubot_one' returned '0': CMAKE_PREFIX_PATH=/opt/ros/humble /usr/bin/cmake --install /home/robotrodeo/capstone/build/articubot_one
[13.288s] Level 1:colcon.colcon_core.environment:checking '/home/robotrodeo/capstone/install/articubot_one' for CMake config files
[13.290s] Level 1:colcon.colcon_core.shell:create_environment_hook('articubot_one', 'cmake_prefix_path')
[13.296s] INFO:colcon.colcon_core.shell:Creating environment hook '/home/robotrodeo/capstone/install/articubot_one/share/articubot_one/hook/cmake_prefix_path.ps1'
[13.299s] INFO:colcon.colcon_core.shell:Creating environment descriptor '/home/robotrodeo/capstone/install/articubot_one/share/articubot_one/hook/cmake_prefix_path.dsv'
[13.301s] INFO:colcon.colcon_core.shell:Creating environment hook '/home/robotrodeo/capstone/install/articubot_one/share/articubot_one/hook/cmake_prefix_path.sh'
[13.304s] Level 1:colcon.colcon_core.environment:checking '/home/robotrodeo/capstone/install/articubot_one/bin'
[13.305s] Level 1:colcon.colcon_core.environment:checking '/home/robotrodeo/capstone/install/articubot_one/lib/pkgconfig/articubot_one.pc'
[13.306s] Level 1:colcon.colcon_core.environment:checking '/home/robotrodeo/capstone/install/articubot_one/lib/python3.10/site-packages'
[13.307s] Level 1:colcon.colcon_core.environment:checking '/home/robotrodeo/capstone/install/articubot_one/bin'
[13.314s] INFO:colcon.colcon_core.shell:Creating package script '/home/robotrodeo/capstone/install/articubot_one/share/articubot_one/package.ps1'
[13.318s] INFO:colcon.colcon_core.shell:Creating package descriptor '/home/robotrodeo/capstone/install/articubot_one/share/articubot_one/package.dsv'
[13.323s] INFO:colcon.colcon_core.shell:Creating package script '/home/robotrodeo/capstone/install/articubot_one/share/articubot_one/package.sh'
[13.328s] INFO:colcon.colcon_core.shell:Creating package script '/home/robotrodeo/capstone/install/articubot_one/share/articubot_one/package.bash'
[13.331s] INFO:colcon.colcon_core.shell:Creating package script '/home/robotrodeo/capstone/install/articubot_one/share/articubot_one/package.zsh'
[13.336s] Level 1:colcon.colcon_core.environment:create_file_with_runtime_dependencies(/home/robotrodeo/capstone/install/articubot_one/share/colcon-core/packages/articubot_one)
[13.467s] Level 1:colcon.colcon_core.environment:create_environment_scripts_only(articubot_one)
[13.477s] Level 1:colcon.colcon_core.environment:checking '/home/robotrodeo/capstone/install/articubot_one' for CMake module files
[13.481s] Level 1:colcon.colcon_core.environment:checking '/home/robotrodeo/capstone/install/articubot_one' for CMake config files
[13.483s] Level 1:colcon.colcon_core.shell:create_environment_hook('articubot_one', 'cmake_prefix_path')
[13.491s] INFO:colcon.colcon_core.shell:Creating environment hook '/home/robotrodeo/capstone/install/articubot_one/share/articubot_one/hook/cmake_prefix_path.ps1'
[13.494s] INFO:colcon.colcon_core.shell:Creating environment descriptor '/home/robotrodeo/capstone/install/articubot_one/share/articubot_one/hook/cmake_prefix_path.dsv'
[13.496s] INFO:colcon.colcon_core.shell:Creating environment hook '/home/robotrodeo/capstone/install/articubot_one/share/articubot_one/hook/cmake_prefix_path.sh'
[13.500s] Level 1:colcon.colcon_core.environment:checking '/home/robotrodeo/capstone/install/articubot_one/bin'
[13.500s] Level 1:colcon.colcon_core.environment:checking '/home/robotrodeo/capstone/install/articubot_one/lib/pkgconfig/articubot_one.pc'
[13.502s] Level 1:colcon.colcon_core.environment:checking '/home/robotrodeo/capstone/install/articubot_one/lib/python3.10/site-packages'
[13.504s] Level 1:colcon.colcon_core.environment:checking '/home/robotrodeo/capstone/install/articubot_one/bin'
[13.514s] INFO:colcon.colcon_core.shell:Creating package script '/home/robotrodeo/capstone/install/articubot_one/share/articubot_one/package.ps1'
[13.517s] INFO:colcon.colcon_core.shell:Creating package descriptor '/home/robotrodeo/capstone/install/articubot_one/share/articubot_one/package.dsv'
[13.523s] INFO:colcon.colcon_core.shell:Creating package script '/home/robotrodeo/capstone/install/articubot_one/share/articubot_one/package.sh'
[13.529s] INFO:colcon.colcon_core.shell:Creating package script '/home/robotrodeo/capstone/install/articubot_one/share/articubot_one/package.bash'
[13.535s] INFO:colcon.colcon_core.shell:Creating package script '/home/robotrodeo/capstone/install/articubot_one/share/articubot_one/package.zsh'
[13.544s] Level 1:colcon.colcon_core.environment:create_file_with_runtime_dependencies(/home/robotrodeo/capstone/install/articubot_one/share/colcon-core/packages/articubot_one)
[16.416s] DEBUG:colcon.colcon_core.event_handler.log_command:Invoked command in '/home/robotrodeo/capstone/build/sllidar_ros2' returned '0': CMAKE_PREFIX_PATH=/opt/ros/humble /usr/bin/cmake /home/robotrodeo/capstone/src/sllidar_ros2 -DAMENT_CMAKE_SYMLINK_INSTALL=1 -DCMAKE_INSTALL_PREFIX=/home/robotrodeo/capstone/install/sllidar_ros2
[16.430s] DEBUG:colcon.colcon_core.event_handler.log_command:Invoking command in '/home/robotrodeo/capstone/build/sllidar_ros2': CMAKE_PREFIX_PATH=/opt/ros/humble /usr/bin/cmake --build /home/robotrodeo/capstone/build/sllidar_ros2 -- -j4 -l4
[76.138s] DEBUG:colcon.colcon_core.event_handler.log_command:Invoked command in '/home/robotrodeo/capstone/build/sllidar_ros2' returned '0': CMAKE_PREFIX_PATH=/opt/ros/humble /usr/bin/cmake --build /home/robotrodeo/capstone/build/sllidar_ros2 -- -j4 -l4
[76.470s] DEBUG:colcon.colcon_core.event_handler.log_command:Invoking command in '/home/robotrodeo/capstone/build/sllidar_ros2': CMAKE_PREFIX_PATH=/opt/ros/humble /usr/bin/cmake --install /home/robotrodeo/capstone/build/sllidar_ros2
[77.869s] Level 1:colcon.colcon_core.environment:create_environment_scripts_only(sllidar_ros2)
[77.881s] Level 1:colcon.colcon_core.environment:checking '/home/robotrodeo/capstone/install/sllidar_ros2' for CMake module files
[77.882s] DEBUG:colcon.colcon_core.event_handler.log_command:Invoked command in '/home/robotrodeo/capstone/build/sllidar_ros2' returned '0': CMAKE_PREFIX_PATH=/opt/ros/humble /usr/bin/cmake --install /home/robotrodeo/capstone/build/sllidar_ros2
[77.886s] Level 1:colcon.colcon_core.environment:checking '/home/robotrodeo/capstone/install/sllidar_ros2' for CMake config files
[77.889s] Level 1:colcon.colcon_core.shell:create_environment_hook('sllidar_ros2', 'cmake_prefix_path')
[77.897s] INFO:colcon.colcon_core.shell:Creating environment hook '/home/robotrodeo/capstone/install/sllidar_ros2/share/sllidar_ros2/hook/cmake_prefix_path.ps1'
[77.899s] INFO:colcon.colcon_core.shell:Creating environment descriptor '/home/robotrodeo/capstone/install/sllidar_ros2/share/sllidar_ros2/hook/cmake_prefix_path.dsv'
[77.901s] INFO:colcon.colcon_core.shell:Creating environment hook '/home/robotrodeo/capstone/install/sllidar_ros2/share/sllidar_ros2/hook/cmake_prefix_path.sh'
[77.904s] Level 1:colcon.colcon_core.environment:checking '/home/robotrodeo/capstone/install/sllidar_ros2/lib'
[77.905s] Level 1:colcon.colcon_core.environment:checking '/home/robotrodeo/capstone/install/sllidar_ros2/bin'
[77.905s] Level 1:colcon.colcon_core.environment:checking '/home/robotrodeo/capstone/install/sllidar_ros2/lib/pkgconfig/sllidar_ros2.pc'
[77.906s] Level 1:colcon.colcon_core.environment:checking '/home/robotrodeo/capstone/install/sllidar_ros2/lib/python3.10/site-packages'
[77.907s] Level 1:colcon.colcon_core.environment:checking '/home/robotrodeo/capstone/install/sllidar_ros2/bin'
[77.912s] INFO:colcon.colcon_core.shell:Creating package script '/home/robotrodeo/capstone/install/sllidar_ros2/share/sllidar_ros2/package.ps1'
[77.914s] INFO:colcon.colcon_core.shell:Creating package descriptor '/home/robotrodeo/capstone/install/sllidar_ros2/share/sllidar_ros2/package.dsv'
[77.916s] INFO:colcon.colcon_core.shell:Creating package script '/home/robotrodeo/capstone/install/sllidar_ros2/share/sllidar_ros2/package.sh'
[77.918s] INFO:colcon.colcon_core.shell:Creating package script '/home/robotrodeo/capstone/install/sllidar_ros2/share/sllidar_ros2/package.bash'
[77.920s] INFO:colcon.colcon_core.shell:Creating package script '/home/robotrodeo/capstone/install/sllidar_ros2/share/sllidar_ros2/package.zsh'
[77.922s] Level 1:colcon.colcon_core.environment:create_file_with_runtime_dependencies(/home/robotrodeo/capstone/install/sllidar_ros2/share/colcon-core/packages/sllidar_ros2)
[78.254s] Level 1:colcon.colcon_core.environment:create_environment_scripts_only(sllidar_ros2)
[78.263s] Level 1:colcon.colcon_core.environment:checking '/home/robotrodeo/capstone/install/sllidar_ros2' for CMake module files
[78.266s] Level 1:colcon.colcon_core.environment:checking '/home/robotrodeo/capstone/install/sllidar_ros2' for CMake config files
[78.269s] Level 1:colcon.colcon_core.shell:create_environment_hook('sllidar_ros2', 'cmake_prefix_path')
[78.273s] INFO:colcon.colcon_core.shell:Creating environment hook '/home/robotrodeo/capstone/install/sllidar_ros2/share/sllidar_ros2/hook/cmake_prefix_path.ps1'
[78.276s] INFO:colcon.colcon_core.shell:Creating environment descriptor '/home/robotrodeo/capstone/install/sllidar_ros2/share/sllidar_ros2/hook/cmake_prefix_path.dsv'
[78.278s] INFO:colcon.colcon_core.shell:Creating environment hook '/home/robotrodeo/capstone/install/sllidar_ros2/share/sllidar_ros2/hook/cmake_prefix_path.sh'
[78.282s] Level 1:colcon.colcon_core.environment:checking '/home/robotrodeo/capstone/install/sllidar_ros2/lib'
[78.284s] Level 1:colcon.colcon_core.environment:checking '/home/robotrodeo/capstone/install/sllidar_ros2/bin'
[78.284s] Level 1:colcon.colcon_core.environment:checking '/home/robotrodeo/capstone/install/sllidar_ros2/lib/pkgconfig/sllidar_ros2.pc'
[78.286s] Level 1:colcon.colcon_core.environment:checking '/home/robotrodeo/capstone/install/sllidar_ros2/lib/python3.10/site-packages'
[78.289s] Level 1:colcon.colcon_core.environment:checking '/home/robotrodeo/capstone/install/sllidar_ros2/bin'
[78.297s] INFO:colcon.colcon_core.shell:Creating package script '/home/robotrodeo/capstone/install/sllidar_ros2/share/sllidar_ros2/package.ps1'
[78.300s] INFO:colcon.colcon_core.shell:Creating package descriptor '/home/robotrodeo/capstone/install/sllidar_ros2/share/sllidar_ros2/package.dsv'
[78.303s] INFO:colcon.colcon_core.shell:Creating package script '/home/robotrodeo/capstone/install/sllidar_ros2/share/sllidar_ros2/package.sh'
[78.306s] INFO:colcon.colcon_core.shell:Creating package script '/home/robotrodeo/capstone/install/sllidar_ros2/share/sllidar_ros2/package.bash'
[78.308s] INFO:colcon.colcon_core.shell:Creating package script '/home/robotrodeo/capstone/install/sllidar_ros2/share/sllidar_ros2/package.zsh'
[78.310s] Level 1:colcon.colcon_core.environment:create_file_with_runtime_dependencies(/home/robotrodeo/capstone/install/sllidar_ros2/share/colcon-core/packages/sllidar_ros2)
[78.311s] DEBUG:colcon.colcon_parallel_executor.executor.parallel:closing loop
[78.313s] DEBUG:colcon.colcon_parallel_executor.executor.parallel:loop closed
[78.314s] DEBUG:colcon.colcon_parallel_executor.executor.parallel:run_until_complete finished with '0'
[78.314s] DEBUG:colcon.colcon_core.event_reactor:joining thread
[78.464s] INFO:colcon.colcon_core.plugin_system:Skipping extension 'colcon_notification.desktop_notification.terminal_notifier': Not used on non-Darwin systems
[78.465s] INFO:colcon.colcon_core.plugin_system:Skipping extension 'colcon_notification.desktop_notification.win32': Not used on non-Windows systems
[78.465s] INFO:colcon.colcon_notification.desktop_notification:Sending desktop notification using 'notify2'
[78.641s] DEBUG:colcon.colcon_core.event_reactor:joined thread
[78.648s] INFO:colcon.colcon_core.shell:Creating prefix script '/home/robotrodeo/capstone/install/local_setup.ps1'
[78.654s] INFO:colcon.colcon_core.shell:Creating prefix util module '/home/robotrodeo/capstone/install/_local_setup_util_ps1.py'
[78.663s] INFO:colcon.colcon_core.shell:Creating prefix chain script '/home/robotrodeo/capstone/install/setup.ps1'
[78.672s] INFO:colcon.colcon_core.shell:Creating prefix script '/home/robotrodeo/capstone/install/local_setup.sh'
[78.677s] INFO:colcon.colcon_core.shell:Creating prefix util module '/home/robotrodeo/capstone/install/_local_setup_util_sh.py'
[78.680s] INFO:colcon.colcon_core.shell:Creating prefix chain script '/home/robotrodeo/capstone/install/setup.sh'
[78.692s] INFO:colcon.colcon_core.shell:Creating prefix script '/home/robotrodeo/capstone/install/local_setup.bash'
[78.700s] INFO:colcon.colcon_core.shell:Creating prefix chain script '/home/robotrodeo/capstone/install/setup.bash'
[78.719s] INFO:colcon.colcon_core.shell:Creating prefix script '/home/robotrodeo/capstone/install/local_setup.zsh'
[78.727s] INFO:colcon.colcon_core.shell:Creating prefix chain script '/home/robotrodeo/capstone/install/setup.zsh'
