[2.803s] Invoking command in '/home/robotrodeo/capstone/build/encoder': CMAKE_PREFIX_PATH=/home/robotrodeo/capstone/install/robot_interfaces:/home/robotrodeo/capstone/install/sllidar_ros2:/home/robotrodeo/capstone/install/articubot_one PYTHONPATH=/home/robotrodeo/capstone/build/encoder/prefix_override:/home/robotrodeo/capstone/install/encoder/lib/python3.10/site-packages:${PYTHONPATH} /usr/bin/python3 setup.py develop --uninstall --editable --build-directory /home/robotrodeo/capstone/build/encoder/build
[3.851s] /usr/lib/python3/dist-packages/setuptools/dist.py:723: UserWarning: Usage of dash-separated 'script-dir' will not be supported in future versions. Please use the underscore name 'script_dir' instead
[3.851s]   warnings.warn(
[3.962s] running develop
[3.964s] /usr/lib/python3/dist-packages/setuptools/command/easy_install.py:158: EasyInstallDeprecationWarning: easy_install command is deprecated. Use build and pip and other standards-based tools.
[3.964s]   warnings.warn(
[3.971s] /usr/lib/python3/dist-packages/setuptools/command/install.py:34: SetuptoolsDeprecationWarning: setup.py install is deprecated. Use build and pip and other standards-based tools.
[3.972s]   warnings.warn(
[4.243s] /usr/lib/python3/dist-packages/pkg_resources/__init__.py:116: PkgResourcesDeprecationWarning: 1.1build1 is an invalid version and will not be supported in a future release
[4.243s]   warnings.warn(
[4.244s] /usr/lib/python3/dist-packages/pkg_resources/__init__.py:116: PkgResourcesDeprecationWarning: 0.1.43ubuntu1 is an invalid version and will not be supported in a future release
[4.244s]   warnings.warn(
[4.895s] Invoked command in '/home/robotrodeo/capstone/build/encoder' returned '0': CMAKE_PREFIX_PATH=/home/robotrodeo/capstone/install/robot_interfaces:/home/robotrodeo/capstone/install/sllidar_ros2:/home/robotrodeo/capstone/install/articubot_one PYTHONPATH=/home/robotrodeo/capstone/build/encoder/prefix_override:/home/robotrodeo/capstone/install/encoder/lib/python3.10/site-packages:${PYTHONPATH} /usr/bin/python3 setup.py develop --uninstall --editable --build-directory /home/robotrodeo/capstone/build/encoder/build
[4.905s] Invoking command in '/home/robotrodeo/capstone/src/encoder': CMAKE_PREFIX_PATH=/home/robotrodeo/capstone/install/robot_interfaces:/home/robotrodeo/capstone/install/sllidar_ros2:/home/robotrodeo/capstone/install/articubot_one PYTHONPATH=/home/robotrodeo/capstone/build/encoder/prefix_override:/home/robotrodeo/capstone/install/encoder/lib/python3.10/site-packages:${PYTHONPATH} /usr/bin/python3 setup.py egg_info --egg-base ../../build/encoder build --build-base /home/robotrodeo/capstone/build/encoder/build install --record /home/robotrodeo/capstone/build/encoder/install.log --install-scripts $base/lib/encoder --single-version-externally-managed
[5.952s] /usr/lib/python3/dist-packages/setuptools/dist.py:723: UserWarning: Usage of dash-separated 'script-dir' will not be supported in future versions. Please use the underscore name 'script_dir' instead
[5.952s]   warnings.warn(
[5.987s] running egg_info
[5.990s] writing ../../build/encoder/encoder.egg-info/PKG-INFO
[5.991s] writing dependency_links to ../../build/encoder/encoder.egg-info/dependency_links.txt
[5.992s] writing entry points to ../../build/encoder/encoder.egg-info/entry_points.txt
[5.993s] writing requirements to ../../build/encoder/encoder.egg-info/requires.txt
[5.993s] writing top-level names to ../../build/encoder/encoder.egg-info/top_level.txt
[6.001s] reading manifest file '../../build/encoder/encoder.egg-info/SOURCES.txt'
[6.006s] writing manifest file '../../build/encoder/encoder.egg-info/SOURCES.txt'
[6.006s] running build
[6.007s] running build_py
[6.007s] copying encoder/motor_encoder.py -> /home/robotrodeo/capstone/build/encoder/build/lib/encoder
[6.009s] running install
[6.010s] /usr/lib/python3/dist-packages/setuptools/command/install.py:34: SetuptoolsDeprecationWarning: setup.py install is deprecated. Use build and pip and other standards-based tools.
[6.010s]   warnings.warn(
[6.011s] running install_lib
[6.014s] copying /home/robotrodeo/capstone/build/encoder/build/lib/encoder/motor_encoder.py -> /home/robotrodeo/capstone/install/encoder/lib/python3.10/site-packages/encoder
[6.017s] byte-compiling /home/robotrodeo/capstone/install/encoder/lib/python3.10/site-packages/encoder/motor_encoder.py to motor_encoder.cpython-310.pyc
[6.020s] running install_data
[6.023s] running install_egg_info
[6.030s] removing '/home/robotrodeo/capstone/install/encoder/lib/python3.10/site-packages/encoder-0.0.0-py3.10.egg-info' (and everything under it)
[6.031s] Copying ../../build/encoder/encoder.egg-info to /home/robotrodeo/capstone/install/encoder/lib/python3.10/site-packages/encoder-0.0.0-py3.10.egg-info
[6.036s] running install_scripts
[6.120s] Installing motor_encoder script to /home/robotrodeo/capstone/install/encoder/lib/encoder
[6.122s] writing list of installed files to '/home/robotrodeo/capstone/build/encoder/install.log'
[6.256s] Invoked command in '/home/robotrodeo/capstone/src/encoder' returned '0': CMAKE_PREFIX_PATH=/home/robotrodeo/capstone/install/robot_interfaces:/home/robotrodeo/capstone/install/sllidar_ros2:/home/robotrodeo/capstone/install/articubot_one PYTHONPATH=/home/robotrodeo/capstone/build/encoder/prefix_override:/home/robotrodeo/capstone/install/encoder/lib/python3.10/site-packages:${PYTHONPATH} /usr/bin/python3 setup.py egg_info --egg-base ../../build/encoder build --build-base /home/robotrodeo/capstone/build/encoder/build install --record /home/robotrodeo/capstone/build/encoder/install.log --install-scripts $base/lib/encoder --single-version-externally-managed
