[0.201s] Invoking command in '/home/robotrodeo/capstone/build/robot_interfaces': CMAKE_PREFIX_PATH=${CMAKE_PREFIX_PATH}:/home/robotrodeo/capstone/install/encoder:/opt/ros/humble /usr/bin/cmake --build /home/robotrodeo/capstone/build/robot_interfaces -- -j4 -l4
[2.095s] [  9%] Built target robot_interfaces__rosidl_generator_c
[2.095s] [ 12%] Built target robot_interfaces__cpp
[2.096s] [ 12%] Built target ament_cmake_python_copy_robot_interfaces
[2.097s] [ 22%] Built target robot_interfaces__rosidl_typesupport_fastrtps_c
[2.097s] [ 32%] Built target robot_interfaces__rosidl_typesupport_introspection_c
[2.097s] [ 41%] Built target robot_interfaces__rosidl_typesupport_c
[2.098s] [ 51%] Built target robot_interfaces__rosidl_typesupport_fastrtps_cpp
[2.098s] [ 61%] Built target robot_interfaces__rosidl_typesupport_introspection_cpp
[2.098s] [ 70%] Built target robot_interfaces__rosidl_typesupport_cpp
[2.099s] [ 70%] Built target robot_interfaces
[2.099s] [ 74%] Built target robot_interfaces__py
[2.099s] [ 80%] Built target robot_interfaces__rosidl_generator_py
[2.100s] [ 87%] Built target robot_interfaces__rosidl_typesupport_c__pyext
[2.100s] [ 93%] Built target robot_interfaces__rosidl_typesupport_fastrtps_c__pyext
[2.100s] [100%] Built target robot_interfaces__rosidl_typesupport_introspection_c__pyext
[2.404s] running egg_info
[2.413s] writing robot_interfaces.egg-info/PKG-INFO
[2.420s] writing dependency_links to robot_interfaces.egg-info/dependency_links.txt
[2.427s] writing top-level names to robot_interfaces.egg-info/top_level.txt
[2.474s] reading manifest file 'robot_interfaces.egg-info/SOURCES.txt'
[2.477s] writing manifest file 'robot_interfaces.egg-info/SOURCES.txt'
[2.755s] [100%] Built target ament_cmake_python_build_robot_interfaces_egg
[2.852s] Invoked command in '/home/robotrodeo/capstone/build/robot_interfaces' returned '0': CMAKE_PREFIX_PATH=${CMAKE_PREFIX_PATH}:/home/robotrodeo/capstone/install/encoder:/opt/ros/humble /usr/bin/cmake --build /home/robotrodeo/capstone/build/robot_interfaces -- -j4 -l4
[3.327s] Invoking command in '/home/robotrodeo/capstone/build/robot_interfaces': CMAKE_PREFIX_PATH=${CMAKE_PREFIX_PATH}:/home/robotrodeo/capstone/install/encoder:/opt/ros/humble /usr/bin/cmake --install /home/robotrodeo/capstone/build/robot_interfaces
[3.373s] -- Install configuration: ""
[3.376s] -- Up-to-date: /home/robotrodeo/capstone/install/robot_interfaces/share/ament_index/resource_index/rosidl_interfaces/robot_interfaces
[3.381s] -- Up-to-date: /home/robotrodeo/capstone/install/robot_interfaces/include/robot_interfaces/robot_interfaces
[3.385s] -- Up-to-date: /home/robotrodeo/capstone/install/robot_interfaces/include/robot_interfaces/robot_interfaces/msg
[3.386s] -- Up-to-date: /home/robotrodeo/capstone/install/robot_interfaces/include/robot_interfaces/robot_interfaces/msg/detail
[3.388s] -- Up-to-date: /home/robotrodeo/capstone/install/robot_interfaces/include/robot_interfaces/robot_interfaces/msg/detail/encoder_data__functions.h
[3.388s] -- Up-to-date: /home/robotrodeo/capstone/install/robot_interfaces/include/robot_interfaces/robot_interfaces/msg/detail/encoder_data__struct.h
[3.389s] -- Up-to-date: /home/robotrodeo/capstone/install/robot_interfaces/include/robot_interfaces/robot_interfaces/msg/detail/encoder_data__type_support.h
[3.391s] -- Up-to-date: /home/robotrodeo/capstone/install/robot_interfaces/include/robot_interfaces/robot_interfaces/msg/detail/encoder_data__functions.c
[3.392s] -- Up-to-date: /home/robotrodeo/capstone/install/robot_interfaces/include/robot_interfaces/robot_interfaces/msg/rosidl_generator_c__visibility_control.h
[3.394s] -- Up-to-date: /home/robotrodeo/capstone/install/robot_interfaces/include/robot_interfaces/robot_interfaces/msg/encoder_data.h
[3.394s] -- Up-to-date: /home/robotrodeo/capstone/install/robot_interfaces/share/robot_interfaces/environment/library_path.sh
[3.395s] -- Up-to-date: /home/robotrodeo/capstone/install/robot_interfaces/share/robot_interfaces/environment/library_path.dsv
[3.396s] -- Up-to-date: /home/robotrodeo/capstone/install/robot_interfaces/lib/librobot_interfaces__rosidl_generator_c.so
[3.398s] -- Up-to-date: /home/robotrodeo/capstone/install/robot_interfaces/include/robot_interfaces/robot_interfaces
[3.399s] -- Up-to-date: /home/robotrodeo/capstone/install/robot_interfaces/include/robot_interfaces/robot_interfaces/msg
[3.400s] -- Up-to-date: /home/robotrodeo/capstone/install/robot_interfaces/include/robot_interfaces/robot_interfaces/msg/detail
[3.400s] -- Up-to-date: /home/robotrodeo/capstone/install/robot_interfaces/include/robot_interfaces/robot_interfaces/msg/detail/encoder_data__rosidl_typesupport_fastrtps_c.h
[3.401s] -- Up-to-date: /home/robotrodeo/capstone/install/robot_interfaces/include/robot_interfaces/robot_interfaces/msg/rosidl_typesupport_fastrtps_c__visibility_control.h
[3.401s] -- Up-to-date: /home/robotrodeo/capstone/install/robot_interfaces/lib/librobot_interfaces__rosidl_typesupport_fastrtps_c.so
[3.401s] -- Up-to-date: /home/robotrodeo/capstone/install/robot_interfaces/include/robot_interfaces/robot_interfaces
[3.402s] -- Up-to-date: /home/robotrodeo/capstone/install/robot_interfaces/include/robot_interfaces/robot_interfaces/msg
[3.402s] -- Up-to-date: /home/robotrodeo/capstone/install/robot_interfaces/include/robot_interfaces/robot_interfaces/msg/detail
[3.403s] -- Up-to-date: /home/robotrodeo/capstone/install/robot_interfaces/include/robot_interfaces/robot_interfaces/msg/detail/encoder_data__rosidl_typesupport_introspection_c.h
[3.403s] -- Up-to-date: /home/robotrodeo/capstone/install/robot_interfaces/include/robot_interfaces/robot_interfaces/msg/detail/encoder_data__type_support.c
[3.403s] -- Up-to-date: /home/robotrodeo/capstone/install/robot_interfaces/include/robot_interfaces/robot_interfaces/msg/rosidl_typesupport_introspection_c__visibility_control.h
[3.404s] -- Up-to-date: /home/robotrodeo/capstone/install/robot_interfaces/lib/librobot_interfaces__rosidl_typesupport_introspection_c.so
[3.406s] -- Up-to-date: /home/robotrodeo/capstone/install/robot_interfaces/lib/librobot_interfaces__rosidl_typesupport_c.so
[3.408s] -- Up-to-date: /home/robotrodeo/capstone/install/robot_interfaces/include/robot_interfaces/robot_interfaces
[3.409s] -- Up-to-date: /home/robotrodeo/capstone/install/robot_interfaces/include/robot_interfaces/robot_interfaces/msg
[3.410s] -- Up-to-date: /home/robotrodeo/capstone/install/robot_interfaces/include/robot_interfaces/robot_interfaces/msg/detail
[3.411s] -- Up-to-date: /home/robotrodeo/capstone/install/robot_interfaces/include/robot_interfaces/robot_interfaces/msg/detail/encoder_data__struct.hpp
[3.412s] -- Up-to-date: /home/robotrodeo/capstone/install/robot_interfaces/include/robot_interfaces/robot_interfaces/msg/detail/encoder_data__builder.hpp
[3.413s] -- Up-to-date: /home/robotrodeo/capstone/install/robot_interfaces/include/robot_interfaces/robot_interfaces/msg/detail/encoder_data__traits.hpp
[3.414s] -- Up-to-date: /home/robotrodeo/capstone/install/robot_interfaces/include/robot_interfaces/robot_interfaces/msg/encoder_data.hpp
[3.414s] -- Up-to-date: /home/robotrodeo/capstone/install/robot_interfaces/include/robot_interfaces/robot_interfaces
[3.415s] -- Up-to-date: /home/robotrodeo/capstone/install/robot_interfaces/include/robot_interfaces/robot_interfaces/msg
[3.415s] -- Up-to-date: /home/robotrodeo/capstone/install/robot_interfaces/include/robot_interfaces/robot_interfaces/msg/detail
[3.416s] -- Up-to-date: /home/robotrodeo/capstone/install/robot_interfaces/include/robot_interfaces/robot_interfaces/msg/detail/dds_fastrtps
[3.417s] -- Up-to-date: /home/robotrodeo/capstone/install/robot_interfaces/include/robot_interfaces/robot_interfaces/msg/detail/encoder_data__rosidl_typesupport_fastrtps_cpp.hpp
[3.419s] -- Up-to-date: /home/robotrodeo/capstone/install/robot_interfaces/include/robot_interfaces/robot_interfaces/msg/rosidl_typesupport_fastrtps_cpp__visibility_control.h
[3.419s] -- Up-to-date: /home/robotrodeo/capstone/install/robot_interfaces/lib/librobot_interfaces__rosidl_typesupport_fastrtps_cpp.so
[3.420s] -- Up-to-date: /home/robotrodeo/capstone/install/robot_interfaces/include/robot_interfaces/robot_interfaces
[3.420s] -- Up-to-date: /home/robotrodeo/capstone/install/robot_interfaces/include/robot_interfaces/robot_interfaces/msg
[3.421s] -- Up-to-date: /home/robotrodeo/capstone/install/robot_interfaces/include/robot_interfaces/robot_interfaces/msg/detail
[3.422s] -- Up-to-date: /home/robotrodeo/capstone/install/robot_interfaces/include/robot_interfaces/robot_interfaces/msg/detail/encoder_data__type_support.cpp
[3.423s] -- Up-to-date: /home/robotrodeo/capstone/install/robot_interfaces/include/robot_interfaces/robot_interfaces/msg/detail/encoder_data__rosidl_typesupport_introspection_cpp.hpp
[3.423s] -- Up-to-date: /home/robotrodeo/capstone/install/robot_interfaces/lib/librobot_interfaces__rosidl_typesupport_introspection_cpp.so
[3.425s] -- Up-to-date: /home/robotrodeo/capstone/install/robot_interfaces/lib/librobot_interfaces__rosidl_typesupport_cpp.so
[3.427s] -- Up-to-date: /home/robotrodeo/capstone/install/robot_interfaces/share/robot_interfaces/environment/pythonpath.sh
[3.428s] -- Up-to-date: /home/robotrodeo/capstone/install/robot_interfaces/share/robot_interfaces/environment/pythonpath.dsv
[3.429s] -- Up-to-date: /home/robotrodeo/capstone/install/robot_interfaces/local/lib/python3.10/dist-packages/robot_interfaces-0.0.0-py3.10.egg-info
[3.430s] -- Installing: /home/robotrodeo/capstone/install/robot_interfaces/local/lib/python3.10/dist-packages/robot_interfaces-0.0.0-py3.10.egg-info/SOURCES.txt
[3.431s] -- Installing: /home/robotrodeo/capstone/install/robot_interfaces/local/lib/python3.10/dist-packages/robot_interfaces-0.0.0-py3.10.egg-info/PKG-INFO
[3.433s] -- Installing: /home/robotrodeo/capstone/install/robot_interfaces/local/lib/python3.10/dist-packages/robot_interfaces-0.0.0-py3.10.egg-info/dependency_links.txt
[3.434s] -- Installing: /home/robotrodeo/capstone/install/robot_interfaces/local/lib/python3.10/dist-packages/robot_interfaces-0.0.0-py3.10.egg-info/top_level.txt
[3.436s] -- Up-to-date: /home/robotrodeo/capstone/install/robot_interfaces/local/lib/python3.10/dist-packages/robot_interfaces
[3.438s] -- Up-to-date: /home/robotrodeo/capstone/install/robot_interfaces/local/lib/python3.10/dist-packages/robot_interfaces/robot_interfaces_s__rosidl_typesupport_fastrtps_c.cpython-310-aarch64-linux-gnu.so
[3.440s] -- Up-to-date: /home/robotrodeo/capstone/install/robot_interfaces/local/lib/python3.10/dist-packages/robot_interfaces/robot_interfaces_s__rosidl_typesupport_introspection_c.cpython-310-aarch64-linux-gnu.so
[3.441s] -- Up-to-date: /home/robotrodeo/capstone/install/robot_interfaces/local/lib/python3.10/dist-packages/robot_interfaces/_robot_interfaces_s.ep.rosidl_typesupport_introspection_c.c
[3.442s] -- Up-to-date: /home/robotrodeo/capstone/install/robot_interfaces/local/lib/python3.10/dist-packages/robot_interfaces/librobot_interfaces__rosidl_generator_py.so
[3.443s] -- Up-to-date: /home/robotrodeo/capstone/install/robot_interfaces/local/lib/python3.10/dist-packages/robot_interfaces/__init__.py
[3.444s] -- Up-to-date: /home/robotrodeo/capstone/install/robot_interfaces/local/lib/python3.10/dist-packages/robot_interfaces/robot_interfaces_s__rosidl_typesupport_c.cpython-310-aarch64-linux-gnu.so
[3.445s] -- Up-to-date: /home/robotrodeo/capstone/install/robot_interfaces/local/lib/python3.10/dist-packages/robot_interfaces/_robot_interfaces_s.ep.rosidl_typesupport_c.c
[3.445s] -- Up-to-date: /home/robotrodeo/capstone/install/robot_interfaces/local/lib/python3.10/dist-packages/robot_interfaces/_robot_interfaces_s.ep.rosidl_typesupport_fastrtps_c.c
[3.446s] -- Up-to-date: /home/robotrodeo/capstone/install/robot_interfaces/local/lib/python3.10/dist-packages/robot_interfaces/msg
[3.447s] -- Up-to-date: /home/robotrodeo/capstone/install/robot_interfaces/local/lib/python3.10/dist-packages/robot_interfaces/msg/__init__.py
[3.447s] -- Up-to-date: /home/robotrodeo/capstone/install/robot_interfaces/local/lib/python3.10/dist-packages/robot_interfaces/msg/_encoder_data_s.c
[3.447s] -- Up-to-date: /home/robotrodeo/capstone/install/robot_interfaces/local/lib/python3.10/dist-packages/robot_interfaces/msg/_encoder_data.py
[3.681s] Listing '/home/robotrodeo/capstone/install/robot_interfaces/local/lib/python3.10/dist-packages/robot_interfaces'...
[3.682s] Listing '/home/robotrodeo/capstone/install/robot_interfaces/local/lib/python3.10/dist-packages/robot_interfaces/msg'...
[3.716s] -- Up-to-date: /home/robotrodeo/capstone/install/robot_interfaces/local/lib/python3.10/dist-packages/robot_interfaces/robot_interfaces_s__rosidl_typesupport_fastrtps_c.cpython-310-aarch64-linux-gnu.so
[3.721s] -- Up-to-date: /home/robotrodeo/capstone/install/robot_interfaces/local/lib/python3.10/dist-packages/robot_interfaces/robot_interfaces_s__rosidl_typesupport_introspection_c.cpython-310-aarch64-linux-gnu.so
[3.724s] -- Up-to-date: /home/robotrodeo/capstone/install/robot_interfaces/local/lib/python3.10/dist-packages/robot_interfaces/robot_interfaces_s__rosidl_typesupport_c.cpython-310-aarch64-linux-gnu.so
[3.729s] -- Up-to-date: /home/robotrodeo/capstone/install/robot_interfaces/lib/librobot_interfaces__rosidl_generator_py.so
[3.732s] -- Up-to-date: /home/robotrodeo/capstone/install/robot_interfaces/share/robot_interfaces/msg/EncoderData.idl
[3.733s] -- Up-to-date: /home/robotrodeo/capstone/install/robot_interfaces/share/robot_interfaces/msg/EncoderData.msg
[3.735s] -- Up-to-date: /home/robotrodeo/capstone/install/robot_interfaces/share/ament_index/resource_index/package_run_dependencies/robot_interfaces
[3.736s] -- Up-to-date: /home/robotrodeo/capstone/install/robot_interfaces/share/ament_index/resource_index/parent_prefix_path/robot_interfaces
[3.737s] -- Up-to-date: /home/robotrodeo/capstone/install/robot_interfaces/share/robot_interfaces/environment/ament_prefix_path.sh
[3.738s] -- Up-to-date: /home/robotrodeo/capstone/install/robot_interfaces/share/robot_interfaces/environment/ament_prefix_path.dsv
[3.739s] -- Up-to-date: /home/robotrodeo/capstone/install/robot_interfaces/share/robot_interfaces/environment/path.sh
[3.740s] -- Up-to-date: /home/robotrodeo/capstone/install/robot_interfaces/share/robot_interfaces/environment/path.dsv
[3.741s] -- Up-to-date: /home/robotrodeo/capstone/install/robot_interfaces/share/robot_interfaces/local_setup.bash
[3.741s] -- Up-to-date: /home/robotrodeo/capstone/install/robot_interfaces/share/robot_interfaces/local_setup.sh
[3.742s] -- Up-to-date: /home/robotrodeo/capstone/install/robot_interfaces/share/robot_interfaces/local_setup.zsh
[3.742s] -- Up-to-date: /home/robotrodeo/capstone/install/robot_interfaces/share/robot_interfaces/local_setup.dsv
[3.743s] -- Installing: /home/robotrodeo/capstone/install/robot_interfaces/share/robot_interfaces/package.dsv
[3.744s] -- Up-to-date: /home/robotrodeo/capstone/install/robot_interfaces/share/ament_index/resource_index/packages/robot_interfaces
[3.749s] -- Up-to-date: /home/robotrodeo/capstone/install/robot_interfaces/share/robot_interfaces/cmake/export_robot_interfaces__rosidl_generator_cExport.cmake
[3.752s] -- Up-to-date: /home/robotrodeo/capstone/install/robot_interfaces/share/robot_interfaces/cmake/export_robot_interfaces__rosidl_generator_cExport-noconfig.cmake
[3.752s] -- Up-to-date: /home/robotrodeo/capstone/install/robot_interfaces/share/robot_interfaces/cmake/export_robot_interfaces__rosidl_typesupport_fastrtps_cExport.cmake
[3.753s] -- Up-to-date: /home/robotrodeo/capstone/install/robot_interfaces/share/robot_interfaces/cmake/export_robot_interfaces__rosidl_typesupport_fastrtps_cExport-noconfig.cmake
[3.757s] -- Up-to-date: /home/robotrodeo/capstone/install/robot_interfaces/share/robot_interfaces/cmake/robot_interfaces__rosidl_typesupport_introspection_cExport.cmake
[3.758s] -- Up-to-date: /home/robotrodeo/capstone/install/robot_interfaces/share/robot_interfaces/cmake/robot_interfaces__rosidl_typesupport_introspection_cExport-noconfig.cmake
[3.760s] -- Up-to-date: /home/robotrodeo/capstone/install/robot_interfaces/share/robot_interfaces/cmake/robot_interfaces__rosidl_typesupport_cExport.cmake
[3.761s] -- Up-to-date: /home/robotrodeo/capstone/install/robot_interfaces/share/robot_interfaces/cmake/robot_interfaces__rosidl_typesupport_cExport-noconfig.cmake
[3.764s] -- Up-to-date: /home/robotrodeo/capstone/install/robot_interfaces/share/robot_interfaces/cmake/export_robot_interfaces__rosidl_generator_cppExport.cmake
[3.766s] -- Up-to-date: /home/robotrodeo/capstone/install/robot_interfaces/share/robot_interfaces/cmake/export_robot_interfaces__rosidl_typesupport_fastrtps_cppExport.cmake
[3.778s] -- Up-to-date: /home/robotrodeo/capstone/install/robot_interfaces/share/robot_interfaces/cmake/export_robot_interfaces__rosidl_typesupport_fastrtps_cppExport-noconfig.cmake
[3.780s] -- Up-to-date: /home/robotrodeo/capstone/install/robot_interfaces/share/robot_interfaces/cmake/robot_interfaces__rosidl_typesupport_introspection_cppExport.cmake
[3.782s] -- Up-to-date: /home/robotrodeo/capstone/install/robot_interfaces/share/robot_interfaces/cmake/robot_interfaces__rosidl_typesupport_introspection_cppExport-noconfig.cmake
[3.788s] -- Up-to-date: /home/robotrodeo/capstone/install/robot_interfaces/share/robot_interfaces/cmake/robot_interfaces__rosidl_typesupport_cppExport.cmake
[3.789s] -- Up-to-date: /home/robotrodeo/capstone/install/robot_interfaces/share/robot_interfaces/cmake/robot_interfaces__rosidl_typesupport_cppExport-noconfig.cmake
[3.790s] -- Up-to-date: /home/robotrodeo/capstone/install/robot_interfaces/share/robot_interfaces/cmake/export_robot_interfaces__rosidl_generator_pyExport.cmake
[3.790s] -- Up-to-date: /home/robotrodeo/capstone/install/robot_interfaces/share/robot_interfaces/cmake/export_robot_interfaces__rosidl_generator_pyExport-noconfig.cmake
[3.791s] -- Up-to-date: /home/robotrodeo/capstone/install/robot_interfaces/share/robot_interfaces/cmake/rosidl_cmake-extras.cmake
[3.792s] -- Up-to-date: /home/robotrodeo/capstone/install/robot_interfaces/share/robot_interfaces/cmake/ament_cmake_export_include_directories-extras.cmake
[3.793s] -- Up-to-date: /home/robotrodeo/capstone/install/robot_interfaces/share/robot_interfaces/cmake/ament_cmake_export_libraries-extras.cmake
[3.795s] -- Up-to-date: /home/robotrodeo/capstone/install/robot_interfaces/share/robot_interfaces/cmake/ament_cmake_export_targets-extras.cmake
[3.796s] -- Up-to-date: /home/robotrodeo/capstone/install/robot_interfaces/share/robot_interfaces/cmake/rosidl_cmake_export_typesupport_targets-extras.cmake
[3.796s] -- Up-to-date: /home/robotrodeo/capstone/install/robot_interfaces/share/robot_interfaces/cmake/ament_cmake_export_dependencies-extras.cmake
[3.797s] -- Up-to-date: /home/robotrodeo/capstone/install/robot_interfaces/share/robot_interfaces/cmake/rosidl_cmake_export_typesupport_libraries-extras.cmake
[3.799s] -- Up-to-date: /home/robotrodeo/capstone/install/robot_interfaces/share/robot_interfaces/cmake/robot_interfacesConfig.cmake
[3.799s] -- Up-to-date: /home/robotrodeo/capstone/install/robot_interfaces/share/robot_interfaces/cmake/robot_interfacesConfig-version.cmake
[3.800s] -- Up-to-date: /home/robotrodeo/capstone/install/robot_interfaces/share/robot_interfaces/package.xml
[3.822s] Invoked command in '/home/robotrodeo/capstone/build/robot_interfaces' returned '0': CMAKE_PREFIX_PATH=${CMAKE_PREFIX_PATH}:/home/robotrodeo/capstone/install/encoder:/opt/ros/humble /usr/bin/cmake --install /home/robotrodeo/capstone/build/robot_interfaces
