[8.421s] Invoking command in '/home/robotrodeo/capstone/build/drivetrain': PYTHONPATH=/home/robotrodeo/capstone/build/drivetrain/prefix_override:/home/robotrodeo/capstone/install/drivetrain/lib/python3.10/site-packages:${PYTHONPATH} /usr/bin/python3 setup.py develop --uninstall --editable --build-directory /home/robotrodeo/capstone/build/drivetrain/build
[11.833s] running develop
[15.054s] Invoked command in '/home/robotrodeo/capstone/build/drivetrain' returned '0': PYTHONPATH=/home/robotrodeo/capstone/build/drivetrain/prefix_override:/home/robotrodeo/capstone/install/drivetrain/lib/python3.10/site-packages:${PYTHONPATH} /usr/bin/python3 setup.py develop --uninstall --editable --build-directory /home/robotrodeo/capstone/build/drivetrain/build
[15.067s] Invoking command in '/home/robotrodeo/capstone/src/drivetrain': PYTHONPATH=/home/robotrodeo/capstone/build/drivetrain/prefix_override:/home/robotrodeo/capstone/install/drivetrain/lib/python3.10/site-packages:${PYTHONPATH} /usr/bin/python3 setup.py egg_info --egg-base ../../build/drivetrain build --build-base /home/robotrodeo/capstone/build/drivetrain/build install --record /home/robotrodeo/capstone/build/drivetrain/install.log --single-version-externally-managed
[18.394s] running egg_info
[18.437s] writing manifest file '../../build/drivetrain/drivetrain.egg-info/SOURCES.txt'
[18.439s] running build
[18.440s] running build_py
[18.443s] copying drivetrain/arm_node1.py -> /home/robotrodeo/capstone/build/drivetrain/build/lib/drivetrain
[18.445s] copying drivetrain/arm_node.py -> /home/robotrodeo/capstone/build/drivetrain/build/lib/drivetrain
[18.449s] running install
[18.457s] running install_lib
[18.480s] byte-compiling /home/robotrodeo/capstone/install/drivetrain/lib/python3.10/site-packages/drivetrain/arm_node1.py to arm_node1.cpython-310.pyc
[18.497s] byte-compiling /home/robotrodeo/capstone/install/drivetrain/lib/python3.10/site-packages/drivetrain/arm_node.py to arm_node.cpython-310.pyc
[18.507s] running install_data
[18.511s] running install_egg_info
[18.527s] removing '/home/robotrodeo/capstone/install/drivetrain/lib/python3.10/site-packages/drivetrain-0.0.0-py3.10.egg-info' (and everything under it)
[18.531s] Copying ../../build/drivetrain/drivetrain.egg-info to /home/robotrodeo/capstone/install/drivetrain/lib/python3.10/site-packages/drivetrain-0.0.0-py3.10.egg-info
[18.548s] running install_scripts
[18.756s] writing list of installed files to '/home/robotrodeo/capstone/build/drivetrain/install.log'
[19.092s] Invoked command in '/home/robotrodeo/capstone/src/drivetrain' returned '0': PYTHONPATH=/home/robotrodeo/capstone/build/drivetrain/prefix_override:/home/robotrodeo/capstone/install/drivetrain/lib/python3.10/site-packages:${PYTHONPATH} /usr/bin/python3 setup.py egg_info --egg-base ../../build/drivetrain build --build-base /home/robotrodeo/capstone/build/drivetrain/build install --record /home/robotrodeo/capstone/build/drivetrain/install.log --single-version-externally-managed
