[1.852s] DEBUG:colcon:Command line arguments: ['/usr/bin/colcon', 'build']
[1.852s] DEBUG:colcon:Parsed command line arguments: Namespace(log_base=None, log_level=None, verb_name='build', build_base='build', install_base='install', merge_install=False, symlink_install=False, test_result_base=None, continue_on_error=False, executor='parallel', parallel_workers=4, event_handlers=None, ignore_user_meta=False, metas=['./colcon.meta'], base_paths=['.'], packages_ignore=None, packages_ignore_regex=None, paths=None, packages_up_to=None, packages_up_to_regex=None, packages_above=None, packages_above_and_dependencies=None, packages_above_depth=None, packages_select_by_dep=None, packages_skip_by_dep=None, packages_skip_up_to=None, packages_select_build_failed=False, packages_skip_build_finished=False, packages_select_test_failures=False, packages_skip_test_passed=False, packages_select=None, packages_skip=None, packages_select_regex=None, packages_skip_regex=None, packages_start=None, packages_end=None, allow_overriding=[], cmake_args=None, cmake_target=None, cmake_target_skip_unavailable=False, cmake_clean_cache=False, cmake_clean_first=False, cmake_force_configure=False, ament_cmake_args=None, catkin_cmake_args=None, catkin_skip_building_tests=False, verb_parser=<colcon_defaults.argument_parser.defaults.DefaultArgumentsDecorator object at 0xffffa5a40760>, verb_extension=<colcon_core.verb.build.BuildVerb object at 0xffffa5a40190>, main=<bound method BuildVerb.main of <colcon_core.verb.build.BuildVerb object at 0xffffa5a40190>>)
[1.999s] Level 1:colcon.colcon_core.package_discovery:discover_packages(colcon_meta) check parameters
[2.000s] Level 1:colcon.colcon_core.package_discovery:discover_packages(recursive) check parameters
[2.005s] Level 1:colcon.colcon_core.package_discovery:discover_packages(ignore) check parameters
[2.005s] Level 1:colcon.colcon_core.package_discovery:discover_packages(path) check parameters
[2.005s] Level 1:colcon.colcon_core.package_discovery:discover_packages(colcon_meta) discover
[2.006s] Level 1:colcon.colcon_core.package_discovery:discover_packages(recursive) discover
[2.006s] INFO:colcon.colcon_core.package_discovery:Crawling recursively for packages in '/home/robotrodeo/capstone'
[2.007s] Level 1:colcon.colcon_core.package_identification:_identify(.) by extensions ['ignore', 'ignore_ament_install']
[2.007s] Level 1:colcon.colcon_core.package_identification:_identify(.) by extension 'ignore'
[2.008s] Level 1:colcon.colcon_core.package_identification:_identify(.) by extension 'ignore_ament_install'
[2.008s] Level 1:colcon.colcon_core.package_identification:_identify(.) by extensions ['colcon_pkg']
[2.008s] Level 1:colcon.colcon_core.package_identification:_identify(.) by extension 'colcon_pkg'
[2.008s] Level 1:colcon.colcon_core.package_identification:_identify(.) by extensions ['colcon_meta']
[2.009s] Level 1:colcon.colcon_core.package_identification:_identify(.) by extension 'colcon_meta'
[2.009s] Level 1:colcon.colcon_core.package_identification:_identify(.) by extensions ['ros']
[2.009s] Level 1:colcon.colcon_core.package_identification:_identify(.) by extension 'ros'
[2.063s] Level 1:colcon.colcon_core.package_identification:_identify(.) by extensions ['cmake', 'python']
[2.063s] Level 1:colcon.colcon_core.package_identification:_identify(.) by extension 'cmake'
[2.063s] Level 1:colcon.colcon_core.package_identification:_identify(.) by extension 'python'
[2.064s] Level 1:colcon.colcon_core.package_identification:_identify(.) by extensions ['python_setup_py']
[2.064s] Level 1:colcon.colcon_core.package_identification:_identify(.) by extension 'python_setup_py'
[2.064s] Level 1:colcon.colcon_core.package_identification:_identify(build) by extensions ['ignore', 'ignore_ament_install']
[2.065s] Level 1:colcon.colcon_core.package_identification:_identify(build) by extension 'ignore'
[2.065s] Level 1:colcon.colcon_core.package_identification:_identify(build) ignored
[2.066s] Level 1:colcon.colcon_core.package_identification:_identify(install) by extensions ['ignore', 'ignore_ament_install']
[2.066s] Level 1:colcon.colcon_core.package_identification:_identify(install) by extension 'ignore'
[2.066s] Level 1:colcon.colcon_core.package_identification:_identify(install) ignored
[2.067s] Level 1:colcon.colcon_core.package_identification:_identify(log) by extensions ['ignore', 'ignore_ament_install']
[2.067s] Level 1:colcon.colcon_core.package_identification:_identify(log) by extension 'ignore'
[2.068s] Level 1:colcon.colcon_core.package_identification:_identify(log) ignored
[2.068s] Level 1:colcon.colcon_core.package_identification:_identify(src) by extensions ['ignore', 'ignore_ament_install']
[2.068s] Level 1:colcon.colcon_core.package_identification:_identify(src) by extension 'ignore'
[2.069s] Level 1:colcon.colcon_core.package_identification:_identify(src) by extension 'ignore_ament_install'
[2.069s] Level 1:colcon.colcon_core.package_identification:_identify(src) by extensions ['colcon_pkg']
[2.069s] Level 1:colcon.colcon_core.package_identification:_identify(src) by extension 'colcon_pkg'
[2.069s] Level 1:colcon.colcon_core.package_identification:_identify(src) by extensions ['colcon_meta']
[2.069s] Level 1:colcon.colcon_core.package_identification:_identify(src) by extension 'colcon_meta'
[2.069s] Level 1:colcon.colcon_core.package_identification:_identify(src) by extensions ['ros']
[2.069s] Level 1:colcon.colcon_core.package_identification:_identify(src) by extension 'ros'
[2.070s] Level 1:colcon.colcon_core.package_identification:_identify(src) by extensions ['cmake', 'python']
[2.070s] Level 1:colcon.colcon_core.package_identification:_identify(src) by extension 'cmake'
[2.070s] Level 1:colcon.colcon_core.package_identification:_identify(src) by extension 'python'
[2.070s] Level 1:colcon.colcon_core.package_identification:_identify(src) by extensions ['python_setup_py']
[2.070s] Level 1:colcon.colcon_core.package_identification:_identify(src) by extension 'python_setup_py'
[2.071s] Level 1:colcon.colcon_core.package_identification:_identify(src/drivetrain) by extensions ['ignore', 'ignore_ament_install']
[2.071s] Level 1:colcon.colcon_core.package_identification:_identify(src/drivetrain) by extension 'ignore'
[2.072s] Level 1:colcon.colcon_core.package_identification:_identify(src/drivetrain) by extension 'ignore_ament_install'
[2.072s] Level 1:colcon.colcon_core.package_identification:_identify(src/drivetrain) by extensions ['colcon_pkg']
[2.072s] Level 1:colcon.colcon_core.package_identification:_identify(src/drivetrain) by extension 'colcon_pkg'
[2.073s] Level 1:colcon.colcon_core.package_identification:_identify(src/drivetrain) by extensions ['colcon_meta']
[2.073s] Level 1:colcon.colcon_core.package_identification:_identify(src/drivetrain) by extension 'colcon_meta'
[2.073s] Level 1:colcon.colcon_core.package_identification:_identify(src/drivetrain) by extensions ['ros']
[2.074s] Level 1:colcon.colcon_core.package_identification:_identify(src/drivetrain) by extension 'ros'
[2.090s] DEBUG:colcon.colcon_core.package_identification:Package 'src/drivetrain' with type 'ros.ament_python' and name 'drivetrain'
[2.090s] Level 1:colcon.colcon_core.package_discovery:discover_packages(recursive) using defaults
[2.090s] Level 1:colcon.colcon_core.package_discovery:discover_packages(ignore) discover
[2.090s] Level 1:colcon.colcon_core.package_discovery:discover_packages(ignore) using defaults
[2.091s] Level 1:colcon.colcon_core.package_discovery:discover_packages(path) discover
[2.091s] Level 1:colcon.colcon_core.package_discovery:discover_packages(path) using defaults
[2.183s] Level 1:colcon.colcon_core.package_discovery:discover_packages(prefix_path) check parameters
[2.183s] Level 1:colcon.colcon_core.package_discovery:discover_packages(prefix_path) discover
[2.197s] DEBUG:colcon.colcon_installed_package_information.package_discovery:Found 5 installed packages in /home/robotrodeo/capstone/install
[2.211s] DEBUG:colcon.colcon_installed_package_information.package_discovery:Found 364 installed packages in /opt/ros/humble
[2.219s] Level 1:colcon.colcon_core.package_discovery:discover_packages(prefix_path) using defaults
[2.576s] Level 5:colcon.colcon_core.verb:set package 'drivetrain' build argument 'cmake_args' from command line to 'None'
[2.576s] Level 5:colcon.colcon_core.verb:set package 'drivetrain' build argument 'cmake_target' from command line to 'None'
[2.577s] Level 5:colcon.colcon_core.verb:set package 'drivetrain' build argument 'cmake_target_skip_unavailable' from command line to 'False'
[2.577s] Level 5:colcon.colcon_core.verb:set package 'drivetrain' build argument 'cmake_clean_cache' from command line to 'False'
[2.577s] Level 5:colcon.colcon_core.verb:set package 'drivetrain' build argument 'cmake_clean_first' from command line to 'False'
[2.577s] Level 5:colcon.colcon_core.verb:set package 'drivetrain' build argument 'cmake_force_configure' from command line to 'False'
[2.577s] Level 5:colcon.colcon_core.verb:set package 'drivetrain' build argument 'ament_cmake_args' from command line to 'None'
[2.577s] Level 5:colcon.colcon_core.verb:set package 'drivetrain' build argument 'catkin_cmake_args' from command line to 'None'
[2.577s] Level 5:colcon.colcon_core.verb:set package 'drivetrain' build argument 'catkin_skip_building_tests' from command line to 'False'
[2.577s] DEBUG:colcon.colcon_core.verb:Building package 'drivetrain' with the following arguments: {'ament_cmake_args': None, 'build_base': '/home/robotrodeo/capstone/build/drivetrain', 'catkin_cmake_args': None, 'catkin_skip_building_tests': False, 'cmake_args': None, 'cmake_clean_cache': False, 'cmake_clean_first': False, 'cmake_force_configure': False, 'cmake_target': None, 'cmake_target_skip_unavailable': False, 'install_base': '/home/robotrodeo/capstone/install/drivetrain', 'merge_install': False, 'path': '/home/robotrodeo/capstone/src/drivetrain', 'symlink_install': False, 'test_result_base': None}
[2.580s] INFO:colcon.colcon_core.executor:Executing jobs using 'parallel' executor
[2.593s] DEBUG:colcon.colcon_parallel_executor.executor.parallel:run_until_complete
[2.594s] INFO:colcon.colcon_ros.task.ament_python.build:Building ROS package in '/home/robotrodeo/capstone/src/drivetrain' with build type 'ament_python'
[2.595s] Level 1:colcon.colcon_core.shell:create_environment_hook('drivetrain', 'ament_prefix_path')
[2.616s] INFO:colcon.colcon_core.plugin_system:Skipping extension 'colcon_core.shell.bat': Not used on non-Windows systems
[2.617s] INFO:colcon.colcon_core.shell:Creating environment hook '/home/robotrodeo/capstone/install/drivetrain/share/drivetrain/hook/ament_prefix_path.ps1'
[2.621s] INFO:colcon.colcon_core.shell:Creating environment descriptor '/home/robotrodeo/capstone/install/drivetrain/share/drivetrain/hook/ament_prefix_path.dsv'
[2.623s] INFO:colcon.colcon_core.shell:Creating environment hook '/home/robotrodeo/capstone/install/drivetrain/share/drivetrain/hook/ament_prefix_path.sh'
[2.635s] INFO:colcon.colcon_core.shell:Skip shell extension 'powershell' for command environment: Not usable outside of PowerShell
[2.635s] DEBUG:colcon.colcon_core.shell:Skip shell extension 'dsv' for command environment
[4.118s] INFO:colcon.colcon_core.task.python.build:Building Python package in '/home/robotrodeo/capstone/src/drivetrain'
[4.123s] INFO:colcon.colcon_core.shell:Skip shell extension 'powershell' for command environment: Not usable outside of PowerShell
[4.123s] DEBUG:colcon.colcon_core.shell:Skip shell extension 'dsv' for command environment
[5.913s] DEBUG:colcon.colcon_core.event_handler.log_command:Invoking command in '/home/robotrodeo/capstone/build/drivetrain': PYTHONPATH=/home/robotrodeo/capstone/build/drivetrain/prefix_override:/home/robotrodeo/capstone/install/drivetrain/lib/python3.10/site-packages:${PYTHONPATH} /usr/bin/python3 setup.py develop --uninstall --editable --build-directory /home/robotrodeo/capstone/build/drivetrain/build
[8.386s] DEBUG:colcon.colcon_core.event_handler.log_command:Invoked command in '/home/robotrodeo/capstone/build/drivetrain' returned '0': PYTHONPATH=/home/robotrodeo/capstone/build/drivetrain/prefix_override:/home/robotrodeo/capstone/install/drivetrain/lib/python3.10/site-packages:${PYTHONPATH} /usr/bin/python3 setup.py develop --uninstall --editable --build-directory /home/robotrodeo/capstone/build/drivetrain/build
[8.396s] DEBUG:colcon.colcon_core.event_handler.log_command:Invoking command in '/home/robotrodeo/capstone/src/drivetrain': PYTHONPATH=/home/robotrodeo/capstone/build/drivetrain/prefix_override:/home/robotrodeo/capstone/install/drivetrain/lib/python3.10/site-packages:${PYTHONPATH} /usr/bin/python3 setup.py egg_info --egg-base ../../build/drivetrain build --build-base /home/robotrodeo/capstone/build/drivetrain/build install --record /home/robotrodeo/capstone/build/drivetrain/install.log --single-version-externally-managed
[9.989s] DEBUG:colcon.colcon_core.event_handler.log_command:Invoked command in '/home/robotrodeo/capstone/src/drivetrain' returned '0': PYTHONPATH=/home/robotrodeo/capstone/build/drivetrain/prefix_override:/home/robotrodeo/capstone/install/drivetrain/lib/python3.10/site-packages:${PYTHONPATH} /usr/bin/python3 setup.py egg_info --egg-base ../../build/drivetrain build --build-base /home/robotrodeo/capstone/build/drivetrain/build install --record /home/robotrodeo/capstone/build/drivetrain/install.log --single-version-externally-managed
[10.015s] Level 1:colcon.colcon_core.environment:checking '/home/robotrodeo/capstone/install/drivetrain' for CMake module files
[10.018s] Level 1:colcon.colcon_core.environment:checking '/home/robotrodeo/capstone/install/drivetrain' for CMake config files
[10.021s] Level 1:colcon.colcon_core.environment:checking '/home/robotrodeo/capstone/install/drivetrain/lib'
[10.022s] Level 1:colcon.colcon_core.environment:checking '/home/robotrodeo/capstone/install/drivetrain/bin'
[10.022s] Level 1:colcon.colcon_core.environment:checking '/home/robotrodeo/capstone/install/drivetrain/lib/pkgconfig/drivetrain.pc'
[10.023s] Level 1:colcon.colcon_core.environment:checking '/home/robotrodeo/capstone/install/drivetrain/lib/python3.10/site-packages'
[10.023s] Level 1:colcon.colcon_core.shell:create_environment_hook('drivetrain', 'pythonpath')
[10.029s] INFO:colcon.colcon_core.shell:Creating environment hook '/home/robotrodeo/capstone/install/drivetrain/share/drivetrain/hook/pythonpath.ps1'
[10.031s] INFO:colcon.colcon_core.shell:Creating environment descriptor '/home/robotrodeo/capstone/install/drivetrain/share/drivetrain/hook/pythonpath.dsv'
[10.032s] INFO:colcon.colcon_core.shell:Creating environment hook '/home/robotrodeo/capstone/install/drivetrain/share/drivetrain/hook/pythonpath.sh'
[10.035s] Level 1:colcon.colcon_core.environment:checking '/home/robotrodeo/capstone/install/drivetrain/bin'
[10.035s] Level 1:colcon.colcon_core.environment:create_environment_scripts_only(drivetrain)
[10.041s] INFO:colcon.colcon_core.shell:Creating package script '/home/robotrodeo/capstone/install/drivetrain/share/drivetrain/package.ps1'
[10.044s] INFO:colcon.colcon_core.shell:Creating package descriptor '/home/robotrodeo/capstone/install/drivetrain/share/drivetrain/package.dsv'
[10.047s] INFO:colcon.colcon_core.shell:Creating package script '/home/robotrodeo/capstone/install/drivetrain/share/drivetrain/package.sh'
[10.050s] INFO:colcon.colcon_core.shell:Creating package script '/home/robotrodeo/capstone/install/drivetrain/share/drivetrain/package.bash'
[10.054s] INFO:colcon.colcon_core.shell:Creating package script '/home/robotrodeo/capstone/install/drivetrain/share/drivetrain/package.zsh'
[10.057s] Level 1:colcon.colcon_core.environment:create_file_with_runtime_dependencies(/home/robotrodeo/capstone/install/drivetrain/share/colcon-core/packages/drivetrain)
[10.059s] DEBUG:colcon.colcon_parallel_executor.executor.parallel:closing loop
[10.060s] DEBUG:colcon.colcon_parallel_executor.executor.parallel:loop closed
[10.060s] DEBUG:colcon.colcon_parallel_executor.executor.parallel:run_until_complete finished with '0'
[10.061s] DEBUG:colcon.colcon_core.event_reactor:joining thread
[10.094s] INFO:colcon.colcon_core.plugin_system:Skipping extension 'colcon_notification.desktop_notification.terminal_notifier': Not used on non-Darwin systems
[10.095s] INFO:colcon.colcon_core.plugin_system:Skipping extension 'colcon_notification.desktop_notification.win32': Not used on non-Windows systems
[10.095s] INFO:colcon.colcon_notification.desktop_notification:Sending desktop notification using 'notify2'
[10.163s] DEBUG:colcon.colcon_core.event_reactor:joined thread
[10.170s] INFO:colcon.colcon_core.shell:Creating prefix script '/home/robotrodeo/capstone/install/local_setup.ps1'
[10.176s] INFO:colcon.colcon_core.shell:Creating prefix util module '/home/robotrodeo/capstone/install/_local_setup_util_ps1.py'
[10.187s] INFO:colcon.colcon_core.shell:Creating prefix chain script '/home/robotrodeo/capstone/install/setup.ps1'
[10.201s] INFO:colcon.colcon_core.shell:Creating prefix script '/home/robotrodeo/capstone/install/local_setup.sh'
[10.208s] INFO:colcon.colcon_core.shell:Creating prefix util module '/home/robotrodeo/capstone/install/_local_setup_util_sh.py'
[10.214s] INFO:colcon.colcon_core.shell:Creating prefix chain script '/home/robotrodeo/capstone/install/setup.sh'
[10.226s] INFO:colcon.colcon_core.shell:Creating prefix script '/home/robotrodeo/capstone/install/local_setup.bash'
[10.231s] INFO:colcon.colcon_core.shell:Creating prefix chain script '/home/robotrodeo/capstone/install/setup.bash'
[10.243s] INFO:colcon.colcon_core.shell:Creating prefix script '/home/robotrodeo/capstone/install/local_setup.zsh'
[10.248s] INFO:colcon.colcon_core.shell:Creating prefix chain script '/home/robotrodeo/capstone/install/setup.zsh'
