[0.164s] Invoking command in '/home/robotrodeo/capstone/build/robot_interfaces': CMAKE_PREFIX_PATH=${CMAKE_PREFIX_PATH}:/home/robotrodeo/capstone/install/encoder:/opt/ros/humble /usr/bin/cmake --build /home/robotrodeo/capstone/build/robot_interfaces -- -j4 -l4
[0.707s] [35m[1mConsolidate compiler generated dependencies of target robot_interfaces__rosidl_generator_c[0m
[0.774s] [  3%] Built target robot_interfaces__cpp
[0.839s] [ 12%] Built target robot_interfaces__rosidl_generator_c
[0.875s] [ 12%] Built target ament_cmake_python_copy_robot_interfaces
[0.883s] [35m[1mConsolidate compiler generated dependencies of target robot_interfaces__rosidl_typesupport_fastrtps_cpp[0m
[0.904s] [35m[1mConsolidate compiler generated dependencies of target robot_interfaces__rosidl_typesupport_introspection_cpp[0m
[0.999s] [ 22%] Built target robot_interfaces__rosidl_typesupport_fastrtps_cpp
[1.003s] [35m[1mConsolidate compiler generated dependencies of target robot_interfaces__rosidl_typesupport_cpp[0m
[1.020s] [35m[1mConsolidate compiler generated dependencies of target robot_interfaces__rosidl_typesupport_fastrtps_c[0m
[1.079s] [ 32%] Built target robot_interfaces__rosidl_typesupport_introspection_cpp
[1.126s] [ 41%] Built target robot_interfaces__rosidl_typesupport_fastrtps_c
[1.131s] [35m[1mConsolidate compiler generated dependencies of target robot_interfaces__rosidl_typesupport_introspection_c[0m
[1.148s] [ 51%] Built target robot_interfaces__rosidl_typesupport_cpp
[1.178s] [35m[1mConsolidate compiler generated dependencies of target robot_interfaces__rosidl_typesupport_c[0m
[1.226s] [ 61%] Built target robot_interfaces__rosidl_typesupport_introspection_c
[1.265s] [ 70%] Built target robot_interfaces__rosidl_typesupport_c
[1.375s] [ 70%] Built target robot_interfaces
[1.492s] [ 74%] Built target robot_interfaces__py
[1.562s] [35m[1mConsolidate compiler generated dependencies of target robot_interfaces__rosidl_generator_py[0m
[1.685s] [ 80%] Built target robot_interfaces__rosidl_generator_py
[1.757s] [35m[1mConsolidate compiler generated dependencies of target robot_interfaces__rosidl_typesupport_fastrtps_c__pyext[0m
[1.809s] [35m[1mConsolidate compiler generated dependencies of target robot_interfaces__rosidl_typesupport_c__pyext[0m
[1.820s] [35m[1mConsolidate compiler generated dependencies of target robot_interfaces__rosidl_typesupport_introspection_c__pyext[0m
[1.855s] [ 87%] Built target robot_interfaces__rosidl_typesupport_fastrtps_c__pyext
[1.901s] [ 93%] Built target robot_interfaces__rosidl_typesupport_c__pyext
[1.909s] [100%] Built target robot_interfaces__rosidl_typesupport_introspection_c__pyext
[2.626s] running egg_info
[2.631s] writing robot_interfaces.egg-info/PKG-INFO
[2.632s] writing dependency_links to robot_interfaces.egg-info/dependency_links.txt
[2.633s] writing top-level names to robot_interfaces.egg-info/top_level.txt
[2.647s] reading manifest file 'robot_interfaces.egg-info/SOURCES.txt'
[2.650s] writing manifest file 'robot_interfaces.egg-info/SOURCES.txt'
[2.786s] [100%] Built target ament_cmake_python_build_robot_interfaces_egg
[2.829s] Invoked command in '/home/robotrodeo/capstone/build/robot_interfaces' returned '0': CMAKE_PREFIX_PATH=${CMAKE_PREFIX_PATH}:/home/robotrodeo/capstone/install/encoder:/opt/ros/humble /usr/bin/cmake --build /home/robotrodeo/capstone/build/robot_interfaces -- -j4 -l4
[3.195s] Invoking command in '/home/robotrodeo/capstone/build/robot_interfaces': CMAKE_PREFIX_PATH=${CMAKE_PREFIX_PATH}:/home/robotrodeo/capstone/install/encoder:/opt/ros/humble /usr/bin/cmake --install /home/robotrodeo/capstone/build/robot_interfaces
[3.230s] -- Install configuration: ""
[3.231s] -- Up-to-date: /home/robotrodeo/capstone/install/robot_interfaces/share/ament_index/resource_index/rosidl_interfaces/robot_interfaces
[3.232s] -- Up-to-date: /home/robotrodeo/capstone/install/robot_interfaces/include/robot_interfaces/robot_interfaces
[3.233s] -- Up-to-date: /home/robotrodeo/capstone/install/robot_interfaces/include/robot_interfaces/robot_interfaces/msg
[3.235s] -- Up-to-date: /home/robotrodeo/capstone/install/robot_interfaces/include/robot_interfaces/robot_interfaces/msg/detail
[3.236s] -- Up-to-date: /home/robotrodeo/capstone/install/robot_interfaces/include/robot_interfaces/robot_interfaces/msg/detail/encoder_data__functions.h
[3.237s] -- Up-to-date: /home/robotrodeo/capstone/install/robot_interfaces/include/robot_interfaces/robot_interfaces/msg/detail/encoder_data__struct.h
[3.237s] -- Up-to-date: /home/robotrodeo/capstone/install/robot_interfaces/include/robot_interfaces/robot_interfaces/msg/detail/encoder_data__type_support.h
[3.238s] -- Up-to-date: /home/robotrodeo/capstone/install/robot_interfaces/include/robot_interfaces/robot_interfaces/msg/detail/encoder_data__functions.c
[3.240s] -- Up-to-date: /home/robotrodeo/capstone/install/robot_interfaces/include/robot_interfaces/robot_interfaces/msg/rosidl_generator_c__visibility_control.h
[3.240s] -- Up-to-date: /home/robotrodeo/capstone/install/robot_interfaces/include/robot_interfaces/robot_interfaces/msg/encoder_data.h
[3.241s] -- Up-to-date: /home/robotrodeo/capstone/install/robot_interfaces/share/robot_interfaces/environment/library_path.sh
[3.242s] -- Up-to-date: /home/robotrodeo/capstone/install/robot_interfaces/share/robot_interfaces/environment/library_path.dsv
[3.243s] -- Up-to-date: /home/robotrodeo/capstone/install/robot_interfaces/lib/librobot_interfaces__rosidl_generator_c.so
[3.244s] -- Up-to-date: /home/robotrodeo/capstone/install/robot_interfaces/include/robot_interfaces/robot_interfaces
[3.245s] -- Up-to-date: /home/robotrodeo/capstone/install/robot_interfaces/include/robot_interfaces/robot_interfaces/msg
[3.245s] -- Up-to-date: /home/robotrodeo/capstone/install/robot_interfaces/include/robot_interfaces/robot_interfaces/msg/detail
[3.246s] -- Up-to-date: /home/robotrodeo/capstone/install/robot_interfaces/include/robot_interfaces/robot_interfaces/msg/detail/encoder_data__rosidl_typesupport_fastrtps_c.h
[3.246s] -- Up-to-date: /home/robotrodeo/capstone/install/robot_interfaces/include/robot_interfaces/robot_interfaces/msg/rosidl_typesupport_fastrtps_c__visibility_control.h
[3.249s] -- Up-to-date: /home/robotrodeo/capstone/install/robot_interfaces/lib/librobot_interfaces__rosidl_typesupport_fastrtps_c.so
[3.250s] -- Up-to-date: /home/robotrodeo/capstone/install/robot_interfaces/include/robot_interfaces/robot_interfaces
[3.251s] -- Up-to-date: /home/robotrodeo/capstone/install/robot_interfaces/include/robot_interfaces/robot_interfaces/msg
[3.251s] -- Up-to-date: /home/robotrodeo/capstone/install/robot_interfaces/include/robot_interfaces/robot_interfaces/msg/detail
[3.252s] -- Up-to-date: /home/robotrodeo/capstone/install/robot_interfaces/include/robot_interfaces/robot_interfaces/msg/detail/encoder_data__rosidl_typesupport_introspection_c.h
[3.252s] -- Up-to-date: /home/robotrodeo/capstone/install/robot_interfaces/include/robot_interfaces/robot_interfaces/msg/detail/encoder_data__type_support.c
[3.253s] -- Up-to-date: /home/robotrodeo/capstone/install/robot_interfaces/include/robot_interfaces/robot_interfaces/msg/rosidl_typesupport_introspection_c__visibility_control.h
[3.255s] -- Up-to-date: /home/robotrodeo/capstone/install/robot_interfaces/lib/librobot_interfaces__rosidl_typesupport_introspection_c.so
[3.258s] -- Up-to-date: /home/robotrodeo/capstone/install/robot_interfaces/lib/librobot_interfaces__rosidl_typesupport_c.so
[3.259s] -- Up-to-date: /home/robotrodeo/capstone/install/robot_interfaces/include/robot_interfaces/robot_interfaces
[3.260s] -- Up-to-date: /home/robotrodeo/capstone/install/robot_interfaces/include/robot_interfaces/robot_interfaces/msg
[3.260s] -- Up-to-date: /home/robotrodeo/capstone/install/robot_interfaces/include/robot_interfaces/robot_interfaces/msg/detail
[3.261s] -- Up-to-date: /home/robotrodeo/capstone/install/robot_interfaces/include/robot_interfaces/robot_interfaces/msg/detail/encoder_data__struct.hpp
[3.261s] -- Up-to-date: /home/robotrodeo/capstone/install/robot_interfaces/include/robot_interfaces/robot_interfaces/msg/detail/encoder_data__builder.hpp
[3.262s] -- Up-to-date: /home/robotrodeo/capstone/install/robot_interfaces/include/robot_interfaces/robot_interfaces/msg/detail/encoder_data__traits.hpp
[3.262s] -- Up-to-date: /home/robotrodeo/capstone/install/robot_interfaces/include/robot_interfaces/robot_interfaces/msg/encoder_data.hpp
[3.263s] -- Up-to-date: /home/robotrodeo/capstone/install/robot_interfaces/include/robot_interfaces/robot_interfaces
[3.263s] -- Up-to-date: /home/robotrodeo/capstone/install/robot_interfaces/include/robot_interfaces/robot_interfaces/msg
[3.264s] -- Up-to-date: /home/robotrodeo/capstone/install/robot_interfaces/include/robot_interfaces/robot_interfaces/msg/detail
[3.264s] -- Up-to-date: /home/robotrodeo/capstone/install/robot_interfaces/include/robot_interfaces/robot_interfaces/msg/detail/dds_fastrtps
[3.265s] -- Up-to-date: /home/robotrodeo/capstone/install/robot_interfaces/include/robot_interfaces/robot_interfaces/msg/detail/encoder_data__rosidl_typesupport_fastrtps_cpp.hpp
[3.265s] -- Up-to-date: /home/robotrodeo/capstone/install/robot_interfaces/include/robot_interfaces/robot_interfaces/msg/rosidl_typesupport_fastrtps_cpp__visibility_control.h
[3.268s] -- Up-to-date: /home/robotrodeo/capstone/install/robot_interfaces/lib/librobot_interfaces__rosidl_typesupport_fastrtps_cpp.so
[3.270s] -- Up-to-date: /home/robotrodeo/capstone/install/robot_interfaces/include/robot_interfaces/robot_interfaces
[3.271s] -- Up-to-date: /home/robotrodeo/capstone/install/robot_interfaces/include/robot_interfaces/robot_interfaces/msg
[3.271s] -- Up-to-date: /home/robotrodeo/capstone/install/robot_interfaces/include/robot_interfaces/robot_interfaces/msg/detail
[3.272s] -- Up-to-date: /home/robotrodeo/capstone/install/robot_interfaces/include/robot_interfaces/robot_interfaces/msg/detail/encoder_data__type_support.cpp
[3.272s] -- Up-to-date: /home/robotrodeo/capstone/install/robot_interfaces/include/robot_interfaces/robot_interfaces/msg/detail/encoder_data__rosidl_typesupport_introspection_cpp.hpp
[3.275s] -- Up-to-date: /home/robotrodeo/capstone/install/robot_interfaces/lib/librobot_interfaces__rosidl_typesupport_introspection_cpp.so
[3.277s] -- Up-to-date: /home/robotrodeo/capstone/install/robot_interfaces/lib/librobot_interfaces__rosidl_typesupport_cpp.so
[3.279s] -- Up-to-date: /home/robotrodeo/capstone/install/robot_interfaces/share/robot_interfaces/environment/pythonpath.sh
[3.280s] -- Up-to-date: /home/robotrodeo/capstone/install/robot_interfaces/share/robot_interfaces/environment/pythonpath.dsv
[3.281s] -- Up-to-date: /home/robotrodeo/capstone/install/robot_interfaces/local/lib/python3.10/dist-packages/robot_interfaces-0.0.0-py3.10.egg-info
[3.282s] -- Installing: /home/robotrodeo/capstone/install/robot_interfaces/local/lib/python3.10/dist-packages/robot_interfaces-0.0.0-py3.10.egg-info/SOURCES.txt
[3.282s] -- Installing: /home/robotrodeo/capstone/install/robot_interfaces/local/lib/python3.10/dist-packages/robot_interfaces-0.0.0-py3.10.egg-info/PKG-INFO
[3.284s] -- Installing: /home/robotrodeo/capstone/install/robot_interfaces/local/lib/python3.10/dist-packages/robot_interfaces-0.0.0-py3.10.egg-info/dependency_links.txt
[3.285s] -- Installing: /home/robotrodeo/capstone/install/robot_interfaces/local/lib/python3.10/dist-packages/robot_interfaces-0.0.0-py3.10.egg-info/top_level.txt
[3.287s] -- Up-to-date: /home/robotrodeo/capstone/install/robot_interfaces/local/lib/python3.10/dist-packages/robot_interfaces
[3.288s] -- Up-to-date: /home/robotrodeo/capstone/install/robot_interfaces/local/lib/python3.10/dist-packages/robot_interfaces/robot_interfaces_s__rosidl_typesupport_fastrtps_c.cpython-310-aarch64-linux-gnu.so
[3.289s] -- Up-to-date: /home/robotrodeo/capstone/install/robot_interfaces/local/lib/python3.10/dist-packages/robot_interfaces/robot_interfaces_s__rosidl_typesupport_introspection_c.cpython-310-aarch64-linux-gnu.so
[3.289s] -- Up-to-date: /home/robotrodeo/capstone/install/robot_interfaces/local/lib/python3.10/dist-packages/robot_interfaces/_robot_interfaces_s.ep.rosidl_typesupport_introspection_c.c
[3.290s] -- Up-to-date: /home/robotrodeo/capstone/install/robot_interfaces/local/lib/python3.10/dist-packages/robot_interfaces/librobot_interfaces__rosidl_generator_py.so
[3.290s] -- Up-to-date: /home/robotrodeo/capstone/install/robot_interfaces/local/lib/python3.10/dist-packages/robot_interfaces/__init__.py
[3.291s] -- Up-to-date: /home/robotrodeo/capstone/install/robot_interfaces/local/lib/python3.10/dist-packages/robot_interfaces/robot_interfaces_s__rosidl_typesupport_c.cpython-310-aarch64-linux-gnu.so
[3.291s] -- Up-to-date: /home/robotrodeo/capstone/install/robot_interfaces/local/lib/python3.10/dist-packages/robot_interfaces/_robot_interfaces_s.ep.rosidl_typesupport_c.c
[3.291s] -- Up-to-date: /home/robotrodeo/capstone/install/robot_interfaces/local/lib/python3.10/dist-packages/robot_interfaces/_robot_interfaces_s.ep.rosidl_typesupport_fastrtps_c.c
[3.292s] -- Up-to-date: /home/robotrodeo/capstone/install/robot_interfaces/local/lib/python3.10/dist-packages/robot_interfaces/msg
[3.292s] -- Up-to-date: /home/robotrodeo/capstone/install/robot_interfaces/local/lib/python3.10/dist-packages/robot_interfaces/msg/__init__.py
[3.293s] -- Up-to-date: /home/robotrodeo/capstone/install/robot_interfaces/local/lib/python3.10/dist-packages/robot_interfaces/msg/_encoder_data_s.c
[3.293s] -- Up-to-date: /home/robotrodeo/capstone/install/robot_interfaces/local/lib/python3.10/dist-packages/robot_interfaces/msg/_encoder_data.py
[3.448s] Listing '/home/robotrodeo/capstone/install/robot_interfaces/local/lib/python3.10/dist-packages/robot_interfaces'...
[3.449s] Listing '/home/robotrodeo/capstone/install/robot_interfaces/local/lib/python3.10/dist-packages/robot_interfaces/msg'...
[3.476s] -- Up-to-date: /home/robotrodeo/capstone/install/robot_interfaces/local/lib/python3.10/dist-packages/robot_interfaces/robot_interfaces_s__rosidl_typesupport_fastrtps_c.cpython-310-aarch64-linux-gnu.so
[3.479s] -- Up-to-date: /home/robotrodeo/capstone/install/robot_interfaces/local/lib/python3.10/dist-packages/robot_interfaces/robot_interfaces_s__rosidl_typesupport_introspection_c.cpython-310-aarch64-linux-gnu.so
[3.484s] -- Up-to-date: /home/robotrodeo/capstone/install/robot_interfaces/local/lib/python3.10/dist-packages/robot_interfaces/robot_interfaces_s__rosidl_typesupport_c.cpython-310-aarch64-linux-gnu.so
[3.487s] -- Up-to-date: /home/robotrodeo/capstone/install/robot_interfaces/lib/librobot_interfaces__rosidl_generator_py.so
[3.490s] -- Up-to-date: /home/robotrodeo/capstone/install/robot_interfaces/share/robot_interfaces/msg/EncoderData.idl
[3.491s] -- Up-to-date: /home/robotrodeo/capstone/install/robot_interfaces/share/robot_interfaces/msg/EncoderData.msg
[3.492s] -- Up-to-date: /home/robotrodeo/capstone/install/robot_interfaces/share/ament_index/resource_index/package_run_dependencies/robot_interfaces
[3.493s] -- Up-to-date: /home/robotrodeo/capstone/install/robot_interfaces/share/ament_index/resource_index/parent_prefix_path/robot_interfaces
[3.494s] -- Up-to-date: /home/robotrodeo/capstone/install/robot_interfaces/share/robot_interfaces/environment/ament_prefix_path.sh
[3.494s] -- Up-to-date: /home/robotrodeo/capstone/install/robot_interfaces/share/robot_interfaces/environment/ament_prefix_path.dsv
[3.495s] -- Up-to-date: /home/robotrodeo/capstone/install/robot_interfaces/share/robot_interfaces/environment/path.sh
[3.496s] -- Up-to-date: /home/robotrodeo/capstone/install/robot_interfaces/share/robot_interfaces/environment/path.dsv
[3.497s] -- Up-to-date: /home/robotrodeo/capstone/install/robot_interfaces/share/robot_interfaces/local_setup.bash
[3.498s] -- Up-to-date: /home/robotrodeo/capstone/install/robot_interfaces/share/robot_interfaces/local_setup.sh
[3.498s] -- Up-to-date: /home/robotrodeo/capstone/install/robot_interfaces/share/robot_interfaces/local_setup.zsh
[3.499s] -- Up-to-date: /home/robotrodeo/capstone/install/robot_interfaces/share/robot_interfaces/local_setup.dsv
[3.499s] -- Installing: /home/robotrodeo/capstone/install/robot_interfaces/share/robot_interfaces/package.dsv
[3.501s] -- Up-to-date: /home/robotrodeo/capstone/install/robot_interfaces/share/ament_index/resource_index/packages/robot_interfaces
[3.504s] -- Up-to-date: /home/robotrodeo/capstone/install/robot_interfaces/share/robot_interfaces/cmake/export_robot_interfaces__rosidl_generator_cExport.cmake
[3.505s] -- Up-to-date: /home/robotrodeo/capstone/install/robot_interfaces/share/robot_interfaces/cmake/export_robot_interfaces__rosidl_generator_cExport-noconfig.cmake
[3.507s] -- Up-to-date: /home/robotrodeo/capstone/install/robot_interfaces/share/robot_interfaces/cmake/export_robot_interfaces__rosidl_typesupport_fastrtps_cExport.cmake
[3.508s] -- Up-to-date: /home/robotrodeo/capstone/install/robot_interfaces/share/robot_interfaces/cmake/export_robot_interfaces__rosidl_typesupport_fastrtps_cExport-noconfig.cmake
[3.510s] -- Up-to-date: /home/robotrodeo/capstone/install/robot_interfaces/share/robot_interfaces/cmake/robot_interfaces__rosidl_typesupport_introspection_cExport.cmake
[3.511s] -- Up-to-date: /home/robotrodeo/capstone/install/robot_interfaces/share/robot_interfaces/cmake/robot_interfaces__rosidl_typesupport_introspection_cExport-noconfig.cmake
[3.513s] -- Up-to-date: /home/robotrodeo/capstone/install/robot_interfaces/share/robot_interfaces/cmake/robot_interfaces__rosidl_typesupport_cExport.cmake
[3.514s] -- Up-to-date: /home/robotrodeo/capstone/install/robot_interfaces/share/robot_interfaces/cmake/robot_interfaces__rosidl_typesupport_cExport-noconfig.cmake
[3.516s] -- Up-to-date: /home/robotrodeo/capstone/install/robot_interfaces/share/robot_interfaces/cmake/export_robot_interfaces__rosidl_generator_cppExport.cmake
[3.518s] -- Up-to-date: /home/robotrodeo/capstone/install/robot_interfaces/share/robot_interfaces/cmake/export_robot_interfaces__rosidl_typesupport_fastrtps_cppExport.cmake
[3.519s] -- Up-to-date: /home/robotrodeo/capstone/install/robot_interfaces/share/robot_interfaces/cmake/export_robot_interfaces__rosidl_typesupport_fastrtps_cppExport-noconfig.cmake
[3.522s] -- Up-to-date: /home/robotrodeo/capstone/install/robot_interfaces/share/robot_interfaces/cmake/robot_interfaces__rosidl_typesupport_introspection_cppExport.cmake
[3.522s] -- Up-to-date: /home/robotrodeo/capstone/install/robot_interfaces/share/robot_interfaces/cmake/robot_interfaces__rosidl_typesupport_introspection_cppExport-noconfig.cmake
[3.524s] -- Up-to-date: /home/robotrodeo/capstone/install/robot_interfaces/share/robot_interfaces/cmake/robot_interfaces__rosidl_typesupport_cppExport.cmake
[3.525s] -- Up-to-date: /home/robotrodeo/capstone/install/robot_interfaces/share/robot_interfaces/cmake/robot_interfaces__rosidl_typesupport_cppExport-noconfig.cmake
[3.527s] -- Up-to-date: /home/robotrodeo/capstone/install/robot_interfaces/share/robot_interfaces/cmake/export_robot_interfaces__rosidl_generator_pyExport.cmake
[3.528s] -- Up-to-date: /home/robotrodeo/capstone/install/robot_interfaces/share/robot_interfaces/cmake/export_robot_interfaces__rosidl_generator_pyExport-noconfig.cmake
[3.529s] -- Up-to-date: /home/robotrodeo/capstone/install/robot_interfaces/share/robot_interfaces/cmake/rosidl_cmake-extras.cmake
[3.529s] -- Up-to-date: /home/robotrodeo/capstone/install/robot_interfaces/share/robot_interfaces/cmake/ament_cmake_export_include_directories-extras.cmake
[3.530s] -- Up-to-date: /home/robotrodeo/capstone/install/robot_interfaces/share/robot_interfaces/cmake/ament_cmake_export_libraries-extras.cmake
[3.531s] -- Up-to-date: /home/robotrodeo/capstone/install/robot_interfaces/share/robot_interfaces/cmake/ament_cmake_export_targets-extras.cmake
[3.531s] -- Up-to-date: /home/robotrodeo/capstone/install/robot_interfaces/share/robot_interfaces/cmake/rosidl_cmake_export_typesupport_targets-extras.cmake
[3.532s] -- Up-to-date: /home/robotrodeo/capstone/install/robot_interfaces/share/robot_interfaces/cmake/ament_cmake_export_dependencies-extras.cmake
[3.532s] -- Up-to-date: /home/robotrodeo/capstone/install/robot_interfaces/share/robot_interfaces/cmake/rosidl_cmake_export_typesupport_libraries-extras.cmake
[3.533s] -- Up-to-date: /home/robotrodeo/capstone/install/robot_interfaces/share/robot_interfaces/cmake/robot_interfacesConfig.cmake
[3.533s] -- Up-to-date: /home/robotrodeo/capstone/install/robot_interfaces/share/robot_interfaces/cmake/robot_interfacesConfig-version.cmake
[3.534s] -- Up-to-date: /home/robotrodeo/capstone/install/robot_interfaces/share/robot_interfaces/package.xml
[3.551s] Invoked command in '/home/robotrodeo/capstone/build/robot_interfaces' returned '0': CMAKE_PREFIX_PATH=${CMAKE_PREFIX_PATH}:/home/robotrodeo/capstone/install/encoder:/opt/ros/humble /usr/bin/cmake --install /home/robotrodeo/capstone/build/robot_interfaces
