/home/robotrodeo/capstone/install/drivetrain/lib/python3.10/site-packages/drivetrain/left_motor_node.py
/home/robotrodeo/capstone/install/drivetrain/lib/python3.10/site-packages/drivetrain/__init__.py
/home/robotrodeo/capstone/install/drivetrain/lib/python3.10/site-packages/drivetrain/test.py
/home/robotrodeo/capstone/install/drivetrain/lib/python3.10/site-packages/drivetrain/controller_node1.py
/home/robotrodeo/capstone/install/drivetrain/lib/python3.10/site-packages/drivetrain/tail_node.py
/home/robotrodeo/capstone/install/drivetrain/lib/python3.10/site-packages/drivetrain/drivetrain_node.py
/home/robotrodeo/capstone/install/drivetrain/lib/python3.10/site-packages/drivetrain/arm_node1.py
/home/robotrodeo/capstone/install/drivetrain/lib/python3.10/site-packages/drivetrain/arm_node.py
/home/robotrodeo/capstone/install/drivetrain/lib/python3.10/site-packages/drivetrain/right_motor_node.py
/home/robotrodeo/capstone/install/drivetrain/lib/python3.10/site-packages/drivetrain/controller_node.py
/home/robotrodeo/capstone/install/drivetrain/lib/python3.10/site-packages/drivetrain/__pycache__/left_motor_node.cpython-310.pyc
/home/robotrodeo/capstone/install/drivetrain/lib/python3.10/site-packages/drivetrain/__pycache__/__init__.cpython-310.pyc
/home/robotrodeo/capstone/install/drivetrain/lib/python3.10/site-packages/drivetrain/__pycache__/test.cpython-310.pyc
/home/robotrodeo/capstone/install/drivetrain/lib/python3.10/site-packages/drivetrain/__pycache__/controller_node1.cpython-310.pyc
/home/robotrodeo/capstone/install/drivetrain/lib/python3.10/site-packages/drivetrain/__pycache__/tail_node.cpython-310.pyc
/home/robotrodeo/capstone/install/drivetrain/lib/python3.10/site-packages/drivetrain/__pycache__/drivetrain_node.cpython-310.pyc
/home/robotrodeo/capstone/install/drivetrain/lib/python3.10/site-packages/drivetrain/__pycache__/arm_node1.cpython-310.pyc
/home/robotrodeo/capstone/install/drivetrain/lib/python3.10/site-packages/drivetrain/__pycache__/arm_node.cpython-310.pyc
/home/robotrodeo/capstone/install/drivetrain/lib/python3.10/site-packages/drivetrain/__pycache__/right_motor_node.cpython-310.pyc
/home/robotrodeo/capstone/install/drivetrain/lib/python3.10/site-packages/drivetrain/__pycache__/controller_node.cpython-310.pyc
/home/robotrodeo/capstone/install/drivetrain/share/ament_index/resource_index/packages/drivetrain
/home/robotrodeo/capstone/install/drivetrain/share/drivetrain/package.xml
/home/robotrodeo/capstone/install/drivetrain/share/drivetrain/drivetrain.launch.py
/home/robotrodeo/capstone/install/drivetrain/lib/python3.10/site-packages/drivetrain-0.0.0-py3.10.egg-info/SOURCES.txt
/home/robotrodeo/capstone/install/drivetrain/lib/python3.10/site-packages/drivetrain-0.0.0-py3.10.egg-info/entry_points.txt
/home/robotrodeo/capstone/install/drivetrain/lib/python3.10/site-packages/drivetrain-0.0.0-py3.10.egg-info/zip-safe
/home/robotrodeo/capstone/install/drivetrain/lib/python3.10/site-packages/drivetrain-0.0.0-py3.10.egg-info/PKG-INFO
/home/robotrodeo/capstone/install/drivetrain/lib/python3.10/site-packages/drivetrain-0.0.0-py3.10.egg-info/dependency_links.txt
/home/robotrodeo/capstone/install/drivetrain/lib/python3.10/site-packages/drivetrain-0.0.0-py3.10.egg-info/requires.txt
/home/robotrodeo/capstone/install/drivetrain/lib/python3.10/site-packages/drivetrain-0.0.0-py3.10.egg-info/top_level.txt
/home/robotrodeo/capstone/install/drivetrain/lib/drivetrain/arm_node
/home/robotrodeo/capstone/install/drivetrain/lib/drivetrain/controller_node
/home/robotrodeo/capstone/install/drivetrain/lib/drivetrain/left_motor_node
/home/robotrodeo/capstone/install/drivetrain/lib/drivetrain/right_motor_node
/home/robotrodeo/capstone/install/drivetrain/lib/drivetrain/tail_node
