[0.109s] Invoking command in '/home/robotrodeo/capstone/build/sllidar_ros2': CMAKE_PREFIX_PATH=${CMAKE_PREFIX_PATH}:/home/robotrodeo/capstone/install/encoder:/opt/ros/humble /usr/bin/cmake --build /home/robotrodeo/capstone/build/sllidar_ros2 -- -j4 -l4
[0.630s] [ 85%] Built target sllidar_node
[0.631s] [100%] Built target sllidar_client
[0.735s] Invoked command in '/home/robotrodeo/capstone/build/sllidar_ros2' returned '0': CMAKE_PREFIX_PATH=${CMAKE_PREFIX_PATH}:/home/robotrodeo/capstone/install/encoder:/opt/ros/humble /usr/bin/cmake --build /home/robotrodeo/capstone/build/sllidar_ros2 -- -j4 -l4
[1.595s] Invoking command in '/home/robotrodeo/capstone/build/sllidar_ros2': CMAKE_PREFIX_PATH=${CMAKE_PREFIX_PATH}:/home/robotrodeo/capstone/install/encoder:/opt/ros/humble /usr/bin/cmake --install /home/robotrodeo/capstone/build/sllidar_ros2
[1.624s] -- Install configuration: ""
[1.626s] -- Execute custom install script
[1.630s] -- Up-to-date symlink: /home/robotrodeo/capstone/install/sllidar_ros2/share/sllidar_ros2/launch/sllidar_a3_launch.py
[1.630s] -- Up-to-date symlink: /home/robotrodeo/capstone/install/sllidar_ros2/share/sllidar_ros2/launch/sllidar_launch.py
[1.631s] -- Up-to-date symlink: /home/robotrodeo/capstone/install/sllidar_ros2/share/sllidar_ros2/launch/sllidar_s1_launch.py
[1.632s] -- Up-to-date symlink: /home/robotrodeo/capstone/install/sllidar_ros2/share/sllidar_ros2/launch/sllidar_s1_tcp_launch.py
[1.632s] -- Up-to-date symlink: /home/robotrodeo/capstone/install/sllidar_ros2/share/sllidar_ros2/launch/sllidar_s2_launch.py
[1.633s] -- Up-to-date symlink: /home/robotrodeo/capstone/install/sllidar_ros2/share/sllidar_ros2/launch/sllidar_s2e_launch.py
[1.634s] -- Up-to-date symlink: /home/robotrodeo/capstone/install/sllidar_ros2/share/sllidar_ros2/launch/sllidar_t1_launch.py
[1.635s] -- Up-to-date symlink: /home/robotrodeo/capstone/install/sllidar_ros2/share/sllidar_ros2/launch/view_sllidar_a3_launch.py
[1.636s] -- Up-to-date symlink: /home/robotrodeo/capstone/install/sllidar_ros2/share/sllidar_ros2/launch/view_sllidar_launch.py
[1.637s] -- Up-to-date symlink: /home/robotrodeo/capstone/install/sllidar_ros2/share/sllidar_ros2/launch/view_sllidar_s1_launch.py
[1.638s] -- Up-to-date symlink: /home/robotrodeo/capstone/install/sllidar_ros2/share/sllidar_ros2/launch/view_sllidar_s1_tcp_launch.py
[1.638s] -- Up-to-date symlink: /home/robotrodeo/capstone/install/sllidar_ros2/share/sllidar_ros2/launch/view_sllidar_s2_launch.py
[1.651s] -- Up-to-date symlink: /home/robotrodeo/capstone/install/sllidar_ros2/share/sllidar_ros2/launch/view_sllidar_s2e_launch.py
[1.652s] -- Up-to-date symlink: /home/robotrodeo/capstone/install/sllidar_ros2/share/sllidar_ros2/launch/view_sllidar_t1_launch.py
[1.654s] -- Up-to-date symlink: /home/robotrodeo/capstone/install/sllidar_ros2/share/sllidar_ros2/rviz/sllidar_ros2.rviz
[1.654s] -- Up-to-date symlink: /home/robotrodeo/capstone/install/sllidar_ros2/lib/sllidar_ros2/sllidar_node
[1.655s] -- Up-to-date symlink: /home/robotrodeo/capstone/install/sllidar_ros2/lib/sllidar_ros2/sllidar_client
[1.656s] -- Up-to-date symlink: /home/robotrodeo/capstone/install/sllidar_ros2/share/ament_index/resource_index/package_run_dependencies/sllidar_ros2
[1.657s] -- Up-to-date symlink: /home/robotrodeo/capstone/install/sllidar_ros2/share/ament_index/resource_index/parent_prefix_path/sllidar_ros2
[1.670s] -- Up-to-date symlink: /home/robotrodeo/capstone/install/sllidar_ros2/share/sllidar_ros2/environment/ament_prefix_path.sh
[1.670s] -- Up-to-date symlink: /home/robotrodeo/capstone/install/sllidar_ros2/share/sllidar_ros2/environment/ament_prefix_path.dsv
[1.670s] -- Up-to-date symlink: /home/robotrodeo/capstone/install/sllidar_ros2/share/sllidar_ros2/environment/path.sh
[1.671s] -- Up-to-date symlink: /home/robotrodeo/capstone/install/sllidar_ros2/share/sllidar_ros2/environment/path.dsv
[1.671s] -- Up-to-date symlink: /home/robotrodeo/capstone/install/sllidar_ros2/share/sllidar_ros2/local_setup.bash
[1.672s] -- Up-to-date symlink: /home/robotrodeo/capstone/install/sllidar_ros2/share/sllidar_ros2/local_setup.sh
[1.672s] -- Up-to-date symlink: /home/robotrodeo/capstone/install/sllidar_ros2/share/sllidar_ros2/local_setup.zsh
[1.672s] -- Up-to-date symlink: /home/robotrodeo/capstone/install/sllidar_ros2/share/sllidar_ros2/local_setup.dsv
[1.673s] -- Symlinking: /home/robotrodeo/capstone/install/sllidar_ros2/share/sllidar_ros2/package.dsv
[1.699s] -- Up-to-date symlink: /home/robotrodeo/capstone/install/sllidar_ros2/share/ament_index/resource_index/packages/sllidar_ros2
[1.700s] -- Up-to-date symlink: /home/robotrodeo/capstone/install/sllidar_ros2/share/sllidar_ros2/cmake/ament_cmake_export_dependencies-extras.cmake
[1.701s] -- Up-to-date symlink: /home/robotrodeo/capstone/install/sllidar_ros2/share/sllidar_ros2/cmake/ament_cmake_export_include_directories-extras.cmake
[1.702s] -- Up-to-date symlink: /home/robotrodeo/capstone/install/sllidar_ros2/share/sllidar_ros2/cmake/sllidar_ros2Config.cmake
[1.703s] -- Up-to-date symlink: /home/robotrodeo/capstone/install/sllidar_ros2/share/sllidar_ros2/cmake/sllidar_ros2Config-version.cmake
[1.704s] -- Up-to-date symlink: /home/robotrodeo/capstone/install/sllidar_ros2/share/sllidar_ros2/package.xml
[1.721s] Invoked command in '/home/robotrodeo/capstone/build/sllidar_ros2' returned '0': CMAKE_PREFIX_PATH=${CMAKE_PREFIX_PATH}:/home/robotrodeo/capstone/install/encoder:/opt/ros/humble /usr/bin/cmake --install /home/robotrodeo/capstone/build/sllidar_ros2
